/home/seano/Seano_ws/install/seano_failsafe/lib/python3.10/site-packages/seano_failsafe/seano_communication_monitor.py
/home/seano/Seano_ws/install/seano_failsafe/lib/python3.10/site-packages/seano_failsafe/seano_failsafe.py
/home/seano/Seano_ws/install/seano_failsafe/lib/python3.10/site-packages/seano_failsafe/__init__.py
/home/seano/Seano_ws/install/seano_failsafe/lib/python3.10/site-packages/seano_failsafe/seano_battery.py
/home/seano/Seano_ws/install/seano_failsafe/lib/python3.10/site-packages/seano_failsafe/__pycache__/seano_communication_monitor.cpython-310.pyc
/home/seano/Seano_ws/install/seano_failsafe/lib/python3.10/site-packages/seano_failsafe/__pycache__/seano_failsafe.cpython-310.pyc
/home/seano/Seano_ws/install/seano_failsafe/lib/python3.10/site-packages/seano_failsafe/__pycache__/__init__.cpython-310.pyc
/home/seano/Seano_ws/install/seano_failsafe/lib/python3.10/site-packages/seano_failsafe/__pycache__/seano_battery.cpython-310.pyc
/home/seano/Seano_ws/install/seano_failsafe/share/ament_index/resource_index/packages/seano_failsafe
/home/seano/Seano_ws/install/seano_failsafe/share/seano_failsafe/package.xml
/home/seano/Seano_ws/install/seano_failsafe/lib/python3.10/site-packages/seano_failsafe-0.0.0-py3.10.egg-info/top_level.txt
/home/seano/Seano_ws/install/seano_failsafe/lib/python3.10/site-packages/seano_failsafe-0.0.0-py3.10.egg-info/requires.txt
/home/seano/Seano_ws/install/seano_failsafe/lib/python3.10/site-packages/seano_failsafe-0.0.0-py3.10.egg-info/SOURCES.txt
/home/seano/Seano_ws/install/seano_failsafe/lib/python3.10/site-packages/seano_failsafe-0.0.0-py3.10.egg-info/entry_points.txt
/home/seano/Seano_ws/install/seano_failsafe/lib/python3.10/site-packages/seano_failsafe-0.0.0-py3.10.egg-info/PKG-INFO
/home/seano/Seano_ws/install/seano_failsafe/lib/python3.10/site-packages/seano_failsafe-0.0.0-py3.10.egg-info/zip-safe
/home/seano/Seano_ws/install/seano_failsafe/lib/python3.10/site-packages/seano_failsafe-0.0.0-py3.10.egg-info/dependency_links.txt
/home/seano/Seano_ws/install/seano_failsafe/lib/seano_failsafe/seano_battery
/home/seano/Seano_ws/install/seano_failsafe/lib/seano_failsafe/seano_communication_monitor
/home/seano/Seano_ws/install/seano_failsafe/lib/seano_failsafe/seano_failsafe
