running egg_info
writing ../../build/seano_command/seano_command.egg-info/PKG-INFO
writing dependency_links to ../../build/seano_command/seano_command.egg-info/dependency_links.txt
writing entry points to ../../build/seano_command/seano_command.egg-info/entry_points.txt
writing requirements to ../../build/seano_command/seano_command.egg-info/requires.txt
writing top-level names to ../../build/seano_command/seano_command.egg-info/top_level.txt
reading manifest file '../../build/seano_command/seano_command.egg-info/SOURCES.txt'
writing manifest file '../../build/seano_command/seano_command.egg-info/SOURCES.txt'
running build
running build_py
copying seano_command/command_node.py -> /home/seano/Seano_ws/build/seano_command/build/lib/seano_command
running install
running install_lib
copying /home/seano/Seano_ws/build/seano_command/build/lib/seano_command/command_node.py -> /home/seano/Seano_ws/install/seano_command/lib/python3.10/site-packages/seano_command
byte-compiling /home/seano/Seano_ws/install/seano_command/lib/python3.10/site-packages/seano_command/command_node.py to command_node.cpython-310.pyc
running install_data
running install_egg_info
removing '/home/seano/Seano_ws/install/seano_command/lib/python3.10/site-packages/seano_command-0.0.0-py3.10.egg-info' (and everything under it)
Copying ../../build/seano_command/seano_command.egg-info to /home/seano/Seano_ws/install/seano_command/lib/python3.10/site-packages/seano_command-0.0.0-py3.10.egg-info
running install_scripts
Installing command_node script to /home/seano/Seano_ws/install/seano_command/lib/seano_command
writing list of installed files to '/home/seano/Seano_ws/build/seano_command/install.log'
