[5.557s] Invoking command in '/home/seano/Seano_ws/build/seano_startup': PYTHONPATH=/home/seano/Seano_ws/build/seano_startup/prefix_override:/usr/lib/python3/dist-packages/colcon_core/task/python/colcon_distutils_commands:/home/seano/Seano_ws/install/seano_startup/lib/python3.10/site-packages:${PYTHONPATH} /usr/bin/python3 -W ignore:setup.py install is deprecated -W ignore:easy_install command is deprecated setup.py develop --uninstall --editable --build-directory /home/seano/Seano_ws/build/seano_startup/build
[6.409s] running develop
[6.853s] Removing /home/seano/Seano_ws/install/seano_startup/lib/python3.10/site-packages/seano-startup.egg-link (link to .)
[7.004s] Invoked command in '/home/seano/Seano_ws/build/seano_startup' returned '0': PYTHONPATH=/home/seano/Seano_ws/build/seano_startup/prefix_override:/usr/lib/python3/dist-packages/colcon_core/task/python/colcon_distutils_commands:/home/seano/Seano_ws/install/seano_startup/lib/python3.10/site-packages:${PYTHONPATH} /usr/bin/python3 -W ignore:setup.py install is deprecated -W ignore:easy_install command is deprecated setup.py develop --uninstall --editable --build-directory /home/seano/Seano_ws/build/seano_startup/build
[7.010s] Invoking command in '/home/seano/Seano_ws/src/seano_startup': PYTHONPATH=/home/seano/Seano_ws/build/seano_startup/prefix_override:/usr/lib/python3/dist-packages/colcon_core/task/python/colcon_distutils_commands:/home/seano/Seano_ws/install/seano_startup/lib/python3.10/site-packages:${PYTHONPATH} /usr/bin/python3 -W ignore:setup.py install is deprecated -W ignore:easy_install command is deprecated setup.py egg_info --egg-base ../../build/seano_startup build --build-base /home/seano/Seano_ws/build/seano_startup/build install --record /home/seano/Seano_ws/build/seano_startup/install.log --single-version-externally-managed install_data --force
[7.704s] running egg_info
[7.705s] writing ../../build/seano_startup/seano_startup.egg-info/PKG-INFO
[7.706s] writing dependency_links to ../../build/seano_startup/seano_startup.egg-info/dependency_links.txt
[7.707s] writing entry points to ../../build/seano_startup/seano_startup.egg-info/entry_points.txt
[7.708s] writing requirements to ../../build/seano_startup/seano_startup.egg-info/requires.txt
[7.708s] writing top-level names to ../../build/seano_startup/seano_startup.egg-info/top_level.txt
[7.712s] reading manifest file '../../build/seano_startup/seano_startup.egg-info/SOURCES.txt'
[7.717s] writing manifest file '../../build/seano_startup/seano_startup.egg-info/SOURCES.txt'
[7.718s] running build
[7.718s] running build_py
[7.718s] creating /home/seano/Seano_ws/build/seano_startup/build
[7.718s] creating /home/seano/Seano_ws/build/seano_startup/build/lib
[7.718s] creating /home/seano/Seano_ws/build/seano_startup/build/lib/seano_startup
[7.719s] copying seano_startup/__init__.py -> /home/seano/Seano_ws/build/seano_startup/build/lib/seano_startup
[7.719s] running install
[7.720s] running install_lib
[7.722s] creating /home/seano/Seano_ws/install/seano_startup/lib/python3.10/site-packages/seano_startup
[7.723s] copying /home/seano/Seano_ws/build/seano_startup/build/lib/seano_startup/__init__.py -> /home/seano/Seano_ws/install/seano_startup/lib/python3.10/site-packages/seano_startup
[7.725s] byte-compiling /home/seano/Seano_ws/install/seano_startup/lib/python3.10/site-packages/seano_startup/__init__.py to __init__.cpython-310.pyc
[7.726s] running install_data
[7.726s] copying resource/seano_startup -> /home/seano/Seano_ws/install/seano_startup/share/ament_index/resource_index/packages
[7.726s] copying package.xml -> /home/seano/Seano_ws/install/seano_startup/share/seano_startup
[7.727s] copying launch/system.launch.py -> /home/seano/Seano_ws/install/seano_startup/share/seano_startup/launch
[7.727s] copying config/system.yaml -> /home/seano/Seano_ws/install/seano_startup/share/seano_startup/config
[7.727s] running install_egg_info
[7.734s] Copying ../../build/seano_startup/seano_startup.egg-info to /home/seano/Seano_ws/install/seano_startup/lib/python3.10/site-packages/seano_startup-0.0.0-py3.10.egg-info
[7.742s] running install_scripts
[7.809s] writing list of installed files to '/home/seano/Seano_ws/build/seano_startup/install.log'
[7.955s] Invoked command in '/home/seano/Seano_ws/src/seano_startup' returned '0': PYTHONPATH=/home/seano/Seano_ws/build/seano_startup/prefix_override:/usr/lib/python3/dist-packages/colcon_core/task/python/colcon_distutils_commands:/home/seano/Seano_ws/install/seano_startup/lib/python3.10/site-packages:${PYTHONPATH} /usr/bin/python3 -W ignore:setup.py install is deprecated -W ignore:easy_install command is deprecated setup.py egg_info --egg-base ../../build/seano_startup build --build-base /home/seano/Seano_ws/build/seano_startup/build install --record /home/seano/Seano_ws/build/seano_startup/install.log --single-version-externally-managed install_data --force
