[1.632s] Invoking command in '/home/seano/Seano_ws/src/seano_startup': PYTHONPATH=/home/seano/Seano_ws/build/seano_startup/prefix_override:/usr/lib/python3/dist-packages/colcon_core/task/python/colcon_distutils_commands:/home/seano/Seano_ws/install/seano_startup/lib/python3.10/site-packages:${PYTHONPATH} /usr/bin/python3 -W ignore:setup.py install is deprecated -W ignore:easy_install command is deprecated setup.py egg_info --egg-base ../../build/seano_startup build --build-base /home/seano/Seano_ws/build/seano_startup/build install --record /home/seano/Seano_ws/build/seano_startup/install.log --single-version-externally-managed install_data
[2.259s] running egg_info
[2.261s] writing ../../build/seano_startup/seano_startup.egg-info/PKG-INFO
[2.262s] writing dependency_links to ../../build/seano_startup/seano_startup.egg-info/dependency_links.txt
[2.262s] writing entry points to ../../build/seano_startup/seano_startup.egg-info/entry_points.txt
[2.263s] writing requirements to ../../build/seano_startup/seano_startup.egg-info/requires.txt
[2.263s] writing top-level names to ../../build/seano_startup/seano_startup.egg-info/top_level.txt
[2.267s] reading manifest file '../../build/seano_startup/seano_startup.egg-info/SOURCES.txt'
[2.269s] writing manifest file '../../build/seano_startup/seano_startup.egg-info/SOURCES.txt'
[2.270s] running build
[2.270s] running build_py
[2.270s] running install
[2.271s] running install_lib
[2.275s] running install_data
[2.275s] copying launch/system_hardware.launch.py -> /home/seano/Seano_ws/install/seano_startup/share/seano_startup/launch
[2.275s] copying launch/system.launch.py -> /home/seano/Seano_ws/install/seano_startup/share/seano_startup/launch
[2.276s] copying launch/system_simulation.launch.py -> /home/seano/Seano_ws/install/seano_startup/share/seano_startup/launch
[2.276s] running install_egg_info
[2.281s] removing '/home/seano/Seano_ws/install/seano_startup/lib/python3.10/site-packages/seano_startup-0.0.0-py3.10.egg-info' (and everything under it)
[2.282s] Copying ../../build/seano_startup/seano_startup.egg-info to /home/seano/Seano_ws/install/seano_startup/lib/python3.10/site-packages/seano_startup-0.0.0-py3.10.egg-info
[2.284s] running install_scripts
[2.342s] writing list of installed files to '/home/seano/Seano_ws/build/seano_startup/install.log'
[2.450s] Invoked command in '/home/seano/Seano_ws/src/seano_startup' returned '0': PYTHONPATH=/home/seano/Seano_ws/build/seano_startup/prefix_override:/usr/lib/python3/dist-packages/colcon_core/task/python/colcon_distutils_commands:/home/seano/Seano_ws/install/seano_startup/lib/python3.10/site-packages:${PYTHONPATH} /usr/bin/python3 -W ignore:setup.py install is deprecated -W ignore:easy_install command is deprecated setup.py egg_info --egg-base ../../build/seano_startup build --build-base /home/seano/Seano_ws/build/seano_startup/build install --record /home/seano/Seano_ws/build/seano_startup/install.log --single-version-externally-managed install_data
