[1.873s] Invoking command in '/home/seano/Seano_ws/src/seano_cam': PYTHONPATH=/home/seano/Seano_ws/build/seano_cam/prefix_override:/usr/lib/python3/dist-packages/colcon_core/task/python/colcon_distutils_commands:/home/seano/Seano_ws/install/seano_cam/lib/python3.10/site-packages:${PYTHONPATH} /usr/bin/python3 -W ignore:setup.py install is deprecated -W ignore:easy_install command is deprecated setup.py egg_info --egg-base ../../build/seano_cam build --build-base /home/seano/Seano_ws/build/seano_cam/build install --record /home/seano/Seano_ws/build/seano_cam/install.log --single-version-externally-managed install_data
[2.584s] running egg_info
[2.585s] writing ../../build/seano_cam/seano_cam.egg-info/PKG-INFO
[2.586s] writing dependency_links to ../../build/seano_cam/seano_cam.egg-info/dependency_links.txt
[2.587s] writing entry points to ../../build/seano_cam/seano_cam.egg-info/entry_points.txt
[2.587s] writing requirements to ../../build/seano_cam/seano_cam.egg-info/requires.txt
[2.588s] writing top-level names to ../../build/seano_cam/seano_cam.egg-info/top_level.txt
[2.594s] reading manifest file '../../build/seano_cam/seano_cam.egg-info/SOURCES.txt'
[2.595s] writing manifest file '../../build/seano_cam/seano_cam.egg-info/SOURCES.txt'
[2.596s] running build
[2.597s] running build_py
[2.597s] running install
[2.598s] running install_lib
[2.602s] running install_data
[2.603s] running install_egg_info
[2.613s] removing '/home/seano/Seano_ws/install/seano_cam/lib/python3.10/site-packages/seano_cam-0.0.0-py3.10.egg-info' (and everything under it)
[2.613s] Copying ../../build/seano_cam/seano_cam.egg-info to /home/seano/Seano_ws/install/seano_cam/lib/python3.10/site-packages/seano_cam-0.0.0-py3.10.egg-info
[2.616s] running install_scripts
[2.676s] Installing camera_node script to /home/seano/Seano_ws/install/seano_cam/lib/seano_cam
[2.677s] Installing camera_viewer script to /home/seano/Seano_ws/install/seano_cam/lib/seano_cam
[2.677s] Installing rtmp_streamer script to /home/seano/Seano_ws/install/seano_cam/lib/seano_cam
[2.678s] writing list of installed files to '/home/seano/Seano_ws/build/seano_cam/install.log'
[2.798s] Invoked command in '/home/seano/Seano_ws/src/seano_cam' returned '0': PYTHONPATH=/home/seano/Seano_ws/build/seano_cam/prefix_override:/usr/lib/python3/dist-packages/colcon_core/task/python/colcon_distutils_commands:/home/seano/Seano_ws/install/seano_cam/lib/python3.10/site-packages:${PYTHONPATH} /usr/bin/python3 -W ignore:setup.py install is deprecated -W ignore:easy_install command is deprecated setup.py egg_info --egg-base ../../build/seano_cam build --build-base /home/seano/Seano_ws/build/seano_cam/build install --record /home/seano/Seano_ws/build/seano_cam/install.log --single-version-externally-managed install_data
