[1.734s] Invoking command in '/home/seano/Seano_ws/src/seano_startup': PYTHONPATH=/home/seano/Seano_ws/build/seano_startup/prefix_override:/usr/lib/python3/dist-packages/colcon_core/task/python/colcon_distutils_commands:/home/seano/Seano_ws/install/seano_startup/lib/python3.10/site-packages:${PYTHONPATH} /usr/bin/python3 -W ignore:setup.py install is deprecated -W ignore:easy_install command is deprecated setup.py egg_info --egg-base ../../build/seano_startup build --build-base /home/seano/Seano_ws/build/seano_startup/build install --record /home/seano/Seano_ws/build/seano_startup/install.log --single-version-externally-managed install_data
[2.396s] running egg_info
[2.397s] writing ../../build/seano_startup/seano_startup.egg-info/PKG-INFO
[2.398s] writing dependency_links to ../../build/seano_startup/seano_startup.egg-info/dependency_links.txt
[2.398s] writing entry points to ../../build/seano_startup/seano_startup.egg-info/entry_points.txt
[2.398s] writing requirements to ../../build/seano_startup/seano_startup.egg-info/requires.txt
[2.399s] writing top-level names to ../../build/seano_startup/seano_startup.egg-info/top_level.txt
[2.403s] reading manifest file '../../build/seano_startup/seano_startup.egg-info/SOURCES.txt'
[2.408s] writing manifest file '../../build/seano_startup/seano_startup.egg-info/SOURCES.txt'
[2.408s] running build
[2.409s] running build_py
[2.409s] running install
[2.410s] running install_lib
[2.413s] running install_data
[2.414s] copying launch/system.launch.py -> /home/seano/Seano_ws/install/seano_startup/share/seano_startup/launch
[2.414s] copying config/system.yaml -> /home/seano/Seano_ws/install/seano_startup/share/seano_startup/config
[2.415s] running install_egg_info
[2.423s] removing '/home/seano/Seano_ws/install/seano_startup/lib/python3.10/site-packages/seano_startup-0.0.0-py3.10.egg-info' (and everything under it)
[2.423s] Copying ../../build/seano_startup/seano_startup.egg-info to /home/seano/Seano_ws/install/seano_startup/lib/python3.10/site-packages/seano_startup-0.0.0-py3.10.egg-info
[2.432s] running install_scripts
[2.489s] writing list of installed files to '/home/seano/Seano_ws/build/seano_startup/install.log'
[2.600s] Invoked command in '/home/seano/Seano_ws/src/seano_startup' returned '0': PYTHONPATH=/home/seano/Seano_ws/build/seano_startup/prefix_override:/usr/lib/python3/dist-packages/colcon_core/task/python/colcon_distutils_commands:/home/seano/Seano_ws/install/seano_startup/lib/python3.10/site-packages:${PYTHONPATH} /usr/bin/python3 -W ignore:setup.py install is deprecated -W ignore:easy_install command is deprecated setup.py egg_info --egg-base ../../build/seano_startup build --build-base /home/seano/Seano_ws/build/seano_startup/build install --record /home/seano/Seano_ws/build/seano_startup/install.log --single-version-externally-managed install_data
