[0.462s] DEBUG:colcon:Command line arguments: ['/usr/bin/colcon', 'build']
[0.462s] DEBUG:colcon:Parsed command line arguments: Namespace(log_base=None, log_level=None, verb_name='build', build_base='build', install_base='install', merge_install=False, symlink_install=False, test_result_base=None, continue_on_error=False, executor='parallel', parallel_workers=6, event_handlers=None, ignore_user_meta=False, metas=['./colcon.meta'], base_paths=['.'], packages_ignore=None, packages_ignore_regex=None, paths=None, packages_up_to=None, packages_up_to_regex=None, packages_above=None, packages_above_and_dependencies=None, packages_above_depth=None, packages_select_by_dep=None, packages_skip_by_dep=None, packages_skip_up_to=None, packages_select_build_failed=False, packages_skip_build_finished=False, packages_select_test_failures=False, packages_skip_test_passed=False, packages_select=None, packages_skip=None, packages_select_regex=None, packages_skip_regex=None, packages_start=None, packages_end=None, allow_overriding=[], cmake_args=None, cmake_target=None, cmake_target_skip_unavailable=False, cmake_clean_cache=False, cmake_clean_first=False, cmake_force_configure=False, ament_cmake_args=None, catkin_cmake_args=None, catkin_skip_building_tests=False, verb_parser=<colcon_defaults.argument_parser.defaults.DefaultArgumentsDecorator object at 0xffff9a1967a0>, verb_extension=<colcon_core.verb.build.BuildVerb object at 0xffff9a8be770>, main=<bound method BuildVerb.main of <colcon_core.verb.build.BuildVerb object at 0xffff9a8be770>>)
[0.903s] Level 1:colcon.colcon_core.package_discovery:discover_packages(colcon_meta) check parameters
[0.903s] Level 1:colcon.colcon_core.package_discovery:discover_packages(recursive) check parameters
[0.904s] Level 1:colcon.colcon_core.package_discovery:discover_packages(ignore) check parameters
[0.904s] Level 1:colcon.colcon_core.package_discovery:discover_packages(path) check parameters
[0.904s] Level 1:colcon.colcon_core.package_discovery:discover_packages(colcon_meta) discover
[0.904s] Level 1:colcon.colcon_core.package_discovery:discover_packages(recursive) discover
[0.904s] INFO:colcon.colcon_core.package_discovery:Crawling recursively for packages in '/home/seano/Seano_ws'
[0.904s] Level 1:colcon.colcon_core.package_identification:_identify(.) by extensions ['ignore', 'ignore_ament_install']
[0.905s] Level 1:colcon.colcon_core.package_identification:_identify(.) by extension 'ignore'
[0.905s] Level 1:colcon.colcon_core.package_identification:_identify(.) by extension 'ignore_ament_install'
[0.905s] Level 1:colcon.colcon_core.package_identification:_identify(.) by extensions ['colcon_pkg']
[0.905s] Level 1:colcon.colcon_core.package_identification:_identify(.) by extension 'colcon_pkg'
[0.905s] Level 1:colcon.colcon_core.package_identification:_identify(.) by extensions ['colcon_meta']
[0.905s] Level 1:colcon.colcon_core.package_identification:_identify(.) by extension 'colcon_meta'
[0.905s] Level 1:colcon.colcon_core.package_identification:_identify(.) by extensions ['ros']
[0.905s] Level 1:colcon.colcon_core.package_identification:_identify(.) by extension 'ros'
[0.965s] Level 1:colcon.colcon_core.package_identification:_identify(.) by extensions ['cmake', 'python']
[0.965s] Level 1:colcon.colcon_core.package_identification:_identify(.) by extension 'cmake'
[0.965s] Level 1:colcon.colcon_core.package_identification:_identify(.) by extension 'python'
[0.965s] Level 1:colcon.colcon_core.package_identification:_identify(.) by extensions ['python_setup_py']
[0.965s] Level 1:colcon.colcon_core.package_identification:_identify(.) by extension 'python_setup_py'
[0.966s] Level 1:colcon.colcon_core.package_identification:_identify(build) by extensions ['ignore', 'ignore_ament_install']
[0.966s] Level 1:colcon.colcon_core.package_identification:_identify(build) by extension 'ignore'
[0.966s] Level 1:colcon.colcon_core.package_identification:_identify(build) ignored
[0.967s] Level 1:colcon.colcon_core.package_identification:_identify(install) by extensions ['ignore', 'ignore_ament_install']
[0.967s] Level 1:colcon.colcon_core.package_identification:_identify(install) by extension 'ignore'
[0.967s] Level 1:colcon.colcon_core.package_identification:_identify(install) ignored
[0.967s] Level 1:colcon.colcon_core.package_identification:_identify(log) by extensions ['ignore', 'ignore_ament_install']
[0.967s] Level 1:colcon.colcon_core.package_identification:_identify(log) by extension 'ignore'
[0.968s] Level 1:colcon.colcon_core.package_identification:_identify(log) ignored
[0.968s] Level 1:colcon.colcon_core.package_identification:_identify(src) by extensions ['ignore', 'ignore_ament_install']
[0.968s] Level 1:colcon.colcon_core.package_identification:_identify(src) by extension 'ignore'
[0.968s] Level 1:colcon.colcon_core.package_identification:_identify(src) by extension 'ignore_ament_install'
[0.968s] Level 1:colcon.colcon_core.package_identification:_identify(src) by extensions ['colcon_pkg']
[0.968s] Level 1:colcon.colcon_core.package_identification:_identify(src) by extension 'colcon_pkg'
[0.968s] Level 1:colcon.colcon_core.package_identification:_identify(src) by extensions ['colcon_meta']
[0.969s] Level 1:colcon.colcon_core.package_identification:_identify(src) by extension 'colcon_meta'
[0.969s] Level 1:colcon.colcon_core.package_identification:_identify(src) by extensions ['ros']
[0.969s] Level 1:colcon.colcon_core.package_identification:_identify(src) by extension 'ros'
[0.969s] Level 1:colcon.colcon_core.package_identification:_identify(src) by extensions ['cmake', 'python']
[0.969s] Level 1:colcon.colcon_core.package_identification:_identify(src) by extension 'cmake'
[0.969s] Level 1:colcon.colcon_core.package_identification:_identify(src) by extension 'python'
[0.969s] Level 1:colcon.colcon_core.package_identification:_identify(src) by extensions ['python_setup_py']
[0.969s] Level 1:colcon.colcon_core.package_identification:_identify(src) by extension 'python_setup_py'
[0.970s] Level 1:colcon.colcon_core.package_identification:_identify(src/seano_startup) by extensions ['ignore', 'ignore_ament_install']
[0.970s] Level 1:colcon.colcon_core.package_identification:_identify(src/seano_startup) by extension 'ignore'
[0.970s] Level 1:colcon.colcon_core.package_identification:_identify(src/seano_startup) by extension 'ignore_ament_install'
[0.970s] Level 1:colcon.colcon_core.package_identification:_identify(src/seano_startup) by extensions ['colcon_pkg']
[0.970s] Level 1:colcon.colcon_core.package_identification:_identify(src/seano_startup) by extension 'colcon_pkg'
[0.970s] Level 1:colcon.colcon_core.package_identification:_identify(src/seano_startup) by extensions ['colcon_meta']
[0.970s] Level 1:colcon.colcon_core.package_identification:_identify(src/seano_startup) by extension 'colcon_meta'
[0.970s] Level 1:colcon.colcon_core.package_identification:_identify(src/seano_startup) by extensions ['ros']
[0.970s] Level 1:colcon.colcon_core.package_identification:_identify(src/seano_startup) by extension 'ros'
[0.987s] DEBUG:colcon.colcon_core.package_identification:Package 'src/seano_startup' with type 'ros.ament_python' and name 'seano_startup'
[0.987s] Level 1:colcon.colcon_core.package_identification:_identify(src/seano_telemetry) by extensions ['ignore', 'ignore_ament_install']
[0.988s] Level 1:colcon.colcon_core.package_identification:_identify(src/seano_telemetry) by extension 'ignore'
[0.988s] Level 1:colcon.colcon_core.package_identification:_identify(src/seano_telemetry) by extension 'ignore_ament_install'
[0.988s] Level 1:colcon.colcon_core.package_identification:_identify(src/seano_telemetry) by extensions ['colcon_pkg']
[0.988s] Level 1:colcon.colcon_core.package_identification:_identify(src/seano_telemetry) by extension 'colcon_pkg'
[0.988s] Level 1:colcon.colcon_core.package_identification:_identify(src/seano_telemetry) by extensions ['colcon_meta']
[0.988s] Level 1:colcon.colcon_core.package_identification:_identify(src/seano_telemetry) by extension 'colcon_meta'
[0.988s] Level 1:colcon.colcon_core.package_identification:_identify(src/seano_telemetry) by extensions ['ros']
[0.988s] Level 1:colcon.colcon_core.package_identification:_identify(src/seano_telemetry) by extension 'ros'
[0.990s] DEBUG:colcon.colcon_core.package_identification:Package 'src/seano_telemetry' with type 'ros.ament_python' and name 'seano_telemetry'
[0.990s] Level 1:colcon.colcon_core.package_discovery:discover_packages(recursive) using defaults
[0.990s] Level 1:colcon.colcon_core.package_discovery:discover_packages(ignore) discover
[0.990s] Level 1:colcon.colcon_core.package_discovery:discover_packages(ignore) using defaults
[0.990s] Level 1:colcon.colcon_core.package_discovery:discover_packages(path) discover
[0.991s] Level 1:colcon.colcon_core.package_discovery:discover_packages(path) using defaults
[1.222s] Level 1:colcon.colcon_core.package_discovery:discover_packages(prefix_path) check parameters
[1.222s] Level 1:colcon.colcon_core.package_discovery:discover_packages(prefix_path) discover
[1.228s] DEBUG:colcon.colcon_installed_package_information.package_discovery:Found 2 installed packages in /home/seano/Seano_ws/install
[1.229s] DEBUG:colcon.colcon_installed_package_information.package_discovery:Found 7 installed packages in /home/seano/seano_ws/install
[1.232s] DEBUG:colcon.colcon_installed_package_information.package_discovery:Found 279 installed packages in /opt/ros/humble
[1.235s] Level 1:colcon.colcon_core.package_discovery:discover_packages(prefix_path) using defaults
[1.331s] Level 5:colcon.colcon_core.verb:set package 'seano_startup' build argument 'cmake_args' from command line to 'None'
[1.332s] Level 5:colcon.colcon_core.verb:set package 'seano_startup' build argument 'cmake_target' from command line to 'None'
[1.332s] Level 5:colcon.colcon_core.verb:set package 'seano_startup' build argument 'cmake_target_skip_unavailable' from command line to 'False'
[1.332s] Level 5:colcon.colcon_core.verb:set package 'seano_startup' build argument 'cmake_clean_cache' from command line to 'False'
[1.332s] Level 5:colcon.colcon_core.verb:set package 'seano_startup' build argument 'cmake_clean_first' from command line to 'False'
[1.332s] Level 5:colcon.colcon_core.verb:set package 'seano_startup' build argument 'cmake_force_configure' from command line to 'False'
[1.332s] Level 5:colcon.colcon_core.verb:set package 'seano_startup' build argument 'ament_cmake_args' from command line to 'None'
[1.332s] Level 5:colcon.colcon_core.verb:set package 'seano_startup' build argument 'catkin_cmake_args' from command line to 'None'
[1.332s] Level 5:colcon.colcon_core.verb:set package 'seano_startup' build argument 'catkin_skip_building_tests' from command line to 'False'
[1.332s] DEBUG:colcon.colcon_core.verb:Building package 'seano_startup' with the following arguments: {'ament_cmake_args': None, 'build_base': '/home/seano/Seano_ws/build/seano_startup', 'catkin_cmake_args': None, 'catkin_skip_building_tests': False, 'cmake_args': None, 'cmake_clean_cache': False, 'cmake_clean_first': False, 'cmake_force_configure': False, 'cmake_target': None, 'cmake_target_skip_unavailable': False, 'install_base': '/home/seano/Seano_ws/install/seano_startup', 'merge_install': False, 'path': '/home/seano/Seano_ws/src/seano_startup', 'symlink_install': False, 'test_result_base': None}
[1.333s] Level 5:colcon.colcon_core.verb:set package 'seano_telemetry' build argument 'cmake_args' from command line to 'None'
[1.333s] Level 5:colcon.colcon_core.verb:set package 'seano_telemetry' build argument 'cmake_target' from command line to 'None'
[1.333s] Level 5:colcon.colcon_core.verb:set package 'seano_telemetry' build argument 'cmake_target_skip_unavailable' from command line to 'False'
[1.333s] Level 5:colcon.colcon_core.verb:set package 'seano_telemetry' build argument 'cmake_clean_cache' from command line to 'False'
[1.333s] Level 5:colcon.colcon_core.verb:set package 'seano_telemetry' build argument 'cmake_clean_first' from command line to 'False'
[1.333s] Level 5:colcon.colcon_core.verb:set package 'seano_telemetry' build argument 'cmake_force_configure' from command line to 'False'
[1.333s] Level 5:colcon.colcon_core.verb:set package 'seano_telemetry' build argument 'ament_cmake_args' from command line to 'None'
[1.333s] Level 5:colcon.colcon_core.verb:set package 'seano_telemetry' build argument 'catkin_cmake_args' from command line to 'None'
[1.333s] Level 5:colcon.colcon_core.verb:set package 'seano_telemetry' build argument 'catkin_skip_building_tests' from command line to 'False'
[1.334s] DEBUG:colcon.colcon_core.verb:Building package 'seano_telemetry' with the following arguments: {'ament_cmake_args': None, 'build_base': '/home/seano/Seano_ws/build/seano_telemetry', 'catkin_cmake_args': None, 'catkin_skip_building_tests': False, 'cmake_args': None, 'cmake_clean_cache': False, 'cmake_clean_first': False, 'cmake_force_configure': False, 'cmake_target': None, 'cmake_target_skip_unavailable': False, 'install_base': '/home/seano/Seano_ws/install/seano_telemetry', 'merge_install': False, 'path': '/home/seano/Seano_ws/src/seano_telemetry', 'symlink_install': False, 'test_result_base': None}
[1.334s] INFO:colcon.colcon_core.executor:Executing jobs using 'parallel' executor
[1.337s] DEBUG:colcon.colcon_parallel_executor.executor.parallel:run_until_complete
[1.338s] INFO:colcon.colcon_ros.task.ament_python.build:Building ROS package in '/home/seano/Seano_ws/src/seano_startup' with build type 'ament_python'
[1.338s] Level 1:colcon.colcon_core.shell:create_environment_hook('seano_startup', 'ament_prefix_path')
[1.344s] INFO:colcon.colcon_core.plugin_system:Skipping extension 'colcon_core.shell.bat': Not used on non-Windows systems
[1.344s] INFO:colcon.colcon_core.shell:Creating environment hook '/home/seano/Seano_ws/install/seano_startup/share/seano_startup/hook/ament_prefix_path.ps1'
[1.346s] INFO:colcon.colcon_core.shell:Creating environment descriptor '/home/seano/Seano_ws/install/seano_startup/share/seano_startup/hook/ament_prefix_path.dsv'
[1.347s] INFO:colcon.colcon_core.shell:Creating environment hook '/home/seano/Seano_ws/install/seano_startup/share/seano_startup/hook/ament_prefix_path.sh'
[1.349s] INFO:colcon.colcon_core.shell:Skip shell extension 'powershell' for command environment: Not usable outside of PowerShell
[1.350s] DEBUG:colcon.colcon_core.shell:Skip shell extension 'dsv' for command environment
[1.360s] INFO:colcon.colcon_ros.task.ament_python.build:Building ROS package in '/home/seano/Seano_ws/src/seano_telemetry' with build type 'ament_python'
[1.361s] Level 1:colcon.colcon_core.shell:create_environment_hook('seano_telemetry', 'ament_prefix_path')
[1.361s] INFO:colcon.colcon_core.shell:Creating environment hook '/home/seano/Seano_ws/install/seano_telemetry/share/seano_telemetry/hook/ament_prefix_path.ps1'
[1.363s] INFO:colcon.colcon_core.shell:Creating environment descriptor '/home/seano/Seano_ws/install/seano_telemetry/share/seano_telemetry/hook/ament_prefix_path.dsv'
[1.364s] INFO:colcon.colcon_core.shell:Creating environment hook '/home/seano/Seano_ws/install/seano_telemetry/share/seano_telemetry/hook/ament_prefix_path.sh'
[1.365s] INFO:colcon.colcon_core.shell:Skip shell extension 'powershell' for command environment: Not usable outside of PowerShell
[1.365s] DEBUG:colcon.colcon_core.shell:Skip shell extension 'dsv' for command environment
[2.219s] INFO:colcon.colcon_core.task.python.build:Building Python package in '/home/seano/Seano_ws/src/seano_startup'
[2.220s] INFO:colcon.colcon_core.shell:Skip shell extension 'powershell' for command environment: Not usable outside of PowerShell
[2.220s] DEBUG:colcon.colcon_core.shell:Skip shell extension 'dsv' for command environment
[3.070s] INFO:colcon.colcon_core.task.python.build:Building Python package in '/home/seano/Seano_ws/src/seano_telemetry'
[3.072s] INFO:colcon.colcon_core.shell:Skip shell extension 'powershell' for command environment: Not usable outside of PowerShell
[3.072s] DEBUG:colcon.colcon_core.shell:Skip shell extension 'dsv' for command environment
[4.335s] DEBUG:colcon.colcon_core.event_handler.log_command:Invoking command in '/home/seano/Seano_ws/src/seano_startup': PYTHONPATH=/home/seano/Seano_ws/build/seano_startup/prefix_override:/usr/lib/python3/dist-packages/colcon_core/task/python/colcon_distutils_commands:/home/seano/Seano_ws/install/seano_startup/lib/python3.10/site-packages:${PYTHONPATH} /usr/bin/python3 -W ignore:setup.py install is deprecated -W ignore:easy_install command is deprecated setup.py egg_info --egg-base ../../build/seano_startup build --build-base /home/seano/Seano_ws/build/seano_startup/build install --record /home/seano/Seano_ws/build/seano_startup/install.log --single-version-externally-managed install_data
[4.353s] DEBUG:colcon.colcon_core.event_handler.log_command:Invoking command in '/home/seano/Seano_ws/src/seano_telemetry': PYTHONPATH=/home/seano/Seano_ws/build/seano_telemetry/prefix_override:/usr/lib/python3/dist-packages/colcon_core/task/python/colcon_distutils_commands:/home/seano/Seano_ws/install/seano_telemetry/lib/python3.10/site-packages:${PYTHONPATH} /usr/bin/python3 -W ignore:setup.py install is deprecated -W ignore:easy_install command is deprecated setup.py egg_info --egg-base ../../build/seano_telemetry build --build-base /home/seano/Seano_ws/build/seano_telemetry/build install --record /home/seano/Seano_ws/build/seano_telemetry/install.log --single-version-externally-managed install_data
[5.429s] DEBUG:colcon.colcon_core.event_handler.log_command:Invoked command in '/home/seano/Seano_ws/src/seano_telemetry' returned '0': PYTHONPATH=/home/seano/Seano_ws/build/seano_telemetry/prefix_override:/usr/lib/python3/dist-packages/colcon_core/task/python/colcon_distutils_commands:/home/seano/Seano_ws/install/seano_telemetry/lib/python3.10/site-packages:${PYTHONPATH} /usr/bin/python3 -W ignore:setup.py install is deprecated -W ignore:easy_install command is deprecated setup.py egg_info --egg-base ../../build/seano_telemetry build --build-base /home/seano/Seano_ws/build/seano_telemetry/build install --record /home/seano/Seano_ws/build/seano_telemetry/install.log --single-version-externally-managed install_data
[5.440s] Level 1:colcon.colcon_core.environment:checking '/home/seano/Seano_ws/install/seano_telemetry' for CMake module files
[5.441s] Level 1:colcon.colcon_core.environment:checking '/home/seano/Seano_ws/install/seano_telemetry' for CMake config files
[5.444s] Level 1:colcon.colcon_core.environment:checking '/home/seano/Seano_ws/install/seano_telemetry/lib'
[5.445s] Level 1:colcon.colcon_core.environment:checking '/home/seano/Seano_ws/install/seano_telemetry/bin'
[5.445s] Level 1:colcon.colcon_core.environment:checking '/home/seano/Seano_ws/install/seano_telemetry/lib/pkgconfig/seano_telemetry.pc'
[5.446s] Level 1:colcon.colcon_core.environment:checking '/home/seano/Seano_ws/install/seano_telemetry/lib/python3.10/site-packages'
[5.446s] Level 1:colcon.colcon_core.shell:create_environment_hook('seano_telemetry', 'pythonpath')
[5.447s] INFO:colcon.colcon_core.shell:Creating environment hook '/home/seano/Seano_ws/install/seano_telemetry/share/seano_telemetry/hook/pythonpath.ps1'
[5.450s] INFO:colcon.colcon_core.shell:Creating environment descriptor '/home/seano/Seano_ws/install/seano_telemetry/share/seano_telemetry/hook/pythonpath.dsv'
[5.451s] INFO:colcon.colcon_core.shell:Creating environment hook '/home/seano/Seano_ws/install/seano_telemetry/share/seano_telemetry/hook/pythonpath.sh'
[5.453s] Level 1:colcon.colcon_core.environment:checking '/home/seano/Seano_ws/install/seano_telemetry/bin'
[5.453s] Level 1:colcon.colcon_core.environment:create_environment_scripts_only(seano_telemetry)
[5.455s] INFO:colcon.colcon_core.shell:Creating package script '/home/seano/Seano_ws/install/seano_telemetry/share/seano_telemetry/package.ps1'
[5.458s] INFO:colcon.colcon_core.shell:Creating package descriptor '/home/seano/Seano_ws/install/seano_telemetry/share/seano_telemetry/package.dsv'
[5.460s] INFO:colcon.colcon_core.shell:Creating package script '/home/seano/Seano_ws/install/seano_telemetry/share/seano_telemetry/package.sh'
[5.463s] INFO:colcon.colcon_core.shell:Creating package script '/home/seano/Seano_ws/install/seano_telemetry/share/seano_telemetry/package.bash'
[5.466s] INFO:colcon.colcon_core.shell:Creating package script '/home/seano/Seano_ws/install/seano_telemetry/share/seano_telemetry/package.zsh'
[5.469s] Level 1:colcon.colcon_core.environment:create_file_with_runtime_dependencies(/home/seano/Seano_ws/install/seano_telemetry/share/colcon-core/packages/seano_telemetry)
[5.473s] Level 1:colcon.colcon_core.environment:checking '/home/seano/Seano_ws/install/seano_startup' for CMake module files
[5.477s] Level 1:colcon.colcon_core.environment:checking '/home/seano/Seano_ws/install/seano_startup' for CMake config files
[5.477s] DEBUG:colcon.colcon_core.event_handler.log_command:Invoked command in '/home/seano/Seano_ws/src/seano_startup' returned '0': PYTHONPATH=/home/seano/Seano_ws/build/seano_startup/prefix_override:/usr/lib/python3/dist-packages/colcon_core/task/python/colcon_distutils_commands:/home/seano/Seano_ws/install/seano_startup/lib/python3.10/site-packages:${PYTHONPATH} /usr/bin/python3 -W ignore:setup.py install is deprecated -W ignore:easy_install command is deprecated setup.py egg_info --egg-base ../../build/seano_startup build --build-base /home/seano/Seano_ws/build/seano_startup/build install --record /home/seano/Seano_ws/build/seano_startup/install.log --single-version-externally-managed install_data
[5.479s] Level 1:colcon.colcon_core.environment:checking '/home/seano/Seano_ws/install/seano_startup/lib'
[5.480s] Level 1:colcon.colcon_core.environment:checking '/home/seano/Seano_ws/install/seano_startup/bin'
[5.480s] Level 1:colcon.colcon_core.environment:checking '/home/seano/Seano_ws/install/seano_startup/lib/pkgconfig/seano_startup.pc'
[5.481s] Level 1:colcon.colcon_core.environment:checking '/home/seano/Seano_ws/install/seano_startup/lib/python3.10/site-packages'
[5.481s] Level 1:colcon.colcon_core.shell:create_environment_hook('seano_startup', 'pythonpath')
[5.482s] INFO:colcon.colcon_core.shell:Creating environment hook '/home/seano/Seano_ws/install/seano_startup/share/seano_startup/hook/pythonpath.ps1'
[5.484s] INFO:colcon.colcon_core.shell:Creating environment descriptor '/home/seano/Seano_ws/install/seano_startup/share/seano_startup/hook/pythonpath.dsv'
[5.486s] INFO:colcon.colcon_core.shell:Creating environment hook '/home/seano/Seano_ws/install/seano_startup/share/seano_startup/hook/pythonpath.sh'
[5.489s] Level 1:colcon.colcon_core.environment:checking '/home/seano/Seano_ws/install/seano_startup/bin'
[5.490s] Level 1:colcon.colcon_core.environment:create_environment_scripts_only(seano_startup)
[5.491s] INFO:colcon.colcon_core.shell:Creating package script '/home/seano/Seano_ws/install/seano_startup/share/seano_startup/package.ps1'
[5.493s] INFO:colcon.colcon_core.shell:Creating package descriptor '/home/seano/Seano_ws/install/seano_startup/share/seano_startup/package.dsv'
[5.495s] INFO:colcon.colcon_core.shell:Creating package script '/home/seano/Seano_ws/install/seano_startup/share/seano_startup/package.sh'
[5.497s] INFO:colcon.colcon_core.shell:Creating package script '/home/seano/Seano_ws/install/seano_startup/share/seano_startup/package.bash'
[5.499s] INFO:colcon.colcon_core.shell:Creating package script '/home/seano/Seano_ws/install/seano_startup/share/seano_startup/package.zsh'
[5.501s] Level 1:colcon.colcon_core.environment:create_file_with_runtime_dependencies(/home/seano/Seano_ws/install/seano_startup/share/colcon-core/packages/seano_startup)
[5.502s] DEBUG:colcon.colcon_parallel_executor.executor.parallel:closing loop
[5.504s] DEBUG:colcon.colcon_parallel_executor.executor.parallel:loop closed
[5.504s] DEBUG:colcon.colcon_parallel_executor.executor.parallel:run_until_complete finished with '0'
[5.504s] DEBUG:colcon.colcon_core.event_reactor:joining thread
[5.526s] INFO:colcon.colcon_core.plugin_system:Skipping extension 'colcon_notification.desktop_notification.terminal_notifier': Not used on non-Darwin systems
[5.527s] INFO:colcon.colcon_core.plugin_system:Skipping extension 'colcon_notification.desktop_notification.win32': Not used on non-Windows systems
[5.527s] INFO:colcon.colcon_notification.desktop_notification:Sending desktop notification using 'notify2'
[5.575s] DEBUG:colcon.colcon_core.event_reactor:joined thread
[5.576s] INFO:colcon.colcon_core.shell:Creating prefix script '/home/seano/Seano_ws/install/local_setup.ps1'
[5.581s] INFO:colcon.colcon_core.shell:Creating prefix util module '/home/seano/Seano_ws/install/_local_setup_util_ps1.py'
[5.587s] INFO:colcon.colcon_core.shell:Creating prefix chain script '/home/seano/Seano_ws/install/setup.ps1'
[5.593s] INFO:colcon.colcon_core.shell:Creating prefix script '/home/seano/Seano_ws/install/local_setup.sh'
[5.595s] INFO:colcon.colcon_core.shell:Creating prefix util module '/home/seano/Seano_ws/install/_local_setup_util_sh.py'
[5.597s] INFO:colcon.colcon_core.shell:Creating prefix chain script '/home/seano/Seano_ws/install/setup.sh'
[5.603s] INFO:colcon.colcon_core.shell:Creating prefix script '/home/seano/Seano_ws/install/local_setup.bash'
[5.604s] INFO:colcon.colcon_core.shell:Creating prefix chain script '/home/seano/Seano_ws/install/setup.bash'
[5.609s] INFO:colcon.colcon_core.shell:Creating prefix script '/home/seano/Seano_ws/install/local_setup.zsh'
[5.611s] INFO:colcon.colcon_core.shell:Creating prefix chain script '/home/seano/Seano_ws/install/setup.zsh'
