[4.609s] Invoking command in '/home/seano/Seano_ws/build/seano_logging': PYTHONPATH=/home/seano/Seano_ws/build/seano_logging/prefix_override:/usr/lib/python3/dist-packages/colcon_core/task/python/colcon_distutils_commands:/home/seano/Seano_ws/install/seano_logging/lib/python3.10/site-packages:${PYTHONPATH} /usr/bin/python3 -W ignore:setup.py install is deprecated -W ignore:easy_install command is deprecated setup.py develop --editable --build-directory /home/seano/Seano_ws/build/seano_logging/build --no-deps symlink_data
[5.464s] running develop
[5.914s] running egg_info
[5.916s] creating seano_logging.egg-info
[5.919s] writing seano_logging.egg-info/PKG-INFO
[5.922s] writing dependency_links to seano_logging.egg-info/dependency_links.txt
[5.924s] writing entry points to seano_logging.egg-info/entry_points.txt
[5.925s] writing requirements to seano_logging.egg-info/requires.txt
[5.926s] writing top-level names to seano_logging.egg-info/top_level.txt
[5.927s] writing manifest file 'seano_logging.egg-info/SOURCES.txt'
[5.932s] reading manifest file 'seano_logging.egg-info/SOURCES.txt'
[5.933s] writing manifest file 'seano_logging.egg-info/SOURCES.txt'
[5.941s] running build_ext
[5.941s] Creating /home/seano/Seano_ws/install/seano_logging/lib/python3.10/site-packages/seano-logging.egg-link (link to .)
[5.944s] Installing telemetry_logger_node script to /home/seano/Seano_ws/install/seano_logging/lib/seano_logging
[5.946s] 
[5.946s] Installed /home/seano/Seano_ws/build/seano_logging
[5.947s] running symlink_data
[5.947s] creating /home/seano/Seano_ws/install/seano_logging/share/ament_index
[5.947s] creating /home/seano/Seano_ws/install/seano_logging/share/ament_index/resource_index
[5.947s] creating /home/seano/Seano_ws/install/seano_logging/share/ament_index/resource_index/packages
[5.947s] symbolically linking /home/seano/Seano_ws/build/seano_logging/resource/seano_logging -> /home/seano/Seano_ws/install/seano_logging/share/ament_index/resource_index/packages
[5.947s] symbolically linking /home/seano/Seano_ws/build/seano_logging/package.xml -> /home/seano/Seano_ws/install/seano_logging/share/seano_logging
[6.148s] Invoked command in '/home/seano/Seano_ws/build/seano_logging' returned '0': PYTHONPATH=/home/seano/Seano_ws/build/seano_logging/prefix_override:/usr/lib/python3/dist-packages/colcon_core/task/python/colcon_distutils_commands:/home/seano/Seano_ws/install/seano_logging/lib/python3.10/site-packages:${PYTHONPATH} /usr/bin/python3 -W ignore:setup.py install is deprecated -W ignore:easy_install command is deprecated setup.py develop --editable --build-directory /home/seano/Seano_ws/build/seano_logging/build --no-deps symlink_data
