[3.977s] Invoking command in '/home/seano/Seano_ws/build/seano_telemetry': PYTHONPATH=/home/seano/Seano_ws/build/seano_telemetry/prefix_override:/usr/lib/python3/dist-packages/colcon_core/task/python/colcon_distutils_commands:/home/seano/Seano_ws/install/seano_telemetry/lib/python3.10/site-packages:${PYTHONPATH} /usr/bin/python3 -W ignore:setup.py install is deprecated -W ignore:easy_install command is deprecated setup.py develop --uninstall --editable --build-directory /home/seano/Seano_ws/build/seano_telemetry/build
[4.711s] running develop
[5.128s] Removing /home/seano/Seano_ws/install/seano_telemetry/lib/python3.10/site-packages/seano-telemetry.egg-link (link to .)
[5.301s] Invoked command in '/home/seano/Seano_ws/build/seano_telemetry' returned '0': PYTHONPATH=/home/seano/Seano_ws/build/seano_telemetry/prefix_override:/usr/lib/python3/dist-packages/colcon_core/task/python/colcon_distutils_commands:/home/seano/Seano_ws/install/seano_telemetry/lib/python3.10/site-packages:${PYTHONPATH} /usr/bin/python3 -W ignore:setup.py install is deprecated -W ignore:easy_install command is deprecated setup.py develop --uninstall --editable --build-directory /home/seano/Seano_ws/build/seano_telemetry/build
[5.312s] Invoking command in '/home/seano/Seano_ws/src/seano_telemetry': PYTHONPATH=/home/seano/Seano_ws/build/seano_telemetry/prefix_override:/usr/lib/python3/dist-packages/colcon_core/task/python/colcon_distutils_commands:/home/seano/Seano_ws/install/seano_telemetry/lib/python3.10/site-packages:${PYTHONPATH} /usr/bin/python3 -W ignore:setup.py install is deprecated -W ignore:easy_install command is deprecated setup.py egg_info --egg-base ../../build/seano_telemetry build --build-base /home/seano/Seano_ws/build/seano_telemetry/build install --record /home/seano/Seano_ws/build/seano_telemetry/install.log --single-version-externally-managed install_data --force
[6.023s] running egg_info
[6.026s] writing ../../build/seano_telemetry/seano_telemetry.egg-info/PKG-INFO
[6.029s] writing dependency_links to ../../build/seano_telemetry/seano_telemetry.egg-info/dependency_links.txt
[6.033s] writing entry points to ../../build/seano_telemetry/seano_telemetry.egg-info/entry_points.txt
[6.034s] writing requirements to ../../build/seano_telemetry/seano_telemetry.egg-info/requires.txt
[6.035s] writing top-level names to ../../build/seano_telemetry/seano_telemetry.egg-info/top_level.txt
[6.047s] reading manifest file '../../build/seano_telemetry/seano_telemetry.egg-info/SOURCES.txt'
[6.050s] writing manifest file '../../build/seano_telemetry/seano_telemetry.egg-info/SOURCES.txt'
[6.051s] running build
[6.051s] running build_py
[6.052s] running install
[6.053s] running install_lib
[6.056s] creating /home/seano/Seano_ws/install/seano_telemetry/lib/python3.10/site-packages/seano_telemetry
[6.056s] copying /home/seano/Seano_ws/build/seano_telemetry/build/lib/seano_telemetry/telemetry_node.py -> /home/seano/Seano_ws/install/seano_telemetry/lib/python3.10/site-packages/seano_telemetry
[6.056s] copying /home/seano/Seano_ws/build/seano_telemetry/build/lib/seano_telemetry/__init__.py -> /home/seano/Seano_ws/install/seano_telemetry/lib/python3.10/site-packages/seano_telemetry
[6.058s] byte-compiling /home/seano/Seano_ws/install/seano_telemetry/lib/python3.10/site-packages/seano_telemetry/telemetry_node.py to telemetry_node.cpython-310.pyc
[6.060s] byte-compiling /home/seano/Seano_ws/install/seano_telemetry/lib/python3.10/site-packages/seano_telemetry/__init__.py to __init__.cpython-310.pyc
[6.061s] running install_data
[6.061s] copying resource/seano_telemetry -> /home/seano/Seano_ws/install/seano_telemetry/share/ament_index/resource_index/packages
[6.062s] copying package.xml -> /home/seano/Seano_ws/install/seano_telemetry/share/seano_telemetry
[6.062s] running install_egg_info
[6.070s] Copying ../../build/seano_telemetry/seano_telemetry.egg-info to /home/seano/Seano_ws/install/seano_telemetry/lib/python3.10/site-packages/seano_telemetry-0.0.0-py3.10.egg-info
[6.073s] running install_scripts
[6.152s] Installing telemetry_node script to /home/seano/Seano_ws/install/seano_telemetry/lib/seano_telemetry
[6.153s] writing list of installed files to '/home/seano/Seano_ws/build/seano_telemetry/install.log'
[6.327s] Invoked command in '/home/seano/Seano_ws/src/seano_telemetry' returned '0': PYTHONPATH=/home/seano/Seano_ws/build/seano_telemetry/prefix_override:/usr/lib/python3/dist-packages/colcon_core/task/python/colcon_distutils_commands:/home/seano/Seano_ws/install/seano_telemetry/lib/python3.10/site-packages:${PYTHONPATH} /usr/bin/python3 -W ignore:setup.py install is deprecated -W ignore:easy_install command is deprecated setup.py egg_info --egg-base ../../build/seano_telemetry build --build-base /home/seano/Seano_ws/build/seano_telemetry/build install --record /home/seano/Seano_ws/build/seano_telemetry/install.log --single-version-externally-managed install_data --force
