[3.185s] Invoking command in '/home/seano/Seano_ws/src/seano_logging': PYTHONPATH=/home/seano/Seano_ws/build/seano_logging/prefix_override:/usr/lib/python3/dist-packages/colcon_core/task/python/colcon_distutils_commands:/home/seano/Seano_ws/install/seano_logging/lib/python3.10/site-packages:${PYTHONPATH} /usr/bin/python3 -W ignore:setup.py install is deprecated -W ignore:easy_install command is deprecated setup.py egg_info --egg-base ../../build/seano_logging build --build-base /home/seano/Seano_ws/build/seano_logging/build install --record /home/seano/Seano_ws/build/seano_logging/install.log --single-version-externally-managed install_data
[3.808s] running egg_info
[3.809s] writing ../../build/seano_logging/seano_logging.egg-info/PKG-INFO
[3.810s] writing dependency_links to ../../build/seano_logging/seano_logging.egg-info/dependency_links.txt
[3.811s] writing entry points to ../../build/seano_logging/seano_logging.egg-info/entry_points.txt
[3.812s] writing requirements to ../../build/seano_logging/seano_logging.egg-info/requires.txt
[3.812s] writing top-level names to ../../build/seano_logging/seano_logging.egg-info/top_level.txt
[3.817s] reading manifest file '../../build/seano_logging/seano_logging.egg-info/SOURCES.txt'
[3.819s] writing manifest file '../../build/seano_logging/seano_logging.egg-info/SOURCES.txt'
[3.820s] running build
[3.821s] running build_py
[3.821s] copying seano_logging/telemetry_logger_node.py -> /home/seano/Seano_ws/build/seano_logging/build/lib/seano_logging
[3.822s] running install
[3.822s] running install_lib
[3.824s] copying /home/seano/Seano_ws/build/seano_logging/build/lib/seano_logging/telemetry_logger_node.py -> /home/seano/Seano_ws/install/seano_logging/lib/python3.10/site-packages/seano_logging
[3.827s] byte-compiling /home/seano/Seano_ws/install/seano_logging/lib/python3.10/site-packages/seano_logging/telemetry_logger_node.py to telemetry_logger_node.cpython-310.pyc
[3.830s] running install_data
[3.830s] running install_egg_info
[3.835s] removing '/home/seano/Seano_ws/install/seano_logging/lib/python3.10/site-packages/seano_logging-0.0.0-py3.10.egg-info' (and everything under it)
[3.836s] Copying ../../build/seano_logging/seano_logging.egg-info to /home/seano/Seano_ws/install/seano_logging/lib/python3.10/site-packages/seano_logging-0.0.0-py3.10.egg-info
[3.840s] running install_scripts
[3.902s] Installing telemetry_logger_node script to /home/seano/Seano_ws/install/seano_logging/lib/seano_logging
[3.903s] writing list of installed files to '/home/seano/Seano_ws/build/seano_logging/install.log'
[4.026s] Invoked command in '/home/seano/Seano_ws/src/seano_logging' returned '0': PYTHONPATH=/home/seano/Seano_ws/build/seano_logging/prefix_override:/usr/lib/python3/dist-packages/colcon_core/task/python/colcon_distutils_commands:/home/seano/Seano_ws/install/seano_logging/lib/python3.10/site-packages:${PYTHONPATH} /usr/bin/python3 -W ignore:setup.py install is deprecated -W ignore:easy_install command is deprecated setup.py egg_info --egg-base ../../build/seano_logging build --build-base /home/seano/Seano_ws/build/seano_logging/build install --record /home/seano/Seano_ws/build/seano_logging/install.log --single-version-externally-managed install_data
