[1.656s] Invoking command in '/home/seano/Seano_ws/src/seano_command': PYTHONPATH=/home/seano/Seano_ws/build/seano_command/prefix_override:/usr/lib/python3/dist-packages/colcon_core/task/python/colcon_distutils_commands:/home/seano/Seano_ws/install/seano_command/lib/python3.10/site-packages:${PYTHONPATH} /usr/bin/python3 -W ignore:setup.py install is deprecated -W ignore:easy_install command is deprecated setup.py egg_info --egg-base ../../build/seano_command build --build-base /home/seano/Seano_ws/build/seano_command/build install --record /home/seano/Seano_ws/build/seano_command/install.log --single-version-externally-managed install_data
[2.271s] running egg_info
[2.272s] writing ../../build/seano_command/seano_command.egg-info/PKG-INFO
[2.273s] writing dependency_links to ../../build/seano_command/seano_command.egg-info/dependency_links.txt
[2.274s] writing entry points to ../../build/seano_command/seano_command.egg-info/entry_points.txt
[2.275s] writing requirements to ../../build/seano_command/seano_command.egg-info/requires.txt
[2.275s] writing top-level names to ../../build/seano_command/seano_command.egg-info/top_level.txt
[2.279s] reading manifest file '../../build/seano_command/seano_command.egg-info/SOURCES.txt'
[2.280s] writing manifest file '../../build/seano_command/seano_command.egg-info/SOURCES.txt'
[2.281s] running build
[2.281s] running build_py
[2.281s] copying seano_command/command_node.py -> /home/seano/Seano_ws/build/seano_command/build/lib/seano_command
[2.282s] running install
[2.283s] running install_lib
[2.285s] copying /home/seano/Seano_ws/build/seano_command/build/lib/seano_command/command_node.py -> /home/seano/Seano_ws/install/seano_command/lib/python3.10/site-packages/seano_command
[2.288s] byte-compiling /home/seano/Seano_ws/install/seano_command/lib/python3.10/site-packages/seano_command/command_node.py to command_node.cpython-310.pyc
[2.294s] running install_data
[2.294s] running install_egg_info
[2.299s] removing '/home/seano/Seano_ws/install/seano_command/lib/python3.10/site-packages/seano_command-0.0.0-py3.10.egg-info' (and everything under it)
[2.300s] Copying ../../build/seano_command/seano_command.egg-info to /home/seano/Seano_ws/install/seano_command/lib/python3.10/site-packages/seano_command-0.0.0-py3.10.egg-info
[2.302s] running install_scripts
[2.362s] Installing command_node script to /home/seano/Seano_ws/install/seano_command/lib/seano_command
[2.363s] writing list of installed files to '/home/seano/Seano_ws/build/seano_command/install.log'
[2.470s] Invoked command in '/home/seano/Seano_ws/src/seano_command' returned '0': PYTHONPATH=/home/seano/Seano_ws/build/seano_command/prefix_override:/usr/lib/python3/dist-packages/colcon_core/task/python/colcon_distutils_commands:/home/seano/Seano_ws/install/seano_command/lib/python3.10/site-packages:${PYTHONPATH} /usr/bin/python3 -W ignore:setup.py install is deprecated -W ignore:easy_install command is deprecated setup.py egg_info --egg-base ../../build/seano_command build --build-base /home/seano/Seano_ws/build/seano_command/build install --record /home/seano/Seano_ws/build/seano_command/install.log --single-version-externally-managed install_data
