running develop
running egg_info
creating seano_mqtt_bridge.egg-info
writing seano_mqtt_bridge.egg-info/PKG-INFO
writing dependency_links to seano_mqtt_bridge.egg-info/dependency_links.txt
writing entry points to seano_mqtt_bridge.egg-info/entry_points.txt
writing requirements to seano_mqtt_bridge.egg-info/requires.txt
writing top-level names to seano_mqtt_bridge.egg-info/top_level.txt
writing manifest file 'seano_mqtt_bridge.egg-info/SOURCES.txt'
reading manifest file 'seano_mqtt_bridge.egg-info/SOURCES.txt'
writing manifest file 'seano_mqtt_bridge.egg-info/SOURCES.txt'
running build_ext
Creating /home/seano/Seano_ws/install/seano_mqtt_bridge/lib/python3.10/site-packages/seano-mqtt-bridge.egg-link (link to .)
Installing mqtt_bridge_node script to /home/seano/Seano_ws/install/seano_mqtt_bridge/lib/seano_mqtt_bridge

Installed /home/seano/Seano_ws/build/seano_mqtt_bridge
running symlink_data
creating /home/seano/Seano_ws/install/seano_mqtt_bridge/share/ament_index
creating /home/seano/Seano_ws/install/seano_mqtt_bridge/share/ament_index/resource_index
creating /home/seano/Seano_ws/install/seano_mqtt_bridge/share/ament_index/resource_index/packages
symbolically linking /home/seano/Seano_ws/build/seano_mqtt_bridge/resource/seano_mqtt_bridge -> /home/seano/Seano_ws/install/seano_mqtt_bridge/share/ament_index/resource_index/packages
symbolically linking /home/seano/Seano_ws/build/seano_mqtt_bridge/package.xml -> /home/seano/Seano_ws/install/seano_mqtt_bridge/share/seano_mqtt_bridge
