running egg_info
writing ../../build/seano_communication/seano_communication.egg-info/PKG-INFO
writing dependency_links to ../../build/seano_communication/seano_communication.egg-info/dependency_links.txt
writing entry points to ../../build/seano_communication/seano_communication.egg-info/entry_points.txt
writing requirements to ../../build/seano_communication/seano_communication.egg-info/requires.txt
writing top-level names to ../../build/seano_communication/seano_communication.egg-info/top_level.txt
reading manifest file '../../build/seano_communication/seano_communication.egg-info/SOURCES.txt'
writing manifest file '../../build/seano_communication/seano_communication.egg-info/SOURCES.txt'
running build
running build_py
running install
running install_lib
running install_data
copying package.xml -> /home/seano/Seano_ws/install/seano_communication/share/seano_communication
running install_egg_info
removing '/home/seano/Seano_ws/install/seano_communication/lib/python3.10/site-packages/seano_communication-0.0.0-py3.10.egg-info' (and everything under it)
Copying ../../build/seano_communication/seano_communication.egg-info to /home/seano/Seano_ws/install/seano_communication/lib/python3.10/site-packages/seano_communication-0.0.0-py3.10.egg-info
running install_scripts
Installing communication_node script to /home/seano/Seano_ws/install/seano_communication/lib/seano_communication
writing list of installed files to '/home/seano/Seano_ws/build/seano_communication/install.log'
