[5.753s] Invoking command in '/home/seano/Seano_ws/src/seano_communication': PYTHONPATH=/home/seano/Seano_ws/build/seano_communication/prefix_override:/usr/lib/python3/dist-packages/colcon_core/task/python/colcon_distutils_commands:/home/seano/Seano_ws/install/seano_communication/lib/python3.10/site-packages:${PYTHONPATH} /usr/bin/python3 -W ignore:setup.py install is deprecated -W ignore:easy_install command is deprecated setup.py egg_info --egg-base ../../build/seano_communication build --build-base /home/seano/Seano_ws/build/seano_communication/build install --record /home/seano/Seano_ws/build/seano_communication/install.log --single-version-externally-managed install_data
[6.503s] running egg_info
[6.506s] writing ../../build/seano_communication/seano_communication.egg-info/PKG-INFO
[6.507s] writing dependency_links to ../../build/seano_communication/seano_communication.egg-info/dependency_links.txt
[6.508s] writing entry points to ../../build/seano_communication/seano_communication.egg-info/entry_points.txt
[6.509s] writing requirements to ../../build/seano_communication/seano_communication.egg-info/requires.txt
[6.509s] writing top-level names to ../../build/seano_communication/seano_communication.egg-info/top_level.txt
[6.521s] reading manifest file '../../build/seano_communication/seano_communication.egg-info/SOURCES.txt'
[6.523s] writing manifest file '../../build/seano_communication/seano_communication.egg-info/SOURCES.txt'
[6.524s] running build
[6.525s] running build_py
[6.525s] running install
[6.526s] running install_lib
[6.531s] running install_data
[6.531s] copying package.xml -> /home/seano/Seano_ws/install/seano_communication/share/seano_communication
[6.532s] running install_egg_info
[6.537s] removing '/home/seano/Seano_ws/install/seano_communication/lib/python3.10/site-packages/seano_communication-0.0.0-py3.10.egg-info' (and everything under it)
[6.538s] Copying ../../build/seano_communication/seano_communication.egg-info to /home/seano/Seano_ws/install/seano_communication/lib/python3.10/site-packages/seano_communication-0.0.0-py3.10.egg-info
[6.543s] running install_scripts
[6.615s] Installing communication_node script to /home/seano/Seano_ws/install/seano_communication/lib/seano_communication
[6.617s] writing list of installed files to '/home/seano/Seano_ws/build/seano_communication/install.log'
[6.775s] Invoked command in '/home/seano/Seano_ws/src/seano_communication' returned '0': PYTHONPATH=/home/seano/Seano_ws/build/seano_communication/prefix_override:/usr/lib/python3/dist-packages/colcon_core/task/python/colcon_distutils_commands:/home/seano/Seano_ws/install/seano_communication/lib/python3.10/site-packages:${PYTHONPATH} /usr/bin/python3 -W ignore:setup.py install is deprecated -W ignore:easy_install command is deprecated setup.py egg_info --egg-base ../../build/seano_communication build --build-base /home/seano/Seano_ws/build/seano_communication/build install --record /home/seano/Seano_ws/build/seano_communication/install.log --single-version-externally-managed install_data
