[4.696s] Invoking command in '/home/seano/Seano_ws/src/seano_logging': PYTHONPATH=/home/seano/Seano_ws/build/seano_logging/prefix_override:/usr/lib/python3/dist-packages/colcon_core/task/python/colcon_distutils_commands:/home/seano/Seano_ws/install/seano_logging/lib/python3.10/site-packages:${PYTHONPATH} /usr/bin/python3 -W ignore:setup.py install is deprecated -W ignore:easy_install command is deprecated setup.py egg_info --egg-base ../../build/seano_logging build --build-base /home/seano/Seano_ws/build/seano_logging/build install --record /home/seano/Seano_ws/build/seano_logging/install.log --single-version-externally-managed install_data
[5.355s] running egg_info
[5.357s] writing ../../build/seano_logging/seano_logging.egg-info/PKG-INFO
[5.357s] writing dependency_links to ../../build/seano_logging/seano_logging.egg-info/dependency_links.txt
[5.358s] writing entry points to ../../build/seano_logging/seano_logging.egg-info/entry_points.txt
[5.359s] writing requirements to ../../build/seano_logging/seano_logging.egg-info/requires.txt
[5.359s] writing top-level names to ../../build/seano_logging/seano_logging.egg-info/top_level.txt
[5.364s] reading manifest file '../../build/seano_logging/seano_logging.egg-info/SOURCES.txt'
[5.368s] writing manifest file '../../build/seano_logging/seano_logging.egg-info/SOURCES.txt'
[5.371s] running build
[5.371s] running build_py
[5.371s] running install
[5.371s] running install_lib
[5.374s] running install_data
[5.374s] running install_egg_info
[5.380s] removing '/home/seano/Seano_ws/install/seano_logging/lib/python3.10/site-packages/seano_logging-0.0.0-py3.10.egg-info' (and everything under it)
[5.381s] Copying ../../build/seano_logging/seano_logging.egg-info to /home/seano/Seano_ws/install/seano_logging/lib/python3.10/site-packages/seano_logging-0.0.0-py3.10.egg-info
[5.384s] running install_scripts
[5.450s] Installing telemetry_logger_node script to /home/seano/Seano_ws/install/seano_logging/lib/seano_logging
[5.452s] writing list of installed files to '/home/seano/Seano_ws/build/seano_logging/install.log'
[5.600s] Invoked command in '/home/seano/Seano_ws/src/seano_logging' returned '0': PYTHONPATH=/home/seano/Seano_ws/build/seano_logging/prefix_override:/usr/lib/python3/dist-packages/colcon_core/task/python/colcon_distutils_commands:/home/seano/Seano_ws/install/seano_logging/lib/python3.10/site-packages:${PYTHONPATH} /usr/bin/python3 -W ignore:setup.py install is deprecated -W ignore:easy_install command is deprecated setup.py egg_info --egg-base ../../build/seano_logging build --build-base /home/seano/Seano_ws/build/seano_logging/build install --record /home/seano/Seano_ws/build/seano_logging/install.log --single-version-externally-managed install_data
