[0.284s] DEBUG:colcon:Command line arguments: ['/usr/bin/colcon', 'build', '--packages-select', 'seano_failsafe', 'seano_startup']
[0.285s] DEBUG:colcon:Parsed command line arguments: Namespace(log_base=None, log_level=None, verb_name='build', build_base='build', install_base='install', merge_install=False, symlink_install=False, test_result_base=None, continue_on_error=False, executor='parallel', parallel_workers=6, event_handlers=None, ignore_user_meta=False, metas=['./colcon.meta'], base_paths=['.'], packages_ignore=None, packages_ignore_regex=None, paths=None, packages_up_to=None, packages_up_to_regex=None, packages_above=None, packages_above_and_dependencies=None, packages_above_depth=None, packages_select_by_dep=None, packages_skip_by_dep=None, packages_skip_up_to=None, packages_select_build_failed=False, packages_skip_build_finished=False, packages_select_test_failures=False, packages_skip_test_passed=False, packages_select=['seano_failsafe', 'seano_startup'], packages_skip=None, packages_select_regex=None, packages_skip_regex=None, packages_start=None, packages_end=None, allow_overriding=[], cmake_args=None, cmake_target=None, cmake_target_skip_unavailable=False, cmake_clean_cache=False, cmake_clean_first=False, cmake_force_configure=False, ament_cmake_args=None, catkin_cmake_args=None, catkin_skip_building_tests=False, verb_parser=<colcon_defaults.argument_parser.defaults.DefaultArgumentsDecorator object at 0xffff9690ff70>, verb_extension=<colcon_core.verb.build.BuildVerb object at 0xffff96b21480>, main=<bound method BuildVerb.main of <colcon_core.verb.build.BuildVerb object at 0xffff96b21480>>)
[0.708s] Level 1:colcon.colcon_core.package_discovery:discover_packages(colcon_meta) check parameters
[0.708s] Level 1:colcon.colcon_core.package_discovery:discover_packages(recursive) check parameters
[0.708s] Level 1:colcon.colcon_core.package_discovery:discover_packages(ignore) check parameters
[0.708s] Level 1:colcon.colcon_core.package_discovery:discover_packages(path) check parameters
[0.709s] Level 1:colcon.colcon_core.package_discovery:discover_packages(colcon_meta) discover
[0.709s] Level 1:colcon.colcon_core.package_discovery:discover_packages(recursive) discover
[0.709s] INFO:colcon.colcon_core.package_discovery:Crawling recursively for packages in '/home/seano/Seano_ws'
[0.709s] Level 1:colcon.colcon_core.package_identification:_identify(.) by extensions ['ignore', 'ignore_ament_install']
[0.710s] Level 1:colcon.colcon_core.package_identification:_identify(.) by extension 'ignore'
[0.710s] Level 1:colcon.colcon_core.package_identification:_identify(.) by extension 'ignore_ament_install'
[0.710s] Level 1:colcon.colcon_core.package_identification:_identify(.) by extensions ['colcon_pkg']
[0.710s] Level 1:colcon.colcon_core.package_identification:_identify(.) by extension 'colcon_pkg'
[0.710s] Level 1:colcon.colcon_core.package_identification:_identify(.) by extensions ['colcon_meta']
[0.710s] Level 1:colcon.colcon_core.package_identification:_identify(.) by extension 'colcon_meta'
[0.710s] Level 1:colcon.colcon_core.package_identification:_identify(.) by extensions ['ros']
[0.710s] Level 1:colcon.colcon_core.package_identification:_identify(.) by extension 'ros'
[0.739s] Level 1:colcon.colcon_core.package_identification:_identify(.) by extensions ['cmake', 'python']
[0.739s] Level 1:colcon.colcon_core.package_identification:_identify(.) by extension 'cmake'
[0.739s] Level 1:colcon.colcon_core.package_identification:_identify(.) by extension 'python'
[0.740s] Level 1:colcon.colcon_core.package_identification:_identify(.) by extensions ['python_setup_py']
[0.740s] Level 1:colcon.colcon_core.package_identification:_identify(.) by extension 'python_setup_py'
[0.740s] Level 1:colcon.colcon_core.package_identification:_identify(build) by extensions ['ignore', 'ignore_ament_install']
[0.740s] Level 1:colcon.colcon_core.package_identification:_identify(build) by extension 'ignore'
[0.740s] Level 1:colcon.colcon_core.package_identification:_identify(build) ignored
[0.741s] Level 1:colcon.colcon_core.package_identification:_identify(doc) by extensions ['ignore', 'ignore_ament_install']
[0.741s] Level 1:colcon.colcon_core.package_identification:_identify(doc) by extension 'ignore'
[0.741s] Level 1:colcon.colcon_core.package_identification:_identify(doc) by extension 'ignore_ament_install'
[0.741s] Level 1:colcon.colcon_core.package_identification:_identify(doc) by extensions ['colcon_pkg']
[0.741s] Level 1:colcon.colcon_core.package_identification:_identify(doc) by extension 'colcon_pkg'
[0.742s] Level 1:colcon.colcon_core.package_identification:_identify(doc) by extensions ['colcon_meta']
[0.742s] Level 1:colcon.colcon_core.package_identification:_identify(doc) by extension 'colcon_meta'
[0.742s] Level 1:colcon.colcon_core.package_identification:_identify(doc) by extensions ['ros']
[0.742s] Level 1:colcon.colcon_core.package_identification:_identify(doc) by extension 'ros'
[0.742s] Level 1:colcon.colcon_core.package_identification:_identify(doc) by extensions ['cmake', 'python']
[0.742s] Level 1:colcon.colcon_core.package_identification:_identify(doc) by extension 'cmake'
[0.742s] Level 1:colcon.colcon_core.package_identification:_identify(doc) by extension 'python'
[0.742s] Level 1:colcon.colcon_core.package_identification:_identify(doc) by extensions ['python_setup_py']
[0.742s] Level 1:colcon.colcon_core.package_identification:_identify(doc) by extension 'python_setup_py'
[0.743s] Level 1:colcon.colcon_core.package_identification:_identify(install) by extensions ['ignore', 'ignore_ament_install']
[0.743s] Level 1:colcon.colcon_core.package_identification:_identify(install) by extension 'ignore'
[0.743s] Level 1:colcon.colcon_core.package_identification:_identify(install) ignored
[0.743s] Level 1:colcon.colcon_core.package_identification:_identify(log) by extensions ['ignore', 'ignore_ament_install']
[0.744s] Level 1:colcon.colcon_core.package_identification:_identify(log) by extension 'ignore'
[0.744s] Level 1:colcon.colcon_core.package_identification:_identify(log) ignored
[0.744s] Level 1:colcon.colcon_core.package_identification:_identify(resource_git) by extensions ['ignore', 'ignore_ament_install']
[0.744s] Level 1:colcon.colcon_core.package_identification:_identify(resource_git) by extension 'ignore'
[0.744s] Level 1:colcon.colcon_core.package_identification:_identify(resource_git) by extension 'ignore_ament_install'
[0.744s] Level 1:colcon.colcon_core.package_identification:_identify(resource_git) by extensions ['colcon_pkg']
[0.744s] Level 1:colcon.colcon_core.package_identification:_identify(resource_git) by extension 'colcon_pkg'
[0.745s] Level 1:colcon.colcon_core.package_identification:_identify(resource_git) by extensions ['colcon_meta']
[0.745s] Level 1:colcon.colcon_core.package_identification:_identify(resource_git) by extension 'colcon_meta'
[0.745s] Level 1:colcon.colcon_core.package_identification:_identify(resource_git) by extensions ['ros']
[0.745s] Level 1:colcon.colcon_core.package_identification:_identify(resource_git) by extension 'ros'
[0.745s] Level 1:colcon.colcon_core.package_identification:_identify(resource_git) by extensions ['cmake', 'python']
[0.745s] Level 1:colcon.colcon_core.package_identification:_identify(resource_git) by extension 'cmake'
[0.745s] Level 1:colcon.colcon_core.package_identification:_identify(resource_git) by extension 'python'
[0.745s] Level 1:colcon.colcon_core.package_identification:_identify(resource_git) by extensions ['python_setup_py']
[0.745s] Level 1:colcon.colcon_core.package_identification:_identify(resource_git) by extension 'python_setup_py'
[0.746s] Level 1:colcon.colcon_core.package_identification:_identify(resource_git/seano-anti-theft) by extensions ['ignore', 'ignore_ament_install']
[0.746s] Level 1:colcon.colcon_core.package_identification:_identify(resource_git/seano-anti-theft) by extension 'ignore'
[0.746s] Level 1:colcon.colcon_core.package_identification:_identify(resource_git/seano-anti-theft) by extension 'ignore_ament_install'
[0.746s] Level 1:colcon.colcon_core.package_identification:_identify(resource_git/seano-anti-theft) by extensions ['colcon_pkg']
[0.746s] Level 1:colcon.colcon_core.package_identification:_identify(resource_git/seano-anti-theft) by extension 'colcon_pkg'
[0.746s] Level 1:colcon.colcon_core.package_identification:_identify(resource_git/seano-anti-theft) by extensions ['colcon_meta']
[0.746s] Level 1:colcon.colcon_core.package_identification:_identify(resource_git/seano-anti-theft) by extension 'colcon_meta'
[0.747s] Level 1:colcon.colcon_core.package_identification:_identify(resource_git/seano-anti-theft) by extensions ['ros']
[0.747s] Level 1:colcon.colcon_core.package_identification:_identify(resource_git/seano-anti-theft) by extension 'ros'
[0.753s] DEBUG:colcon.colcon_core.package_identification:Package 'resource_git/seano-anti-theft' with type 'ros.ament_python' and name 'seano_anti_theft'
[0.754s] Level 1:colcon.colcon_core.package_identification:_identify(resource_git/seano-collision-avoidance) by extensions ['ignore', 'ignore_ament_install']
[0.754s] Level 1:colcon.colcon_core.package_identification:_identify(resource_git/seano-collision-avoidance) by extension 'ignore'
[0.754s] Level 1:colcon.colcon_core.package_identification:_identify(resource_git/seano-collision-avoidance) by extension 'ignore_ament_install'
[0.754s] Level 1:colcon.colcon_core.package_identification:_identify(resource_git/seano-collision-avoidance) by extensions ['colcon_pkg']
[0.754s] Level 1:colcon.colcon_core.package_identification:_identify(resource_git/seano-collision-avoidance) by extension 'colcon_pkg'
[0.754s] Level 1:colcon.colcon_core.package_identification:_identify(resource_git/seano-collision-avoidance) by extensions ['colcon_meta']
[0.754s] Level 1:colcon.colcon_core.package_identification:_identify(resource_git/seano-collision-avoidance) by extension 'colcon_meta'
[0.755s] Level 1:colcon.colcon_core.package_identification:_identify(resource_git/seano-collision-avoidance) by extensions ['ros']
[0.755s] Level 1:colcon.colcon_core.package_identification:_identify(resource_git/seano-collision-avoidance) by extension 'ros'
[0.755s] Level 1:colcon.colcon_core.package_identification:_identify(resource_git/seano-collision-avoidance) by extensions ['cmake', 'python']
[0.755s] Level 1:colcon.colcon_core.package_identification:_identify(resource_git/seano-collision-avoidance) by extension 'cmake'
[0.755s] Level 1:colcon.colcon_core.package_identification:_identify(resource_git/seano-collision-avoidance) by extension 'python'
[0.755s] Level 1:colcon.colcon_core.package_identification:_identify(resource_git/seano-collision-avoidance) by extensions ['python_setup_py']
[0.755s] Level 1:colcon.colcon_core.package_identification:_identify(resource_git/seano-collision-avoidance) by extension 'python_setup_py'
[0.756s] Level 1:colcon.colcon_core.package_identification:_identify(resource_git/seano-collision-avoidance/docs) by extensions ['ignore', 'ignore_ament_install']
[0.756s] Level 1:colcon.colcon_core.package_identification:_identify(resource_git/seano-collision-avoidance/docs) by extension 'ignore'
[0.756s] Level 1:colcon.colcon_core.package_identification:_identify(resource_git/seano-collision-avoidance/docs) by extension 'ignore_ament_install'
[0.756s] Level 1:colcon.colcon_core.package_identification:_identify(resource_git/seano-collision-avoidance/docs) by extensions ['colcon_pkg']
[0.756s] Level 1:colcon.colcon_core.package_identification:_identify(resource_git/seano-collision-avoidance/docs) by extension 'colcon_pkg'
[0.756s] Level 1:colcon.colcon_core.package_identification:_identify(resource_git/seano-collision-avoidance/docs) by extensions ['colcon_meta']
[0.756s] Level 1:colcon.colcon_core.package_identification:_identify(resource_git/seano-collision-avoidance/docs) by extension 'colcon_meta'
[0.756s] Level 1:colcon.colcon_core.package_identification:_identify(resource_git/seano-collision-avoidance/docs) by extensions ['ros']
[0.757s] Level 1:colcon.colcon_core.package_identification:_identify(resource_git/seano-collision-avoidance/docs) by extension 'ros'
[0.757s] Level 1:colcon.colcon_core.package_identification:_identify(resource_git/seano-collision-avoidance/docs) by extensions ['cmake', 'python']
[0.757s] Level 1:colcon.colcon_core.package_identification:_identify(resource_git/seano-collision-avoidance/docs) by extension 'cmake'
[0.757s] Level 1:colcon.colcon_core.package_identification:_identify(resource_git/seano-collision-avoidance/docs) by extension 'python'
[0.757s] Level 1:colcon.colcon_core.package_identification:_identify(resource_git/seano-collision-avoidance/docs) by extensions ['python_setup_py']
[0.757s] Level 1:colcon.colcon_core.package_identification:_identify(resource_git/seano-collision-avoidance/docs) by extension 'python_setup_py'
[0.757s] Level 1:colcon.colcon_core.package_identification:_identify(resource_git/seano-collision-avoidance/seano_ca_ws) by extensions ['ignore', 'ignore_ament_install']
[0.758s] Level 1:colcon.colcon_core.package_identification:_identify(resource_git/seano-collision-avoidance/seano_ca_ws) by extension 'ignore'
[0.758s] Level 1:colcon.colcon_core.package_identification:_identify(resource_git/seano-collision-avoidance/seano_ca_ws) by extension 'ignore_ament_install'
[0.758s] Level 1:colcon.colcon_core.package_identification:_identify(resource_git/seano-collision-avoidance/seano_ca_ws) by extensions ['colcon_pkg']
[0.758s] Level 1:colcon.colcon_core.package_identification:_identify(resource_git/seano-collision-avoidance/seano_ca_ws) by extension 'colcon_pkg'
[0.758s] Level 1:colcon.colcon_core.package_identification:_identify(resource_git/seano-collision-avoidance/seano_ca_ws) by extensions ['colcon_meta']
[0.758s] Level 1:colcon.colcon_core.package_identification:_identify(resource_git/seano-collision-avoidance/seano_ca_ws) by extension 'colcon_meta'
[0.758s] Level 1:colcon.colcon_core.package_identification:_identify(resource_git/seano-collision-avoidance/seano_ca_ws) by extensions ['ros']
[0.758s] Level 1:colcon.colcon_core.package_identification:_identify(resource_git/seano-collision-avoidance/seano_ca_ws) by extension 'ros'
[0.759s] Level 1:colcon.colcon_core.package_identification:_identify(resource_git/seano-collision-avoidance/seano_ca_ws) by extensions ['cmake', 'python']
[0.759s] Level 1:colcon.colcon_core.package_identification:_identify(resource_git/seano-collision-avoidance/seano_ca_ws) by extension 'cmake'
[0.759s] Level 1:colcon.colcon_core.package_identification:_identify(resource_git/seano-collision-avoidance/seano_ca_ws) by extension 'python'
[0.759s] Level 1:colcon.colcon_core.package_identification:_identify(resource_git/seano-collision-avoidance/seano_ca_ws) by extensions ['python_setup_py']
[0.759s] Level 1:colcon.colcon_core.package_identification:_identify(resource_git/seano-collision-avoidance/seano_ca_ws) by extension 'python_setup_py'
[0.759s] Level 1:colcon.colcon_core.package_identification:_identify(resource_git/seano-collision-avoidance/seano_ca_ws/src) by extensions ['ignore', 'ignore_ament_install']
[0.759s] Level 1:colcon.colcon_core.package_identification:_identify(resource_git/seano-collision-avoidance/seano_ca_ws/src) by extension 'ignore'
[0.760s] Level 1:colcon.colcon_core.package_identification:_identify(resource_git/seano-collision-avoidance/seano_ca_ws/src) by extension 'ignore_ament_install'
[0.760s] Level 1:colcon.colcon_core.package_identification:_identify(resource_git/seano-collision-avoidance/seano_ca_ws/src) by extensions ['colcon_pkg']
[0.760s] Level 1:colcon.colcon_core.package_identification:_identify(resource_git/seano-collision-avoidance/seano_ca_ws/src) by extension 'colcon_pkg'
[0.760s] Level 1:colcon.colcon_core.package_identification:_identify(resource_git/seano-collision-avoidance/seano_ca_ws/src) by extensions ['colcon_meta']
[0.760s] Level 1:colcon.colcon_core.package_identification:_identify(resource_git/seano-collision-avoidance/seano_ca_ws/src) by extension 'colcon_meta'
[0.760s] Level 1:colcon.colcon_core.package_identification:_identify(resource_git/seano-collision-avoidance/seano_ca_ws/src) by extensions ['ros']
[0.760s] Level 1:colcon.colcon_core.package_identification:_identify(resource_git/seano-collision-avoidance/seano_ca_ws/src) by extension 'ros'
[0.760s] Level 1:colcon.colcon_core.package_identification:_identify(resource_git/seano-collision-avoidance/seano_ca_ws/src) by extensions ['cmake', 'python']
[0.760s] Level 1:colcon.colcon_core.package_identification:_identify(resource_git/seano-collision-avoidance/seano_ca_ws/src) by extension 'cmake'
[0.761s] Level 1:colcon.colcon_core.package_identification:_identify(resource_git/seano-collision-avoidance/seano_ca_ws/src) by extension 'python'
[0.761s] Level 1:colcon.colcon_core.package_identification:_identify(resource_git/seano-collision-avoidance/seano_ca_ws/src) by extensions ['python_setup_py']
[0.761s] Level 1:colcon.colcon_core.package_identification:_identify(resource_git/seano-collision-avoidance/seano_ca_ws/src) by extension 'python_setup_py'
[0.761s] Level 1:colcon.colcon_core.package_identification:_identify(resource_git/seano-collision-avoidance/seano_ca_ws/src/seano_vision) by extensions ['ignore', 'ignore_ament_install']
[0.761s] Level 1:colcon.colcon_core.package_identification:_identify(resource_git/seano-collision-avoidance/seano_ca_ws/src/seano_vision) by extension 'ignore'
[0.761s] Level 1:colcon.colcon_core.package_identification:_identify(resource_git/seano-collision-avoidance/seano_ca_ws/src/seano_vision) by extension 'ignore_ament_install'
[0.761s] Level 1:colcon.colcon_core.package_identification:_identify(resource_git/seano-collision-avoidance/seano_ca_ws/src/seano_vision) by extensions ['colcon_pkg']
[0.762s] Level 1:colcon.colcon_core.package_identification:_identify(resource_git/seano-collision-avoidance/seano_ca_ws/src/seano_vision) by extension 'colcon_pkg'
[0.762s] Level 1:colcon.colcon_core.package_identification:_identify(resource_git/seano-collision-avoidance/seano_ca_ws/src/seano_vision) by extensions ['colcon_meta']
[0.762s] Level 1:colcon.colcon_core.package_identification:_identify(resource_git/seano-collision-avoidance/seano_ca_ws/src/seano_vision) by extension 'colcon_meta'
[0.762s] Level 1:colcon.colcon_core.package_identification:_identify(resource_git/seano-collision-avoidance/seano_ca_ws/src/seano_vision) by extensions ['ros']
[0.762s] Level 1:colcon.colcon_core.package_identification:_identify(resource_git/seano-collision-avoidance/seano_ca_ws/src/seano_vision) by extension 'ros'
[0.764s] DEBUG:colcon.colcon_core.package_identification:Package 'resource_git/seano-collision-avoidance/seano_ca_ws/src/seano_vision' with type 'ros.ament_python' and name 'seano_vision'
[0.765s] Level 1:colcon.colcon_core.package_identification:_identify(resource_git/seano-collision-avoidance/tools) by extensions ['ignore', 'ignore_ament_install']
[0.765s] Level 1:colcon.colcon_core.package_identification:_identify(resource_git/seano-collision-avoidance/tools) by extension 'ignore'
[0.765s] Level 1:colcon.colcon_core.package_identification:_identify(resource_git/seano-collision-avoidance/tools) by extension 'ignore_ament_install'
[0.765s] Level 1:colcon.colcon_core.package_identification:_identify(resource_git/seano-collision-avoidance/tools) by extensions ['colcon_pkg']
[0.765s] Level 1:colcon.colcon_core.package_identification:_identify(resource_git/seano-collision-avoidance/tools) by extension 'colcon_pkg'
[0.765s] Level 1:colcon.colcon_core.package_identification:_identify(resource_git/seano-collision-avoidance/tools) by extensions ['colcon_meta']
[0.765s] Level 1:colcon.colcon_core.package_identification:_identify(resource_git/seano-collision-avoidance/tools) by extension 'colcon_meta'
[0.766s] Level 1:colcon.colcon_core.package_identification:_identify(resource_git/seano-collision-avoidance/tools) by extensions ['ros']
[0.766s] Level 1:colcon.colcon_core.package_identification:_identify(resource_git/seano-collision-avoidance/tools) by extension 'ros'
[0.766s] Level 1:colcon.colcon_core.package_identification:_identify(resource_git/seano-collision-avoidance/tools) by extensions ['cmake', 'python']
[0.766s] Level 1:colcon.colcon_core.package_identification:_identify(resource_git/seano-collision-avoidance/tools) by extension 'cmake'
[0.766s] Level 1:colcon.colcon_core.package_identification:_identify(resource_git/seano-collision-avoidance/tools) by extension 'python'
[0.766s] Level 1:colcon.colcon_core.package_identification:_identify(resource_git/seano-collision-avoidance/tools) by extensions ['python_setup_py']
[0.766s] Level 1:colcon.colcon_core.package_identification:_identify(resource_git/seano-collision-avoidance/tools) by extension 'python_setup_py'
[0.767s] Level 1:colcon.colcon_core.package_identification:_identify(resource_git/seano-logger) by extensions ['ignore', 'ignore_ament_install']
[0.767s] Level 1:colcon.colcon_core.package_identification:_identify(resource_git/seano-logger) by extension 'ignore'
[0.767s] Level 1:colcon.colcon_core.package_identification:_identify(resource_git/seano-logger) by extension 'ignore_ament_install'
[0.767s] Level 1:colcon.colcon_core.package_identification:_identify(resource_git/seano-logger) by extensions ['colcon_pkg']
[0.767s] Level 1:colcon.colcon_core.package_identification:_identify(resource_git/seano-logger) by extension 'colcon_pkg'
[0.767s] Level 1:colcon.colcon_core.package_identification:_identify(resource_git/seano-logger) by extensions ['colcon_meta']
[0.767s] Level 1:colcon.colcon_core.package_identification:_identify(resource_git/seano-logger) by extension 'colcon_meta'
[0.767s] Level 1:colcon.colcon_core.package_identification:_identify(resource_git/seano-logger) by extensions ['ros']
[0.767s] Level 1:colcon.colcon_core.package_identification:_identify(resource_git/seano-logger) by extension 'ros'
[0.768s] Level 1:colcon.colcon_core.package_identification:_identify(resource_git/seano-logger) by extensions ['cmake', 'python']
[0.768s] Level 1:colcon.colcon_core.package_identification:_identify(resource_git/seano-logger) by extension 'cmake'
[0.768s] Level 1:colcon.colcon_core.package_identification:_identify(resource_git/seano-logger) by extension 'python'
[0.768s] Level 1:colcon.colcon_core.package_identification:_identify(resource_git/seano-logger) by extensions ['python_setup_py']
[0.768s] Level 1:colcon.colcon_core.package_identification:_identify(resource_git/seano-logger) by extension 'python_setup_py'
[0.768s] Level 1:colcon.colcon_core.package_identification:_identify(resource_git/seano-logger/build) by extensions ['ignore', 'ignore_ament_install']
[0.768s] Level 1:colcon.colcon_core.package_identification:_identify(resource_git/seano-logger/build) by extension 'ignore'
[0.769s] Level 1:colcon.colcon_core.package_identification:_identify(resource_git/seano-logger/build) ignored
[0.769s] Level 1:colcon.colcon_core.package_identification:_identify(resource_git/seano-logger/install) by extensions ['ignore', 'ignore_ament_install']
[0.769s] Level 1:colcon.colcon_core.package_identification:_identify(resource_git/seano-logger/install) by extension 'ignore'
[0.769s] Level 1:colcon.colcon_core.package_identification:_identify(resource_git/seano-logger/install) ignored
[0.769s] Level 1:colcon.colcon_core.package_identification:_identify(resource_git/seano-logger/log) by extensions ['ignore', 'ignore_ament_install']
[0.770s] Level 1:colcon.colcon_core.package_identification:_identify(resource_git/seano-logger/log) by extension 'ignore'
[0.770s] Level 1:colcon.colcon_core.package_identification:_identify(resource_git/seano-logger/log) ignored
[0.770s] Level 1:colcon.colcon_core.package_identification:_identify(resource_git/seano-logger/src) by extensions ['ignore', 'ignore_ament_install']
[0.770s] Level 1:colcon.colcon_core.package_identification:_identify(resource_git/seano-logger/src) by extension 'ignore'
[0.770s] Level 1:colcon.colcon_core.package_identification:_identify(resource_git/seano-logger/src) by extension 'ignore_ament_install'
[0.770s] Level 1:colcon.colcon_core.package_identification:_identify(resource_git/seano-logger/src) by extensions ['colcon_pkg']
[0.771s] Level 1:colcon.colcon_core.package_identification:_identify(resource_git/seano-logger/src) by extension 'colcon_pkg'
[0.771s] Level 1:colcon.colcon_core.package_identification:_identify(resource_git/seano-logger/src) by extensions ['colcon_meta']
[0.771s] Level 1:colcon.colcon_core.package_identification:_identify(resource_git/seano-logger/src) by extension 'colcon_meta'
[0.771s] Level 1:colcon.colcon_core.package_identification:_identify(resource_git/seano-logger/src) by extensions ['ros']
[0.771s] Level 1:colcon.colcon_core.package_identification:_identify(resource_git/seano-logger/src) by extension 'ros'
[0.771s] Level 1:colcon.colcon_core.package_identification:_identify(resource_git/seano-logger/src) by extensions ['cmake', 'python']
[0.771s] Level 1:colcon.colcon_core.package_identification:_identify(resource_git/seano-logger/src) by extension 'cmake'
[0.771s] Level 1:colcon.colcon_core.package_identification:_identify(resource_git/seano-logger/src) by extension 'python'
[0.771s] Level 1:colcon.colcon_core.package_identification:_identify(resource_git/seano-logger/src) by extensions ['python_setup_py']
[0.771s] Level 1:colcon.colcon_core.package_identification:_identify(resource_git/seano-logger/src) by extension 'python_setup_py'
[0.772s] Level 1:colcon.colcon_core.package_identification:_identify(resource_git/seano-logger/src/build) by extensions ['ignore', 'ignore_ament_install']
[0.772s] Level 1:colcon.colcon_core.package_identification:_identify(resource_git/seano-logger/src/build) by extension 'ignore'
[0.772s] Level 1:colcon.colcon_core.package_identification:_identify(resource_git/seano-logger/src/build) ignored
[0.772s] Level 1:colcon.colcon_core.package_identification:_identify(resource_git/seano-logger/src/install) by extensions ['ignore', 'ignore_ament_install']
[0.772s] Level 1:colcon.colcon_core.package_identification:_identify(resource_git/seano-logger/src/install) by extension 'ignore'
[0.773s] Level 1:colcon.colcon_core.package_identification:_identify(resource_git/seano-logger/src/install) ignored
[0.773s] Level 1:colcon.colcon_core.package_identification:_identify(resource_git/seano-logger/src/log) by extensions ['ignore', 'ignore_ament_install']
[0.773s] Level 1:colcon.colcon_core.package_identification:_identify(resource_git/seano-logger/src/log) by extension 'ignore'
[0.773s] Level 1:colcon.colcon_core.package_identification:_identify(resource_git/seano-logger/src/log) ignored
[0.773s] Level 1:colcon.colcon_core.package_identification:_identify(resource_git/seano-logger/src/seano_logger) by extensions ['ignore', 'ignore_ament_install']
[0.774s] Level 1:colcon.colcon_core.package_identification:_identify(resource_git/seano-logger/src/seano_logger) by extension 'ignore'
[0.774s] Level 1:colcon.colcon_core.package_identification:_identify(resource_git/seano-logger/src/seano_logger) by extension 'ignore_ament_install'
[0.774s] Level 1:colcon.colcon_core.package_identification:_identify(resource_git/seano-logger/src/seano_logger) by extensions ['colcon_pkg']
[0.774s] Level 1:colcon.colcon_core.package_identification:_identify(resource_git/seano-logger/src/seano_logger) by extension 'colcon_pkg'
[0.774s] Level 1:colcon.colcon_core.package_identification:_identify(resource_git/seano-logger/src/seano_logger) by extensions ['colcon_meta']
[0.774s] Level 1:colcon.colcon_core.package_identification:_identify(resource_git/seano-logger/src/seano_logger) by extension 'colcon_meta'
[0.774s] Level 1:colcon.colcon_core.package_identification:_identify(resource_git/seano-logger/src/seano_logger) by extensions ['ros']
[0.774s] Level 1:colcon.colcon_core.package_identification:_identify(resource_git/seano-logger/src/seano_logger) by extension 'ros'
[0.775s] DEBUG:colcon.colcon_core.package_identification:Package 'resource_git/seano-logger/src/seano_logger' with type 'ros.ament_python' and name 'seano_logger'
[0.776s] Level 1:colcon.colcon_core.package_identification:_identify(resource_git/seano-logger/src/seano_sensors) by extensions ['ignore', 'ignore_ament_install']
[0.776s] Level 1:colcon.colcon_core.package_identification:_identify(resource_git/seano-logger/src/seano_sensors) by extension 'ignore'
[0.776s] Level 1:colcon.colcon_core.package_identification:_identify(resource_git/seano-logger/src/seano_sensors) by extension 'ignore_ament_install'
[0.776s] Level 1:colcon.colcon_core.package_identification:_identify(resource_git/seano-logger/src/seano_sensors) by extensions ['colcon_pkg']
[0.777s] Level 1:colcon.colcon_core.package_identification:_identify(resource_git/seano-logger/src/seano_sensors) by extension 'colcon_pkg'
[0.777s] Level 1:colcon.colcon_core.package_identification:_identify(resource_git/seano-logger/src/seano_sensors) by extensions ['colcon_meta']
[0.777s] Level 1:colcon.colcon_core.package_identification:_identify(resource_git/seano-logger/src/seano_sensors) by extension 'colcon_meta'
[0.777s] Level 1:colcon.colcon_core.package_identification:_identify(resource_git/seano-logger/src/seano_sensors) by extensions ['ros']
[0.777s] Level 1:colcon.colcon_core.package_identification:_identify(resource_git/seano-logger/src/seano_sensors) by extension 'ros'
[0.778s] DEBUG:colcon.colcon_core.package_identification:Package 'resource_git/seano-logger/src/seano_sensors' with type 'ros.ament_python' and name 'seano_sensors'
[0.778s] Level 1:colcon.colcon_core.package_identification:_identify(src) by extensions ['ignore', 'ignore_ament_install']
[0.778s] Level 1:colcon.colcon_core.package_identification:_identify(src) by extension 'ignore'
[0.779s] Level 1:colcon.colcon_core.package_identification:_identify(src) by extension 'ignore_ament_install'
[0.779s] Level 1:colcon.colcon_core.package_identification:_identify(src) by extensions ['colcon_pkg']
[0.779s] Level 1:colcon.colcon_core.package_identification:_identify(src) by extension 'colcon_pkg'
[0.779s] Level 1:colcon.colcon_core.package_identification:_identify(src) by extensions ['colcon_meta']
[0.779s] Level 1:colcon.colcon_core.package_identification:_identify(src) by extension 'colcon_meta'
[0.779s] Level 1:colcon.colcon_core.package_identification:_identify(src) by extensions ['ros']
[0.779s] Level 1:colcon.colcon_core.package_identification:_identify(src) by extension 'ros'
[0.779s] Level 1:colcon.colcon_core.package_identification:_identify(src) by extensions ['cmake', 'python']
[0.779s] Level 1:colcon.colcon_core.package_identification:_identify(src) by extension 'cmake'
[0.780s] Level 1:colcon.colcon_core.package_identification:_identify(src) by extension 'python'
[0.780s] Level 1:colcon.colcon_core.package_identification:_identify(src) by extensions ['python_setup_py']
[0.780s] Level 1:colcon.colcon_core.package_identification:_identify(src) by extension 'python_setup_py'
[0.780s] Level 1:colcon.colcon_core.package_identification:_identify(src/seano_cam) by extensions ['ignore', 'ignore_ament_install']
[0.780s] Level 1:colcon.colcon_core.package_identification:_identify(src/seano_cam) by extension 'ignore'
[0.780s] Level 1:colcon.colcon_core.package_identification:_identify(src/seano_cam) by extension 'ignore_ament_install'
[0.780s] Level 1:colcon.colcon_core.package_identification:_identify(src/seano_cam) by extensions ['colcon_pkg']
[0.781s] Level 1:colcon.colcon_core.package_identification:_identify(src/seano_cam) by extension 'colcon_pkg'
[0.781s] Level 1:colcon.colcon_core.package_identification:_identify(src/seano_cam) by extensions ['colcon_meta']
[0.781s] Level 1:colcon.colcon_core.package_identification:_identify(src/seano_cam) by extension 'colcon_meta'
[0.781s] Level 1:colcon.colcon_core.package_identification:_identify(src/seano_cam) by extensions ['ros']
[0.781s] Level 1:colcon.colcon_core.package_identification:_identify(src/seano_cam) by extension 'ros'
[0.782s] DEBUG:colcon.colcon_core.package_identification:Package 'src/seano_cam' with type 'ros.ament_python' and name 'seano_cam'
[0.783s] Level 1:colcon.colcon_core.package_identification:_identify(src/seano_command) by extensions ['ignore', 'ignore_ament_install']
[0.783s] Level 1:colcon.colcon_core.package_identification:_identify(src/seano_command) by extension 'ignore'
[0.783s] Level 1:colcon.colcon_core.package_identification:_identify(src/seano_command) by extension 'ignore_ament_install'
[0.783s] Level 1:colcon.colcon_core.package_identification:_identify(src/seano_command) by extensions ['colcon_pkg']
[0.783s] Level 1:colcon.colcon_core.package_identification:_identify(src/seano_command) by extension 'colcon_pkg'
[0.783s] Level 1:colcon.colcon_core.package_identification:_identify(src/seano_command) by extensions ['colcon_meta']
[0.783s] Level 1:colcon.colcon_core.package_identification:_identify(src/seano_command) by extension 'colcon_meta'
[0.784s] Level 1:colcon.colcon_core.package_identification:_identify(src/seano_command) by extensions ['ros']
[0.784s] Level 1:colcon.colcon_core.package_identification:_identify(src/seano_command) by extension 'ros'
[0.785s] DEBUG:colcon.colcon_core.package_identification:Package 'src/seano_command' with type 'ros.ament_python' and name 'seano_command'
[0.785s] Level 1:colcon.colcon_core.package_identification:_identify(src/seano_communication) by extensions ['ignore', 'ignore_ament_install']
[0.786s] Level 1:colcon.colcon_core.package_identification:_identify(src/seano_communication) by extension 'ignore'
[0.786s] Level 1:colcon.colcon_core.package_identification:_identify(src/seano_communication) by extension 'ignore_ament_install'
[0.786s] Level 1:colcon.colcon_core.package_identification:_identify(src/seano_communication) by extensions ['colcon_pkg']
[0.786s] Level 1:colcon.colcon_core.package_identification:_identify(src/seano_communication) by extension 'colcon_pkg'
[0.786s] Level 1:colcon.colcon_core.package_identification:_identify(src/seano_communication) by extensions ['colcon_meta']
[0.786s] Level 1:colcon.colcon_core.package_identification:_identify(src/seano_communication) by extension 'colcon_meta'
[0.786s] Level 1:colcon.colcon_core.package_identification:_identify(src/seano_communication) by extensions ['ros']
[0.786s] Level 1:colcon.colcon_core.package_identification:_identify(src/seano_communication) by extension 'ros'
[0.788s] DEBUG:colcon.colcon_core.package_identification:Package 'src/seano_communication' with type 'ros.ament_python' and name 'seano_communication'
[0.788s] Level 1:colcon.colcon_core.package_identification:_identify(src/seano_failsafe) by extensions ['ignore', 'ignore_ament_install']
[0.788s] Level 1:colcon.colcon_core.package_identification:_identify(src/seano_failsafe) by extension 'ignore'
[0.788s] Level 1:colcon.colcon_core.package_identification:_identify(src/seano_failsafe) by extension 'ignore_ament_install'
[0.788s] Level 1:colcon.colcon_core.package_identification:_identify(src/seano_failsafe) by extensions ['colcon_pkg']
[0.788s] Level 1:colcon.colcon_core.package_identification:_identify(src/seano_failsafe) by extension 'colcon_pkg'
[0.789s] Level 1:colcon.colcon_core.package_identification:_identify(src/seano_failsafe) by extensions ['colcon_meta']
[0.789s] Level 1:colcon.colcon_core.package_identification:_identify(src/seano_failsafe) by extension 'colcon_meta'
[0.789s] Level 1:colcon.colcon_core.package_identification:_identify(src/seano_failsafe) by extensions ['ros']
[0.789s] Level 1:colcon.colcon_core.package_identification:_identify(src/seano_failsafe) by extension 'ros'
[0.790s] DEBUG:colcon.colcon_core.package_identification:Package 'src/seano_failsafe' with type 'ros.ament_python' and name 'seano_failsafe'
[0.791s] Level 1:colcon.colcon_core.package_identification:_identify(src/seano_logging) by extensions ['ignore', 'ignore_ament_install']
[0.791s] Level 1:colcon.colcon_core.package_identification:_identify(src/seano_logging) by extension 'ignore'
[0.791s] Level 1:colcon.colcon_core.package_identification:_identify(src/seano_logging) by extension 'ignore_ament_install'
[0.791s] Level 1:colcon.colcon_core.package_identification:_identify(src/seano_logging) by extensions ['colcon_pkg']
[0.791s] Level 1:colcon.colcon_core.package_identification:_identify(src/seano_logging) by extension 'colcon_pkg'
[0.791s] Level 1:colcon.colcon_core.package_identification:_identify(src/seano_logging) by extensions ['colcon_meta']
[0.791s] Level 1:colcon.colcon_core.package_identification:_identify(src/seano_logging) by extension 'colcon_meta'
[0.792s] Level 1:colcon.colcon_core.package_identification:_identify(src/seano_logging) by extensions ['ros']
[0.792s] Level 1:colcon.colcon_core.package_identification:_identify(src/seano_logging) by extension 'ros'
[0.793s] DEBUG:colcon.colcon_core.package_identification:Package 'src/seano_logging' with type 'ros.ament_python' and name 'seano_logging'
[0.793s] Level 1:colcon.colcon_core.package_identification:_identify(src/seano_mqtt_bridge) by extensions ['ignore', 'ignore_ament_install']
[0.794s] Level 1:colcon.colcon_core.package_identification:_identify(src/seano_mqtt_bridge) by extension 'ignore'
[0.794s] Level 1:colcon.colcon_core.package_identification:_identify(src/seano_mqtt_bridge) by extension 'ignore_ament_install'
[0.794s] Level 1:colcon.colcon_core.package_identification:_identify(src/seano_mqtt_bridge) by extensions ['colcon_pkg']
[0.794s] Level 1:colcon.colcon_core.package_identification:_identify(src/seano_mqtt_bridge) by extension 'colcon_pkg'
[0.794s] Level 1:colcon.colcon_core.package_identification:_identify(src/seano_mqtt_bridge) by extensions ['colcon_meta']
[0.794s] Level 1:colcon.colcon_core.package_identification:_identify(src/seano_mqtt_bridge) by extension 'colcon_meta'
[0.794s] Level 1:colcon.colcon_core.package_identification:_identify(src/seano_mqtt_bridge) by extensions ['ros']
[0.794s] Level 1:colcon.colcon_core.package_identification:_identify(src/seano_mqtt_bridge) by extension 'ros'
[0.796s] DEBUG:colcon.colcon_core.package_identification:Package 'src/seano_mqtt_bridge' with type 'ros.ament_python' and name 'seano_mqtt_bridge'
[0.796s] Level 1:colcon.colcon_core.package_identification:_identify(src/seano_startup) by extensions ['ignore', 'ignore_ament_install']
[0.796s] Level 1:colcon.colcon_core.package_identification:_identify(src/seano_startup) by extension 'ignore'
[0.796s] Level 1:colcon.colcon_core.package_identification:_identify(src/seano_startup) by extension 'ignore_ament_install'
[0.796s] Level 1:colcon.colcon_core.package_identification:_identify(src/seano_startup) by extensions ['colcon_pkg']
[0.796s] Level 1:colcon.colcon_core.package_identification:_identify(src/seano_startup) by extension 'colcon_pkg'
[0.797s] Level 1:colcon.colcon_core.package_identification:_identify(src/seano_startup) by extensions ['colcon_meta']
[0.797s] Level 1:colcon.colcon_core.package_identification:_identify(src/seano_startup) by extension 'colcon_meta'
[0.797s] Level 1:colcon.colcon_core.package_identification:_identify(src/seano_startup) by extensions ['ros']
[0.797s] Level 1:colcon.colcon_core.package_identification:_identify(src/seano_startup) by extension 'ros'
[0.798s] DEBUG:colcon.colcon_core.package_identification:Package 'src/seano_startup' with type 'ros.ament_python' and name 'seano_startup'
[0.798s] Level 1:colcon.colcon_core.package_identification:_identify(src/seano_telemetry) by extensions ['ignore', 'ignore_ament_install']
[0.798s] Level 1:colcon.colcon_core.package_identification:_identify(src/seano_telemetry) by extension 'ignore'
[0.798s] Level 1:colcon.colcon_core.package_identification:_identify(src/seano_telemetry) by extension 'ignore_ament_install'
[0.799s] Level 1:colcon.colcon_core.package_identification:_identify(src/seano_telemetry) by extensions ['colcon_pkg']
[0.799s] Level 1:colcon.colcon_core.package_identification:_identify(src/seano_telemetry) by extension 'colcon_pkg'
[0.799s] Level 1:colcon.colcon_core.package_identification:_identify(src/seano_telemetry) by extensions ['colcon_meta']
[0.799s] Level 1:colcon.colcon_core.package_identification:_identify(src/seano_telemetry) by extension 'colcon_meta'
[0.799s] Level 1:colcon.colcon_core.package_identification:_identify(src/seano_telemetry) by extensions ['ros']
[0.799s] Level 1:colcon.colcon_core.package_identification:_identify(src/seano_telemetry) by extension 'ros'
[0.800s] DEBUG:colcon.colcon_core.package_identification:Package 'src/seano_telemetry' with type 'ros.ament_python' and name 'seano_telemetry'
[0.800s] Level 1:colcon.colcon_core.package_discovery:discover_packages(recursive) using defaults
[0.801s] Level 1:colcon.colcon_core.package_discovery:discover_packages(ignore) discover
[0.801s] Level 1:colcon.colcon_core.package_discovery:discover_packages(ignore) using defaults
[0.801s] Level 1:colcon.colcon_core.package_discovery:discover_packages(path) discover
[0.801s] Level 1:colcon.colcon_core.package_discovery:discover_packages(path) using defaults
[0.918s] INFO:colcon.colcon_core.package_selection:Skipping not selected package 'seano_anti_theft' in 'resource_git/seano-anti-theft'
[0.919s] INFO:colcon.colcon_core.package_selection:Skipping not selected package 'seano_cam' in 'src/seano_cam'
[0.919s] INFO:colcon.colcon_core.package_selection:Skipping not selected package 'seano_command' in 'src/seano_command'
[0.919s] INFO:colcon.colcon_core.package_selection:Skipping not selected package 'seano_communication' in 'src/seano_communication'
[0.919s] INFO:colcon.colcon_core.package_selection:Skipping not selected package 'seano_logger' in 'resource_git/seano-logger/src/seano_logger'
[0.919s] INFO:colcon.colcon_core.package_selection:Skipping not selected package 'seano_logging' in 'src/seano_logging'
[0.919s] INFO:colcon.colcon_core.package_selection:Skipping not selected package 'seano_mqtt_bridge' in 'src/seano_mqtt_bridge'
[0.919s] INFO:colcon.colcon_core.package_selection:Skipping not selected package 'seano_sensors' in 'resource_git/seano-logger/src/seano_sensors'
[0.919s] INFO:colcon.colcon_core.package_selection:Skipping not selected package 'seano_telemetry' in 'src/seano_telemetry'
[0.919s] INFO:colcon.colcon_core.package_selection:Skipping not selected package 'seano_vision' in 'resource_git/seano-collision-avoidance/seano_ca_ws/src/seano_vision'
[0.920s] Level 1:colcon.colcon_core.package_discovery:discover_packages(prefix_path) check parameters
[0.921s] Level 1:colcon.colcon_core.package_discovery:discover_packages(prefix_path) discover
[0.927s] DEBUG:colcon.colcon_installed_package_information.package_discovery:Found 8 installed packages in /home/seano/Seano_ws/install
[0.929s] DEBUG:colcon.colcon_installed_package_information.package_discovery:Found 10 installed packages in /home/seano/seano_ws/install
[0.931s] DEBUG:colcon.colcon_installed_package_information.package_discovery:Found 280 installed packages in /opt/ros/humble
[0.934s] Level 1:colcon.colcon_core.package_discovery:discover_packages(prefix_path) using defaults
[1.028s] Level 5:colcon.colcon_core.verb:set package 'seano_failsafe' build argument 'cmake_args' from command line to 'None'
[1.028s] Level 5:colcon.colcon_core.verb:set package 'seano_failsafe' build argument 'cmake_target' from command line to 'None'
[1.028s] Level 5:colcon.colcon_core.verb:set package 'seano_failsafe' build argument 'cmake_target_skip_unavailable' from command line to 'False'
[1.028s] Level 5:colcon.colcon_core.verb:set package 'seano_failsafe' build argument 'cmake_clean_cache' from command line to 'False'
[1.029s] Level 5:colcon.colcon_core.verb:set package 'seano_failsafe' build argument 'cmake_clean_first' from command line to 'False'
[1.029s] Level 5:colcon.colcon_core.verb:set package 'seano_failsafe' build argument 'cmake_force_configure' from command line to 'False'
[1.029s] Level 5:colcon.colcon_core.verb:set package 'seano_failsafe' build argument 'ament_cmake_args' from command line to 'None'
[1.029s] Level 5:colcon.colcon_core.verb:set package 'seano_failsafe' build argument 'catkin_cmake_args' from command line to 'None'
[1.029s] Level 5:colcon.colcon_core.verb:set package 'seano_failsafe' build argument 'catkin_skip_building_tests' from command line to 'False'
[1.029s] DEBUG:colcon.colcon_core.verb:Building package 'seano_failsafe' with the following arguments: {'ament_cmake_args': None, 'build_base': '/home/seano/Seano_ws/build/seano_failsafe', 'catkin_cmake_args': None, 'catkin_skip_building_tests': False, 'cmake_args': None, 'cmake_clean_cache': False, 'cmake_clean_first': False, 'cmake_force_configure': False, 'cmake_target': None, 'cmake_target_skip_unavailable': False, 'install_base': '/home/seano/Seano_ws/install/seano_failsafe', 'merge_install': False, 'path': '/home/seano/Seano_ws/src/seano_failsafe', 'symlink_install': False, 'test_result_base': None}
[1.030s] Level 5:colcon.colcon_core.verb:set package 'seano_startup' build argument 'cmake_args' from command line to 'None'
[1.030s] Level 5:colcon.colcon_core.verb:set package 'seano_startup' build argument 'cmake_target' from command line to 'None'
[1.030s] Level 5:colcon.colcon_core.verb:set package 'seano_startup' build argument 'cmake_target_skip_unavailable' from command line to 'False'
[1.030s] Level 5:colcon.colcon_core.verb:set package 'seano_startup' build argument 'cmake_clean_cache' from command line to 'False'
[1.030s] Level 5:colcon.colcon_core.verb:set package 'seano_startup' build argument 'cmake_clean_first' from command line to 'False'
[1.030s] Level 5:colcon.colcon_core.verb:set package 'seano_startup' build argument 'cmake_force_configure' from command line to 'False'
[1.030s] Level 5:colcon.colcon_core.verb:set package 'seano_startup' build argument 'ament_cmake_args' from command line to 'None'
[1.030s] Level 5:colcon.colcon_core.verb:set package 'seano_startup' build argument 'catkin_cmake_args' from command line to 'None'
[1.030s] Level 5:colcon.colcon_core.verb:set package 'seano_startup' build argument 'catkin_skip_building_tests' from command line to 'False'
[1.030s] DEBUG:colcon.colcon_core.verb:Building package 'seano_startup' with the following arguments: {'ament_cmake_args': None, 'build_base': '/home/seano/Seano_ws/build/seano_startup', 'catkin_cmake_args': None, 'catkin_skip_building_tests': False, 'cmake_args': None, 'cmake_clean_cache': False, 'cmake_clean_first': False, 'cmake_force_configure': False, 'cmake_target': None, 'cmake_target_skip_unavailable': False, 'install_base': '/home/seano/Seano_ws/install/seano_startup', 'merge_install': False, 'path': '/home/seano/Seano_ws/src/seano_startup', 'symlink_install': False, 'test_result_base': None}
[1.031s] INFO:colcon.colcon_core.executor:Executing jobs using 'parallel' executor
[1.034s] DEBUG:colcon.colcon_parallel_executor.executor.parallel:run_until_complete
[1.035s] INFO:colcon.colcon_ros.task.ament_python.build:Building ROS package in '/home/seano/Seano_ws/src/seano_failsafe' with build type 'ament_python'
[1.035s] Level 1:colcon.colcon_core.shell:create_environment_hook('seano_failsafe', 'ament_prefix_path')
[1.041s] INFO:colcon.colcon_core.plugin_system:Skipping extension 'colcon_core.shell.bat': Not used on non-Windows systems
[1.042s] INFO:colcon.colcon_core.shell:Creating environment hook '/home/seano/Seano_ws/install/seano_failsafe/share/seano_failsafe/hook/ament_prefix_path.ps1'
[1.044s] INFO:colcon.colcon_core.shell:Creating environment descriptor '/home/seano/Seano_ws/install/seano_failsafe/share/seano_failsafe/hook/ament_prefix_path.dsv'
[1.046s] INFO:colcon.colcon_core.shell:Creating environment hook '/home/seano/Seano_ws/install/seano_failsafe/share/seano_failsafe/hook/ament_prefix_path.sh'
[1.048s] INFO:colcon.colcon_core.shell:Skip shell extension 'powershell' for command environment: Not usable outside of PowerShell
[1.048s] DEBUG:colcon.colcon_core.shell:Skip shell extension 'dsv' for command environment
[1.059s] INFO:colcon.colcon_ros.task.ament_python.build:Building ROS package in '/home/seano/Seano_ws/src/seano_startup' with build type 'ament_python'
[1.060s] Level 1:colcon.colcon_core.shell:create_environment_hook('seano_startup', 'ament_prefix_path')
[1.060s] INFO:colcon.colcon_core.shell:Creating environment hook '/home/seano/Seano_ws/install/seano_startup/share/seano_startup/hook/ament_prefix_path.ps1'
[1.062s] INFO:colcon.colcon_core.shell:Creating environment descriptor '/home/seano/Seano_ws/install/seano_startup/share/seano_startup/hook/ament_prefix_path.dsv'
[1.063s] INFO:colcon.colcon_core.shell:Creating environment hook '/home/seano/Seano_ws/install/seano_startup/share/seano_startup/hook/ament_prefix_path.sh'
[1.065s] INFO:colcon.colcon_core.shell:Skip shell extension 'powershell' for command environment: Not usable outside of PowerShell
[1.065s] DEBUG:colcon.colcon_core.shell:Skip shell extension 'dsv' for command environment
[1.795s] INFO:colcon.colcon_core.task.python.build:Building Python package in '/home/seano/Seano_ws/src/seano_failsafe'
[1.797s] INFO:colcon.colcon_core.shell:Skip shell extension 'powershell' for command environment: Not usable outside of PowerShell
[1.797s] DEBUG:colcon.colcon_core.shell:Skip shell extension 'dsv' for command environment
[2.544s] INFO:colcon.colcon_core.task.python.build:Building Python package in '/home/seano/Seano_ws/src/seano_startup'
[2.546s] INFO:colcon.colcon_core.shell:Skip shell extension 'powershell' for command environment: Not usable outside of PowerShell
[2.546s] DEBUG:colcon.colcon_core.shell:Skip shell extension 'dsv' for command environment
[3.543s] DEBUG:colcon.colcon_core.event_handler.log_command:Invoking command in '/home/seano/Seano_ws/src/seano_failsafe': PYTHONPATH=/home/seano/Seano_ws/build/seano_failsafe/prefix_override:/usr/lib/python3/dist-packages/colcon_core/task/python/colcon_distutils_commands:/home/seano/Seano_ws/install/seano_failsafe/lib/python3.10/site-packages:${PYTHONPATH} /usr/bin/python3 -W ignore:setup.py install is deprecated -W ignore:easy_install command is deprecated setup.py egg_info --egg-base ../../build/seano_failsafe build --build-base /home/seano/Seano_ws/build/seano_failsafe/build install --record /home/seano/Seano_ws/build/seano_failsafe/install.log --single-version-externally-managed install_data
[3.592s] DEBUG:colcon.colcon_core.event_handler.log_command:Invoking command in '/home/seano/Seano_ws/src/seano_startup': PYTHONPATH=/home/seano/Seano_ws/build/seano_startup/prefix_override:/usr/lib/python3/dist-packages/colcon_core/task/python/colcon_distutils_commands:/home/seano/Seano_ws/install/seano_startup/lib/python3.10/site-packages:${PYTHONPATH} /usr/bin/python3 -W ignore:setup.py install is deprecated -W ignore:easy_install command is deprecated setup.py egg_info --egg-base ../../build/seano_startup build --build-base /home/seano/Seano_ws/build/seano_startup/build install --record /home/seano/Seano_ws/build/seano_startup/install.log --single-version-externally-managed install_data
[4.444s] DEBUG:colcon.colcon_core.event_handler.log_command:Invoked command in '/home/seano/Seano_ws/src/seano_startup' returned '0': PYTHONPATH=/home/seano/Seano_ws/build/seano_startup/prefix_override:/usr/lib/python3/dist-packages/colcon_core/task/python/colcon_distutils_commands:/home/seano/Seano_ws/install/seano_startup/lib/python3.10/site-packages:${PYTHONPATH} /usr/bin/python3 -W ignore:setup.py install is deprecated -W ignore:easy_install command is deprecated setup.py egg_info --egg-base ../../build/seano_startup build --build-base /home/seano/Seano_ws/build/seano_startup/build install --record /home/seano/Seano_ws/build/seano_startup/install.log --single-version-externally-managed install_data
[4.455s] Level 1:colcon.colcon_core.environment:checking '/home/seano/Seano_ws/install/seano_startup' for CMake module files
[4.457s] Level 1:colcon.colcon_core.environment:checking '/home/seano/Seano_ws/install/seano_startup' for CMake config files
[4.461s] Level 1:colcon.colcon_core.environment:checking '/home/seano/Seano_ws/install/seano_startup/lib'
[4.462s] Level 1:colcon.colcon_core.environment:checking '/home/seano/Seano_ws/install/seano_startup/bin'
[4.462s] Level 1:colcon.colcon_core.environment:checking '/home/seano/Seano_ws/install/seano_startup/lib/pkgconfig/seano_startup.pc'
[4.463s] Level 1:colcon.colcon_core.environment:checking '/home/seano/Seano_ws/install/seano_startup/lib/python3.10/site-packages'
[4.465s] Level 1:colcon.colcon_core.shell:create_environment_hook('seano_startup', 'pythonpath')
[4.466s] INFO:colcon.colcon_core.shell:Creating environment hook '/home/seano/Seano_ws/install/seano_startup/share/seano_startup/hook/pythonpath.ps1'
[4.470s] INFO:colcon.colcon_core.shell:Creating environment descriptor '/home/seano/Seano_ws/install/seano_startup/share/seano_startup/hook/pythonpath.dsv'
[4.472s] INFO:colcon.colcon_core.shell:Creating environment hook '/home/seano/Seano_ws/install/seano_startup/share/seano_startup/hook/pythonpath.sh'
[4.475s] Level 1:colcon.colcon_core.environment:checking '/home/seano/Seano_ws/install/seano_startup/bin'
[4.475s] Level 1:colcon.colcon_core.environment:create_environment_scripts_only(seano_startup)
[4.477s] INFO:colcon.colcon_core.shell:Creating package script '/home/seano/Seano_ws/install/seano_startup/share/seano_startup/package.ps1'
[4.480s] INFO:colcon.colcon_core.shell:Creating package descriptor '/home/seano/Seano_ws/install/seano_startup/share/seano_startup/package.dsv'
[4.482s] INFO:colcon.colcon_core.shell:Creating package script '/home/seano/Seano_ws/install/seano_startup/share/seano_startup/package.sh'
[4.483s] INFO:colcon.colcon_core.shell:Creating package script '/home/seano/Seano_ws/install/seano_startup/share/seano_startup/package.bash'
[4.486s] INFO:colcon.colcon_core.shell:Creating package script '/home/seano/Seano_ws/install/seano_startup/share/seano_startup/package.zsh'
[4.489s] Level 1:colcon.colcon_core.environment:create_file_with_runtime_dependencies(/home/seano/Seano_ws/install/seano_startup/share/colcon-core/packages/seano_startup)
[4.491s] Level 1:colcon.colcon_core.environment:checking '/home/seano/Seano_ws/install/seano_failsafe' for CMake module files
[4.495s] Level 1:colcon.colcon_core.environment:checking '/home/seano/Seano_ws/install/seano_failsafe' for CMake config files
[4.498s] DEBUG:colcon.colcon_core.event_handler.log_command:Invoked command in '/home/seano/Seano_ws/src/seano_failsafe' returned '0': PYTHONPATH=/home/seano/Seano_ws/build/seano_failsafe/prefix_override:/usr/lib/python3/dist-packages/colcon_core/task/python/colcon_distutils_commands:/home/seano/Seano_ws/install/seano_failsafe/lib/python3.10/site-packages:${PYTHONPATH} /usr/bin/python3 -W ignore:setup.py install is deprecated -W ignore:easy_install command is deprecated setup.py egg_info --egg-base ../../build/seano_failsafe build --build-base /home/seano/Seano_ws/build/seano_failsafe/build install --record /home/seano/Seano_ws/build/seano_failsafe/install.log --single-version-externally-managed install_data
[4.501s] Level 1:colcon.colcon_core.environment:checking '/home/seano/Seano_ws/install/seano_failsafe/lib'
[4.501s] Level 1:colcon.colcon_core.environment:checking '/home/seano/Seano_ws/install/seano_failsafe/bin'
[4.501s] Level 1:colcon.colcon_core.environment:checking '/home/seano/Seano_ws/install/seano_failsafe/lib/pkgconfig/seano_failsafe.pc'
[4.503s] Level 1:colcon.colcon_core.environment:checking '/home/seano/Seano_ws/install/seano_failsafe/lib/python3.10/site-packages'
[4.503s] Level 1:colcon.colcon_core.shell:create_environment_hook('seano_failsafe', 'pythonpath')
[4.504s] INFO:colcon.colcon_core.shell:Creating environment hook '/home/seano/Seano_ws/install/seano_failsafe/share/seano_failsafe/hook/pythonpath.ps1'
[4.507s] INFO:colcon.colcon_core.shell:Creating environment descriptor '/home/seano/Seano_ws/install/seano_failsafe/share/seano_failsafe/hook/pythonpath.dsv'
[4.509s] INFO:colcon.colcon_core.shell:Creating environment hook '/home/seano/Seano_ws/install/seano_failsafe/share/seano_failsafe/hook/pythonpath.sh'
[4.512s] Level 1:colcon.colcon_core.environment:checking '/home/seano/Seano_ws/install/seano_failsafe/bin'
[4.512s] Level 1:colcon.colcon_core.environment:create_environment_scripts_only(seano_failsafe)
[4.513s] INFO:colcon.colcon_core.shell:Creating package script '/home/seano/Seano_ws/install/seano_failsafe/share/seano_failsafe/package.ps1'
[4.515s] INFO:colcon.colcon_core.shell:Creating package descriptor '/home/seano/Seano_ws/install/seano_failsafe/share/seano_failsafe/package.dsv'
[4.518s] INFO:colcon.colcon_core.shell:Creating package script '/home/seano/Seano_ws/install/seano_failsafe/share/seano_failsafe/package.sh'
[4.520s] INFO:colcon.colcon_core.shell:Creating package script '/home/seano/Seano_ws/install/seano_failsafe/share/seano_failsafe/package.bash'
[4.521s] INFO:colcon.colcon_core.shell:Creating package script '/home/seano/Seano_ws/install/seano_failsafe/share/seano_failsafe/package.zsh'
[4.523s] Level 1:colcon.colcon_core.environment:create_file_with_runtime_dependencies(/home/seano/Seano_ws/install/seano_failsafe/share/colcon-core/packages/seano_failsafe)
[4.525s] DEBUG:colcon.colcon_parallel_executor.executor.parallel:closing loop
[4.527s] DEBUG:colcon.colcon_parallel_executor.executor.parallel:loop closed
[4.528s] DEBUG:colcon.colcon_parallel_executor.executor.parallel:run_until_complete finished with '0'
[4.529s] DEBUG:colcon.colcon_core.event_reactor:joining thread
[4.563s] INFO:colcon.colcon_core.plugin_system:Skipping extension 'colcon_notification.desktop_notification.terminal_notifier': Not used on non-Darwin systems
[4.564s] INFO:colcon.colcon_core.plugin_system:Skipping extension 'colcon_notification.desktop_notification.win32': Not used on non-Windows systems
[4.565s] INFO:colcon.colcon_notification.desktop_notification:Sending desktop notification using 'notify2'
[4.623s] DEBUG:colcon.colcon_core.event_reactor:joined thread
[4.626s] INFO:colcon.colcon_core.shell:Creating prefix script '/home/seano/Seano_ws/install/local_setup.ps1'
[4.633s] INFO:colcon.colcon_core.shell:Creating prefix util module '/home/seano/Seano_ws/install/_local_setup_util_ps1.py'
[4.638s] INFO:colcon.colcon_core.shell:Creating prefix chain script '/home/seano/Seano_ws/install/setup.ps1'
[4.646s] INFO:colcon.colcon_core.shell:Creating prefix script '/home/seano/Seano_ws/install/local_setup.sh'
[4.649s] INFO:colcon.colcon_core.shell:Creating prefix util module '/home/seano/Seano_ws/install/_local_setup_util_sh.py'
[4.652s] INFO:colcon.colcon_core.shell:Creating prefix chain script '/home/seano/Seano_ws/install/setup.sh'
[4.657s] INFO:colcon.colcon_core.shell:Creating prefix script '/home/seano/Seano_ws/install/local_setup.bash'
[4.659s] INFO:colcon.colcon_core.shell:Creating prefix chain script '/home/seano/Seano_ws/install/setup.bash'
[4.664s] INFO:colcon.colcon_core.shell:Creating prefix script '/home/seano/Seano_ws/install/local_setup.zsh'
[4.665s] INFO:colcon.colcon_core.shell:Creating prefix chain script '/home/seano/Seano_ws/install/setup.zsh'
