[3.941s] Invoking command in '/home/seano/Seano_ws/src/seano_telemetry': PYTHONPATH=/home/seano/Seano_ws/build/seano_telemetry/prefix_override:/usr/lib/python3/dist-packages/colcon_core/task/python/colcon_distutils_commands:/home/seano/Seano_ws/install/seano_telemetry/lib/python3.10/site-packages:${PYTHONPATH} /usr/bin/python3 -W ignore:setup.py install is deprecated -W ignore:easy_install command is deprecated setup.py egg_info --egg-base ../../build/seano_telemetry build --build-base /home/seano/Seano_ws/build/seano_telemetry/build install --record /home/seano/Seano_ws/build/seano_telemetry/install.log --single-version-externally-managed install_data
[4.620s] running egg_info
[4.622s] writing ../../build/seano_telemetry/seano_telemetry.egg-info/PKG-INFO
[4.623s] writing dependency_links to ../../build/seano_telemetry/seano_telemetry.egg-info/dependency_links.txt
[4.623s] writing entry points to ../../build/seano_telemetry/seano_telemetry.egg-info/entry_points.txt
[4.624s] writing requirements to ../../build/seano_telemetry/seano_telemetry.egg-info/requires.txt
[4.624s] writing top-level names to ../../build/seano_telemetry/seano_telemetry.egg-info/top_level.txt
[4.629s] reading manifest file '../../build/seano_telemetry/seano_telemetry.egg-info/SOURCES.txt'
[4.632s] writing manifest file '../../build/seano_telemetry/seano_telemetry.egg-info/SOURCES.txt'
[4.632s] running build
[4.632s] running build_py
[4.633s] running install
[4.634s] running install_lib
[4.639s] running install_data
[4.639s] running install_egg_info
[4.645s] removing '/home/seano/Seano_ws/install/seano_telemetry/lib/python3.10/site-packages/seano_telemetry-0.0.0-py3.10.egg-info' (and everything under it)
[4.646s] Copying ../../build/seano_telemetry/seano_telemetry.egg-info to /home/seano/Seano_ws/install/seano_telemetry/lib/python3.10/site-packages/seano_telemetry-0.0.0-py3.10.egg-info
[4.648s] running install_scripts
[4.718s] Installing telemetry_node script to /home/seano/Seano_ws/install/seano_telemetry/lib/seano_telemetry
[4.720s] writing list of installed files to '/home/seano/Seano_ws/build/seano_telemetry/install.log'
[4.933s] Invoked command in '/home/seano/Seano_ws/src/seano_telemetry' returned '0': PYTHONPATH=/home/seano/Seano_ws/build/seano_telemetry/prefix_override:/usr/lib/python3/dist-packages/colcon_core/task/python/colcon_distutils_commands:/home/seano/Seano_ws/install/seano_telemetry/lib/python3.10/site-packages:${PYTHONPATH} /usr/bin/python3 -W ignore:setup.py install is deprecated -W ignore:easy_install command is deprecated setup.py egg_info --egg-base ../../build/seano_telemetry build --build-base /home/seano/Seano_ws/build/seano_telemetry/build install --record /home/seano/Seano_ws/build/seano_telemetry/install.log --single-version-externally-managed install_data
