running egg_info
creating ../../build/seano_communication/seano_communication.egg-info
writing ../../build/seano_communication/seano_communication.egg-info/PKG-INFO
writing dependency_links to ../../build/seano_communication/seano_communication.egg-info/dependency_links.txt
writing entry points to ../../build/seano_communication/seano_communication.egg-info/entry_points.txt
writing requirements to ../../build/seano_communication/seano_communication.egg-info/requires.txt
writing top-level names to ../../build/seano_communication/seano_communication.egg-info/top_level.txt
writing manifest file '../../build/seano_communication/seano_communication.egg-info/SOURCES.txt'
reading manifest file '../../build/seano_communication/seano_communication.egg-info/SOURCES.txt'
writing manifest file '../../build/seano_communication/seano_communication.egg-info/SOURCES.txt'
running build
running build_py
creating /home/seano/Seano_ws/build/seano_communication/build
creating /home/seano/Seano_ws/build/seano_communication/build/lib
creating /home/seano/Seano_ws/build/seano_communication/build/lib/seano_communication
copying seano_communication/communication_node.py -> /home/seano/Seano_ws/build/seano_communication/build/lib/seano_communication
copying seano_communication/__init__.py -> /home/seano/Seano_ws/build/seano_communication/build/lib/seano_communication
running install
running install_lib
creating /home/seano/Seano_ws/install/seano_communication/lib/python3.10/site-packages/seano_communication
copying /home/seano/Seano_ws/build/seano_communication/build/lib/seano_communication/communication_node.py -> /home/seano/Seano_ws/install/seano_communication/lib/python3.10/site-packages/seano_communication
copying /home/seano/Seano_ws/build/seano_communication/build/lib/seano_communication/__init__.py -> /home/seano/Seano_ws/install/seano_communication/lib/python3.10/site-packages/seano_communication
byte-compiling /home/seano/Seano_ws/install/seano_communication/lib/python3.10/site-packages/seano_communication/communication_node.py to communication_node.cpython-310.pyc
byte-compiling /home/seano/Seano_ws/install/seano_communication/lib/python3.10/site-packages/seano_communication/__init__.py to __init__.cpython-310.pyc
running install_data
creating /home/seano/Seano_ws/install/seano_communication/share/ament_index
creating /home/seano/Seano_ws/install/seano_communication/share/ament_index/resource_index
creating /home/seano/Seano_ws/install/seano_communication/share/ament_index/resource_index/packages
copying resource/seano_communication -> /home/seano/Seano_ws/install/seano_communication/share/ament_index/resource_index/packages
copying package.xml -> /home/seano/Seano_ws/install/seano_communication/share/seano_communication
running install_egg_info
Copying ../../build/seano_communication/seano_communication.egg-info to /home/seano/Seano_ws/install/seano_communication/lib/python3.10/site-packages/seano_communication-0.0.0-py3.10.egg-info
running install_scripts
Installing communication_node script to /home/seano/Seano_ws/install/seano_communication/lib/seano_communication
writing list of installed files to '/home/seano/Seano_ws/build/seano_communication/install.log'
