[3.965s] Invoking command in '/home/seano/Seano_ws/build/seano_startup': PYTHONPATH=/home/seano/Seano_ws/build/seano_startup/prefix_override:/usr/lib/python3/dist-packages/colcon_core/task/python/colcon_distutils_commands:/home/seano/Seano_ws/install/seano_startup/lib/python3.10/site-packages:${PYTHONPATH} /usr/bin/python3 -W ignore:setup.py install is deprecated -W ignore:easy_install command is deprecated setup.py develop --uninstall --editable --build-directory /home/seano/Seano_ws/build/seano_startup/build
[4.753s] running develop
[5.186s] Removing /home/seano/Seano_ws/install/seano_startup/lib/python3.10/site-packages/seano-startup.egg-link (link to .)
[5.368s] Invoked command in '/home/seano/Seano_ws/build/seano_startup' returned '0': PYTHONPATH=/home/seano/Seano_ws/build/seano_startup/prefix_override:/usr/lib/python3/dist-packages/colcon_core/task/python/colcon_distutils_commands:/home/seano/Seano_ws/install/seano_startup/lib/python3.10/site-packages:${PYTHONPATH} /usr/bin/python3 -W ignore:setup.py install is deprecated -W ignore:easy_install command is deprecated setup.py develop --uninstall --editable --build-directory /home/seano/Seano_ws/build/seano_startup/build
[5.374s] Invoking command in '/home/seano/Seano_ws/src/seano_startup': PYTHONPATH=/home/seano/Seano_ws/build/seano_startup/prefix_override:/usr/lib/python3/dist-packages/colcon_core/task/python/colcon_distutils_commands:/home/seano/Seano_ws/install/seano_startup/lib/python3.10/site-packages:${PYTHONPATH} /usr/bin/python3 -W ignore:setup.py install is deprecated -W ignore:easy_install command is deprecated setup.py egg_info --egg-base ../../build/seano_startup build --build-base /home/seano/Seano_ws/build/seano_startup/build install --record /home/seano/Seano_ws/build/seano_startup/install.log --single-version-externally-managed install_data --force
[6.067s] running egg_info
[6.070s] writing ../../build/seano_startup/seano_startup.egg-info/PKG-INFO
[6.071s] writing dependency_links to ../../build/seano_startup/seano_startup.egg-info/dependency_links.txt
[6.071s] writing entry points to ../../build/seano_startup/seano_startup.egg-info/entry_points.txt
[6.072s] writing requirements to ../../build/seano_startup/seano_startup.egg-info/requires.txt
[6.072s] writing top-level names to ../../build/seano_startup/seano_startup.egg-info/top_level.txt
[6.082s] reading manifest file '../../build/seano_startup/seano_startup.egg-info/SOURCES.txt'
[6.083s] writing manifest file '../../build/seano_startup/seano_startup.egg-info/SOURCES.txt'
[6.084s] running build
[6.084s] running build_py
[6.084s] running install
[6.085s] running install_lib
[6.087s] creating /home/seano/Seano_ws/install/seano_startup/lib/python3.10/site-packages/seano_startup
[6.087s] copying /home/seano/Seano_ws/build/seano_startup/build/lib/seano_startup/__init__.py -> /home/seano/Seano_ws/install/seano_startup/lib/python3.10/site-packages/seano_startup
[6.090s] byte-compiling /home/seano/Seano_ws/install/seano_startup/lib/python3.10/site-packages/seano_startup/__init__.py to __init__.cpython-310.pyc
[6.090s] running install_data
[6.091s] copying resource/seano_startup -> /home/seano/Seano_ws/install/seano_startup/share/ament_index/resource_index/packages
[6.091s] copying package.xml -> /home/seano/Seano_ws/install/seano_startup/share/seano_startup
[6.091s] copying launch/system.launch.py -> /home/seano/Seano_ws/install/seano_startup/share/seano_startup/launch
[6.092s] copying config/system.yaml -> /home/seano/Seano_ws/install/seano_startup/share/seano_startup/config
[6.092s] running install_egg_info
[6.099s] Copying ../../build/seano_startup/seano_startup.egg-info to /home/seano/Seano_ws/install/seano_startup/lib/python3.10/site-packages/seano_startup-0.0.0-py3.10.egg-info
[6.102s] running install_scripts
[6.179s] writing list of installed files to '/home/seano/Seano_ws/build/seano_startup/install.log'
[6.377s] Invoked command in '/home/seano/Seano_ws/src/seano_startup' returned '0': PYTHONPATH=/home/seano/Seano_ws/build/seano_startup/prefix_override:/usr/lib/python3/dist-packages/colcon_core/task/python/colcon_distutils_commands:/home/seano/Seano_ws/install/seano_startup/lib/python3.10/site-packages:${PYTHONPATH} /usr/bin/python3 -W ignore:setup.py install is deprecated -W ignore:easy_install command is deprecated setup.py egg_info --egg-base ../../build/seano_startup build --build-base /home/seano/Seano_ws/build/seano_startup/build install --record /home/seano/Seano_ws/build/seano_startup/install.log --single-version-externally-managed install_data --force
