[0.286s] DEBUG:colcon:Command line arguments: ['/usr/bin/colcon', 'build', '--packages-select', 'seano_startup']
[0.287s] DEBUG:colcon:Parsed command line arguments: Namespace(log_base=None, log_level=None, verb_name='build', build_base='build', install_base='install', merge_install=False, symlink_install=False, test_result_base=None, continue_on_error=False, executor='parallel', parallel_workers=6, event_handlers=None, ignore_user_meta=False, metas=['./colcon.meta'], base_paths=['.'], packages_ignore=None, packages_ignore_regex=None, paths=None, packages_up_to=None, packages_up_to_regex=None, packages_above=None, packages_above_and_dependencies=None, packages_above_depth=None, packages_select_by_dep=None, packages_skip_by_dep=None, packages_skip_up_to=None, packages_select_build_failed=False, packages_skip_build_finished=False, packages_select_test_failures=False, packages_skip_test_passed=False, packages_select=['seano_startup'], packages_skip=None, packages_select_regex=None, packages_skip_regex=None, packages_start=None, packages_end=None, allow_overriding=[], cmake_args=None, cmake_target=None, cmake_target_skip_unavailable=False, cmake_clean_cache=False, cmake_clean_first=False, cmake_force_configure=False, ament_cmake_args=None, catkin_cmake_args=None, catkin_skip_building_tests=False, verb_parser=<colcon_defaults.argument_parser.defaults.DefaultArgumentsDecorator object at 0xffff92d9cf10>, verb_extension=<colcon_core.verb.build.BuildVerb object at 0xffff92f4ea70>, main=<bound method BuildVerb.main of <colcon_core.verb.build.BuildVerb object at 0xffff92f4ea70>>)
[0.727s] Level 1:colcon.colcon_core.package_discovery:discover_packages(colcon_meta) check parameters
[0.728s] Level 1:colcon.colcon_core.package_discovery:discover_packages(recursive) check parameters
[0.728s] Level 1:colcon.colcon_core.package_discovery:discover_packages(ignore) check parameters
[0.728s] Level 1:colcon.colcon_core.package_discovery:discover_packages(path) check parameters
[0.728s] Level 1:colcon.colcon_core.package_discovery:discover_packages(colcon_meta) discover
[0.728s] Level 1:colcon.colcon_core.package_discovery:discover_packages(recursive) discover
[0.728s] INFO:colcon.colcon_core.package_discovery:Crawling recursively for packages in '/home/seano/Seano_ws'
[0.729s] Level 1:colcon.colcon_core.package_identification:_identify(.) by extensions ['ignore', 'ignore_ament_install']
[0.729s] Level 1:colcon.colcon_core.package_identification:_identify(.) by extension 'ignore'
[0.729s] Level 1:colcon.colcon_core.package_identification:_identify(.) by extension 'ignore_ament_install'
[0.729s] Level 1:colcon.colcon_core.package_identification:_identify(.) by extensions ['colcon_pkg']
[0.729s] Level 1:colcon.colcon_core.package_identification:_identify(.) by extension 'colcon_pkg'
[0.729s] Level 1:colcon.colcon_core.package_identification:_identify(.) by extensions ['colcon_meta']
[0.730s] Level 1:colcon.colcon_core.package_identification:_identify(.) by extension 'colcon_meta'
[0.730s] Level 1:colcon.colcon_core.package_identification:_identify(.) by extensions ['ros']
[0.730s] Level 1:colcon.colcon_core.package_identification:_identify(.) by extension 'ros'
[0.757s] Level 1:colcon.colcon_core.package_identification:_identify(.) by extensions ['cmake', 'python']
[0.758s] Level 1:colcon.colcon_core.package_identification:_identify(.) by extension 'cmake'
[0.758s] Level 1:colcon.colcon_core.package_identification:_identify(.) by extension 'python'
[0.758s] Level 1:colcon.colcon_core.package_identification:_identify(.) by extensions ['python_setup_py']
[0.758s] Level 1:colcon.colcon_core.package_identification:_identify(.) by extension 'python_setup_py'
[0.758s] Level 1:colcon.colcon_core.package_identification:_identify(build) by extensions ['ignore', 'ignore_ament_install']
[0.759s] Level 1:colcon.colcon_core.package_identification:_identify(build) by extension 'ignore'
[0.759s] Level 1:colcon.colcon_core.package_identification:_identify(build) ignored
[0.759s] Level 1:colcon.colcon_core.package_identification:_identify(doc) by extensions ['ignore', 'ignore_ament_install']
[0.759s] Level 1:colcon.colcon_core.package_identification:_identify(doc) by extension 'ignore'
[0.760s] Level 1:colcon.colcon_core.package_identification:_identify(doc) by extension 'ignore_ament_install'
[0.760s] Level 1:colcon.colcon_core.package_identification:_identify(doc) by extensions ['colcon_pkg']
[0.760s] Level 1:colcon.colcon_core.package_identification:_identify(doc) by extension 'colcon_pkg'
[0.760s] Level 1:colcon.colcon_core.package_identification:_identify(doc) by extensions ['colcon_meta']
[0.760s] Level 1:colcon.colcon_core.package_identification:_identify(doc) by extension 'colcon_meta'
[0.760s] Level 1:colcon.colcon_core.package_identification:_identify(doc) by extensions ['ros']
[0.760s] Level 1:colcon.colcon_core.package_identification:_identify(doc) by extension 'ros'
[0.760s] Level 1:colcon.colcon_core.package_identification:_identify(doc) by extensions ['cmake', 'python']
[0.760s] Level 1:colcon.colcon_core.package_identification:_identify(doc) by extension 'cmake'
[0.761s] Level 1:colcon.colcon_core.package_identification:_identify(doc) by extension 'python'
[0.761s] Level 1:colcon.colcon_core.package_identification:_identify(doc) by extensions ['python_setup_py']
[0.761s] Level 1:colcon.colcon_core.package_identification:_identify(doc) by extension 'python_setup_py'
[0.761s] Level 1:colcon.colcon_core.package_identification:_identify(install) by extensions ['ignore', 'ignore_ament_install']
[0.761s] Level 1:colcon.colcon_core.package_identification:_identify(install) by extension 'ignore'
[0.761s] Level 1:colcon.colcon_core.package_identification:_identify(install) ignored
[0.762s] Level 1:colcon.colcon_core.package_identification:_identify(log) by extensions ['ignore', 'ignore_ament_install']
[0.762s] Level 1:colcon.colcon_core.package_identification:_identify(log) by extension 'ignore'
[0.762s] Level 1:colcon.colcon_core.package_identification:_identify(log) ignored
[0.762s] Level 1:colcon.colcon_core.package_identification:_identify(resource_git) by extensions ['ignore', 'ignore_ament_install']
[0.762s] Level 1:colcon.colcon_core.package_identification:_identify(resource_git) by extension 'ignore'
[0.763s] Level 1:colcon.colcon_core.package_identification:_identify(resource_git) by extension 'ignore_ament_install'
[0.763s] Level 1:colcon.colcon_core.package_identification:_identify(resource_git) by extensions ['colcon_pkg']
[0.763s] Level 1:colcon.colcon_core.package_identification:_identify(resource_git) by extension 'colcon_pkg'
[0.763s] Level 1:colcon.colcon_core.package_identification:_identify(resource_git) by extensions ['colcon_meta']
[0.763s] Level 1:colcon.colcon_core.package_identification:_identify(resource_git) by extension 'colcon_meta'
[0.763s] Level 1:colcon.colcon_core.package_identification:_identify(resource_git) by extensions ['ros']
[0.763s] Level 1:colcon.colcon_core.package_identification:_identify(resource_git) by extension 'ros'
[0.763s] Level 1:colcon.colcon_core.package_identification:_identify(resource_git) by extensions ['cmake', 'python']
[0.763s] Level 1:colcon.colcon_core.package_identification:_identify(resource_git) by extension 'cmake'
[0.764s] Level 1:colcon.colcon_core.package_identification:_identify(resource_git) by extension 'python'
[0.764s] Level 1:colcon.colcon_core.package_identification:_identify(resource_git) by extensions ['python_setup_py']
[0.764s] Level 1:colcon.colcon_core.package_identification:_identify(resource_git) by extension 'python_setup_py'
[0.764s] Level 1:colcon.colcon_core.package_identification:_identify(resource_git/seano-anti-theft) by extensions ['ignore', 'ignore_ament_install']
[0.764s] Level 1:colcon.colcon_core.package_identification:_identify(resource_git/seano-anti-theft) by extension 'ignore'
[0.764s] Level 1:colcon.colcon_core.package_identification:_identify(resource_git/seano-anti-theft) by extension 'ignore_ament_install'
[0.764s] Level 1:colcon.colcon_core.package_identification:_identify(resource_git/seano-anti-theft) by extensions ['colcon_pkg']
[0.765s] Level 1:colcon.colcon_core.package_identification:_identify(resource_git/seano-anti-theft) by extension 'colcon_pkg'
[0.765s] Level 1:colcon.colcon_core.package_identification:_identify(resource_git/seano-anti-theft) by extensions ['colcon_meta']
[0.765s] Level 1:colcon.colcon_core.package_identification:_identify(resource_git/seano-anti-theft) by extension 'colcon_meta'
[0.765s] Level 1:colcon.colcon_core.package_identification:_identify(resource_git/seano-anti-theft) by extensions ['ros']
[0.765s] Level 1:colcon.colcon_core.package_identification:_identify(resource_git/seano-anti-theft) by extension 'ros'
[0.771s] DEBUG:colcon.colcon_core.package_identification:Package 'resource_git/seano-anti-theft' with type 'ros.ament_python' and name 'seano_anti_theft'
[0.772s] Level 1:colcon.colcon_core.package_identification:_identify(resource_git/seano-collision-avoidance) by extensions ['ignore', 'ignore_ament_install']
[0.772s] Level 1:colcon.colcon_core.package_identification:_identify(resource_git/seano-collision-avoidance) by extension 'ignore'
[0.772s] Level 1:colcon.colcon_core.package_identification:_identify(resource_git/seano-collision-avoidance) by extension 'ignore_ament_install'
[0.772s] Level 1:colcon.colcon_core.package_identification:_identify(resource_git/seano-collision-avoidance) by extensions ['colcon_pkg']
[0.773s] Level 1:colcon.colcon_core.package_identification:_identify(resource_git/seano-collision-avoidance) by extension 'colcon_pkg'
[0.773s] Level 1:colcon.colcon_core.package_identification:_identify(resource_git/seano-collision-avoidance) by extensions ['colcon_meta']
[0.773s] Level 1:colcon.colcon_core.package_identification:_identify(resource_git/seano-collision-avoidance) by extension 'colcon_meta'
[0.773s] Level 1:colcon.colcon_core.package_identification:_identify(resource_git/seano-collision-avoidance) by extensions ['ros']
[0.773s] Level 1:colcon.colcon_core.package_identification:_identify(resource_git/seano-collision-avoidance) by extension 'ros'
[0.773s] Level 1:colcon.colcon_core.package_identification:_identify(resource_git/seano-collision-avoidance) by extensions ['cmake', 'python']
[0.773s] Level 1:colcon.colcon_core.package_identification:_identify(resource_git/seano-collision-avoidance) by extension 'cmake'
[0.773s] Level 1:colcon.colcon_core.package_identification:_identify(resource_git/seano-collision-avoidance) by extension 'python'
[0.774s] Level 1:colcon.colcon_core.package_identification:_identify(resource_git/seano-collision-avoidance) by extensions ['python_setup_py']
[0.774s] Level 1:colcon.colcon_core.package_identification:_identify(resource_git/seano-collision-avoidance) by extension 'python_setup_py'
[0.774s] Level 1:colcon.colcon_core.package_identification:_identify(resource_git/seano-collision-avoidance/build) by extensions ['ignore', 'ignore_ament_install']
[0.774s] Level 1:colcon.colcon_core.package_identification:_identify(resource_git/seano-collision-avoidance/build) by extension 'ignore'
[0.774s] Level 1:colcon.colcon_core.package_identification:_identify(resource_git/seano-collision-avoidance/build) ignored
[0.775s] Level 1:colcon.colcon_core.package_identification:_identify(resource_git/seano-collision-avoidance/docs) by extensions ['ignore', 'ignore_ament_install']
[0.775s] Level 1:colcon.colcon_core.package_identification:_identify(resource_git/seano-collision-avoidance/docs) by extension 'ignore'
[0.775s] Level 1:colcon.colcon_core.package_identification:_identify(resource_git/seano-collision-avoidance/docs) by extension 'ignore_ament_install'
[0.775s] Level 1:colcon.colcon_core.package_identification:_identify(resource_git/seano-collision-avoidance/docs) by extensions ['colcon_pkg']
[0.775s] Level 1:colcon.colcon_core.package_identification:_identify(resource_git/seano-collision-avoidance/docs) by extension 'colcon_pkg'
[0.775s] Level 1:colcon.colcon_core.package_identification:_identify(resource_git/seano-collision-avoidance/docs) by extensions ['colcon_meta']
[0.775s] Level 1:colcon.colcon_core.package_identification:_identify(resource_git/seano-collision-avoidance/docs) by extension 'colcon_meta'
[0.775s] Level 1:colcon.colcon_core.package_identification:_identify(resource_git/seano-collision-avoidance/docs) by extensions ['ros']
[0.775s] Level 1:colcon.colcon_core.package_identification:_identify(resource_git/seano-collision-avoidance/docs) by extension 'ros'
[0.776s] Level 1:colcon.colcon_core.package_identification:_identify(resource_git/seano-collision-avoidance/docs) by extensions ['cmake', 'python']
[0.776s] Level 1:colcon.colcon_core.package_identification:_identify(resource_git/seano-collision-avoidance/docs) by extension 'cmake'
[0.776s] Level 1:colcon.colcon_core.package_identification:_identify(resource_git/seano-collision-avoidance/docs) by extension 'python'
[0.776s] Level 1:colcon.colcon_core.package_identification:_identify(resource_git/seano-collision-avoidance/docs) by extensions ['python_setup_py']
[0.776s] Level 1:colcon.colcon_core.package_identification:_identify(resource_git/seano-collision-avoidance/docs) by extension 'python_setup_py'
[0.776s] Level 1:colcon.colcon_core.package_identification:_identify(resource_git/seano-collision-avoidance/install) by extensions ['ignore', 'ignore_ament_install']
[0.777s] Level 1:colcon.colcon_core.package_identification:_identify(resource_git/seano-collision-avoidance/install) by extension 'ignore'
[0.777s] Level 1:colcon.colcon_core.package_identification:_identify(resource_git/seano-collision-avoidance/install) ignored
[0.777s] Level 1:colcon.colcon_core.package_identification:_identify(resource_git/seano-collision-avoidance/log) by extensions ['ignore', 'ignore_ament_install']
[0.777s] Level 1:colcon.colcon_core.package_identification:_identify(resource_git/seano-collision-avoidance/log) by extension 'ignore'
[0.777s] Level 1:colcon.colcon_core.package_identification:_identify(resource_git/seano-collision-avoidance/log) ignored
[0.777s] Level 1:colcon.colcon_core.package_identification:_identify(resource_git/seano-collision-avoidance/seano_ca_ws) by extensions ['ignore', 'ignore_ament_install']
[0.778s] Level 1:colcon.colcon_core.package_identification:_identify(resource_git/seano-collision-avoidance/seano_ca_ws) by extension 'ignore'
[0.778s] Level 1:colcon.colcon_core.package_identification:_identify(resource_git/seano-collision-avoidance/seano_ca_ws) by extension 'ignore_ament_install'
[0.778s] Level 1:colcon.colcon_core.package_identification:_identify(resource_git/seano-collision-avoidance/seano_ca_ws) by extensions ['colcon_pkg']
[0.778s] Level 1:colcon.colcon_core.package_identification:_identify(resource_git/seano-collision-avoidance/seano_ca_ws) by extension 'colcon_pkg'
[0.778s] Level 1:colcon.colcon_core.package_identification:_identify(resource_git/seano-collision-avoidance/seano_ca_ws) by extensions ['colcon_meta']
[0.778s] Level 1:colcon.colcon_core.package_identification:_identify(resource_git/seano-collision-avoidance/seano_ca_ws) by extension 'colcon_meta'
[0.778s] Level 1:colcon.colcon_core.package_identification:_identify(resource_git/seano-collision-avoidance/seano_ca_ws) by extensions ['ros']
[0.778s] Level 1:colcon.colcon_core.package_identification:_identify(resource_git/seano-collision-avoidance/seano_ca_ws) by extension 'ros'
[0.779s] Level 1:colcon.colcon_core.package_identification:_identify(resource_git/seano-collision-avoidance/seano_ca_ws) by extensions ['cmake', 'python']
[0.779s] Level 1:colcon.colcon_core.package_identification:_identify(resource_git/seano-collision-avoidance/seano_ca_ws) by extension 'cmake'
[0.779s] Level 1:colcon.colcon_core.package_identification:_identify(resource_git/seano-collision-avoidance/seano_ca_ws) by extension 'python'
[0.779s] Level 1:colcon.colcon_core.package_identification:_identify(resource_git/seano-collision-avoidance/seano_ca_ws) by extensions ['python_setup_py']
[0.779s] Level 1:colcon.colcon_core.package_identification:_identify(resource_git/seano-collision-avoidance/seano_ca_ws) by extension 'python_setup_py'
[0.779s] Level 1:colcon.colcon_core.package_identification:_identify(resource_git/seano-collision-avoidance/seano_ca_ws/build) by extensions ['ignore', 'ignore_ament_install']
[0.779s] Level 1:colcon.colcon_core.package_identification:_identify(resource_git/seano-collision-avoidance/seano_ca_ws/build) by extension 'ignore'
[0.780s] Level 1:colcon.colcon_core.package_identification:_identify(resource_git/seano-collision-avoidance/seano_ca_ws/build) ignored
[0.780s] Level 1:colcon.colcon_core.package_identification:_identify(resource_git/seano-collision-avoidance/seano_ca_ws/install) by extensions ['ignore', 'ignore_ament_install']
[0.780s] Level 1:colcon.colcon_core.package_identification:_identify(resource_git/seano-collision-avoidance/seano_ca_ws/install) by extension 'ignore'
[0.780s] Level 1:colcon.colcon_core.package_identification:_identify(resource_git/seano-collision-avoidance/seano_ca_ws/install) ignored
[0.780s] Level 1:colcon.colcon_core.package_identification:_identify(resource_git/seano-collision-avoidance/seano_ca_ws/log) by extensions ['ignore', 'ignore_ament_install']
[0.781s] Level 1:colcon.colcon_core.package_identification:_identify(resource_git/seano-collision-avoidance/seano_ca_ws/log) by extension 'ignore'
[0.781s] Level 1:colcon.colcon_core.package_identification:_identify(resource_git/seano-collision-avoidance/seano_ca_ws/log) ignored
[0.781s] Level 1:colcon.colcon_core.package_identification:_identify(resource_git/seano-collision-avoidance/seano_ca_ws/src) by extensions ['ignore', 'ignore_ament_install']
[0.781s] Level 1:colcon.colcon_core.package_identification:_identify(resource_git/seano-collision-avoidance/seano_ca_ws/src) by extension 'ignore'
[0.781s] Level 1:colcon.colcon_core.package_identification:_identify(resource_git/seano-collision-avoidance/seano_ca_ws/src) by extension 'ignore_ament_install'
[0.781s] Level 1:colcon.colcon_core.package_identification:_identify(resource_git/seano-collision-avoidance/seano_ca_ws/src) by extensions ['colcon_pkg']
[0.781s] Level 1:colcon.colcon_core.package_identification:_identify(resource_git/seano-collision-avoidance/seano_ca_ws/src) by extension 'colcon_pkg'
[0.782s] Level 1:colcon.colcon_core.package_identification:_identify(resource_git/seano-collision-avoidance/seano_ca_ws/src) by extensions ['colcon_meta']
[0.782s] Level 1:colcon.colcon_core.package_identification:_identify(resource_git/seano-collision-avoidance/seano_ca_ws/src) by extension 'colcon_meta'
[0.782s] Level 1:colcon.colcon_core.package_identification:_identify(resource_git/seano-collision-avoidance/seano_ca_ws/src) by extensions ['ros']
[0.782s] Level 1:colcon.colcon_core.package_identification:_identify(resource_git/seano-collision-avoidance/seano_ca_ws/src) by extension 'ros'
[0.782s] Level 1:colcon.colcon_core.package_identification:_identify(resource_git/seano-collision-avoidance/seano_ca_ws/src) by extensions ['cmake', 'python']
[0.782s] Level 1:colcon.colcon_core.package_identification:_identify(resource_git/seano-collision-avoidance/seano_ca_ws/src) by extension 'cmake'
[0.782s] Level 1:colcon.colcon_core.package_identification:_identify(resource_git/seano-collision-avoidance/seano_ca_ws/src) by extension 'python'
[0.782s] Level 1:colcon.colcon_core.package_identification:_identify(resource_git/seano-collision-avoidance/seano_ca_ws/src) by extensions ['python_setup_py']
[0.782s] Level 1:colcon.colcon_core.package_identification:_identify(resource_git/seano-collision-avoidance/seano_ca_ws/src) by extension 'python_setup_py'
[0.783s] Level 1:colcon.colcon_core.package_identification:_identify(resource_git/seano-collision-avoidance/seano_ca_ws/src/seano_vision) by extensions ['ignore', 'ignore_ament_install']
[0.783s] Level 1:colcon.colcon_core.package_identification:_identify(resource_git/seano-collision-avoidance/seano_ca_ws/src/seano_vision) by extension 'ignore'
[0.783s] Level 1:colcon.colcon_core.package_identification:_identify(resource_git/seano-collision-avoidance/seano_ca_ws/src/seano_vision) by extension 'ignore_ament_install'
[0.783s] Level 1:colcon.colcon_core.package_identification:_identify(resource_git/seano-collision-avoidance/seano_ca_ws/src/seano_vision) by extensions ['colcon_pkg']
[0.783s] Level 1:colcon.colcon_core.package_identification:_identify(resource_git/seano-collision-avoidance/seano_ca_ws/src/seano_vision) by extension 'colcon_pkg'
[0.783s] Level 1:colcon.colcon_core.package_identification:_identify(resource_git/seano-collision-avoidance/seano_ca_ws/src/seano_vision) by extensions ['colcon_meta']
[0.783s] Level 1:colcon.colcon_core.package_identification:_identify(resource_git/seano-collision-avoidance/seano_ca_ws/src/seano_vision) by extension 'colcon_meta'
[0.784s] Level 1:colcon.colcon_core.package_identification:_identify(resource_git/seano-collision-avoidance/seano_ca_ws/src/seano_vision) by extensions ['ros']
[0.784s] Level 1:colcon.colcon_core.package_identification:_identify(resource_git/seano-collision-avoidance/seano_ca_ws/src/seano_vision) by extension 'ros'
[0.786s] DEBUG:colcon.colcon_core.package_identification:Package 'resource_git/seano-collision-avoidance/seano_ca_ws/src/seano_vision' with type 'ros.ament_python' and name 'seano_vision'
[0.787s] Level 1:colcon.colcon_core.package_identification:_identify(resource_git/seano-collision-avoidance/tools) by extensions ['ignore', 'ignore_ament_install']
[0.787s] Level 1:colcon.colcon_core.package_identification:_identify(resource_git/seano-collision-avoidance/tools) by extension 'ignore'
[0.787s] Level 1:colcon.colcon_core.package_identification:_identify(resource_git/seano-collision-avoidance/tools) by extension 'ignore_ament_install'
[0.787s] Level 1:colcon.colcon_core.package_identification:_identify(resource_git/seano-collision-avoidance/tools) by extensions ['colcon_pkg']
[0.787s] Level 1:colcon.colcon_core.package_identification:_identify(resource_git/seano-collision-avoidance/tools) by extension 'colcon_pkg'
[0.787s] Level 1:colcon.colcon_core.package_identification:_identify(resource_git/seano-collision-avoidance/tools) by extensions ['colcon_meta']
[0.787s] Level 1:colcon.colcon_core.package_identification:_identify(resource_git/seano-collision-avoidance/tools) by extension 'colcon_meta'
[0.787s] Level 1:colcon.colcon_core.package_identification:_identify(resource_git/seano-collision-avoidance/tools) by extensions ['ros']
[0.788s] Level 1:colcon.colcon_core.package_identification:_identify(resource_git/seano-collision-avoidance/tools) by extension 'ros'
[0.788s] Level 1:colcon.colcon_core.package_identification:_identify(resource_git/seano-collision-avoidance/tools) by extensions ['cmake', 'python']
[0.788s] Level 1:colcon.colcon_core.package_identification:_identify(resource_git/seano-collision-avoidance/tools) by extension 'cmake'
[0.788s] Level 1:colcon.colcon_core.package_identification:_identify(resource_git/seano-collision-avoidance/tools) by extension 'python'
[0.788s] Level 1:colcon.colcon_core.package_identification:_identify(resource_git/seano-collision-avoidance/tools) by extensions ['python_setup_py']
[0.788s] Level 1:colcon.colcon_core.package_identification:_identify(resource_git/seano-collision-avoidance/tools) by extension 'python_setup_py'
[0.788s] Level 1:colcon.colcon_core.package_identification:_identify(resource_git/seano-logger) by extensions ['ignore', 'ignore_ament_install']
[0.789s] Level 1:colcon.colcon_core.package_identification:_identify(resource_git/seano-logger) by extension 'ignore'
[0.789s] Level 1:colcon.colcon_core.package_identification:_identify(resource_git/seano-logger) by extension 'ignore_ament_install'
[0.789s] Level 1:colcon.colcon_core.package_identification:_identify(resource_git/seano-logger) by extensions ['colcon_pkg']
[0.789s] Level 1:colcon.colcon_core.package_identification:_identify(resource_git/seano-logger) by extension 'colcon_pkg'
[0.789s] Level 1:colcon.colcon_core.package_identification:_identify(resource_git/seano-logger) by extensions ['colcon_meta']
[0.789s] Level 1:colcon.colcon_core.package_identification:_identify(resource_git/seano-logger) by extension 'colcon_meta'
[0.789s] Level 1:colcon.colcon_core.package_identification:_identify(resource_git/seano-logger) by extensions ['ros']
[0.789s] Level 1:colcon.colcon_core.package_identification:_identify(resource_git/seano-logger) by extension 'ros'
[0.790s] Level 1:colcon.colcon_core.package_identification:_identify(resource_git/seano-logger) by extensions ['cmake', 'python']
[0.790s] Level 1:colcon.colcon_core.package_identification:_identify(resource_git/seano-logger) by extension 'cmake'
[0.790s] Level 1:colcon.colcon_core.package_identification:_identify(resource_git/seano-logger) by extension 'python'
[0.790s] Level 1:colcon.colcon_core.package_identification:_identify(resource_git/seano-logger) by extensions ['python_setup_py']
[0.790s] Level 1:colcon.colcon_core.package_identification:_identify(resource_git/seano-logger) by extension 'python_setup_py'
[0.790s] Level 1:colcon.colcon_core.package_identification:_identify(resource_git/seano-logger/build) by extensions ['ignore', 'ignore_ament_install']
[0.790s] Level 1:colcon.colcon_core.package_identification:_identify(resource_git/seano-logger/build) by extension 'ignore'
[0.790s] Level 1:colcon.colcon_core.package_identification:_identify(resource_git/seano-logger/build) ignored
[0.791s] Level 1:colcon.colcon_core.package_identification:_identify(resource_git/seano-logger/install) by extensions ['ignore', 'ignore_ament_install']
[0.791s] Level 1:colcon.colcon_core.package_identification:_identify(resource_git/seano-logger/install) by extension 'ignore'
[0.791s] Level 1:colcon.colcon_core.package_identification:_identify(resource_git/seano-logger/install) ignored
[0.791s] Level 1:colcon.colcon_core.package_identification:_identify(resource_git/seano-logger/log) by extensions ['ignore', 'ignore_ament_install']
[0.792s] Level 1:colcon.colcon_core.package_identification:_identify(resource_git/seano-logger/log) by extension 'ignore'
[0.792s] Level 1:colcon.colcon_core.package_identification:_identify(resource_git/seano-logger/log) ignored
[0.792s] Level 1:colcon.colcon_core.package_identification:_identify(resource_git/seano-logger/src) by extensions ['ignore', 'ignore_ament_install']
[0.792s] Level 1:colcon.colcon_core.package_identification:_identify(resource_git/seano-logger/src) by extension 'ignore'
[0.792s] Level 1:colcon.colcon_core.package_identification:_identify(resource_git/seano-logger/src) by extension 'ignore_ament_install'
[0.792s] Level 1:colcon.colcon_core.package_identification:_identify(resource_git/seano-logger/src) by extensions ['colcon_pkg']
[0.792s] Level 1:colcon.colcon_core.package_identification:_identify(resource_git/seano-logger/src) by extension 'colcon_pkg'
[0.792s] Level 1:colcon.colcon_core.package_identification:_identify(resource_git/seano-logger/src) by extensions ['colcon_meta']
[0.793s] Level 1:colcon.colcon_core.package_identification:_identify(resource_git/seano-logger/src) by extension 'colcon_meta'
[0.793s] Level 1:colcon.colcon_core.package_identification:_identify(resource_git/seano-logger/src) by extensions ['ros']
[0.793s] Level 1:colcon.colcon_core.package_identification:_identify(resource_git/seano-logger/src) by extension 'ros'
[0.793s] Level 1:colcon.colcon_core.package_identification:_identify(resource_git/seano-logger/src) by extensions ['cmake', 'python']
[0.793s] Level 1:colcon.colcon_core.package_identification:_identify(resource_git/seano-logger/src) by extension 'cmake'
[0.793s] Level 1:colcon.colcon_core.package_identification:_identify(resource_git/seano-logger/src) by extension 'python'
[0.793s] Level 1:colcon.colcon_core.package_identification:_identify(resource_git/seano-logger/src) by extensions ['python_setup_py']
[0.793s] Level 1:colcon.colcon_core.package_identification:_identify(resource_git/seano-logger/src) by extension 'python_setup_py'
[0.794s] Level 1:colcon.colcon_core.package_identification:_identify(resource_git/seano-logger/src/build) by extensions ['ignore', 'ignore_ament_install']
[0.794s] Level 1:colcon.colcon_core.package_identification:_identify(resource_git/seano-logger/src/build) by extension 'ignore'
[0.794s] Level 1:colcon.colcon_core.package_identification:_identify(resource_git/seano-logger/src/build) ignored
[0.794s] Level 1:colcon.colcon_core.package_identification:_identify(resource_git/seano-logger/src/install) by extensions ['ignore', 'ignore_ament_install']
[0.794s] Level 1:colcon.colcon_core.package_identification:_identify(resource_git/seano-logger/src/install) by extension 'ignore'
[0.794s] Level 1:colcon.colcon_core.package_identification:_identify(resource_git/seano-logger/src/install) ignored
[0.795s] Level 1:colcon.colcon_core.package_identification:_identify(resource_git/seano-logger/src/log) by extensions ['ignore', 'ignore_ament_install']
[0.795s] Level 1:colcon.colcon_core.package_identification:_identify(resource_git/seano-logger/src/log) by extension 'ignore'
[0.795s] Level 1:colcon.colcon_core.package_identification:_identify(resource_git/seano-logger/src/log) ignored
[0.795s] Level 1:colcon.colcon_core.package_identification:_identify(resource_git/seano-logger/src/seano_logger) by extensions ['ignore', 'ignore_ament_install']
[0.795s] Level 1:colcon.colcon_core.package_identification:_identify(resource_git/seano-logger/src/seano_logger) by extension 'ignore'
[0.796s] Level 1:colcon.colcon_core.package_identification:_identify(resource_git/seano-logger/src/seano_logger) by extension 'ignore_ament_install'
[0.796s] Level 1:colcon.colcon_core.package_identification:_identify(resource_git/seano-logger/src/seano_logger) by extensions ['colcon_pkg']
[0.796s] Level 1:colcon.colcon_core.package_identification:_identify(resource_git/seano-logger/src/seano_logger) by extension 'colcon_pkg'
[0.796s] Level 1:colcon.colcon_core.package_identification:_identify(resource_git/seano-logger/src/seano_logger) by extensions ['colcon_meta']
[0.796s] Level 1:colcon.colcon_core.package_identification:_identify(resource_git/seano-logger/src/seano_logger) by extension 'colcon_meta'
[0.796s] Level 1:colcon.colcon_core.package_identification:_identify(resource_git/seano-logger/src/seano_logger) by extensions ['ros']
[0.796s] Level 1:colcon.colcon_core.package_identification:_identify(resource_git/seano-logger/src/seano_logger) by extension 'ros'
[0.797s] DEBUG:colcon.colcon_core.package_identification:Package 'resource_git/seano-logger/src/seano_logger' with type 'ros.ament_python' and name 'seano_logger'
[0.798s] Level 1:colcon.colcon_core.package_identification:_identify(resource_git/seano-logger/src/seano_sensors) by extensions ['ignore', 'ignore_ament_install']
[0.798s] Level 1:colcon.colcon_core.package_identification:_identify(resource_git/seano-logger/src/seano_sensors) by extension 'ignore'
[0.798s] Level 1:colcon.colcon_core.package_identification:_identify(resource_git/seano-logger/src/seano_sensors) by extension 'ignore_ament_install'
[0.798s] Level 1:colcon.colcon_core.package_identification:_identify(resource_git/seano-logger/src/seano_sensors) by extensions ['colcon_pkg']
[0.798s] Level 1:colcon.colcon_core.package_identification:_identify(resource_git/seano-logger/src/seano_sensors) by extension 'colcon_pkg'
[0.798s] Level 1:colcon.colcon_core.package_identification:_identify(resource_git/seano-logger/src/seano_sensors) by extensions ['colcon_meta']
[0.799s] Level 1:colcon.colcon_core.package_identification:_identify(resource_git/seano-logger/src/seano_sensors) by extension 'colcon_meta'
[0.799s] Level 1:colcon.colcon_core.package_identification:_identify(resource_git/seano-logger/src/seano_sensors) by extensions ['ros']
[0.799s] Level 1:colcon.colcon_core.package_identification:_identify(resource_git/seano-logger/src/seano_sensors) by extension 'ros'
[0.800s] DEBUG:colcon.colcon_core.package_identification:Package 'resource_git/seano-logger/src/seano_sensors' with type 'ros.ament_python' and name 'seano_sensors'
[0.800s] Level 1:colcon.colcon_core.package_identification:_identify(src) by extensions ['ignore', 'ignore_ament_install']
[0.800s] Level 1:colcon.colcon_core.package_identification:_identify(src) by extension 'ignore'
[0.800s] Level 1:colcon.colcon_core.package_identification:_identify(src) by extension 'ignore_ament_install'
[0.801s] Level 1:colcon.colcon_core.package_identification:_identify(src) by extensions ['colcon_pkg']
[0.801s] Level 1:colcon.colcon_core.package_identification:_identify(src) by extension 'colcon_pkg'
[0.801s] Level 1:colcon.colcon_core.package_identification:_identify(src) by extensions ['colcon_meta']
[0.801s] Level 1:colcon.colcon_core.package_identification:_identify(src) by extension 'colcon_meta'
[0.801s] Level 1:colcon.colcon_core.package_identification:_identify(src) by extensions ['ros']
[0.801s] Level 1:colcon.colcon_core.package_identification:_identify(src) by extension 'ros'
[0.801s] Level 1:colcon.colcon_core.package_identification:_identify(src) by extensions ['cmake', 'python']
[0.801s] Level 1:colcon.colcon_core.package_identification:_identify(src) by extension 'cmake'
[0.802s] Level 1:colcon.colcon_core.package_identification:_identify(src) by extension 'python'
[0.802s] Level 1:colcon.colcon_core.package_identification:_identify(src) by extensions ['python_setup_py']
[0.802s] Level 1:colcon.colcon_core.package_identification:_identify(src) by extension 'python_setup_py'
[0.802s] Level 1:colcon.colcon_core.package_identification:_identify(src/seano_cam) by extensions ['ignore', 'ignore_ament_install']
[0.802s] Level 1:colcon.colcon_core.package_identification:_identify(src/seano_cam) by extension 'ignore'
[0.802s] Level 1:colcon.colcon_core.package_identification:_identify(src/seano_cam) by extension 'ignore_ament_install'
[0.802s] Level 1:colcon.colcon_core.package_identification:_identify(src/seano_cam) by extensions ['colcon_pkg']
[0.803s] Level 1:colcon.colcon_core.package_identification:_identify(src/seano_cam) by extension 'colcon_pkg'
[0.803s] Level 1:colcon.colcon_core.package_identification:_identify(src/seano_cam) by extensions ['colcon_meta']
[0.803s] Level 1:colcon.colcon_core.package_identification:_identify(src/seano_cam) by extension 'colcon_meta'
[0.803s] Level 1:colcon.colcon_core.package_identification:_identify(src/seano_cam) by extensions ['ros']
[0.803s] Level 1:colcon.colcon_core.package_identification:_identify(src/seano_cam) by extension 'ros'
[0.805s] DEBUG:colcon.colcon_core.package_identification:Package 'src/seano_cam' with type 'ros.ament_python' and name 'seano_cam'
[0.805s] Level 1:colcon.colcon_core.package_identification:_identify(src/seano_command) by extensions ['ignore', 'ignore_ament_install']
[0.805s] Level 1:colcon.colcon_core.package_identification:_identify(src/seano_command) by extension 'ignore'
[0.805s] Level 1:colcon.colcon_core.package_identification:_identify(src/seano_command) by extension 'ignore_ament_install'
[0.805s] Level 1:colcon.colcon_core.package_identification:_identify(src/seano_command) by extensions ['colcon_pkg']
[0.805s] Level 1:colcon.colcon_core.package_identification:_identify(src/seano_command) by extension 'colcon_pkg'
[0.806s] Level 1:colcon.colcon_core.package_identification:_identify(src/seano_command) by extensions ['colcon_meta']
[0.806s] Level 1:colcon.colcon_core.package_identification:_identify(src/seano_command) by extension 'colcon_meta'
[0.806s] Level 1:colcon.colcon_core.package_identification:_identify(src/seano_command) by extensions ['ros']
[0.806s] Level 1:colcon.colcon_core.package_identification:_identify(src/seano_command) by extension 'ros'
[0.807s] DEBUG:colcon.colcon_core.package_identification:Package 'src/seano_command' with type 'ros.ament_python' and name 'seano_command'
[0.808s] Level 1:colcon.colcon_core.package_identification:_identify(src/seano_communication) by extensions ['ignore', 'ignore_ament_install']
[0.808s] Level 1:colcon.colcon_core.package_identification:_identify(src/seano_communication) by extension 'ignore'
[0.808s] Level 1:colcon.colcon_core.package_identification:_identify(src/seano_communication) by extension 'ignore_ament_install'
[0.808s] Level 1:colcon.colcon_core.package_identification:_identify(src/seano_communication) by extensions ['colcon_pkg']
[0.808s] Level 1:colcon.colcon_core.package_identification:_identify(src/seano_communication) by extension 'colcon_pkg'
[0.808s] Level 1:colcon.colcon_core.package_identification:_identify(src/seano_communication) by extensions ['colcon_meta']
[0.808s] Level 1:colcon.colcon_core.package_identification:_identify(src/seano_communication) by extension 'colcon_meta'
[0.808s] Level 1:colcon.colcon_core.package_identification:_identify(src/seano_communication) by extensions ['ros']
[0.809s] Level 1:colcon.colcon_core.package_identification:_identify(src/seano_communication) by extension 'ros'
[0.810s] DEBUG:colcon.colcon_core.package_identification:Package 'src/seano_communication' with type 'ros.ament_python' and name 'seano_communication'
[0.810s] Level 1:colcon.colcon_core.package_identification:_identify(src/seano_failsafe) by extensions ['ignore', 'ignore_ament_install']
[0.810s] Level 1:colcon.colcon_core.package_identification:_identify(src/seano_failsafe) by extension 'ignore'
[0.810s] Level 1:colcon.colcon_core.package_identification:_identify(src/seano_failsafe) by extension 'ignore_ament_install'
[0.811s] Level 1:colcon.colcon_core.package_identification:_identify(src/seano_failsafe) by extensions ['colcon_pkg']
[0.811s] Level 1:colcon.colcon_core.package_identification:_identify(src/seano_failsafe) by extension 'colcon_pkg'
[0.811s] Level 1:colcon.colcon_core.package_identification:_identify(src/seano_failsafe) by extensions ['colcon_meta']
[0.811s] Level 1:colcon.colcon_core.package_identification:_identify(src/seano_failsafe) by extension 'colcon_meta'
[0.811s] Level 1:colcon.colcon_core.package_identification:_identify(src/seano_failsafe) by extensions ['ros']
[0.811s] Level 1:colcon.colcon_core.package_identification:_identify(src/seano_failsafe) by extension 'ros'
[0.813s] DEBUG:colcon.colcon_core.package_identification:Package 'src/seano_failsafe' with type 'ros.ament_python' and name 'seano_failsafe'
[0.813s] Level 1:colcon.colcon_core.package_identification:_identify(src/seano_logging) by extensions ['ignore', 'ignore_ament_install']
[0.813s] Level 1:colcon.colcon_core.package_identification:_identify(src/seano_logging) by extension 'ignore'
[0.813s] Level 1:colcon.colcon_core.package_identification:_identify(src/seano_logging) by extension 'ignore_ament_install'
[0.813s] Level 1:colcon.colcon_core.package_identification:_identify(src/seano_logging) by extensions ['colcon_pkg']
[0.814s] Level 1:colcon.colcon_core.package_identification:_identify(src/seano_logging) by extension 'colcon_pkg'
[0.814s] Level 1:colcon.colcon_core.package_identification:_identify(src/seano_logging) by extensions ['colcon_meta']
[0.814s] Level 1:colcon.colcon_core.package_identification:_identify(src/seano_logging) by extension 'colcon_meta'
[0.814s] Level 1:colcon.colcon_core.package_identification:_identify(src/seano_logging) by extensions ['ros']
[0.814s] Level 1:colcon.colcon_core.package_identification:_identify(src/seano_logging) by extension 'ros'
[0.815s] DEBUG:colcon.colcon_core.package_identification:Package 'src/seano_logging' with type 'ros.ament_python' and name 'seano_logging'
[0.816s] Level 1:colcon.colcon_core.package_identification:_identify(src/seano_mqtt_bridge) by extensions ['ignore', 'ignore_ament_install']
[0.816s] Level 1:colcon.colcon_core.package_identification:_identify(src/seano_mqtt_bridge) by extension 'ignore'
[0.816s] Level 1:colcon.colcon_core.package_identification:_identify(src/seano_mqtt_bridge) by extension 'ignore_ament_install'
[0.816s] Level 1:colcon.colcon_core.package_identification:_identify(src/seano_mqtt_bridge) by extensions ['colcon_pkg']
[0.816s] Level 1:colcon.colcon_core.package_identification:_identify(src/seano_mqtt_bridge) by extension 'colcon_pkg'
[0.817s] Level 1:colcon.colcon_core.package_identification:_identify(src/seano_mqtt_bridge) by extensions ['colcon_meta']
[0.817s] Level 1:colcon.colcon_core.package_identification:_identify(src/seano_mqtt_bridge) by extension 'colcon_meta'
[0.817s] Level 1:colcon.colcon_core.package_identification:_identify(src/seano_mqtt_bridge) by extensions ['ros']
[0.817s] Level 1:colcon.colcon_core.package_identification:_identify(src/seano_mqtt_bridge) by extension 'ros'
[0.818s] DEBUG:colcon.colcon_core.package_identification:Package 'src/seano_mqtt_bridge' with type 'ros.ament_python' and name 'seano_mqtt_bridge'
[0.819s] Level 1:colcon.colcon_core.package_identification:_identify(src/seano_startup) by extensions ['ignore', 'ignore_ament_install']
[0.819s] Level 1:colcon.colcon_core.package_identification:_identify(src/seano_startup) by extension 'ignore'
[0.819s] Level 1:colcon.colcon_core.package_identification:_identify(src/seano_startup) by extension 'ignore_ament_install'
[0.819s] Level 1:colcon.colcon_core.package_identification:_identify(src/seano_startup) by extensions ['colcon_pkg']
[0.819s] Level 1:colcon.colcon_core.package_identification:_identify(src/seano_startup) by extension 'colcon_pkg'
[0.819s] Level 1:colcon.colcon_core.package_identification:_identify(src/seano_startup) by extensions ['colcon_meta']
[0.819s] Level 1:colcon.colcon_core.package_identification:_identify(src/seano_startup) by extension 'colcon_meta'
[0.820s] Level 1:colcon.colcon_core.package_identification:_identify(src/seano_startup) by extensions ['ros']
[0.820s] Level 1:colcon.colcon_core.package_identification:_identify(src/seano_startup) by extension 'ros'
[0.821s] DEBUG:colcon.colcon_core.package_identification:Package 'src/seano_startup' with type 'ros.ament_python' and name 'seano_startup'
[0.821s] Level 1:colcon.colcon_core.package_identification:_identify(src/seano_telemetry) by extensions ['ignore', 'ignore_ament_install']
[0.821s] Level 1:colcon.colcon_core.package_identification:_identify(src/seano_telemetry) by extension 'ignore'
[0.821s] Level 1:colcon.colcon_core.package_identification:_identify(src/seano_telemetry) by extension 'ignore_ament_install'
[0.821s] Level 1:colcon.colcon_core.package_identification:_identify(src/seano_telemetry) by extensions ['colcon_pkg']
[0.822s] Level 1:colcon.colcon_core.package_identification:_identify(src/seano_telemetry) by extension 'colcon_pkg'
[0.822s] Level 1:colcon.colcon_core.package_identification:_identify(src/seano_telemetry) by extensions ['colcon_meta']
[0.822s] Level 1:colcon.colcon_core.package_identification:_identify(src/seano_telemetry) by extension 'colcon_meta'
[0.822s] Level 1:colcon.colcon_core.package_identification:_identify(src/seano_telemetry) by extensions ['ros']
[0.822s] Level 1:colcon.colcon_core.package_identification:_identify(src/seano_telemetry) by extension 'ros'
[0.823s] DEBUG:colcon.colcon_core.package_identification:Package 'src/seano_telemetry' with type 'ros.ament_python' and name 'seano_telemetry'
[0.823s] Level 1:colcon.colcon_core.package_discovery:discover_packages(recursive) using defaults
[0.824s] Level 1:colcon.colcon_core.package_discovery:discover_packages(ignore) discover
[0.824s] Level 1:colcon.colcon_core.package_discovery:discover_packages(ignore) using defaults
[0.824s] Level 1:colcon.colcon_core.package_discovery:discover_packages(path) discover
[0.824s] Level 1:colcon.colcon_core.package_discovery:discover_packages(path) using defaults
[0.942s] INFO:colcon.colcon_core.package_selection:Skipping not selected package 'seano_anti_theft' in 'resource_git/seano-anti-theft'
[0.942s] INFO:colcon.colcon_core.package_selection:Skipping not selected package 'seano_cam' in 'src/seano_cam'
[0.942s] INFO:colcon.colcon_core.package_selection:Skipping not selected package 'seano_command' in 'src/seano_command'
[0.942s] INFO:colcon.colcon_core.package_selection:Skipping not selected package 'seano_communication' in 'src/seano_communication'
[0.942s] INFO:colcon.colcon_core.package_selection:Skipping not selected package 'seano_failsafe' in 'src/seano_failsafe'
[0.942s] INFO:colcon.colcon_core.package_selection:Skipping not selected package 'seano_logger' in 'resource_git/seano-logger/src/seano_logger'
[0.942s] INFO:colcon.colcon_core.package_selection:Skipping not selected package 'seano_logging' in 'src/seano_logging'
[0.942s] INFO:colcon.colcon_core.package_selection:Skipping not selected package 'seano_mqtt_bridge' in 'src/seano_mqtt_bridge'
[0.942s] INFO:colcon.colcon_core.package_selection:Skipping not selected package 'seano_sensors' in 'resource_git/seano-logger/src/seano_sensors'
[0.943s] INFO:colcon.colcon_core.package_selection:Skipping not selected package 'seano_telemetry' in 'src/seano_telemetry'
[0.943s] INFO:colcon.colcon_core.package_selection:Skipping not selected package 'seano_vision' in 'resource_git/seano-collision-avoidance/seano_ca_ws/src/seano_vision'
[0.944s] Level 1:colcon.colcon_core.package_discovery:discover_packages(prefix_path) check parameters
[0.944s] Level 1:colcon.colcon_core.package_discovery:discover_packages(prefix_path) discover
[0.950s] DEBUG:colcon.colcon_installed_package_information.package_discovery:Found 8 installed packages in /home/seano/Seano_ws/install
[0.952s] DEBUG:colcon.colcon_installed_package_information.package_discovery:Found 10 installed packages in /home/seano/seano_ws/install
[0.955s] DEBUG:colcon.colcon_installed_package_information.package_discovery:Found 283 installed packages in /opt/ros/humble
[0.958s] Level 1:colcon.colcon_core.package_discovery:discover_packages(prefix_path) using defaults
[1.052s] Level 5:colcon.colcon_core.verb:set package 'seano_startup' build argument 'cmake_args' from command line to 'None'
[1.052s] Level 5:colcon.colcon_core.verb:set package 'seano_startup' build argument 'cmake_target' from command line to 'None'
[1.053s] Level 5:colcon.colcon_core.verb:set package 'seano_startup' build argument 'cmake_target_skip_unavailable' from command line to 'False'
[1.053s] Level 5:colcon.colcon_core.verb:set package 'seano_startup' build argument 'cmake_clean_cache' from command line to 'False'
[1.053s] Level 5:colcon.colcon_core.verb:set package 'seano_startup' build argument 'cmake_clean_first' from command line to 'False'
[1.053s] Level 5:colcon.colcon_core.verb:set package 'seano_startup' build argument 'cmake_force_configure' from command line to 'False'
[1.053s] Level 5:colcon.colcon_core.verb:set package 'seano_startup' build argument 'ament_cmake_args' from command line to 'None'
[1.053s] Level 5:colcon.colcon_core.verb:set package 'seano_startup' build argument 'catkin_cmake_args' from command line to 'None'
[1.053s] Level 5:colcon.colcon_core.verb:set package 'seano_startup' build argument 'catkin_skip_building_tests' from command line to 'False'
[1.053s] DEBUG:colcon.colcon_core.verb:Building package 'seano_startup' with the following arguments: {'ament_cmake_args': None, 'build_base': '/home/seano/Seano_ws/build/seano_startup', 'catkin_cmake_args': None, 'catkin_skip_building_tests': False, 'cmake_args': None, 'cmake_clean_cache': False, 'cmake_clean_first': False, 'cmake_force_configure': False, 'cmake_target': None, 'cmake_target_skip_unavailable': False, 'install_base': '/home/seano/Seano_ws/install/seano_startup', 'merge_install': False, 'path': '/home/seano/Seano_ws/src/seano_startup', 'symlink_install': False, 'test_result_base': None}
[1.054s] INFO:colcon.colcon_core.executor:Executing jobs using 'parallel' executor
[1.057s] DEBUG:colcon.colcon_parallel_executor.executor.parallel:run_until_complete
[1.058s] INFO:colcon.colcon_ros.task.ament_python.build:Building ROS package in '/home/seano/Seano_ws/src/seano_startup' with build type 'ament_python'
[1.058s] Level 1:colcon.colcon_core.shell:create_environment_hook('seano_startup', 'ament_prefix_path')
[1.065s] INFO:colcon.colcon_core.plugin_system:Skipping extension 'colcon_core.shell.bat': Not used on non-Windows systems
[1.066s] INFO:colcon.colcon_core.shell:Creating environment hook '/home/seano/Seano_ws/install/seano_startup/share/seano_startup/hook/ament_prefix_path.ps1'
[1.068s] INFO:colcon.colcon_core.shell:Creating environment descriptor '/home/seano/Seano_ws/install/seano_startup/share/seano_startup/hook/ament_prefix_path.dsv'
[1.069s] INFO:colcon.colcon_core.shell:Creating environment hook '/home/seano/Seano_ws/install/seano_startup/share/seano_startup/hook/ament_prefix_path.sh'
[1.071s] INFO:colcon.colcon_core.shell:Skip shell extension 'powershell' for command environment: Not usable outside of PowerShell
[1.071s] DEBUG:colcon.colcon_core.shell:Skip shell extension 'dsv' for command environment
[1.836s] INFO:colcon.colcon_core.task.python.build:Building Python package in '/home/seano/Seano_ws/src/seano_startup'
[1.837s] INFO:colcon.colcon_core.shell:Skip shell extension 'powershell' for command environment: Not usable outside of PowerShell
[1.837s] DEBUG:colcon.colcon_core.shell:Skip shell extension 'dsv' for command environment
[2.862s] DEBUG:colcon.colcon_core.event_handler.log_command:Invoking command in '/home/seano/Seano_ws/src/seano_startup': PYTHONPATH=/home/seano/Seano_ws/build/seano_startup/prefix_override:/usr/lib/python3/dist-packages/colcon_core/task/python/colcon_distutils_commands:/home/seano/Seano_ws/install/seano_startup/lib/python3.10/site-packages:${PYTHONPATH} /usr/bin/python3 -W ignore:setup.py install is deprecated -W ignore:easy_install command is deprecated setup.py egg_info --egg-base ../../build/seano_startup build --build-base /home/seano/Seano_ws/build/seano_startup/build install --record /home/seano/Seano_ws/build/seano_startup/install.log --single-version-externally-managed install_data
[3.725s] DEBUG:colcon.colcon_core.event_handler.log_command:Invoked command in '/home/seano/Seano_ws/src/seano_startup' returned '0': PYTHONPATH=/home/seano/Seano_ws/build/seano_startup/prefix_override:/usr/lib/python3/dist-packages/colcon_core/task/python/colcon_distutils_commands:/home/seano/Seano_ws/install/seano_startup/lib/python3.10/site-packages:${PYTHONPATH} /usr/bin/python3 -W ignore:setup.py install is deprecated -W ignore:easy_install command is deprecated setup.py egg_info --egg-base ../../build/seano_startup build --build-base /home/seano/Seano_ws/build/seano_startup/build install --record /home/seano/Seano_ws/build/seano_startup/install.log --single-version-externally-managed install_data
[3.737s] Level 1:colcon.colcon_core.environment:checking '/home/seano/Seano_ws/install/seano_startup' for CMake module files
[3.740s] Level 1:colcon.colcon_core.environment:checking '/home/seano/Seano_ws/install/seano_startup' for CMake config files
[3.745s] Level 1:colcon.colcon_core.environment:checking '/home/seano/Seano_ws/install/seano_startup/lib'
[3.745s] Level 1:colcon.colcon_core.environment:checking '/home/seano/Seano_ws/install/seano_startup/bin'
[3.746s] Level 1:colcon.colcon_core.environment:checking '/home/seano/Seano_ws/install/seano_startup/lib/pkgconfig/seano_startup.pc'
[3.747s] Level 1:colcon.colcon_core.environment:checking '/home/seano/Seano_ws/install/seano_startup/lib/python3.10/site-packages'
[3.747s] Level 1:colcon.colcon_core.shell:create_environment_hook('seano_startup', 'pythonpath')
[3.749s] INFO:colcon.colcon_core.shell:Creating environment hook '/home/seano/Seano_ws/install/seano_startup/share/seano_startup/hook/pythonpath.ps1'
[3.753s] INFO:colcon.colcon_core.shell:Creating environment descriptor '/home/seano/Seano_ws/install/seano_startup/share/seano_startup/hook/pythonpath.dsv'
[3.755s] INFO:colcon.colcon_core.shell:Creating environment hook '/home/seano/Seano_ws/install/seano_startup/share/seano_startup/hook/pythonpath.sh'
[3.758s] Level 1:colcon.colcon_core.environment:checking '/home/seano/Seano_ws/install/seano_startup/bin'
[3.759s] Level 1:colcon.colcon_core.environment:create_environment_scripts_only(seano_startup)
[3.760s] INFO:colcon.colcon_core.shell:Creating package script '/home/seano/Seano_ws/install/seano_startup/share/seano_startup/package.ps1'
[3.765s] INFO:colcon.colcon_core.shell:Creating package descriptor '/home/seano/Seano_ws/install/seano_startup/share/seano_startup/package.dsv'
[3.768s] INFO:colcon.colcon_core.shell:Creating package script '/home/seano/Seano_ws/install/seano_startup/share/seano_startup/package.sh'
[3.771s] INFO:colcon.colcon_core.shell:Creating package script '/home/seano/Seano_ws/install/seano_startup/share/seano_startup/package.bash'
[3.774s] INFO:colcon.colcon_core.shell:Creating package script '/home/seano/Seano_ws/install/seano_startup/share/seano_startup/package.zsh'
[3.777s] Level 1:colcon.colcon_core.environment:create_file_with_runtime_dependencies(/home/seano/Seano_ws/install/seano_startup/share/colcon-core/packages/seano_startup)
[3.779s] DEBUG:colcon.colcon_parallel_executor.executor.parallel:closing loop
[3.781s] DEBUG:colcon.colcon_parallel_executor.executor.parallel:loop closed
[3.782s] DEBUG:colcon.colcon_parallel_executor.executor.parallel:run_until_complete finished with '0'
[3.782s] DEBUG:colcon.colcon_core.event_reactor:joining thread
[3.815s] INFO:colcon.colcon_core.plugin_system:Skipping extension 'colcon_notification.desktop_notification.terminal_notifier': Not used on non-Darwin systems
[3.815s] INFO:colcon.colcon_core.plugin_system:Skipping extension 'colcon_notification.desktop_notification.win32': Not used on non-Windows systems
[3.816s] INFO:colcon.colcon_notification.desktop_notification:Sending desktop notification using 'notify2'
[3.867s] DEBUG:colcon.colcon_core.event_reactor:joined thread
[3.870s] INFO:colcon.colcon_core.shell:Creating prefix script '/home/seano/Seano_ws/install/local_setup.ps1'
[3.877s] INFO:colcon.colcon_core.shell:Creating prefix util module '/home/seano/Seano_ws/install/_local_setup_util_ps1.py'
[3.883s] INFO:colcon.colcon_core.shell:Creating prefix chain script '/home/seano/Seano_ws/install/setup.ps1'
[3.892s] INFO:colcon.colcon_core.shell:Creating prefix script '/home/seano/Seano_ws/install/local_setup.sh'
[3.895s] INFO:colcon.colcon_core.shell:Creating prefix util module '/home/seano/Seano_ws/install/_local_setup_util_sh.py'
[3.897s] INFO:colcon.colcon_core.shell:Creating prefix chain script '/home/seano/Seano_ws/install/setup.sh'
[3.905s] INFO:colcon.colcon_core.shell:Creating prefix script '/home/seano/Seano_ws/install/local_setup.bash'
[3.907s] INFO:colcon.colcon_core.shell:Creating prefix chain script '/home/seano/Seano_ws/install/setup.bash'
[3.913s] INFO:colcon.colcon_core.shell:Creating prefix script '/home/seano/Seano_ws/install/local_setup.zsh'
[3.932s] INFO:colcon.colcon_core.shell:Creating prefix chain script '/home/seano/Seano_ws/install/setup.zsh'
