[0.364s] DEBUG:colcon:Command line arguments: ['/usr/bin/colcon', 'build', '--packages-select', 'seano_cam']
[0.365s] DEBUG:colcon:Parsed command line arguments: Namespace(log_base=None, log_level=None, verb_name='build', build_base='build', install_base='install', merge_install=False, symlink_install=False, test_result_base=None, continue_on_error=False, executor='parallel', parallel_workers=6, event_handlers=None, ignore_user_meta=False, metas=['./colcon.meta'], base_paths=['.'], packages_ignore=None, packages_ignore_regex=None, paths=None, packages_up_to=None, packages_up_to_regex=None, packages_above=None, packages_above_and_dependencies=None, packages_above_depth=None, packages_select_by_dep=None, packages_skip_by_dep=None, packages_skip_up_to=None, packages_select_build_failed=False, packages_skip_build_finished=False, packages_select_test_failures=False, packages_skip_test_passed=False, packages_select=['seano_cam'], packages_skip=None, packages_select_regex=None, packages_skip_regex=None, packages_start=None, packages_end=None, allow_overriding=[], cmake_args=None, cmake_target=None, cmake_target_skip_unavailable=False, cmake_clean_cache=False, cmake_clean_first=False, cmake_force_configure=False, ament_cmake_args=None, catkin_cmake_args=None, catkin_skip_building_tests=False, verb_parser=<colcon_defaults.argument_parser.defaults.DefaultArgumentsDecorator object at 0xffff8ff8bf10>, verb_extension=<colcon_core.verb.build.BuildVerb object at 0xffff901a5420>, main=<bound method BuildVerb.main of <colcon_core.verb.build.BuildVerb object at 0xffff901a5420>>)
[0.870s] Level 1:colcon.colcon_core.package_discovery:discover_packages(colcon_meta) check parameters
[0.871s] Level 1:colcon.colcon_core.package_discovery:discover_packages(recursive) check parameters
[0.871s] Level 1:colcon.colcon_core.package_discovery:discover_packages(ignore) check parameters
[0.871s] Level 1:colcon.colcon_core.package_discovery:discover_packages(path) check parameters
[0.872s] Level 1:colcon.colcon_core.package_discovery:discover_packages(colcon_meta) discover
[0.872s] Level 1:colcon.colcon_core.package_discovery:discover_packages(recursive) discover
[0.872s] INFO:colcon.colcon_core.package_discovery:Crawling recursively for packages in '/home/seano/Seano_ws'
[0.873s] Level 1:colcon.colcon_core.package_identification:_identify(.) by extensions ['ignore', 'ignore_ament_install']
[0.873s] Level 1:colcon.colcon_core.package_identification:_identify(.) by extension 'ignore'
[0.874s] Level 1:colcon.colcon_core.package_identification:_identify(.) by extension 'ignore_ament_install'
[0.874s] Level 1:colcon.colcon_core.package_identification:_identify(.) by extensions ['colcon_pkg']
[0.874s] Level 1:colcon.colcon_core.package_identification:_identify(.) by extension 'colcon_pkg'
[0.875s] Level 1:colcon.colcon_core.package_identification:_identify(.) by extensions ['colcon_meta']
[0.875s] Level 1:colcon.colcon_core.package_identification:_identify(.) by extension 'colcon_meta'
[0.875s] Level 1:colcon.colcon_core.package_identification:_identify(.) by extensions ['ros']
[0.875s] Level 1:colcon.colcon_core.package_identification:_identify(.) by extension 'ros'
[0.912s] Level 1:colcon.colcon_core.package_identification:_identify(.) by extensions ['cmake', 'python']
[0.913s] Level 1:colcon.colcon_core.package_identification:_identify(.) by extension 'cmake'
[0.914s] Level 1:colcon.colcon_core.package_identification:_identify(.) by extension 'python'
[0.914s] Level 1:colcon.colcon_core.package_identification:_identify(.) by extensions ['python_setup_py']
[0.914s] Level 1:colcon.colcon_core.package_identification:_identify(.) by extension 'python_setup_py'
[0.915s] Level 1:colcon.colcon_core.package_identification:_identify(build) by extensions ['ignore', 'ignore_ament_install']
[0.916s] Level 1:colcon.colcon_core.package_identification:_identify(build) by extension 'ignore'
[0.917s] Level 1:colcon.colcon_core.package_identification:_identify(build) ignored
[0.917s] Level 1:colcon.colcon_core.package_identification:_identify(doc) by extensions ['ignore', 'ignore_ament_install']
[0.918s] Level 1:colcon.colcon_core.package_identification:_identify(doc) by extension 'ignore'
[0.918s] Level 1:colcon.colcon_core.package_identification:_identify(doc) by extension 'ignore_ament_install'
[0.919s] Level 1:colcon.colcon_core.package_identification:_identify(doc) by extensions ['colcon_pkg']
[0.919s] Level 1:colcon.colcon_core.package_identification:_identify(doc) by extension 'colcon_pkg'
[0.919s] Level 1:colcon.colcon_core.package_identification:_identify(doc) by extensions ['colcon_meta']
[0.920s] Level 1:colcon.colcon_core.package_identification:_identify(doc) by extension 'colcon_meta'
[0.920s] Level 1:colcon.colcon_core.package_identification:_identify(doc) by extensions ['ros']
[0.920s] Level 1:colcon.colcon_core.package_identification:_identify(doc) by extension 'ros'
[0.920s] Level 1:colcon.colcon_core.package_identification:_identify(doc) by extensions ['cmake', 'python']
[0.921s] Level 1:colcon.colcon_core.package_identification:_identify(doc) by extension 'cmake'
[0.921s] Level 1:colcon.colcon_core.package_identification:_identify(doc) by extension 'python'
[0.921s] Level 1:colcon.colcon_core.package_identification:_identify(doc) by extensions ['python_setup_py']
[0.922s] Level 1:colcon.colcon_core.package_identification:_identify(doc) by extension 'python_setup_py'
[0.922s] Level 1:colcon.colcon_core.package_identification:_identify(install) by extensions ['ignore', 'ignore_ament_install']
[0.923s] Level 1:colcon.colcon_core.package_identification:_identify(install) by extension 'ignore'
[0.923s] Level 1:colcon.colcon_core.package_identification:_identify(install) ignored
[0.923s] Level 1:colcon.colcon_core.package_identification:_identify(log) by extensions ['ignore', 'ignore_ament_install']
[0.924s] Level 1:colcon.colcon_core.package_identification:_identify(log) by extension 'ignore'
[0.924s] Level 1:colcon.colcon_core.package_identification:_identify(log) ignored
[0.924s] Level 1:colcon.colcon_core.package_identification:_identify(src) by extensions ['ignore', 'ignore_ament_install']
[0.925s] Level 1:colcon.colcon_core.package_identification:_identify(src) by extension 'ignore'
[0.925s] Level 1:colcon.colcon_core.package_identification:_identify(src) by extension 'ignore_ament_install'
[0.925s] Level 1:colcon.colcon_core.package_identification:_identify(src) by extensions ['colcon_pkg']
[0.926s] Level 1:colcon.colcon_core.package_identification:_identify(src) by extension 'colcon_pkg'
[0.926s] Level 1:colcon.colcon_core.package_identification:_identify(src) by extensions ['colcon_meta']
[0.926s] Level 1:colcon.colcon_core.package_identification:_identify(src) by extension 'colcon_meta'
[0.926s] Level 1:colcon.colcon_core.package_identification:_identify(src) by extensions ['ros']
[0.927s] Level 1:colcon.colcon_core.package_identification:_identify(src) by extension 'ros'
[0.927s] Level 1:colcon.colcon_core.package_identification:_identify(src) by extensions ['cmake', 'python']
[0.927s] Level 1:colcon.colcon_core.package_identification:_identify(src) by extension 'cmake'
[0.928s] Level 1:colcon.colcon_core.package_identification:_identify(src) by extension 'python'
[0.928s] Level 1:colcon.colcon_core.package_identification:_identify(src) by extensions ['python_setup_py']
[0.928s] Level 1:colcon.colcon_core.package_identification:_identify(src) by extension 'python_setup_py'
[0.929s] Level 1:colcon.colcon_core.package_identification:_identify(src/seano_cam) by extensions ['ignore', 'ignore_ament_install']
[0.929s] Level 1:colcon.colcon_core.package_identification:_identify(src/seano_cam) by extension 'ignore'
[0.929s] Level 1:colcon.colcon_core.package_identification:_identify(src/seano_cam) by extension 'ignore_ament_install'
[0.930s] Level 1:colcon.colcon_core.package_identification:_identify(src/seano_cam) by extensions ['colcon_pkg']
[0.930s] Level 1:colcon.colcon_core.package_identification:_identify(src/seano_cam) by extension 'colcon_pkg'
[0.930s] Level 1:colcon.colcon_core.package_identification:_identify(src/seano_cam) by extensions ['colcon_meta']
[0.931s] Level 1:colcon.colcon_core.package_identification:_identify(src/seano_cam) by extension 'colcon_meta'
[0.931s] Level 1:colcon.colcon_core.package_identification:_identify(src/seano_cam) by extensions ['ros']
[0.931s] Level 1:colcon.colcon_core.package_identification:_identify(src/seano_cam) by extension 'ros'
[0.941s] DEBUG:colcon.colcon_core.package_identification:Package 'src/seano_cam' with type 'ros.ament_python' and name 'seano_cam'
[0.942s] Level 1:colcon.colcon_core.package_identification:_identify(src/seano_command) by extensions ['ignore', 'ignore_ament_install']
[0.943s] Level 1:colcon.colcon_core.package_identification:_identify(src/seano_command) by extension 'ignore'
[0.943s] Level 1:colcon.colcon_core.package_identification:_identify(src/seano_command) by extension 'ignore_ament_install'
[0.944s] Level 1:colcon.colcon_core.package_identification:_identify(src/seano_command) by extensions ['colcon_pkg']
[0.944s] Level 1:colcon.colcon_core.package_identification:_identify(src/seano_command) by extension 'colcon_pkg'
[0.944s] Level 1:colcon.colcon_core.package_identification:_identify(src/seano_command) by extensions ['colcon_meta']
[0.945s] Level 1:colcon.colcon_core.package_identification:_identify(src/seano_command) by extension 'colcon_meta'
[0.945s] Level 1:colcon.colcon_core.package_identification:_identify(src/seano_command) by extensions ['ros']
[0.945s] Level 1:colcon.colcon_core.package_identification:_identify(src/seano_command) by extension 'ros'
[0.948s] DEBUG:colcon.colcon_core.package_identification:Package 'src/seano_command' with type 'ros.ament_python' and name 'seano_command'
[0.949s] Level 1:colcon.colcon_core.package_identification:_identify(src/seano_communication) by extensions ['ignore', 'ignore_ament_install']
[0.949s] Level 1:colcon.colcon_core.package_identification:_identify(src/seano_communication) by extension 'ignore'
[0.949s] Level 1:colcon.colcon_core.package_identification:_identify(src/seano_communication) by extension 'ignore_ament_install'
[0.950s] Level 1:colcon.colcon_core.package_identification:_identify(src/seano_communication) by extensions ['colcon_pkg']
[0.950s] Level 1:colcon.colcon_core.package_identification:_identify(src/seano_communication) by extension 'colcon_pkg'
[0.950s] Level 1:colcon.colcon_core.package_identification:_identify(src/seano_communication) by extensions ['colcon_meta']
[0.951s] Level 1:colcon.colcon_core.package_identification:_identify(src/seano_communication) by extension 'colcon_meta'
[0.951s] Level 1:colcon.colcon_core.package_identification:_identify(src/seano_communication) by extensions ['ros']
[0.951s] Level 1:colcon.colcon_core.package_identification:_identify(src/seano_communication) by extension 'ros'
[0.954s] DEBUG:colcon.colcon_core.package_identification:Package 'src/seano_communication' with type 'ros.ament_python' and name 'seano_communication'
[0.954s] Level 1:colcon.colcon_core.package_identification:_identify(src/seano_logging) by extensions ['ignore', 'ignore_ament_install']
[0.955s] Level 1:colcon.colcon_core.package_identification:_identify(src/seano_logging) by extension 'ignore'
[0.955s] Level 1:colcon.colcon_core.package_identification:_identify(src/seano_logging) by extension 'ignore_ament_install'
[0.956s] Level 1:colcon.colcon_core.package_identification:_identify(src/seano_logging) by extensions ['colcon_pkg']
[0.956s] Level 1:colcon.colcon_core.package_identification:_identify(src/seano_logging) by extension 'colcon_pkg'
[0.956s] Level 1:colcon.colcon_core.package_identification:_identify(src/seano_logging) by extensions ['colcon_meta']
[0.956s] Level 1:colcon.colcon_core.package_identification:_identify(src/seano_logging) by extension 'colcon_meta'
[0.957s] Level 1:colcon.colcon_core.package_identification:_identify(src/seano_logging) by extensions ['ros']
[0.957s] Level 1:colcon.colcon_core.package_identification:_identify(src/seano_logging) by extension 'ros'
[0.959s] DEBUG:colcon.colcon_core.package_identification:Package 'src/seano_logging' with type 'ros.ament_python' and name 'seano_logging'
[0.960s] Level 1:colcon.colcon_core.package_identification:_identify(src/seano_mqtt_bridge) by extensions ['ignore', 'ignore_ament_install']
[0.961s] Level 1:colcon.colcon_core.package_identification:_identify(src/seano_mqtt_bridge) by extension 'ignore'
[0.961s] Level 1:colcon.colcon_core.package_identification:_identify(src/seano_mqtt_bridge) by extension 'ignore_ament_install'
[0.961s] Level 1:colcon.colcon_core.package_identification:_identify(src/seano_mqtt_bridge) by extensions ['colcon_pkg']
[0.962s] Level 1:colcon.colcon_core.package_identification:_identify(src/seano_mqtt_bridge) by extension 'colcon_pkg'
[0.962s] Level 1:colcon.colcon_core.package_identification:_identify(src/seano_mqtt_bridge) by extensions ['colcon_meta']
[0.962s] Level 1:colcon.colcon_core.package_identification:_identify(src/seano_mqtt_bridge) by extension 'colcon_meta'
[0.963s] Level 1:colcon.colcon_core.package_identification:_identify(src/seano_mqtt_bridge) by extensions ['ros']
[0.963s] Level 1:colcon.colcon_core.package_identification:_identify(src/seano_mqtt_bridge) by extension 'ros'
[0.966s] DEBUG:colcon.colcon_core.package_identification:Package 'src/seano_mqtt_bridge' with type 'ros.ament_python' and name 'seano_mqtt_bridge'
[0.966s] Level 1:colcon.colcon_core.package_identification:_identify(src/seano_startup) by extensions ['ignore', 'ignore_ament_install']
[0.967s] Level 1:colcon.colcon_core.package_identification:_identify(src/seano_startup) by extension 'ignore'
[0.967s] Level 1:colcon.colcon_core.package_identification:_identify(src/seano_startup) by extension 'ignore_ament_install'
[0.968s] Level 1:colcon.colcon_core.package_identification:_identify(src/seano_startup) by extensions ['colcon_pkg']
[0.968s] Level 1:colcon.colcon_core.package_identification:_identify(src/seano_startup) by extension 'colcon_pkg'
[0.968s] Level 1:colcon.colcon_core.package_identification:_identify(src/seano_startup) by extensions ['colcon_meta']
[0.968s] Level 1:colcon.colcon_core.package_identification:_identify(src/seano_startup) by extension 'colcon_meta'
[0.969s] Level 1:colcon.colcon_core.package_identification:_identify(src/seano_startup) by extensions ['ros']
[0.969s] Level 1:colcon.colcon_core.package_identification:_identify(src/seano_startup) by extension 'ros'
[0.971s] DEBUG:colcon.colcon_core.package_identification:Package 'src/seano_startup' with type 'ros.ament_python' and name 'seano_startup'
[0.972s] Level 1:colcon.colcon_core.package_identification:_identify(src/seano_telemetry) by extensions ['ignore', 'ignore_ament_install']
[0.972s] Level 1:colcon.colcon_core.package_identification:_identify(src/seano_telemetry) by extension 'ignore'
[0.972s] Level 1:colcon.colcon_core.package_identification:_identify(src/seano_telemetry) by extension 'ignore_ament_install'
[0.973s] Level 1:colcon.colcon_core.package_identification:_identify(src/seano_telemetry) by extensions ['colcon_pkg']
[0.973s] Level 1:colcon.colcon_core.package_identification:_identify(src/seano_telemetry) by extension 'colcon_pkg'
[0.973s] Level 1:colcon.colcon_core.package_identification:_identify(src/seano_telemetry) by extensions ['colcon_meta']
[0.973s] Level 1:colcon.colcon_core.package_identification:_identify(src/seano_telemetry) by extension 'colcon_meta'
[0.974s] Level 1:colcon.colcon_core.package_identification:_identify(src/seano_telemetry) by extensions ['ros']
[0.974s] Level 1:colcon.colcon_core.package_identification:_identify(src/seano_telemetry) by extension 'ros'
[0.976s] DEBUG:colcon.colcon_core.package_identification:Package 'src/seano_telemetry' with type 'ros.ament_python' and name 'seano_telemetry'
[0.977s] Level 1:colcon.colcon_core.package_discovery:discover_packages(recursive) using defaults
[0.977s] Level 1:colcon.colcon_core.package_discovery:discover_packages(ignore) discover
[0.977s] Level 1:colcon.colcon_core.package_discovery:discover_packages(ignore) using defaults
[0.977s] Level 1:colcon.colcon_core.package_discovery:discover_packages(path) discover
[0.978s] Level 1:colcon.colcon_core.package_discovery:discover_packages(path) using defaults
[1.150s] INFO:colcon.colcon_core.package_selection:Skipping not selected package 'seano_command' in 'src/seano_command'
[1.151s] INFO:colcon.colcon_core.package_selection:Skipping not selected package 'seano_communication' in 'src/seano_communication'
[1.151s] INFO:colcon.colcon_core.package_selection:Skipping not selected package 'seano_logging' in 'src/seano_logging'
[1.151s] INFO:colcon.colcon_core.package_selection:Skipping not selected package 'seano_mqtt_bridge' in 'src/seano_mqtt_bridge'
[1.152s] INFO:colcon.colcon_core.package_selection:Skipping not selected package 'seano_startup' in 'src/seano_startup'
[1.152s] INFO:colcon.colcon_core.package_selection:Skipping not selected package 'seano_telemetry' in 'src/seano_telemetry'
[1.154s] Level 1:colcon.colcon_core.package_discovery:discover_packages(prefix_path) check parameters
[1.155s] Level 1:colcon.colcon_core.package_discovery:discover_packages(prefix_path) discover
[1.164s] DEBUG:colcon.colcon_installed_package_information.package_discovery:Found 7 installed packages in /home/seano/Seano_ws/install
[1.168s] DEBUG:colcon.colcon_installed_package_information.package_discovery:Found 10 installed packages in /home/seano/seano_ws/install
[1.172s] DEBUG:colcon.colcon_installed_package_information.package_discovery:Found 280 installed packages in /opt/ros/humble
[1.175s] Level 1:colcon.colcon_core.package_discovery:discover_packages(prefix_path) using defaults
[1.288s] Level 5:colcon.colcon_core.verb:set package 'seano_cam' build argument 'cmake_args' from command line to 'None'
[1.288s] Level 5:colcon.colcon_core.verb:set package 'seano_cam' build argument 'cmake_target' from command line to 'None'
[1.288s] Level 5:colcon.colcon_core.verb:set package 'seano_cam' build argument 'cmake_target_skip_unavailable' from command line to 'False'
[1.288s] Level 5:colcon.colcon_core.verb:set package 'seano_cam' build argument 'cmake_clean_cache' from command line to 'False'
[1.288s] Level 5:colcon.colcon_core.verb:set package 'seano_cam' build argument 'cmake_clean_first' from command line to 'False'
[1.289s] Level 5:colcon.colcon_core.verb:set package 'seano_cam' build argument 'cmake_force_configure' from command line to 'False'
[1.289s] Level 5:colcon.colcon_core.verb:set package 'seano_cam' build argument 'ament_cmake_args' from command line to 'None'
[1.289s] Level 5:colcon.colcon_core.verb:set package 'seano_cam' build argument 'catkin_cmake_args' from command line to 'None'
[1.289s] Level 5:colcon.colcon_core.verb:set package 'seano_cam' build argument 'catkin_skip_building_tests' from command line to 'False'
[1.289s] DEBUG:colcon.colcon_core.verb:Building package 'seano_cam' with the following arguments: {'ament_cmake_args': None, 'build_base': '/home/seano/Seano_ws/build/seano_cam', 'catkin_cmake_args': None, 'catkin_skip_building_tests': False, 'cmake_args': None, 'cmake_clean_cache': False, 'cmake_clean_first': False, 'cmake_force_configure': False, 'cmake_target': None, 'cmake_target_skip_unavailable': False, 'install_base': '/home/seano/Seano_ws/install/seano_cam', 'merge_install': False, 'path': '/home/seano/Seano_ws/src/seano_cam', 'symlink_install': False, 'test_result_base': None}
[1.290s] INFO:colcon.colcon_core.executor:Executing jobs using 'parallel' executor
[1.293s] DEBUG:colcon.colcon_parallel_executor.executor.parallel:run_until_complete
[1.296s] INFO:colcon.colcon_ros.task.ament_python.build:Building ROS package in '/home/seano/Seano_ws/src/seano_cam' with build type 'ament_python'
[1.296s] Level 1:colcon.colcon_core.shell:create_environment_hook('seano_cam', 'ament_prefix_path')
[1.307s] INFO:colcon.colcon_core.plugin_system:Skipping extension 'colcon_core.shell.bat': Not used on non-Windows systems
[1.308s] INFO:colcon.colcon_core.shell:Creating environment hook '/home/seano/Seano_ws/install/seano_cam/share/seano_cam/hook/ament_prefix_path.ps1'
[1.311s] INFO:colcon.colcon_core.shell:Creating environment descriptor '/home/seano/Seano_ws/install/seano_cam/share/seano_cam/hook/ament_prefix_path.dsv'
[1.313s] INFO:colcon.colcon_core.shell:Creating environment hook '/home/seano/Seano_ws/install/seano_cam/share/seano_cam/hook/ament_prefix_path.sh'
[1.316s] INFO:colcon.colcon_core.shell:Skip shell extension 'powershell' for command environment: Not usable outside of PowerShell
[1.316s] DEBUG:colcon.colcon_core.shell:Skip shell extension 'dsv' for command environment
[2.283s] INFO:colcon.colcon_core.task.python.build:Building Python package in '/home/seano/Seano_ws/src/seano_cam'
[2.285s] INFO:colcon.colcon_core.shell:Skip shell extension 'powershell' for command environment: Not usable outside of PowerShell
[2.285s] DEBUG:colcon.colcon_core.shell:Skip shell extension 'dsv' for command environment
[3.661s] DEBUG:colcon.colcon_core.event_handler.log_command:Invoking command in '/home/seano/Seano_ws/src/seano_cam': PYTHONPATH=/home/seano/Seano_ws/build/seano_cam/prefix_override:/usr/lib/python3/dist-packages/colcon_core/task/python/colcon_distutils_commands:/home/seano/Seano_ws/install/seano_cam/lib/python3.10/site-packages:${PYTHONPATH} /usr/bin/python3 -W ignore:setup.py install is deprecated -W ignore:easy_install command is deprecated setup.py egg_info --egg-base ../../build/seano_cam build --build-base /home/seano/Seano_ws/build/seano_cam/build install --record /home/seano/Seano_ws/build/seano_cam/install.log --single-version-externally-managed install_data
[5.023s] DEBUG:colcon.colcon_core.event_handler.log_command:Invoked command in '/home/seano/Seano_ws/src/seano_cam' returned '0': PYTHONPATH=/home/seano/Seano_ws/build/seano_cam/prefix_override:/usr/lib/python3/dist-packages/colcon_core/task/python/colcon_distutils_commands:/home/seano/Seano_ws/install/seano_cam/lib/python3.10/site-packages:${PYTHONPATH} /usr/bin/python3 -W ignore:setup.py install is deprecated -W ignore:easy_install command is deprecated setup.py egg_info --egg-base ../../build/seano_cam build --build-base /home/seano/Seano_ws/build/seano_cam/build install --record /home/seano/Seano_ws/build/seano_cam/install.log --single-version-externally-managed install_data
[5.027s] Level 1:colcon.colcon_core.environment:checking '/home/seano/Seano_ws/install/seano_cam' for CMake module files
[5.029s] Level 1:colcon.colcon_core.environment:checking '/home/seano/Seano_ws/install/seano_cam' for CMake config files
[5.031s] Level 1:colcon.colcon_core.environment:checking '/home/seano/Seano_ws/install/seano_cam/lib'
[5.032s] Level 1:colcon.colcon_core.environment:checking '/home/seano/Seano_ws/install/seano_cam/bin'
[5.033s] Level 1:colcon.colcon_core.environment:checking '/home/seano/Seano_ws/install/seano_cam/lib/pkgconfig/seano_cam.pc'
[5.034s] Level 1:colcon.colcon_core.environment:checking '/home/seano/Seano_ws/install/seano_cam/lib/python3.10/site-packages'
[5.035s] Level 1:colcon.colcon_core.shell:create_environment_hook('seano_cam', 'pythonpath')
[5.036s] INFO:colcon.colcon_core.shell:Creating environment hook '/home/seano/Seano_ws/install/seano_cam/share/seano_cam/hook/pythonpath.ps1'
[5.038s] INFO:colcon.colcon_core.shell:Creating environment descriptor '/home/seano/Seano_ws/install/seano_cam/share/seano_cam/hook/pythonpath.dsv'
[5.040s] INFO:colcon.colcon_core.shell:Creating environment hook '/home/seano/Seano_ws/install/seano_cam/share/seano_cam/hook/pythonpath.sh'
[5.043s] Level 1:colcon.colcon_core.environment:checking '/home/seano/Seano_ws/install/seano_cam/bin'
[5.043s] Level 1:colcon.colcon_core.environment:create_environment_scripts_only(seano_cam)
[5.045s] INFO:colcon.colcon_core.shell:Creating package script '/home/seano/Seano_ws/install/seano_cam/share/seano_cam/package.ps1'
[5.048s] INFO:colcon.colcon_core.shell:Creating package descriptor '/home/seano/Seano_ws/install/seano_cam/share/seano_cam/package.dsv'
[5.050s] INFO:colcon.colcon_core.shell:Creating package script '/home/seano/Seano_ws/install/seano_cam/share/seano_cam/package.sh'
[5.053s] INFO:colcon.colcon_core.shell:Creating package script '/home/seano/Seano_ws/install/seano_cam/share/seano_cam/package.bash'
[5.055s] INFO:colcon.colcon_core.shell:Creating package script '/home/seano/Seano_ws/install/seano_cam/share/seano_cam/package.zsh'
[5.059s] Level 1:colcon.colcon_core.environment:create_file_with_runtime_dependencies(/home/seano/Seano_ws/install/seano_cam/share/colcon-core/packages/seano_cam)
[5.063s] DEBUG:colcon.colcon_parallel_executor.executor.parallel:closing loop
[5.064s] DEBUG:colcon.colcon_parallel_executor.executor.parallel:loop closed
[5.064s] DEBUG:colcon.colcon_parallel_executor.executor.parallel:run_until_complete finished with '0'
[5.064s] DEBUG:colcon.colcon_core.event_reactor:joining thread
[5.087s] INFO:colcon.colcon_core.plugin_system:Skipping extension 'colcon_notification.desktop_notification.terminal_notifier': Not used on non-Darwin systems
[5.088s] INFO:colcon.colcon_core.plugin_system:Skipping extension 'colcon_notification.desktop_notification.win32': Not used on non-Windows systems
[5.088s] INFO:colcon.colcon_notification.desktop_notification:Sending desktop notification using 'notify2'
[5.130s] DEBUG:colcon.colcon_core.event_reactor:joined thread
[5.131s] INFO:colcon.colcon_core.shell:Creating prefix script '/home/seano/Seano_ws/install/local_setup.ps1'
[5.135s] INFO:colcon.colcon_core.shell:Creating prefix util module '/home/seano/Seano_ws/install/_local_setup_util_ps1.py'
[5.139s] INFO:colcon.colcon_core.shell:Creating prefix chain script '/home/seano/Seano_ws/install/setup.ps1'
[5.146s] INFO:colcon.colcon_core.shell:Creating prefix script '/home/seano/Seano_ws/install/local_setup.sh'
[5.148s] INFO:colcon.colcon_core.shell:Creating prefix util module '/home/seano/Seano_ws/install/_local_setup_util_sh.py'
[5.151s] INFO:colcon.colcon_core.shell:Creating prefix chain script '/home/seano/Seano_ws/install/setup.sh'
[5.157s] INFO:colcon.colcon_core.shell:Creating prefix script '/home/seano/Seano_ws/install/local_setup.bash'
[5.160s] INFO:colcon.colcon_core.shell:Creating prefix chain script '/home/seano/Seano_ws/install/setup.bash'
[5.166s] INFO:colcon.colcon_core.shell:Creating prefix script '/home/seano/Seano_ws/install/local_setup.zsh'
[5.168s] INFO:colcon.colcon_core.shell:Creating prefix chain script '/home/seano/Seano_ws/install/setup.zsh'
