running egg_info
creating ../../build/seano_failsafe/seano_failsafe.egg-info
writing ../../build/seano_failsafe/seano_failsafe.egg-info/PKG-INFO
writing dependency_links to ../../build/seano_failsafe/seano_failsafe.egg-info/dependency_links.txt
writing entry points to ../../build/seano_failsafe/seano_failsafe.egg-info/entry_points.txt
writing requirements to ../../build/seano_failsafe/seano_failsafe.egg-info/requires.txt
writing top-level names to ../../build/seano_failsafe/seano_failsafe.egg-info/top_level.txt
writing manifest file '../../build/seano_failsafe/seano_failsafe.egg-info/SOURCES.txt'
reading manifest file '../../build/seano_failsafe/seano_failsafe.egg-info/SOURCES.txt'
writing manifest file '../../build/seano_failsafe/seano_failsafe.egg-info/SOURCES.txt'
running build
running build_py
creating /home/seano/Seano_ws/build/seano_failsafe/build
creating /home/seano/Seano_ws/build/seano_failsafe/build/lib
creating /home/seano/Seano_ws/build/seano_failsafe/build/lib/seano_failsafe
copying seano_failsafe/seano_failsafe.py -> /home/seano/Seano_ws/build/seano_failsafe/build/lib/seano_failsafe
copying seano_failsafe/__init__.py -> /home/seano/Seano_ws/build/seano_failsafe/build/lib/seano_failsafe
copying seano_failsafe/seano_battery.py -> /home/seano/Seano_ws/build/seano_failsafe/build/lib/seano_failsafe
running install
running install_lib
creating /home/seano/Seano_ws/install/seano_failsafe/lib/python3.10/site-packages/seano_failsafe
copying /home/seano/Seano_ws/build/seano_failsafe/build/lib/seano_failsafe/seano_failsafe.py -> /home/seano/Seano_ws/install/seano_failsafe/lib/python3.10/site-packages/seano_failsafe
copying /home/seano/Seano_ws/build/seano_failsafe/build/lib/seano_failsafe/__init__.py -> /home/seano/Seano_ws/install/seano_failsafe/lib/python3.10/site-packages/seano_failsafe
copying /home/seano/Seano_ws/build/seano_failsafe/build/lib/seano_failsafe/seano_battery.py -> /home/seano/Seano_ws/install/seano_failsafe/lib/python3.10/site-packages/seano_failsafe
byte-compiling /home/seano/Seano_ws/install/seano_failsafe/lib/python3.10/site-packages/seano_failsafe/seano_failsafe.py to seano_failsafe.cpython-310.pyc
byte-compiling /home/seano/Seano_ws/install/seano_failsafe/lib/python3.10/site-packages/seano_failsafe/__init__.py to __init__.cpython-310.pyc
byte-compiling /home/seano/Seano_ws/install/seano_failsafe/lib/python3.10/site-packages/seano_failsafe/seano_battery.py to seano_battery.cpython-310.pyc
running install_data
creating /home/seano/Seano_ws/install/seano_failsafe/share/ament_index
creating /home/seano/Seano_ws/install/seano_failsafe/share/ament_index/resource_index
creating /home/seano/Seano_ws/install/seano_failsafe/share/ament_index/resource_index/packages
copying resource/seano_failsafe -> /home/seano/Seano_ws/install/seano_failsafe/share/ament_index/resource_index/packages
copying package.xml -> /home/seano/Seano_ws/install/seano_failsafe/share/seano_failsafe
running install_egg_info
Copying ../../build/seano_failsafe/seano_failsafe.egg-info to /home/seano/Seano_ws/install/seano_failsafe/lib/python3.10/site-packages/seano_failsafe-0.0.0-py3.10.egg-info
running install_scripts
Installing seano_battery script to /home/seano/Seano_ws/install/seano_failsafe/lib/seano_failsafe
Installing seano_failsafe script to /home/seano/Seano_ws/install/seano_failsafe/lib/seano_failsafe
writing list of installed files to '/home/seano/Seano_ws/build/seano_failsafe/install.log'
