[3.147s] Invoking command in '/home/seano/Seano_ws/src/seano_telemetry': PYTHONPATH=/home/seano/Seano_ws/build/seano_telemetry/prefix_override:/usr/lib/python3/dist-packages/colcon_core/task/python/colcon_distutils_commands:/home/seano/Seano_ws/install/seano_telemetry/lib/python3.10/site-packages:${PYTHONPATH} /usr/bin/python3 -W ignore:setup.py install is deprecated -W ignore:easy_install command is deprecated setup.py egg_info --egg-base ../../build/seano_telemetry build --build-base /home/seano/Seano_ws/build/seano_telemetry/build install --record /home/seano/Seano_ws/build/seano_telemetry/install.log --single-version-externally-managed install_data
[3.791s] running egg_info
[3.793s] writing ../../build/seano_telemetry/seano_telemetry.egg-info/PKG-INFO
[3.794s] writing dependency_links to ../../build/seano_telemetry/seano_telemetry.egg-info/dependency_links.txt
[3.794s] writing entry points to ../../build/seano_telemetry/seano_telemetry.egg-info/entry_points.txt
[3.795s] writing requirements to ../../build/seano_telemetry/seano_telemetry.egg-info/requires.txt
[3.795s] writing top-level names to ../../build/seano_telemetry/seano_telemetry.egg-info/top_level.txt
[3.800s] reading manifest file '../../build/seano_telemetry/seano_telemetry.egg-info/SOURCES.txt'
[3.802s] writing manifest file '../../build/seano_telemetry/seano_telemetry.egg-info/SOURCES.txt'
[3.802s] running build
[3.802s] running build_py
[3.803s] running install
[3.804s] running install_lib
[3.809s] running install_data
[3.809s] running install_egg_info
[3.814s] removing '/home/seano/Seano_ws/install/seano_telemetry/lib/python3.10/site-packages/seano_telemetry-0.0.0-py3.10.egg-info' (and everything under it)
[3.815s] Copying ../../build/seano_telemetry/seano_telemetry.egg-info to /home/seano/Seano_ws/install/seano_telemetry/lib/python3.10/site-packages/seano_telemetry-0.0.0-py3.10.egg-info
[3.817s] running install_scripts
[3.881s] Installing telemetry_node script to /home/seano/Seano_ws/install/seano_telemetry/lib/seano_telemetry
[3.883s] writing list of installed files to '/home/seano/Seano_ws/build/seano_telemetry/install.log'
[4.005s] Invoked command in '/home/seano/Seano_ws/src/seano_telemetry' returned '0': PYTHONPATH=/home/seano/Seano_ws/build/seano_telemetry/prefix_override:/usr/lib/python3/dist-packages/colcon_core/task/python/colcon_distutils_commands:/home/seano/Seano_ws/install/seano_telemetry/lib/python3.10/site-packages:${PYTHONPATH} /usr/bin/python3 -W ignore:setup.py install is deprecated -W ignore:easy_install command is deprecated setup.py egg_info --egg-base ../../build/seano_telemetry build --build-base /home/seano/Seano_ws/build/seano_telemetry/build install --record /home/seano/Seano_ws/build/seano_telemetry/install.log --single-version-externally-managed install_data
