[2.361s] Invoking command in '/home/seano/Seano_ws/src/seano_cam': PYTHONPATH=/home/seano/Seano_ws/build/seano_cam/prefix_override:/usr/lib/python3/dist-packages/colcon_core/task/python/colcon_distutils_commands:/home/seano/Seano_ws/install/seano_cam/lib/python3.10/site-packages:${PYTHONPATH} /usr/bin/python3 -W ignore:setup.py install is deprecated -W ignore:easy_install command is deprecated setup.py egg_info --egg-base ../../build/seano_cam build --build-base /home/seano/Seano_ws/build/seano_cam/build install --record /home/seano/Seano_ws/build/seano_cam/install.log --single-version-externally-managed install_data
[3.413s] running egg_info
[3.418s] writing ../../build/seano_cam/seano_cam.egg-info/PKG-INFO
[3.420s] writing dependency_links to ../../build/seano_cam/seano_cam.egg-info/dependency_links.txt
[3.421s] writing entry points to ../../build/seano_cam/seano_cam.egg-info/entry_points.txt
[3.422s] writing requirements to ../../build/seano_cam/seano_cam.egg-info/requires.txt
[3.423s] writing top-level names to ../../build/seano_cam/seano_cam.egg-info/top_level.txt
[3.432s] reading manifest file '../../build/seano_cam/seano_cam.egg-info/SOURCES.txt'
[3.436s] writing manifest file '../../build/seano_cam/seano_cam.egg-info/SOURCES.txt'
[3.436s] running build
[3.437s] running build_py
[3.438s] copying seano_cam/rtmp_streamer.py -> /home/seano/Seano_ws/build/seano_cam/build/lib/seano_cam
[3.438s] copying seano_cam/camera_viewer.py -> /home/seano/Seano_ws/build/seano_cam/build/lib/seano_cam
[3.438s] copying seano_cam/camera_node.py -> /home/seano/Seano_ws/build/seano_cam/build/lib/seano_cam
[3.442s] running install
[3.443s] running install_lib
[3.444s] copying /home/seano/Seano_ws/build/seano_cam/build/lib/seano_cam/rtmp_streamer.py -> /home/seano/Seano_ws/install/seano_cam/lib/python3.10/site-packages/seano_cam
[3.444s] copying /home/seano/Seano_ws/build/seano_cam/build/lib/seano_cam/camera_viewer.py -> /home/seano/Seano_ws/install/seano_cam/lib/python3.10/site-packages/seano_cam
[3.444s] copying /home/seano/Seano_ws/build/seano_cam/build/lib/seano_cam/camera_node.py -> /home/seano/Seano_ws/install/seano_cam/lib/python3.10/site-packages/seano_cam
[3.447s] byte-compiling /home/seano/Seano_ws/install/seano_cam/lib/python3.10/site-packages/seano_cam/rtmp_streamer.py to rtmp_streamer.cpython-310.pyc
[3.451s] byte-compiling /home/seano/Seano_ws/install/seano_cam/lib/python3.10/site-packages/seano_cam/camera_viewer.py to camera_viewer.cpython-310.pyc
[3.454s] byte-compiling /home/seano/Seano_ws/install/seano_cam/lib/python3.10/site-packages/seano_cam/camera_node.py to camera_node.cpython-310.pyc
[3.461s] running install_data
[3.462s] copying package.xml -> /home/seano/Seano_ws/install/seano_cam/share/seano_cam
[3.462s] running install_egg_info
[3.476s] removing '/home/seano/Seano_ws/install/seano_cam/lib/python3.10/site-packages/seano_cam-0.0.0-py3.10.egg-info' (and everything under it)
[3.477s] Copying ../../build/seano_cam/seano_cam.egg-info to /home/seano/Seano_ws/install/seano_cam/lib/python3.10/site-packages/seano_cam-0.0.0-py3.10.egg-info
[3.480s] running install_scripts
[3.559s] Installing camera_node script to /home/seano/Seano_ws/install/seano_cam/lib/seano_cam
[3.560s] Installing camera_viewer script to /home/seano/Seano_ws/install/seano_cam/lib/seano_cam
[3.560s] Installing rtmp_streamer script to /home/seano/Seano_ws/install/seano_cam/lib/seano_cam
[3.562s] writing list of installed files to '/home/seano/Seano_ws/build/seano_cam/install.log'
[3.723s] Invoked command in '/home/seano/Seano_ws/src/seano_cam' returned '0': PYTHONPATH=/home/seano/Seano_ws/build/seano_cam/prefix_override:/usr/lib/python3/dist-packages/colcon_core/task/python/colcon_distutils_commands:/home/seano/Seano_ws/install/seano_cam/lib/python3.10/site-packages:${PYTHONPATH} /usr/bin/python3 -W ignore:setup.py install is deprecated -W ignore:easy_install command is deprecated setup.py egg_info --egg-base ../../build/seano_cam build --build-base /home/seano/Seano_ws/build/seano_cam/build install --record /home/seano/Seano_ws/build/seano_cam/install.log --single-version-externally-managed install_data
