[1.801s] Invoking command in '/home/seano/Seano_ws/src/seano_startup': PYTHONPATH=/home/seano/Seano_ws/build/seano_startup/prefix_override:/usr/lib/python3/dist-packages/colcon_core/task/python/colcon_distutils_commands:/home/seano/Seano_ws/install/seano_startup/lib/python3.10/site-packages:${PYTHONPATH} /usr/bin/python3 -W ignore:setup.py install is deprecated -W ignore:easy_install command is deprecated setup.py egg_info --egg-base ../../build/seano_startup build --build-base /home/seano/Seano_ws/build/seano_startup/build install --record /home/seano/Seano_ws/build/seano_startup/install.log --single-version-externally-managed install_data
[2.461s] running egg_info
[2.463s] writing ../../build/seano_startup/seano_startup.egg-info/PKG-INFO
[2.463s] writing dependency_links to ../../build/seano_startup/seano_startup.egg-info/dependency_links.txt
[2.464s] writing entry points to ../../build/seano_startup/seano_startup.egg-info/entry_points.txt
[2.464s] writing requirements to ../../build/seano_startup/seano_startup.egg-info/requires.txt
[2.464s] writing top-level names to ../../build/seano_startup/seano_startup.egg-info/top_level.txt
[2.469s] reading manifest file '../../build/seano_startup/seano_startup.egg-info/SOURCES.txt'
[2.479s] writing manifest file '../../build/seano_startup/seano_startup.egg-info/SOURCES.txt'
[2.480s] running build
[2.480s] running build_py
[2.480s] running install
[2.481s] running install_lib
[2.485s] running install_data
[2.485s] copying launch/system.launch.py -> /home/seano/Seano_ws/install/seano_startup/share/seano_startup/launch
[2.486s] copying config/system.yaml -> /home/seano/Seano_ws/install/seano_startup/share/seano_startup/config
[2.486s] running install_egg_info
[2.492s] removing '/home/seano/Seano_ws/install/seano_startup/lib/python3.10/site-packages/seano_startup-0.0.0-py3.10.egg-info' (and everything under it)
[2.493s] Copying ../../build/seano_startup/seano_startup.egg-info to /home/seano/Seano_ws/install/seano_startup/lib/python3.10/site-packages/seano_startup-0.0.0-py3.10.egg-info
[2.501s] running install_scripts
[2.557s] writing list of installed files to '/home/seano/Seano_ws/build/seano_startup/install.log'
[2.665s] Invoked command in '/home/seano/Seano_ws/src/seano_startup' returned '0': PYTHONPATH=/home/seano/Seano_ws/build/seano_startup/prefix_override:/usr/lib/python3/dist-packages/colcon_core/task/python/colcon_distutils_commands:/home/seano/Seano_ws/install/seano_startup/lib/python3.10/site-packages:${PYTHONPATH} /usr/bin/python3 -W ignore:setup.py install is deprecated -W ignore:easy_install command is deprecated setup.py egg_info --egg-base ../../build/seano_startup build --build-base /home/seano/Seano_ws/build/seano_startup/build install --record /home/seano/Seano_ws/build/seano_startup/install.log --single-version-externally-managed install_data
