[0.348s] DEBUG:colcon:Command line arguments: ['/usr/bin/colcon', 'build', '--packages-select', 'seano_mqtt_bridge']
[0.348s] DEBUG:colcon:Parsed command line arguments: Namespace(log_base=None, log_level=None, verb_name='build', build_base='build', install_base='install', merge_install=False, symlink_install=False, test_result_base=None, continue_on_error=False, executor='parallel', parallel_workers=6, event_handlers=None, ignore_user_meta=False, metas=['./colcon.meta'], base_paths=['.'], packages_ignore=None, packages_ignore_regex=None, paths=None, packages_up_to=None, packages_up_to_regex=None, packages_above=None, packages_above_and_dependencies=None, packages_above_depth=None, packages_select_by_dep=None, packages_skip_by_dep=None, packages_skip_up_to=None, packages_select_build_failed=False, packages_skip_build_finished=False, packages_select_test_failures=False, packages_skip_test_passed=False, packages_select=['seano_mqtt_bridge'], packages_skip=None, packages_select_regex=None, packages_skip_regex=None, packages_start=None, packages_end=None, allow_overriding=[], cmake_args=None, cmake_target=None, cmake_target_skip_unavailable=False, cmake_clean_cache=False, cmake_clean_first=False, cmake_force_configure=False, ament_cmake_args=None, catkin_cmake_args=None, catkin_skip_building_tests=False, verb_parser=<colcon_defaults.argument_parser.defaults.DefaultArgumentsDecorator object at 0xffffa5a9cee0>, verb_extension=<colcon_core.verb.build.BuildVerb object at 0xffffa5c4ea40>, main=<bound method BuildVerb.main of <colcon_core.verb.build.BuildVerb object at 0xffffa5c4ea40>>)
[0.790s] Level 1:colcon.colcon_core.package_discovery:discover_packages(colcon_meta) check parameters
[0.791s] Level 1:colcon.colcon_core.package_discovery:discover_packages(recursive) check parameters
[0.791s] Level 1:colcon.colcon_core.package_discovery:discover_packages(ignore) check parameters
[0.791s] Level 1:colcon.colcon_core.package_discovery:discover_packages(path) check parameters
[0.791s] Level 1:colcon.colcon_core.package_discovery:discover_packages(colcon_meta) discover
[0.791s] Level 1:colcon.colcon_core.package_discovery:discover_packages(recursive) discover
[0.791s] INFO:colcon.colcon_core.package_discovery:Crawling recursively for packages in '/home/seano/Seano_ws'
[0.792s] Level 1:colcon.colcon_core.package_identification:_identify(.) by extensions ['ignore', 'ignore_ament_install']
[0.792s] Level 1:colcon.colcon_core.package_identification:_identify(.) by extension 'ignore'
[0.792s] Level 1:colcon.colcon_core.package_identification:_identify(.) by extension 'ignore_ament_install'
[0.792s] Level 1:colcon.colcon_core.package_identification:_identify(.) by extensions ['colcon_pkg']
[0.792s] Level 1:colcon.colcon_core.package_identification:_identify(.) by extension 'colcon_pkg'
[0.793s] Level 1:colcon.colcon_core.package_identification:_identify(.) by extensions ['colcon_meta']
[0.793s] Level 1:colcon.colcon_core.package_identification:_identify(.) by extension 'colcon_meta'
[0.793s] Level 1:colcon.colcon_core.package_identification:_identify(.) by extensions ['ros']
[0.793s] Level 1:colcon.colcon_core.package_identification:_identify(.) by extension 'ros'
[0.821s] Level 1:colcon.colcon_core.package_identification:_identify(.) by extensions ['cmake', 'python']
[0.822s] Level 1:colcon.colcon_core.package_identification:_identify(.) by extension 'cmake'
[0.822s] Level 1:colcon.colcon_core.package_identification:_identify(.) by extension 'python'
[0.822s] Level 1:colcon.colcon_core.package_identification:_identify(.) by extensions ['python_setup_py']
[0.822s] Level 1:colcon.colcon_core.package_identification:_identify(.) by extension 'python_setup_py'
[0.823s] Level 1:colcon.colcon_core.package_identification:_identify(build) by extensions ['ignore', 'ignore_ament_install']
[0.823s] Level 1:colcon.colcon_core.package_identification:_identify(build) by extension 'ignore'
[0.823s] Level 1:colcon.colcon_core.package_identification:_identify(build) ignored
[0.823s] Level 1:colcon.colcon_core.package_identification:_identify(doc) by extensions ['ignore', 'ignore_ament_install']
[0.824s] Level 1:colcon.colcon_core.package_identification:_identify(doc) by extension 'ignore'
[0.824s] Level 1:colcon.colcon_core.package_identification:_identify(doc) by extension 'ignore_ament_install'
[0.824s] Level 1:colcon.colcon_core.package_identification:_identify(doc) by extensions ['colcon_pkg']
[0.824s] Level 1:colcon.colcon_core.package_identification:_identify(doc) by extension 'colcon_pkg'
[0.824s] Level 1:colcon.colcon_core.package_identification:_identify(doc) by extensions ['colcon_meta']
[0.824s] Level 1:colcon.colcon_core.package_identification:_identify(doc) by extension 'colcon_meta'
[0.824s] Level 1:colcon.colcon_core.package_identification:_identify(doc) by extensions ['ros']
[0.824s] Level 1:colcon.colcon_core.package_identification:_identify(doc) by extension 'ros'
[0.825s] Level 1:colcon.colcon_core.package_identification:_identify(doc) by extensions ['cmake', 'python']
[0.825s] Level 1:colcon.colcon_core.package_identification:_identify(doc) by extension 'cmake'
[0.825s] Level 1:colcon.colcon_core.package_identification:_identify(doc) by extension 'python'
[0.825s] Level 1:colcon.colcon_core.package_identification:_identify(doc) by extensions ['python_setup_py']
[0.825s] Level 1:colcon.colcon_core.package_identification:_identify(doc) by extension 'python_setup_py'
[0.825s] Level 1:colcon.colcon_core.package_identification:_identify(install) by extensions ['ignore', 'ignore_ament_install']
[0.826s] Level 1:colcon.colcon_core.package_identification:_identify(install) by extension 'ignore'
[0.826s] Level 1:colcon.colcon_core.package_identification:_identify(install) ignored
[0.826s] Level 1:colcon.colcon_core.package_identification:_identify(log) by extensions ['ignore', 'ignore_ament_install']
[0.826s] Level 1:colcon.colcon_core.package_identification:_identify(log) by extension 'ignore'
[0.826s] Level 1:colcon.colcon_core.package_identification:_identify(log) ignored
[0.827s] Level 1:colcon.colcon_core.package_identification:_identify(resource_git) by extensions ['ignore', 'ignore_ament_install']
[0.827s] Level 1:colcon.colcon_core.package_identification:_identify(resource_git) by extension 'ignore'
[0.827s] Level 1:colcon.colcon_core.package_identification:_identify(resource_git) by extension 'ignore_ament_install'
[0.827s] Level 1:colcon.colcon_core.package_identification:_identify(resource_git) by extensions ['colcon_pkg']
[0.827s] Level 1:colcon.colcon_core.package_identification:_identify(resource_git) by extension 'colcon_pkg'
[0.827s] Level 1:colcon.colcon_core.package_identification:_identify(resource_git) by extensions ['colcon_meta']
[0.827s] Level 1:colcon.colcon_core.package_identification:_identify(resource_git) by extension 'colcon_meta'
[0.827s] Level 1:colcon.colcon_core.package_identification:_identify(resource_git) by extensions ['ros']
[0.828s] Level 1:colcon.colcon_core.package_identification:_identify(resource_git) by extension 'ros'
[0.828s] Level 1:colcon.colcon_core.package_identification:_identify(resource_git) by extensions ['cmake', 'python']
[0.828s] Level 1:colcon.colcon_core.package_identification:_identify(resource_git) by extension 'cmake'
[0.828s] Level 1:colcon.colcon_core.package_identification:_identify(resource_git) by extension 'python'
[0.828s] Level 1:colcon.colcon_core.package_identification:_identify(resource_git) by extensions ['python_setup_py']
[0.828s] Level 1:colcon.colcon_core.package_identification:_identify(resource_git) by extension 'python_setup_py'
[0.828s] Level 1:colcon.colcon_core.package_identification:_identify(resource_git/seano-anti-theft) by extensions ['ignore', 'ignore_ament_install']
[0.829s] Level 1:colcon.colcon_core.package_identification:_identify(resource_git/seano-anti-theft) by extension 'ignore'
[0.829s] Level 1:colcon.colcon_core.package_identification:_identify(resource_git/seano-anti-theft) by extension 'ignore_ament_install'
[0.829s] Level 1:colcon.colcon_core.package_identification:_identify(resource_git/seano-anti-theft) by extensions ['colcon_pkg']
[0.829s] Level 1:colcon.colcon_core.package_identification:_identify(resource_git/seano-anti-theft) by extension 'colcon_pkg'
[0.829s] Level 1:colcon.colcon_core.package_identification:_identify(resource_git/seano-anti-theft) by extensions ['colcon_meta']
[0.829s] Level 1:colcon.colcon_core.package_identification:_identify(resource_git/seano-anti-theft) by extension 'colcon_meta'
[0.829s] Level 1:colcon.colcon_core.package_identification:_identify(resource_git/seano-anti-theft) by extensions ['ros']
[0.829s] Level 1:colcon.colcon_core.package_identification:_identify(resource_git/seano-anti-theft) by extension 'ros'
[0.837s] DEBUG:colcon.colcon_core.package_identification:Package 'resource_git/seano-anti-theft' with type 'ros.ament_python' and name 'seano_anti_theft'
[0.837s] Level 1:colcon.colcon_core.package_identification:_identify(resource_git/seano-collision-avoidance) by extensions ['ignore', 'ignore_ament_install']
[0.837s] Level 1:colcon.colcon_core.package_identification:_identify(resource_git/seano-collision-avoidance) by extension 'ignore'
[0.838s] Level 1:colcon.colcon_core.package_identification:_identify(resource_git/seano-collision-avoidance) by extension 'ignore_ament_install'
[0.838s] Level 1:colcon.colcon_core.package_identification:_identify(resource_git/seano-collision-avoidance) by extensions ['colcon_pkg']
[0.838s] Level 1:colcon.colcon_core.package_identification:_identify(resource_git/seano-collision-avoidance) by extension 'colcon_pkg'
[0.838s] Level 1:colcon.colcon_core.package_identification:_identify(resource_git/seano-collision-avoidance) by extensions ['colcon_meta']
[0.838s] Level 1:colcon.colcon_core.package_identification:_identify(resource_git/seano-collision-avoidance) by extension 'colcon_meta'
[0.838s] Level 1:colcon.colcon_core.package_identification:_identify(resource_git/seano-collision-avoidance) by extensions ['ros']
[0.838s] Level 1:colcon.colcon_core.package_identification:_identify(resource_git/seano-collision-avoidance) by extension 'ros'
[0.839s] Level 1:colcon.colcon_core.package_identification:_identify(resource_git/seano-collision-avoidance) by extensions ['cmake', 'python']
[0.839s] Level 1:colcon.colcon_core.package_identification:_identify(resource_git/seano-collision-avoidance) by extension 'cmake'
[0.839s] Level 1:colcon.colcon_core.package_identification:_identify(resource_git/seano-collision-avoidance) by extension 'python'
[0.839s] Level 1:colcon.colcon_core.package_identification:_identify(resource_git/seano-collision-avoidance) by extensions ['python_setup_py']
[0.839s] Level 1:colcon.colcon_core.package_identification:_identify(resource_git/seano-collision-avoidance) by extension 'python_setup_py'
[0.839s] Level 1:colcon.colcon_core.package_identification:_identify(resource_git/seano-collision-avoidance/build) by extensions ['ignore', 'ignore_ament_install']
[0.840s] Level 1:colcon.colcon_core.package_identification:_identify(resource_git/seano-collision-avoidance/build) by extension 'ignore'
[0.840s] Level 1:colcon.colcon_core.package_identification:_identify(resource_git/seano-collision-avoidance/build) ignored
[0.840s] Level 1:colcon.colcon_core.package_identification:_identify(resource_git/seano-collision-avoidance/docs) by extensions ['ignore', 'ignore_ament_install']
[0.840s] Level 1:colcon.colcon_core.package_identification:_identify(resource_git/seano-collision-avoidance/docs) by extension 'ignore'
[0.840s] Level 1:colcon.colcon_core.package_identification:_identify(resource_git/seano-collision-avoidance/docs) by extension 'ignore_ament_install'
[0.841s] Level 1:colcon.colcon_core.package_identification:_identify(resource_git/seano-collision-avoidance/docs) by extensions ['colcon_pkg']
[0.841s] Level 1:colcon.colcon_core.package_identification:_identify(resource_git/seano-collision-avoidance/docs) by extension 'colcon_pkg'
[0.841s] Level 1:colcon.colcon_core.package_identification:_identify(resource_git/seano-collision-avoidance/docs) by extensions ['colcon_meta']
[0.841s] Level 1:colcon.colcon_core.package_identification:_identify(resource_git/seano-collision-avoidance/docs) by extension 'colcon_meta'
[0.841s] Level 1:colcon.colcon_core.package_identification:_identify(resource_git/seano-collision-avoidance/docs) by extensions ['ros']
[0.841s] Level 1:colcon.colcon_core.package_identification:_identify(resource_git/seano-collision-avoidance/docs) by extension 'ros'
[0.841s] Level 1:colcon.colcon_core.package_identification:_identify(resource_git/seano-collision-avoidance/docs) by extensions ['cmake', 'python']
[0.841s] Level 1:colcon.colcon_core.package_identification:_identify(resource_git/seano-collision-avoidance/docs) by extension 'cmake'
[0.842s] Level 1:colcon.colcon_core.package_identification:_identify(resource_git/seano-collision-avoidance/docs) by extension 'python'
[0.842s] Level 1:colcon.colcon_core.package_identification:_identify(resource_git/seano-collision-avoidance/docs) by extensions ['python_setup_py']
[0.842s] Level 1:colcon.colcon_core.package_identification:_identify(resource_git/seano-collision-avoidance/docs) by extension 'python_setup_py'
[0.842s] Level 1:colcon.colcon_core.package_identification:_identify(resource_git/seano-collision-avoidance/install) by extensions ['ignore', 'ignore_ament_install']
[0.842s] Level 1:colcon.colcon_core.package_identification:_identify(resource_git/seano-collision-avoidance/install) by extension 'ignore'
[0.842s] Level 1:colcon.colcon_core.package_identification:_identify(resource_git/seano-collision-avoidance/install) ignored
[0.843s] Level 1:colcon.colcon_core.package_identification:_identify(resource_git/seano-collision-avoidance/log) by extensions ['ignore', 'ignore_ament_install']
[0.843s] Level 1:colcon.colcon_core.package_identification:_identify(resource_git/seano-collision-avoidance/log) by extension 'ignore'
[0.843s] Level 1:colcon.colcon_core.package_identification:_identify(resource_git/seano-collision-avoidance/log) ignored
[0.843s] Level 1:colcon.colcon_core.package_identification:_identify(resource_git/seano-collision-avoidance/seano_ca_ws) by extensions ['ignore', 'ignore_ament_install']
[0.843s] Level 1:colcon.colcon_core.package_identification:_identify(resource_git/seano-collision-avoidance/seano_ca_ws) by extension 'ignore'
[0.844s] Level 1:colcon.colcon_core.package_identification:_identify(resource_git/seano-collision-avoidance/seano_ca_ws) by extension 'ignore_ament_install'
[0.844s] Level 1:colcon.colcon_core.package_identification:_identify(resource_git/seano-collision-avoidance/seano_ca_ws) by extensions ['colcon_pkg']
[0.844s] Level 1:colcon.colcon_core.package_identification:_identify(resource_git/seano-collision-avoidance/seano_ca_ws) by extension 'colcon_pkg'
[0.844s] Level 1:colcon.colcon_core.package_identification:_identify(resource_git/seano-collision-avoidance/seano_ca_ws) by extensions ['colcon_meta']
[0.844s] Level 1:colcon.colcon_core.package_identification:_identify(resource_git/seano-collision-avoidance/seano_ca_ws) by extension 'colcon_meta'
[0.844s] Level 1:colcon.colcon_core.package_identification:_identify(resource_git/seano-collision-avoidance/seano_ca_ws) by extensions ['ros']
[0.844s] Level 1:colcon.colcon_core.package_identification:_identify(resource_git/seano-collision-avoidance/seano_ca_ws) by extension 'ros'
[0.844s] Level 1:colcon.colcon_core.package_identification:_identify(resource_git/seano-collision-avoidance/seano_ca_ws) by extensions ['cmake', 'python']
[0.845s] Level 1:colcon.colcon_core.package_identification:_identify(resource_git/seano-collision-avoidance/seano_ca_ws) by extension 'cmake'
[0.845s] Level 1:colcon.colcon_core.package_identification:_identify(resource_git/seano-collision-avoidance/seano_ca_ws) by extension 'python'
[0.845s] Level 1:colcon.colcon_core.package_identification:_identify(resource_git/seano-collision-avoidance/seano_ca_ws) by extensions ['python_setup_py']
[0.845s] Level 1:colcon.colcon_core.package_identification:_identify(resource_git/seano-collision-avoidance/seano_ca_ws) by extension 'python_setup_py'
[0.845s] Level 1:colcon.colcon_core.package_identification:_identify(resource_git/seano-collision-avoidance/seano_ca_ws/build) by extensions ['ignore', 'ignore_ament_install']
[0.845s] Level 1:colcon.colcon_core.package_identification:_identify(resource_git/seano-collision-avoidance/seano_ca_ws/build) by extension 'ignore'
[0.845s] Level 1:colcon.colcon_core.package_identification:_identify(resource_git/seano-collision-avoidance/seano_ca_ws/build) ignored
[0.846s] Level 1:colcon.colcon_core.package_identification:_identify(resource_git/seano-collision-avoidance/seano_ca_ws/install) by extensions ['ignore', 'ignore_ament_install']
[0.846s] Level 1:colcon.colcon_core.package_identification:_identify(resource_git/seano-collision-avoidance/seano_ca_ws/install) by extension 'ignore'
[0.846s] Level 1:colcon.colcon_core.package_identification:_identify(resource_git/seano-collision-avoidance/seano_ca_ws/install) ignored
[0.846s] Level 1:colcon.colcon_core.package_identification:_identify(resource_git/seano-collision-avoidance/seano_ca_ws/log) by extensions ['ignore', 'ignore_ament_install']
[0.847s] Level 1:colcon.colcon_core.package_identification:_identify(resource_git/seano-collision-avoidance/seano_ca_ws/log) by extension 'ignore'
[0.847s] Level 1:colcon.colcon_core.package_identification:_identify(resource_git/seano-collision-avoidance/seano_ca_ws/log) ignored
[0.847s] Level 1:colcon.colcon_core.package_identification:_identify(resource_git/seano-collision-avoidance/seano_ca_ws/src) by extensions ['ignore', 'ignore_ament_install']
[0.847s] Level 1:colcon.colcon_core.package_identification:_identify(resource_git/seano-collision-avoidance/seano_ca_ws/src) by extension 'ignore'
[0.847s] Level 1:colcon.colcon_core.package_identification:_identify(resource_git/seano-collision-avoidance/seano_ca_ws/src) by extension 'ignore_ament_install'
[0.847s] Level 1:colcon.colcon_core.package_identification:_identify(resource_git/seano-collision-avoidance/seano_ca_ws/src) by extensions ['colcon_pkg']
[0.847s] Level 1:colcon.colcon_core.package_identification:_identify(resource_git/seano-collision-avoidance/seano_ca_ws/src) by extension 'colcon_pkg'
[0.848s] Level 1:colcon.colcon_core.package_identification:_identify(resource_git/seano-collision-avoidance/seano_ca_ws/src) by extensions ['colcon_meta']
[0.848s] Level 1:colcon.colcon_core.package_identification:_identify(resource_git/seano-collision-avoidance/seano_ca_ws/src) by extension 'colcon_meta'
[0.848s] Level 1:colcon.colcon_core.package_identification:_identify(resource_git/seano-collision-avoidance/seano_ca_ws/src) by extensions ['ros']
[0.848s] Level 1:colcon.colcon_core.package_identification:_identify(resource_git/seano-collision-avoidance/seano_ca_ws/src) by extension 'ros'
[0.848s] Level 1:colcon.colcon_core.package_identification:_identify(resource_git/seano-collision-avoidance/seano_ca_ws/src) by extensions ['cmake', 'python']
[0.848s] Level 1:colcon.colcon_core.package_identification:_identify(resource_git/seano-collision-avoidance/seano_ca_ws/src) by extension 'cmake'
[0.848s] Level 1:colcon.colcon_core.package_identification:_identify(resource_git/seano-collision-avoidance/seano_ca_ws/src) by extension 'python'
[0.848s] Level 1:colcon.colcon_core.package_identification:_identify(resource_git/seano-collision-avoidance/seano_ca_ws/src) by extensions ['python_setup_py']
[0.848s] Level 1:colcon.colcon_core.package_identification:_identify(resource_git/seano-collision-avoidance/seano_ca_ws/src) by extension 'python_setup_py'
[0.849s] Level 1:colcon.colcon_core.package_identification:_identify(resource_git/seano-collision-avoidance/seano_ca_ws/src/seano_vision) by extensions ['ignore', 'ignore_ament_install']
[0.849s] Level 1:colcon.colcon_core.package_identification:_identify(resource_git/seano-collision-avoidance/seano_ca_ws/src/seano_vision) by extension 'ignore'
[0.849s] Level 1:colcon.colcon_core.package_identification:_identify(resource_git/seano-collision-avoidance/seano_ca_ws/src/seano_vision) by extension 'ignore_ament_install'
[0.849s] Level 1:colcon.colcon_core.package_identification:_identify(resource_git/seano-collision-avoidance/seano_ca_ws/src/seano_vision) by extensions ['colcon_pkg']
[0.849s] Level 1:colcon.colcon_core.package_identification:_identify(resource_git/seano-collision-avoidance/seano_ca_ws/src/seano_vision) by extension 'colcon_pkg'
[0.849s] Level 1:colcon.colcon_core.package_identification:_identify(resource_git/seano-collision-avoidance/seano_ca_ws/src/seano_vision) by extensions ['colcon_meta']
[0.849s] Level 1:colcon.colcon_core.package_identification:_identify(resource_git/seano-collision-avoidance/seano_ca_ws/src/seano_vision) by extension 'colcon_meta'
[0.850s] Level 1:colcon.colcon_core.package_identification:_identify(resource_git/seano-collision-avoidance/seano_ca_ws/src/seano_vision) by extensions ['ros']
[0.850s] Level 1:colcon.colcon_core.package_identification:_identify(resource_git/seano-collision-avoidance/seano_ca_ws/src/seano_vision) by extension 'ros'
[0.853s] DEBUG:colcon.colcon_core.package_identification:Package 'resource_git/seano-collision-avoidance/seano_ca_ws/src/seano_vision' with type 'ros.ament_python' and name 'seano_vision'
[0.853s] Level 1:colcon.colcon_core.package_identification:_identify(resource_git/seano-collision-avoidance/tools) by extensions ['ignore', 'ignore_ament_install']
[0.853s] Level 1:colcon.colcon_core.package_identification:_identify(resource_git/seano-collision-avoidance/tools) by extension 'ignore'
[0.853s] Level 1:colcon.colcon_core.package_identification:_identify(resource_git/seano-collision-avoidance/tools) by extension 'ignore_ament_install'
[0.854s] Level 1:colcon.colcon_core.package_identification:_identify(resource_git/seano-collision-avoidance/tools) by extensions ['colcon_pkg']
[0.854s] Level 1:colcon.colcon_core.package_identification:_identify(resource_git/seano-collision-avoidance/tools) by extension 'colcon_pkg'
[0.854s] Level 1:colcon.colcon_core.package_identification:_identify(resource_git/seano-collision-avoidance/tools) by extensions ['colcon_meta']
[0.854s] Level 1:colcon.colcon_core.package_identification:_identify(resource_git/seano-collision-avoidance/tools) by extension 'colcon_meta'
[0.854s] Level 1:colcon.colcon_core.package_identification:_identify(resource_git/seano-collision-avoidance/tools) by extensions ['ros']
[0.854s] Level 1:colcon.colcon_core.package_identification:_identify(resource_git/seano-collision-avoidance/tools) by extension 'ros'
[0.854s] Level 1:colcon.colcon_core.package_identification:_identify(resource_git/seano-collision-avoidance/tools) by extensions ['cmake', 'python']
[0.854s] Level 1:colcon.colcon_core.package_identification:_identify(resource_git/seano-collision-avoidance/tools) by extension 'cmake'
[0.855s] Level 1:colcon.colcon_core.package_identification:_identify(resource_git/seano-collision-avoidance/tools) by extension 'python'
[0.855s] Level 1:colcon.colcon_core.package_identification:_identify(resource_git/seano-collision-avoidance/tools) by extensions ['python_setup_py']
[0.855s] Level 1:colcon.colcon_core.package_identification:_identify(resource_git/seano-collision-avoidance/tools) by extension 'python_setup_py'
[0.855s] Level 1:colcon.colcon_core.package_identification:_identify(resource_git/seano-logger) by extensions ['ignore', 'ignore_ament_install']
[0.855s] Level 1:colcon.colcon_core.package_identification:_identify(resource_git/seano-logger) by extension 'ignore'
[0.855s] Level 1:colcon.colcon_core.package_identification:_identify(resource_git/seano-logger) by extension 'ignore_ament_install'
[0.855s] Level 1:colcon.colcon_core.package_identification:_identify(resource_git/seano-logger) by extensions ['colcon_pkg']
[0.856s] Level 1:colcon.colcon_core.package_identification:_identify(resource_git/seano-logger) by extension 'colcon_pkg'
[0.856s] Level 1:colcon.colcon_core.package_identification:_identify(resource_git/seano-logger) by extensions ['colcon_meta']
[0.856s] Level 1:colcon.colcon_core.package_identification:_identify(resource_git/seano-logger) by extension 'colcon_meta'
[0.856s] Level 1:colcon.colcon_core.package_identification:_identify(resource_git/seano-logger) by extensions ['ros']
[0.856s] Level 1:colcon.colcon_core.package_identification:_identify(resource_git/seano-logger) by extension 'ros'
[0.856s] Level 1:colcon.colcon_core.package_identification:_identify(resource_git/seano-logger) by extensions ['cmake', 'python']
[0.856s] Level 1:colcon.colcon_core.package_identification:_identify(resource_git/seano-logger) by extension 'cmake'
[0.856s] Level 1:colcon.colcon_core.package_identification:_identify(resource_git/seano-logger) by extension 'python'
[0.857s] Level 1:colcon.colcon_core.package_identification:_identify(resource_git/seano-logger) by extensions ['python_setup_py']
[0.857s] Level 1:colcon.colcon_core.package_identification:_identify(resource_git/seano-logger) by extension 'python_setup_py'
[0.857s] Level 1:colcon.colcon_core.package_identification:_identify(resource_git/seano-logger/build) by extensions ['ignore', 'ignore_ament_install']
[0.857s] Level 1:colcon.colcon_core.package_identification:_identify(resource_git/seano-logger/build) by extension 'ignore'
[0.857s] Level 1:colcon.colcon_core.package_identification:_identify(resource_git/seano-logger/build) ignored
[0.857s] Level 1:colcon.colcon_core.package_identification:_identify(resource_git/seano-logger/install) by extensions ['ignore', 'ignore_ament_install']
[0.858s] Level 1:colcon.colcon_core.package_identification:_identify(resource_git/seano-logger/install) by extension 'ignore'
[0.858s] Level 1:colcon.colcon_core.package_identification:_identify(resource_git/seano-logger/install) ignored
[0.858s] Level 1:colcon.colcon_core.package_identification:_identify(resource_git/seano-logger/log) by extensions ['ignore', 'ignore_ament_install']
[0.858s] Level 1:colcon.colcon_core.package_identification:_identify(resource_git/seano-logger/log) by extension 'ignore'
[0.858s] Level 1:colcon.colcon_core.package_identification:_identify(resource_git/seano-logger/log) ignored
[0.859s] Level 1:colcon.colcon_core.package_identification:_identify(resource_git/seano-logger/src) by extensions ['ignore', 'ignore_ament_install']
[0.859s] Level 1:colcon.colcon_core.package_identification:_identify(resource_git/seano-logger/src) by extension 'ignore'
[0.859s] Level 1:colcon.colcon_core.package_identification:_identify(resource_git/seano-logger/src) by extension 'ignore_ament_install'
[0.859s] Level 1:colcon.colcon_core.package_identification:_identify(resource_git/seano-logger/src) by extensions ['colcon_pkg']
[0.859s] Level 1:colcon.colcon_core.package_identification:_identify(resource_git/seano-logger/src) by extension 'colcon_pkg'
[0.859s] Level 1:colcon.colcon_core.package_identification:_identify(resource_git/seano-logger/src) by extensions ['colcon_meta']
[0.859s] Level 1:colcon.colcon_core.package_identification:_identify(resource_git/seano-logger/src) by extension 'colcon_meta'
[0.859s] Level 1:colcon.colcon_core.package_identification:_identify(resource_git/seano-logger/src) by extensions ['ros']
[0.860s] Level 1:colcon.colcon_core.package_identification:_identify(resource_git/seano-logger/src) by extension 'ros'
[0.860s] Level 1:colcon.colcon_core.package_identification:_identify(resource_git/seano-logger/src) by extensions ['cmake', 'python']
[0.860s] Level 1:colcon.colcon_core.package_identification:_identify(resource_git/seano-logger/src) by extension 'cmake'
[0.860s] Level 1:colcon.colcon_core.package_identification:_identify(resource_git/seano-logger/src) by extension 'python'
[0.860s] Level 1:colcon.colcon_core.package_identification:_identify(resource_git/seano-logger/src) by extensions ['python_setup_py']
[0.860s] Level 1:colcon.colcon_core.package_identification:_identify(resource_git/seano-logger/src) by extension 'python_setup_py'
[0.860s] Level 1:colcon.colcon_core.package_identification:_identify(resource_git/seano-logger/src/build) by extensions ['ignore', 'ignore_ament_install']
[0.861s] Level 1:colcon.colcon_core.package_identification:_identify(resource_git/seano-logger/src/build) by extension 'ignore'
[0.861s] Level 1:colcon.colcon_core.package_identification:_identify(resource_git/seano-logger/src/build) ignored
[0.861s] Level 1:colcon.colcon_core.package_identification:_identify(resource_git/seano-logger/src/install) by extensions ['ignore', 'ignore_ament_install']
[0.861s] Level 1:colcon.colcon_core.package_identification:_identify(resource_git/seano-logger/src/install) by extension 'ignore'
[0.861s] Level 1:colcon.colcon_core.package_identification:_identify(resource_git/seano-logger/src/install) ignored
[0.862s] Level 1:colcon.colcon_core.package_identification:_identify(resource_git/seano-logger/src/log) by extensions ['ignore', 'ignore_ament_install']
[0.862s] Level 1:colcon.colcon_core.package_identification:_identify(resource_git/seano-logger/src/log) by extension 'ignore'
[0.862s] Level 1:colcon.colcon_core.package_identification:_identify(resource_git/seano-logger/src/log) ignored
[0.862s] Level 1:colcon.colcon_core.package_identification:_identify(resource_git/seano-logger/src/seano_logger) by extensions ['ignore', 'ignore_ament_install']
[0.862s] Level 1:colcon.colcon_core.package_identification:_identify(resource_git/seano-logger/src/seano_logger) by extension 'ignore'
[0.862s] Level 1:colcon.colcon_core.package_identification:_identify(resource_git/seano-logger/src/seano_logger) by extension 'ignore_ament_install'
[0.863s] Level 1:colcon.colcon_core.package_identification:_identify(resource_git/seano-logger/src/seano_logger) by extensions ['colcon_pkg']
[0.863s] Level 1:colcon.colcon_core.package_identification:_identify(resource_git/seano-logger/src/seano_logger) by extension 'colcon_pkg'
[0.863s] Level 1:colcon.colcon_core.package_identification:_identify(resource_git/seano-logger/src/seano_logger) by extensions ['colcon_meta']
[0.863s] Level 1:colcon.colcon_core.package_identification:_identify(resource_git/seano-logger/src/seano_logger) by extension 'colcon_meta'
[0.863s] Level 1:colcon.colcon_core.package_identification:_identify(resource_git/seano-logger/src/seano_logger) by extensions ['ros']
[0.863s] Level 1:colcon.colcon_core.package_identification:_identify(resource_git/seano-logger/src/seano_logger) by extension 'ros'
[0.864s] DEBUG:colcon.colcon_core.package_identification:Package 'resource_git/seano-logger/src/seano_logger' with type 'ros.ament_python' and name 'seano_logger'
[0.865s] Level 1:colcon.colcon_core.package_identification:_identify(resource_git/seano-logger/src/seano_sensors) by extensions ['ignore', 'ignore_ament_install']
[0.865s] Level 1:colcon.colcon_core.package_identification:_identify(resource_git/seano-logger/src/seano_sensors) by extension 'ignore'
[0.865s] Level 1:colcon.colcon_core.package_identification:_identify(resource_git/seano-logger/src/seano_sensors) by extension 'ignore_ament_install'
[0.865s] Level 1:colcon.colcon_core.package_identification:_identify(resource_git/seano-logger/src/seano_sensors) by extensions ['colcon_pkg']
[0.865s] Level 1:colcon.colcon_core.package_identification:_identify(resource_git/seano-logger/src/seano_sensors) by extension 'colcon_pkg'
[0.866s] Level 1:colcon.colcon_core.package_identification:_identify(resource_git/seano-logger/src/seano_sensors) by extensions ['colcon_meta']
[0.866s] Level 1:colcon.colcon_core.package_identification:_identify(resource_git/seano-logger/src/seano_sensors) by extension 'colcon_meta'
[0.866s] Level 1:colcon.colcon_core.package_identification:_identify(resource_git/seano-logger/src/seano_sensors) by extensions ['ros']
[0.866s] Level 1:colcon.colcon_core.package_identification:_identify(resource_git/seano-logger/src/seano_sensors) by extension 'ros'
[0.867s] DEBUG:colcon.colcon_core.package_identification:Package 'resource_git/seano-logger/src/seano_sensors' with type 'ros.ament_python' and name 'seano_sensors'
[0.867s] Level 1:colcon.colcon_core.package_identification:_identify(src) by extensions ['ignore', 'ignore_ament_install']
[0.867s] Level 1:colcon.colcon_core.package_identification:_identify(src) by extension 'ignore'
[0.868s] Level 1:colcon.colcon_core.package_identification:_identify(src) by extension 'ignore_ament_install'
[0.868s] Level 1:colcon.colcon_core.package_identification:_identify(src) by extensions ['colcon_pkg']
[0.868s] Level 1:colcon.colcon_core.package_identification:_identify(src) by extension 'colcon_pkg'
[0.868s] Level 1:colcon.colcon_core.package_identification:_identify(src) by extensions ['colcon_meta']
[0.868s] Level 1:colcon.colcon_core.package_identification:_identify(src) by extension 'colcon_meta'
[0.868s] Level 1:colcon.colcon_core.package_identification:_identify(src) by extensions ['ros']
[0.868s] Level 1:colcon.colcon_core.package_identification:_identify(src) by extension 'ros'
[0.868s] Level 1:colcon.colcon_core.package_identification:_identify(src) by extensions ['cmake', 'python']
[0.869s] Level 1:colcon.colcon_core.package_identification:_identify(src) by extension 'cmake'
[0.869s] Level 1:colcon.colcon_core.package_identification:_identify(src) by extension 'python'
[0.869s] Level 1:colcon.colcon_core.package_identification:_identify(src) by extensions ['python_setup_py']
[0.869s] Level 1:colcon.colcon_core.package_identification:_identify(src) by extension 'python_setup_py'
[0.869s] Level 1:colcon.colcon_core.package_identification:_identify(src/seano_cam) by extensions ['ignore', 'ignore_ament_install']
[0.869s] Level 1:colcon.colcon_core.package_identification:_identify(src/seano_cam) by extension 'ignore'
[0.869s] Level 1:colcon.colcon_core.package_identification:_identify(src/seano_cam) by extension 'ignore_ament_install'
[0.870s] Level 1:colcon.colcon_core.package_identification:_identify(src/seano_cam) by extensions ['colcon_pkg']
[0.870s] Level 1:colcon.colcon_core.package_identification:_identify(src/seano_cam) by extension 'colcon_pkg'
[0.870s] Level 1:colcon.colcon_core.package_identification:_identify(src/seano_cam) by extensions ['colcon_meta']
[0.870s] Level 1:colcon.colcon_core.package_identification:_identify(src/seano_cam) by extension 'colcon_meta'
[0.870s] Level 1:colcon.colcon_core.package_identification:_identify(src/seano_cam) by extensions ['ros']
[0.870s] Level 1:colcon.colcon_core.package_identification:_identify(src/seano_cam) by extension 'ros'
[0.893s] DEBUG:colcon.colcon_core.package_identification:Package 'src/seano_cam' with type 'ros.ament_python' and name 'seano_cam'
[0.893s] Level 1:colcon.colcon_core.package_identification:_identify(src/seano_command) by extensions ['ignore', 'ignore_ament_install']
[0.893s] Level 1:colcon.colcon_core.package_identification:_identify(src/seano_command) by extension 'ignore'
[0.893s] Level 1:colcon.colcon_core.package_identification:_identify(src/seano_command) by extension 'ignore_ament_install'
[0.893s] Level 1:colcon.colcon_core.package_identification:_identify(src/seano_command) by extensions ['colcon_pkg']
[0.894s] Level 1:colcon.colcon_core.package_identification:_identify(src/seano_command) by extension 'colcon_pkg'
[0.894s] Level 1:colcon.colcon_core.package_identification:_identify(src/seano_command) by extensions ['colcon_meta']
[0.894s] Level 1:colcon.colcon_core.package_identification:_identify(src/seano_command) by extension 'colcon_meta'
[0.894s] Level 1:colcon.colcon_core.package_identification:_identify(src/seano_command) by extensions ['ros']
[0.894s] Level 1:colcon.colcon_core.package_identification:_identify(src/seano_command) by extension 'ros'
[0.896s] DEBUG:colcon.colcon_core.package_identification:Package 'src/seano_command' with type 'ros.ament_python' and name 'seano_command'
[0.896s] Level 1:colcon.colcon_core.package_identification:_identify(src/seano_communication) by extensions ['ignore', 'ignore_ament_install']
[0.897s] Level 1:colcon.colcon_core.package_identification:_identify(src/seano_communication) by extension 'ignore'
[0.897s] Level 1:colcon.colcon_core.package_identification:_identify(src/seano_communication) by extension 'ignore_ament_install'
[0.897s] Level 1:colcon.colcon_core.package_identification:_identify(src/seano_communication) by extensions ['colcon_pkg']
[0.897s] Level 1:colcon.colcon_core.package_identification:_identify(src/seano_communication) by extension 'colcon_pkg'
[0.897s] Level 1:colcon.colcon_core.package_identification:_identify(src/seano_communication) by extensions ['colcon_meta']
[0.897s] Level 1:colcon.colcon_core.package_identification:_identify(src/seano_communication) by extension 'colcon_meta'
[0.897s] Level 1:colcon.colcon_core.package_identification:_identify(src/seano_communication) by extensions ['ros']
[0.897s] Level 1:colcon.colcon_core.package_identification:_identify(src/seano_communication) by extension 'ros'
[0.899s] DEBUG:colcon.colcon_core.package_identification:Package 'src/seano_communication' with type 'ros.ament_python' and name 'seano_communication'
[0.900s] Level 1:colcon.colcon_core.package_identification:_identify(src/seano_failsafe) by extensions ['ignore', 'ignore_ament_install']
[0.900s] Level 1:colcon.colcon_core.package_identification:_identify(src/seano_failsafe) by extension 'ignore'
[0.900s] Level 1:colcon.colcon_core.package_identification:_identify(src/seano_failsafe) by extension 'ignore_ament_install'
[0.900s] Level 1:colcon.colcon_core.package_identification:_identify(src/seano_failsafe) by extensions ['colcon_pkg']
[0.900s] Level 1:colcon.colcon_core.package_identification:_identify(src/seano_failsafe) by extension 'colcon_pkg'
[0.900s] Level 1:colcon.colcon_core.package_identification:_identify(src/seano_failsafe) by extensions ['colcon_meta']
[0.901s] Level 1:colcon.colcon_core.package_identification:_identify(src/seano_failsafe) by extension 'colcon_meta'
[0.901s] Level 1:colcon.colcon_core.package_identification:_identify(src/seano_failsafe) by extensions ['ros']
[0.901s] Level 1:colcon.colcon_core.package_identification:_identify(src/seano_failsafe) by extension 'ros'
[0.903s] DEBUG:colcon.colcon_core.package_identification:Package 'src/seano_failsafe' with type 'ros.ament_python' and name 'seano_failsafe'
[0.903s] Level 1:colcon.colcon_core.package_identification:_identify(src/seano_logging) by extensions ['ignore', 'ignore_ament_install']
[0.904s] Level 1:colcon.colcon_core.package_identification:_identify(src/seano_logging) by extension 'ignore'
[0.904s] Level 1:colcon.colcon_core.package_identification:_identify(src/seano_logging) by extension 'ignore_ament_install'
[0.904s] Level 1:colcon.colcon_core.package_identification:_identify(src/seano_logging) by extensions ['colcon_pkg']
[0.904s] Level 1:colcon.colcon_core.package_identification:_identify(src/seano_logging) by extension 'colcon_pkg'
[0.904s] Level 1:colcon.colcon_core.package_identification:_identify(src/seano_logging) by extensions ['colcon_meta']
[0.904s] Level 1:colcon.colcon_core.package_identification:_identify(src/seano_logging) by extension 'colcon_meta'
[0.904s] Level 1:colcon.colcon_core.package_identification:_identify(src/seano_logging) by extensions ['ros']
[0.904s] Level 1:colcon.colcon_core.package_identification:_identify(src/seano_logging) by extension 'ros'
[0.907s] DEBUG:colcon.colcon_core.package_identification:Package 'src/seano_logging' with type 'ros.ament_python' and name 'seano_logging'
[0.907s] Level 1:colcon.colcon_core.package_identification:_identify(src/seano_mqtt_bridge) by extensions ['ignore', 'ignore_ament_install']
[0.907s] Level 1:colcon.colcon_core.package_identification:_identify(src/seano_mqtt_bridge) by extension 'ignore'
[0.907s] Level 1:colcon.colcon_core.package_identification:_identify(src/seano_mqtt_bridge) by extension 'ignore_ament_install'
[0.907s] Level 1:colcon.colcon_core.package_identification:_identify(src/seano_mqtt_bridge) by extensions ['colcon_pkg']
[0.907s] Level 1:colcon.colcon_core.package_identification:_identify(src/seano_mqtt_bridge) by extension 'colcon_pkg'
[0.908s] Level 1:colcon.colcon_core.package_identification:_identify(src/seano_mqtt_bridge) by extensions ['colcon_meta']
[0.908s] Level 1:colcon.colcon_core.package_identification:_identify(src/seano_mqtt_bridge) by extension 'colcon_meta'
[0.908s] Level 1:colcon.colcon_core.package_identification:_identify(src/seano_mqtt_bridge) by extensions ['ros']
[0.908s] Level 1:colcon.colcon_core.package_identification:_identify(src/seano_mqtt_bridge) by extension 'ros'
[0.909s] DEBUG:colcon.colcon_core.package_identification:Package 'src/seano_mqtt_bridge' with type 'ros.ament_python' and name 'seano_mqtt_bridge'
[0.909s] Level 1:colcon.colcon_core.package_identification:_identify(src/seano_startup) by extensions ['ignore', 'ignore_ament_install']
[0.910s] Level 1:colcon.colcon_core.package_identification:_identify(src/seano_startup) by extension 'ignore'
[0.910s] Level 1:colcon.colcon_core.package_identification:_identify(src/seano_startup) by extension 'ignore_ament_install'
[0.910s] Level 1:colcon.colcon_core.package_identification:_identify(src/seano_startup) by extensions ['colcon_pkg']
[0.910s] Level 1:colcon.colcon_core.package_identification:_identify(src/seano_startup) by extension 'colcon_pkg'
[0.910s] Level 1:colcon.colcon_core.package_identification:_identify(src/seano_startup) by extensions ['colcon_meta']
[0.910s] Level 1:colcon.colcon_core.package_identification:_identify(src/seano_startup) by extension 'colcon_meta'
[0.910s] Level 1:colcon.colcon_core.package_identification:_identify(src/seano_startup) by extensions ['ros']
[0.910s] Level 1:colcon.colcon_core.package_identification:_identify(src/seano_startup) by extension 'ros'
[0.911s] DEBUG:colcon.colcon_core.package_identification:Package 'src/seano_startup' with type 'ros.ament_python' and name 'seano_startup'
[0.912s] Level 1:colcon.colcon_core.package_identification:_identify(src/seano_telemetry) by extensions ['ignore', 'ignore_ament_install']
[0.912s] Level 1:colcon.colcon_core.package_identification:_identify(src/seano_telemetry) by extension 'ignore'
[0.912s] Level 1:colcon.colcon_core.package_identification:_identify(src/seano_telemetry) by extension 'ignore_ament_install'
[0.912s] Level 1:colcon.colcon_core.package_identification:_identify(src/seano_telemetry) by extensions ['colcon_pkg']
[0.912s] Level 1:colcon.colcon_core.package_identification:_identify(src/seano_telemetry) by extension 'colcon_pkg'
[0.912s] Level 1:colcon.colcon_core.package_identification:_identify(src/seano_telemetry) by extensions ['colcon_meta']
[0.913s] Level 1:colcon.colcon_core.package_identification:_identify(src/seano_telemetry) by extension 'colcon_meta'
[0.913s] Level 1:colcon.colcon_core.package_identification:_identify(src/seano_telemetry) by extensions ['ros']
[0.913s] Level 1:colcon.colcon_core.package_identification:_identify(src/seano_telemetry) by extension 'ros'
[0.915s] DEBUG:colcon.colcon_core.package_identification:Package 'src/seano_telemetry' with type 'ros.ament_python' and name 'seano_telemetry'
[0.915s] Level 1:colcon.colcon_core.package_discovery:discover_packages(recursive) using defaults
[0.915s] Level 1:colcon.colcon_core.package_discovery:discover_packages(ignore) discover
[0.915s] Level 1:colcon.colcon_core.package_discovery:discover_packages(ignore) using defaults
[0.915s] Level 1:colcon.colcon_core.package_discovery:discover_packages(path) discover
[0.915s] Level 1:colcon.colcon_core.package_discovery:discover_packages(path) using defaults
[1.026s] INFO:colcon.colcon_core.package_selection:Skipping not selected package 'seano_anti_theft' in 'resource_git/seano-anti-theft'
[1.026s] INFO:colcon.colcon_core.package_selection:Skipping not selected package 'seano_cam' in 'src/seano_cam'
[1.027s] INFO:colcon.colcon_core.package_selection:Skipping not selected package 'seano_command' in 'src/seano_command'
[1.027s] INFO:colcon.colcon_core.package_selection:Skipping not selected package 'seano_communication' in 'src/seano_communication'
[1.027s] INFO:colcon.colcon_core.package_selection:Skipping not selected package 'seano_failsafe' in 'src/seano_failsafe'
[1.027s] INFO:colcon.colcon_core.package_selection:Skipping not selected package 'seano_logger' in 'resource_git/seano-logger/src/seano_logger'
[1.027s] INFO:colcon.colcon_core.package_selection:Skipping not selected package 'seano_logging' in 'src/seano_logging'
[1.027s] INFO:colcon.colcon_core.package_selection:Skipping not selected package 'seano_sensors' in 'resource_git/seano-logger/src/seano_sensors'
[1.027s] INFO:colcon.colcon_core.package_selection:Skipping not selected package 'seano_startup' in 'src/seano_startup'
[1.027s] INFO:colcon.colcon_core.package_selection:Skipping not selected package 'seano_telemetry' in 'src/seano_telemetry'
[1.027s] INFO:colcon.colcon_core.package_selection:Skipping not selected package 'seano_vision' in 'resource_git/seano-collision-avoidance/seano_ca_ws/src/seano_vision'
[1.028s] Level 1:colcon.colcon_core.package_discovery:discover_packages(prefix_path) check parameters
[1.028s] Level 1:colcon.colcon_core.package_discovery:discover_packages(prefix_path) discover
[1.034s] DEBUG:colcon.colcon_installed_package_information.package_discovery:Found 8 installed packages in /home/seano/Seano_ws/install
[1.036s] DEBUG:colcon.colcon_installed_package_information.package_discovery:Found 10 installed packages in /home/seano/seano_ws/install
[1.039s] DEBUG:colcon.colcon_installed_package_information.package_discovery:Found 283 installed packages in /opt/ros/humble
[1.042s] Level 1:colcon.colcon_core.package_discovery:discover_packages(prefix_path) using defaults
[1.135s] Level 5:colcon.colcon_core.verb:set package 'seano_mqtt_bridge' build argument 'cmake_args' from command line to 'None'
[1.135s] Level 5:colcon.colcon_core.verb:set package 'seano_mqtt_bridge' build argument 'cmake_target' from command line to 'None'
[1.136s] Level 5:colcon.colcon_core.verb:set package 'seano_mqtt_bridge' build argument 'cmake_target_skip_unavailable' from command line to 'False'
[1.136s] Level 5:colcon.colcon_core.verb:set package 'seano_mqtt_bridge' build argument 'cmake_clean_cache' from command line to 'False'
[1.136s] Level 5:colcon.colcon_core.verb:set package 'seano_mqtt_bridge' build argument 'cmake_clean_first' from command line to 'False'
[1.136s] Level 5:colcon.colcon_core.verb:set package 'seano_mqtt_bridge' build argument 'cmake_force_configure' from command line to 'False'
[1.136s] Level 5:colcon.colcon_core.verb:set package 'seano_mqtt_bridge' build argument 'ament_cmake_args' from command line to 'None'
[1.136s] Level 5:colcon.colcon_core.verb:set package 'seano_mqtt_bridge' build argument 'catkin_cmake_args' from command line to 'None'
[1.136s] Level 5:colcon.colcon_core.verb:set package 'seano_mqtt_bridge' build argument 'catkin_skip_building_tests' from command line to 'False'
[1.136s] DEBUG:colcon.colcon_core.verb:Building package 'seano_mqtt_bridge' with the following arguments: {'ament_cmake_args': None, 'build_base': '/home/seano/Seano_ws/build/seano_mqtt_bridge', 'catkin_cmake_args': None, 'catkin_skip_building_tests': False, 'cmake_args': None, 'cmake_clean_cache': False, 'cmake_clean_first': False, 'cmake_force_configure': False, 'cmake_target': None, 'cmake_target_skip_unavailable': False, 'install_base': '/home/seano/Seano_ws/install/seano_mqtt_bridge', 'merge_install': False, 'path': '/home/seano/Seano_ws/src/seano_mqtt_bridge', 'symlink_install': False, 'test_result_base': None}
[1.136s] INFO:colcon.colcon_core.executor:Executing jobs using 'parallel' executor
[1.140s] DEBUG:colcon.colcon_parallel_executor.executor.parallel:run_until_complete
[1.141s] INFO:colcon.colcon_ros.task.ament_python.build:Building ROS package in '/home/seano/Seano_ws/src/seano_mqtt_bridge' with build type 'ament_python'
[1.141s] Level 1:colcon.colcon_core.shell:create_environment_hook('seano_mqtt_bridge', 'ament_prefix_path')
[1.148s] INFO:colcon.colcon_core.plugin_system:Skipping extension 'colcon_core.shell.bat': Not used on non-Windows systems
[1.148s] INFO:colcon.colcon_core.shell:Creating environment hook '/home/seano/Seano_ws/install/seano_mqtt_bridge/share/seano_mqtt_bridge/hook/ament_prefix_path.ps1'
[1.151s] INFO:colcon.colcon_core.shell:Creating environment descriptor '/home/seano/Seano_ws/install/seano_mqtt_bridge/share/seano_mqtt_bridge/hook/ament_prefix_path.dsv'
[1.152s] INFO:colcon.colcon_core.shell:Creating environment hook '/home/seano/Seano_ws/install/seano_mqtt_bridge/share/seano_mqtt_bridge/hook/ament_prefix_path.sh'
[1.154s] INFO:colcon.colcon_core.shell:Skip shell extension 'powershell' for command environment: Not usable outside of PowerShell
[1.154s] DEBUG:colcon.colcon_core.shell:Skip shell extension 'dsv' for command environment
[1.913s] INFO:colcon.colcon_core.task.python.build:Building Python package in '/home/seano/Seano_ws/src/seano_mqtt_bridge'
[1.914s] INFO:colcon.colcon_core.shell:Skip shell extension 'powershell' for command environment: Not usable outside of PowerShell
[1.915s] DEBUG:colcon.colcon_core.shell:Skip shell extension 'dsv' for command environment
[2.974s] DEBUG:colcon.colcon_core.event_handler.log_command:Invoking command in '/home/seano/Seano_ws/src/seano_mqtt_bridge': PYTHONPATH=/home/seano/Seano_ws/build/seano_mqtt_bridge/prefix_override:/usr/lib/python3/dist-packages/colcon_core/task/python/colcon_distutils_commands:/home/seano/Seano_ws/install/seano_mqtt_bridge/lib/python3.10/site-packages:${PYTHONPATH} /usr/bin/python3 -W ignore:setup.py install is deprecated -W ignore:easy_install command is deprecated setup.py egg_info --egg-base ../../build/seano_mqtt_bridge build --build-base /home/seano/Seano_ws/build/seano_mqtt_bridge/build install --record /home/seano/Seano_ws/build/seano_mqtt_bridge/install.log --single-version-externally-managed install_data
[3.870s] DEBUG:colcon.colcon_core.event_handler.log_command:Invoked command in '/home/seano/Seano_ws/src/seano_mqtt_bridge' returned '0': PYTHONPATH=/home/seano/Seano_ws/build/seano_mqtt_bridge/prefix_override:/usr/lib/python3/dist-packages/colcon_core/task/python/colcon_distutils_commands:/home/seano/Seano_ws/install/seano_mqtt_bridge/lib/python3.10/site-packages:${PYTHONPATH} /usr/bin/python3 -W ignore:setup.py install is deprecated -W ignore:easy_install command is deprecated setup.py egg_info --egg-base ../../build/seano_mqtt_bridge build --build-base /home/seano/Seano_ws/build/seano_mqtt_bridge/build install --record /home/seano/Seano_ws/build/seano_mqtt_bridge/install.log --single-version-externally-managed install_data
[3.883s] Level 1:colcon.colcon_core.environment:checking '/home/seano/Seano_ws/install/seano_mqtt_bridge' for CMake module files
[3.886s] Level 1:colcon.colcon_core.environment:checking '/home/seano/Seano_ws/install/seano_mqtt_bridge' for CMake config files
[3.891s] Level 1:colcon.colcon_core.environment:checking '/home/seano/Seano_ws/install/seano_mqtt_bridge/lib'
[3.892s] Level 1:colcon.colcon_core.environment:checking '/home/seano/Seano_ws/install/seano_mqtt_bridge/bin'
[3.892s] Level 1:colcon.colcon_core.environment:checking '/home/seano/Seano_ws/install/seano_mqtt_bridge/lib/pkgconfig/seano_mqtt_bridge.pc'
[3.893s] Level 1:colcon.colcon_core.environment:checking '/home/seano/Seano_ws/install/seano_mqtt_bridge/lib/python3.10/site-packages'
[3.894s] Level 1:colcon.colcon_core.shell:create_environment_hook('seano_mqtt_bridge', 'pythonpath')
[3.895s] INFO:colcon.colcon_core.shell:Creating environment hook '/home/seano/Seano_ws/install/seano_mqtt_bridge/share/seano_mqtt_bridge/hook/pythonpath.ps1'
[3.899s] INFO:colcon.colcon_core.shell:Creating environment descriptor '/home/seano/Seano_ws/install/seano_mqtt_bridge/share/seano_mqtt_bridge/hook/pythonpath.dsv'
[3.901s] INFO:colcon.colcon_core.shell:Creating environment hook '/home/seano/Seano_ws/install/seano_mqtt_bridge/share/seano_mqtt_bridge/hook/pythonpath.sh'
[3.904s] Level 1:colcon.colcon_core.environment:checking '/home/seano/Seano_ws/install/seano_mqtt_bridge/bin'
[3.905s] Level 1:colcon.colcon_core.environment:create_environment_scripts_only(seano_mqtt_bridge)
[3.907s] INFO:colcon.colcon_core.shell:Creating package script '/home/seano/Seano_ws/install/seano_mqtt_bridge/share/seano_mqtt_bridge/package.ps1'
[3.911s] INFO:colcon.colcon_core.shell:Creating package descriptor '/home/seano/Seano_ws/install/seano_mqtt_bridge/share/seano_mqtt_bridge/package.dsv'
[3.913s] INFO:colcon.colcon_core.shell:Creating package script '/home/seano/Seano_ws/install/seano_mqtt_bridge/share/seano_mqtt_bridge/package.sh'
[3.916s] INFO:colcon.colcon_core.shell:Creating package script '/home/seano/Seano_ws/install/seano_mqtt_bridge/share/seano_mqtt_bridge/package.bash'
[3.919s] INFO:colcon.colcon_core.shell:Creating package script '/home/seano/Seano_ws/install/seano_mqtt_bridge/share/seano_mqtt_bridge/package.zsh'
[3.922s] Level 1:colcon.colcon_core.environment:create_file_with_runtime_dependencies(/home/seano/Seano_ws/install/seano_mqtt_bridge/share/colcon-core/packages/seano_mqtt_bridge)
[3.924s] DEBUG:colcon.colcon_parallel_executor.executor.parallel:closing loop
[3.927s] DEBUG:colcon.colcon_parallel_executor.executor.parallel:loop closed
[3.928s] DEBUG:colcon.colcon_parallel_executor.executor.parallel:run_until_complete finished with '0'
[3.929s] DEBUG:colcon.colcon_core.event_reactor:joining thread
[3.960s] INFO:colcon.colcon_core.plugin_system:Skipping extension 'colcon_notification.desktop_notification.terminal_notifier': Not used on non-Darwin systems
[3.961s] INFO:colcon.colcon_core.plugin_system:Skipping extension 'colcon_notification.desktop_notification.win32': Not used on non-Windows systems
[3.961s] INFO:colcon.colcon_notification.desktop_notification:Sending desktop notification using 'notify2'
[4.019s] DEBUG:colcon.colcon_core.event_reactor:joined thread
[4.023s] INFO:colcon.colcon_core.shell:Creating prefix script '/home/seano/Seano_ws/install/local_setup.ps1'
[4.029s] INFO:colcon.colcon_core.shell:Creating prefix util module '/home/seano/Seano_ws/install/_local_setup_util_ps1.py'
[4.035s] INFO:colcon.colcon_core.shell:Creating prefix chain script '/home/seano/Seano_ws/install/setup.ps1'
[4.045s] INFO:colcon.colcon_core.shell:Creating prefix script '/home/seano/Seano_ws/install/local_setup.sh'
[4.047s] INFO:colcon.colcon_core.shell:Creating prefix util module '/home/seano/Seano_ws/install/_local_setup_util_sh.py'
[4.050s] INFO:colcon.colcon_core.shell:Creating prefix chain script '/home/seano/Seano_ws/install/setup.sh'
[4.057s] INFO:colcon.colcon_core.shell:Creating prefix script '/home/seano/Seano_ws/install/local_setup.bash'
[4.059s] INFO:colcon.colcon_core.shell:Creating prefix chain script '/home/seano/Seano_ws/install/setup.bash'
[4.065s] INFO:colcon.colcon_core.shell:Creating prefix script '/home/seano/Seano_ws/install/local_setup.zsh'
[4.067s] INFO:colcon.colcon_core.shell:Creating prefix chain script '/home/seano/Seano_ws/install/setup.zsh'
