[3.857s] Invoking command in '/home/seano/Seano_ws/build/seano_startup': PYTHONPATH=/home/seano/Seano_ws/build/seano_startup/prefix_override:/usr/lib/python3/dist-packages/colcon_core/task/python/colcon_distutils_commands:/home/seano/Seano_ws/install/seano_startup/lib/python3.10/site-packages:${PYTHONPATH} /usr/bin/python3 -W ignore:setup.py install is deprecated -W ignore:easy_install command is deprecated setup.py develop --editable --build-directory /home/seano/Seano_ws/build/seano_startup/build --no-deps symlink_data --force
[4.600s] running develop
[5.019s] running egg_info
[5.020s] writing seano_startup.egg-info/PKG-INFO
[5.029s] writing dependency_links to seano_startup.egg-info/dependency_links.txt
[5.029s] writing entry points to seano_startup.egg-info/entry_points.txt
[5.029s] writing requirements to seano_startup.egg-info/requires.txt
[5.029s] writing top-level names to seano_startup.egg-info/top_level.txt
[5.031s] reading manifest file 'seano_startup.egg-info/SOURCES.txt'
[5.032s] writing manifest file 'seano_startup.egg-info/SOURCES.txt'
[5.039s] running build_ext
[5.041s] Creating /home/seano/Seano_ws/install/seano_startup/lib/python3.10/site-packages/seano-startup.egg-link (link to .)
[5.046s] 
[5.046s] Installed /home/seano/Seano_ws/build/seano_startup
[5.046s] running symlink_data
[5.046s] symbolically linking /home/seano/Seano_ws/build/seano_startup/resource/seano_startup -> /home/seano/Seano_ws/install/seano_startup/share/ament_index/resource_index/packages
[5.046s] symbolically linking /home/seano/Seano_ws/build/seano_startup/package.xml -> /home/seano/Seano_ws/install/seano_startup/share/seano_startup
[5.047s] symbolically linking /home/seano/Seano_ws/build/seano_startup/launch/system.launch.py -> /home/seano/Seano_ws/install/seano_startup/share/seano_startup/launch
[5.047s] symbolically linking /home/seano/Seano_ws/build/seano_startup/config/system.yaml -> /home/seano/Seano_ws/install/seano_startup/share/seano_startup/config
[5.271s] Invoked command in '/home/seano/Seano_ws/build/seano_startup' returned '0': PYTHONPATH=/home/seano/Seano_ws/build/seano_startup/prefix_override:/usr/lib/python3/dist-packages/colcon_core/task/python/colcon_distutils_commands:/home/seano/Seano_ws/install/seano_startup/lib/python3.10/site-packages:${PYTHONPATH} /usr/bin/python3 -W ignore:setup.py install is deprecated -W ignore:easy_install command is deprecated setup.py develop --editable --build-directory /home/seano/Seano_ws/build/seano_startup/build --no-deps symlink_data --force
