running develop
running egg_info
creating seano_telemetry.egg-info
writing seano_telemetry.egg-info/PKG-INFO
writing dependency_links to seano_telemetry.egg-info/dependency_links.txt
writing entry points to seano_telemetry.egg-info/entry_points.txt
writing requirements to seano_telemetry.egg-info/requires.txt
writing top-level names to seano_telemetry.egg-info/top_level.txt
writing manifest file 'seano_telemetry.egg-info/SOURCES.txt'
reading manifest file 'seano_telemetry.egg-info/SOURCES.txt'
writing manifest file 'seano_telemetry.egg-info/SOURCES.txt'
running build_ext
Creating /home/seano/Seano_ws/install/seano_telemetry/lib/python3.10/site-packages/seano-telemetry.egg-link (link to .)
Installing telemetry_node script to /home/seano/Seano_ws/install/seano_telemetry/lib/seano_telemetry

Installed /home/seano/Seano_ws/build/seano_telemetry
running symlink_data
creating /home/seano/Seano_ws/install/seano_telemetry/share/ament_index
creating /home/seano/Seano_ws/install/seano_telemetry/share/ament_index/resource_index
creating /home/seano/Seano_ws/install/seano_telemetry/share/ament_index/resource_index/packages
symbolically linking /home/seano/Seano_ws/build/seano_telemetry/resource/seano_telemetry -> /home/seano/Seano_ws/install/seano_telemetry/share/ament_index/resource_index/packages
symbolically linking /home/seano/Seano_ws/build/seano_telemetry/package.xml -> /home/seano/Seano_ws/install/seano_telemetry/share/seano_telemetry
