[4.553s] Invoking command in '/home/seano/Seano_ws/build/seano_telemetry': PYTHONPATH=/home/seano/Seano_ws/build/seano_telemetry/prefix_override:/usr/lib/python3/dist-packages/colcon_core/task/python/colcon_distutils_commands:/home/seano/Seano_ws/install/seano_telemetry/lib/python3.10/site-packages:${PYTHONPATH} /usr/bin/python3 -W ignore:setup.py install is deprecated -W ignore:easy_install command is deprecated setup.py develop --editable --build-directory /home/seano/Seano_ws/build/seano_telemetry/build --no-deps symlink_data
[5.342s] running develop
[5.742s] running egg_info
[5.744s] creating seano_telemetry.egg-info
[5.745s] writing seano_telemetry.egg-info/PKG-INFO
[5.746s] writing dependency_links to seano_telemetry.egg-info/dependency_links.txt
[5.746s] writing entry points to seano_telemetry.egg-info/entry_points.txt
[5.746s] writing requirements to seano_telemetry.egg-info/requires.txt
[5.746s] writing top-level names to seano_telemetry.egg-info/top_level.txt
[5.746s] writing manifest file 'seano_telemetry.egg-info/SOURCES.txt'
[5.751s] reading manifest file 'seano_telemetry.egg-info/SOURCES.txt'
[5.753s] writing manifest file 'seano_telemetry.egg-info/SOURCES.txt'
[5.759s] running build_ext
[5.759s] Creating /home/seano/Seano_ws/install/seano_telemetry/lib/python3.10/site-packages/seano-telemetry.egg-link (link to .)
[5.762s] Installing telemetry_node script to /home/seano/Seano_ws/install/seano_telemetry/lib/seano_telemetry
[5.763s] 
[5.764s] Installed /home/seano/Seano_ws/build/seano_telemetry
[5.764s] running symlink_data
[5.764s] creating /home/seano/Seano_ws/install/seano_telemetry/share/ament_index
[5.764s] creating /home/seano/Seano_ws/install/seano_telemetry/share/ament_index/resource_index
[5.764s] creating /home/seano/Seano_ws/install/seano_telemetry/share/ament_index/resource_index/packages
[5.764s] symbolically linking /home/seano/Seano_ws/build/seano_telemetry/resource/seano_telemetry -> /home/seano/Seano_ws/install/seano_telemetry/share/ament_index/resource_index/packages
[5.765s] symbolically linking /home/seano/Seano_ws/build/seano_telemetry/package.xml -> /home/seano/Seano_ws/install/seano_telemetry/share/seano_telemetry
[5.968s] Invoked command in '/home/seano/Seano_ws/build/seano_telemetry' returned '0': PYTHONPATH=/home/seano/Seano_ws/build/seano_telemetry/prefix_override:/usr/lib/python3/dist-packages/colcon_core/task/python/colcon_distutils_commands:/home/seano/Seano_ws/install/seano_telemetry/lib/python3.10/site-packages:${PYTHONPATH} /usr/bin/python3 -W ignore:setup.py install is deprecated -W ignore:easy_install command is deprecated setup.py develop --editable --build-directory /home/seano/Seano_ws/build/seano_telemetry/build --no-deps symlink_data
