running develop
running egg_info
creating seano_startup.egg-info
writing seano_startup.egg-info/PKG-INFO
writing dependency_links to seano_startup.egg-info/dependency_links.txt
writing entry points to seano_startup.egg-info/entry_points.txt
writing requirements to seano_startup.egg-info/requires.txt
writing top-level names to seano_startup.egg-info/top_level.txt
writing manifest file 'seano_startup.egg-info/SOURCES.txt'
reading manifest file 'seano_startup.egg-info/SOURCES.txt'
writing manifest file 'seano_startup.egg-info/SOURCES.txt'
running build_ext
Creating /home/seano/Seano_ws/install/seano_startup/lib/python3.10/site-packages/seano-startup.egg-link (link to .)

Installed /home/seano/Seano_ws/build/seano_startup
running symlink_data
creating /home/seano/Seano_ws/install/seano_startup/share/ament_index
creating /home/seano/Seano_ws/install/seano_startup/share/ament_index/resource_index
creating /home/seano/Seano_ws/install/seano_startup/share/ament_index/resource_index/packages
symbolically linking /home/seano/Seano_ws/build/seano_startup/resource/seano_startup -> /home/seano/Seano_ws/install/seano_startup/share/ament_index/resource_index/packages
symbolically linking /home/seano/Seano_ws/build/seano_startup/package.xml -> /home/seano/Seano_ws/install/seano_startup/share/seano_startup
creating /home/seano/Seano_ws/install/seano_startup/share/seano_startup/launch
symbolically linking /home/seano/Seano_ws/build/seano_startup/launch/system.launch.py -> /home/seano/Seano_ws/install/seano_startup/share/seano_startup/launch
creating /home/seano/Seano_ws/install/seano_startup/share/seano_startup/config
symbolically linking /home/seano/Seano_ws/build/seano_startup/config/system.yaml -> /home/seano/Seano_ws/install/seano_startup/share/seano_startup/config
