[4.633s] Invoking command in '/home/seano/Seano_ws/build/seano_startup': PYTHONPATH=/home/seano/Seano_ws/build/seano_startup/prefix_override:/usr/lib/python3/dist-packages/colcon_core/task/python/colcon_distutils_commands:/home/seano/Seano_ws/install/seano_startup/lib/python3.10/site-packages:${PYTHONPATH} /usr/bin/python3 -W ignore:setup.py install is deprecated -W ignore:easy_install command is deprecated setup.py develop --editable --build-directory /home/seano/Seano_ws/build/seano_startup/build --no-deps symlink_data
[5.546s] running develop
[6.011s] running egg_info
[6.011s] creating seano_startup.egg-info
[6.012s] writing seano_startup.egg-info/PKG-INFO
[6.015s] writing dependency_links to seano_startup.egg-info/dependency_links.txt
[6.016s] writing entry points to seano_startup.egg-info/entry_points.txt
[6.016s] writing requirements to seano_startup.egg-info/requires.txt
[6.016s] writing top-level names to seano_startup.egg-info/top_level.txt
[6.016s] writing manifest file 'seano_startup.egg-info/SOURCES.txt'
[6.027s] reading manifest file 'seano_startup.egg-info/SOURCES.txt'
[6.030s] writing manifest file 'seano_startup.egg-info/SOURCES.txt'
[6.036s] running build_ext
[6.037s] Creating /home/seano/Seano_ws/install/seano_startup/lib/python3.10/site-packages/seano-startup.egg-link (link to .)
[6.040s] 
[6.041s] Installed /home/seano/Seano_ws/build/seano_startup
[6.041s] running symlink_data
[6.041s] creating /home/seano/Seano_ws/install/seano_startup/share/ament_index
[6.041s] creating /home/seano/Seano_ws/install/seano_startup/share/ament_index/resource_index
[6.041s] creating /home/seano/Seano_ws/install/seano_startup/share/ament_index/resource_index/packages
[6.042s] symbolically linking /home/seano/Seano_ws/build/seano_startup/resource/seano_startup -> /home/seano/Seano_ws/install/seano_startup/share/ament_index/resource_index/packages
[6.044s] symbolically linking /home/seano/Seano_ws/build/seano_startup/package.xml -> /home/seano/Seano_ws/install/seano_startup/share/seano_startup
[6.044s] creating /home/seano/Seano_ws/install/seano_startup/share/seano_startup/launch
[6.044s] symbolically linking /home/seano/Seano_ws/build/seano_startup/launch/system.launch.py -> /home/seano/Seano_ws/install/seano_startup/share/seano_startup/launch
[6.044s] creating /home/seano/Seano_ws/install/seano_startup/share/seano_startup/config
[6.045s] symbolically linking /home/seano/Seano_ws/build/seano_startup/config/system.yaml -> /home/seano/Seano_ws/install/seano_startup/share/seano_startup/config
[6.213s] Invoked command in '/home/seano/Seano_ws/build/seano_startup' returned '0': PYTHONPATH=/home/seano/Seano_ws/build/seano_startup/prefix_override:/usr/lib/python3/dist-packages/colcon_core/task/python/colcon_distutils_commands:/home/seano/Seano_ws/install/seano_startup/lib/python3.10/site-packages:${PYTHONPATH} /usr/bin/python3 -W ignore:setup.py install is deprecated -W ignore:easy_install command is deprecated setup.py develop --editable --build-directory /home/seano/Seano_ws/build/seano_startup/build --no-deps symlink_data
