running egg_info
writing ../../build/seano_telemetry/seano_telemetry.egg-info/PKG-INFO
writing dependency_links to ../../build/seano_telemetry/seano_telemetry.egg-info/dependency_links.txt
writing entry points to ../../build/seano_telemetry/seano_telemetry.egg-info/entry_points.txt
writing requirements to ../../build/seano_telemetry/seano_telemetry.egg-info/requires.txt
writing top-level names to ../../build/seano_telemetry/seano_telemetry.egg-info/top_level.txt
reading manifest file '../../build/seano_telemetry/seano_telemetry.egg-info/SOURCES.txt'
writing manifest file '../../build/seano_telemetry/seano_telemetry.egg-info/SOURCES.txt'
running build
running build_py
copying seano_telemetry/telemetry_node.py -> /home/seano/Seano_ws/build/seano_telemetry/build/lib/seano_telemetry
running install
running install_lib
copying /home/seano/Seano_ws/build/seano_telemetry/build/lib/seano_telemetry/telemetry_node.py -> /home/seano/Seano_ws/install/seano_telemetry/lib/python3.10/site-packages/seano_telemetry
byte-compiling /home/seano/Seano_ws/install/seano_telemetry/lib/python3.10/site-packages/seano_telemetry/telemetry_node.py to telemetry_node.cpython-310.pyc
running install_data
running install_egg_info
removing '/home/seano/Seano_ws/install/seano_telemetry/lib/python3.10/site-packages/seano_telemetry-0.0.0-py3.10.egg-info' (and everything under it)
Copying ../../build/seano_telemetry/seano_telemetry.egg-info to /home/seano/Seano_ws/install/seano_telemetry/lib/python3.10/site-packages/seano_telemetry-0.0.0-py3.10.egg-info
running install_scripts
Installing telemetry_node script to /home/seano/Seano_ws/install/seano_telemetry/lib/seano_telemetry
writing list of installed files to '/home/seano/Seano_ws/build/seano_telemetry/install.log'
