[5.677s] Invoking command in '/home/seano/Seano_ws/build/seano_logging': PYTHONPATH=/home/seano/Seano_ws/build/seano_logging/prefix_override:/usr/lib/python3/dist-packages/colcon_core/task/python/colcon_distutils_commands:/home/seano/Seano_ws/install/seano_logging/lib/python3.10/site-packages:${PYTHONPATH} /usr/bin/python3 -W ignore:setup.py install is deprecated -W ignore:easy_install command is deprecated setup.py develop --uninstall --editable --build-directory /home/seano/Seano_ws/build/seano_logging/build
[6.483s] running develop
[6.928s] Removing /home/seano/Seano_ws/install/seano_logging/lib/python3.10/site-packages/seano-logging.egg-link (link to .)
[7.093s] Invoked command in '/home/seano/Seano_ws/build/seano_logging' returned '0': PYTHONPATH=/home/seano/Seano_ws/build/seano_logging/prefix_override:/usr/lib/python3/dist-packages/colcon_core/task/python/colcon_distutils_commands:/home/seano/Seano_ws/install/seano_logging/lib/python3.10/site-packages:${PYTHONPATH} /usr/bin/python3 -W ignore:setup.py install is deprecated -W ignore:easy_install command is deprecated setup.py develop --uninstall --editable --build-directory /home/seano/Seano_ws/build/seano_logging/build
[7.098s] Invoking command in '/home/seano/Seano_ws/src/seano_logging': PYTHONPATH=/home/seano/Seano_ws/build/seano_logging/prefix_override:/usr/lib/python3/dist-packages/colcon_core/task/python/colcon_distutils_commands:/home/seano/Seano_ws/install/seano_logging/lib/python3.10/site-packages:${PYTHONPATH} /usr/bin/python3 -W ignore:setup.py install is deprecated -W ignore:easy_install command is deprecated setup.py egg_info --egg-base ../../build/seano_logging build --build-base /home/seano/Seano_ws/build/seano_logging/build install --record /home/seano/Seano_ws/build/seano_logging/install.log --single-version-externally-managed install_data --force
[7.802s] running egg_info
[7.803s] writing ../../build/seano_logging/seano_logging.egg-info/PKG-INFO
[7.804s] writing dependency_links to ../../build/seano_logging/seano_logging.egg-info/dependency_links.txt
[7.805s] writing entry points to ../../build/seano_logging/seano_logging.egg-info/entry_points.txt
[7.805s] writing requirements to ../../build/seano_logging/seano_logging.egg-info/requires.txt
[7.805s] writing top-level names to ../../build/seano_logging/seano_logging.egg-info/top_level.txt
[7.812s] reading manifest file '../../build/seano_logging/seano_logging.egg-info/SOURCES.txt'
[7.817s] writing manifest file '../../build/seano_logging/seano_logging.egg-info/SOURCES.txt'
[7.817s] running build
[7.817s] running build_py
[7.818s] creating /home/seano/Seano_ws/build/seano_logging/build
[7.818s] creating /home/seano/Seano_ws/build/seano_logging/build/lib
[7.818s] creating /home/seano/Seano_ws/build/seano_logging/build/lib/seano_logging
[7.818s] copying seano_logging/telemetry_logger_node.py -> /home/seano/Seano_ws/build/seano_logging/build/lib/seano_logging
[7.818s] copying seano_logging/__init__.py -> /home/seano/Seano_ws/build/seano_logging/build/lib/seano_logging
[7.819s] running install
[7.820s] running install_lib
[7.822s] creating /home/seano/Seano_ws/install/seano_logging/lib/python3.10/site-packages/seano_logging
[7.823s] copying /home/seano/Seano_ws/build/seano_logging/build/lib/seano_logging/telemetry_logger_node.py -> /home/seano/Seano_ws/install/seano_logging/lib/python3.10/site-packages/seano_logging
[7.823s] copying /home/seano/Seano_ws/build/seano_logging/build/lib/seano_logging/__init__.py -> /home/seano/Seano_ws/install/seano_logging/lib/python3.10/site-packages/seano_logging
[7.826s] byte-compiling /home/seano/Seano_ws/install/seano_logging/lib/python3.10/site-packages/seano_logging/telemetry_logger_node.py to telemetry_logger_node.cpython-310.pyc
[7.828s] byte-compiling /home/seano/Seano_ws/install/seano_logging/lib/python3.10/site-packages/seano_logging/__init__.py to __init__.cpython-310.pyc
[7.828s] running install_data
[7.829s] copying resource/seano_logging -> /home/seano/Seano_ws/install/seano_logging/share/ament_index/resource_index/packages
[7.829s] copying package.xml -> /home/seano/Seano_ws/install/seano_logging/share/seano_logging
[7.830s] running install_egg_info
[7.836s] Copying ../../build/seano_logging/seano_logging.egg-info to /home/seano/Seano_ws/install/seano_logging/lib/python3.10/site-packages/seano_logging-0.0.0-py3.10.egg-info
[7.847s] running install_scripts
[7.921s] Installing telemetry_logger_node script to /home/seano/Seano_ws/install/seano_logging/lib/seano_logging
[7.923s] writing list of installed files to '/home/seano/Seano_ws/build/seano_logging/install.log'
[8.070s] Invoked command in '/home/seano/Seano_ws/src/seano_logging' returned '0': PYTHONPATH=/home/seano/Seano_ws/build/seano_logging/prefix_override:/usr/lib/python3/dist-packages/colcon_core/task/python/colcon_distutils_commands:/home/seano/Seano_ws/install/seano_logging/lib/python3.10/site-packages:${PYTHONPATH} /usr/bin/python3 -W ignore:setup.py install is deprecated -W ignore:easy_install command is deprecated setup.py egg_info --egg-base ../../build/seano_logging build --build-base /home/seano/Seano_ws/build/seano_logging/build install --record /home/seano/Seano_ws/build/seano_logging/install.log --single-version-externally-managed install_data --force
