/home/seano/Seano_ws/install/seano_cam/lib/python3.10/site-packages/seano_cam/rtmp_streamer.py
/home/seano/Seano_ws/install/seano_cam/lib/python3.10/site-packages/seano_cam/camera_viewer.py
/home/seano/Seano_ws/install/seano_cam/lib/python3.10/site-packages/seano_cam/camera_node.py
/home/seano/Seano_ws/install/seano_cam/lib/python3.10/site-packages/seano_cam/__init__.py
/home/seano/Seano_ws/install/seano_cam/lib/python3.10/site-packages/seano_cam/__pycache__/rtmp_streamer.cpython-310.pyc
/home/seano/Seano_ws/install/seano_cam/lib/python3.10/site-packages/seano_cam/__pycache__/camera_viewer.cpython-310.pyc
/home/seano/Seano_ws/install/seano_cam/lib/python3.10/site-packages/seano_cam/__pycache__/camera_node.cpython-310.pyc
/home/seano/Seano_ws/install/seano_cam/lib/python3.10/site-packages/seano_cam/__pycache__/__init__.cpython-310.pyc
/home/seano/Seano_ws/install/seano_cam/share/ament_index/resource_index/packages/seano_cam
/home/seano/Seano_ws/install/seano_cam/share/seano_cam/package.xml
/home/seano/Seano_ws/install/seano_cam/lib/python3.10/site-packages/seano_cam-0.0.0-py3.10.egg-info/top_level.txt
/home/seano/Seano_ws/install/seano_cam/lib/python3.10/site-packages/seano_cam-0.0.0-py3.10.egg-info/requires.txt
/home/seano/Seano_ws/install/seano_cam/lib/python3.10/site-packages/seano_cam-0.0.0-py3.10.egg-info/SOURCES.txt
/home/seano/Seano_ws/install/seano_cam/lib/python3.10/site-packages/seano_cam-0.0.0-py3.10.egg-info/entry_points.txt
/home/seano/Seano_ws/install/seano_cam/lib/python3.10/site-packages/seano_cam-0.0.0-py3.10.egg-info/PKG-INFO
/home/seano/Seano_ws/install/seano_cam/lib/python3.10/site-packages/seano_cam-0.0.0-py3.10.egg-info/zip-safe
/home/seano/Seano_ws/install/seano_cam/lib/python3.10/site-packages/seano_cam-0.0.0-py3.10.egg-info/dependency_links.txt
/home/seano/Seano_ws/install/seano_cam/lib/seano_cam/camera_node
/home/seano/Seano_ws/install/seano_cam/lib/seano_cam/camera_viewer
/home/seano/Seano_ws/install/seano_cam/lib/seano_cam/rtmp_streamer
