[3.161s] Invoking command in '/home/seano/Seano_ws/src/seano_mqtt_bridge': PYTHONPATH=/home/seano/Seano_ws/build/seano_mqtt_bridge/prefix_override:/usr/lib/python3/dist-packages/colcon_core/task/python/colcon_distutils_commands:/home/seano/Seano_ws/install/seano_mqtt_bridge/lib/python3.10/site-packages:${PYTHONPATH} /usr/bin/python3 -W ignore:setup.py install is deprecated -W ignore:easy_install command is deprecated setup.py egg_info --egg-base ../../build/seano_mqtt_bridge build --build-base /home/seano/Seano_ws/build/seano_mqtt_bridge/build install --record /home/seano/Seano_ws/build/seano_mqtt_bridge/install.log --single-version-externally-managed install_data
[3.812s] running egg_info
[3.814s] writing ../../build/seano_mqtt_bridge/seano_mqtt_bridge.egg-info/PKG-INFO
[3.815s] writing dependency_links to ../../build/seano_mqtt_bridge/seano_mqtt_bridge.egg-info/dependency_links.txt
[3.816s] writing entry points to ../../build/seano_mqtt_bridge/seano_mqtt_bridge.egg-info/entry_points.txt
[3.816s] writing requirements to ../../build/seano_mqtt_bridge/seano_mqtt_bridge.egg-info/requires.txt
[3.817s] writing top-level names to ../../build/seano_mqtt_bridge/seano_mqtt_bridge.egg-info/top_level.txt
[3.823s] reading manifest file '../../build/seano_mqtt_bridge/seano_mqtt_bridge.egg-info/SOURCES.txt'
[3.825s] writing manifest file '../../build/seano_mqtt_bridge/seano_mqtt_bridge.egg-info/SOURCES.txt'
[3.826s] running build
[3.826s] running build_py
[3.826s] copying seano_mqtt_bridge/mqtt_bridge_node.py -> /home/seano/Seano_ws/build/seano_mqtt_bridge/build/lib/seano_mqtt_bridge
[3.828s] running install
[3.829s] running install_lib
[3.832s] copying /home/seano/Seano_ws/build/seano_mqtt_bridge/build/lib/seano_mqtt_bridge/mqtt_bridge_node.py -> /home/seano/Seano_ws/install/seano_mqtt_bridge/lib/python3.10/site-packages/seano_mqtt_bridge
[3.835s] byte-compiling /home/seano/Seano_ws/install/seano_mqtt_bridge/lib/python3.10/site-packages/seano_mqtt_bridge/mqtt_bridge_node.py to mqtt_bridge_node.cpython-310.pyc
[3.839s] running install_data
[3.839s] running install_egg_info
[3.845s] removing '/home/seano/Seano_ws/install/seano_mqtt_bridge/lib/python3.10/site-packages/seano_mqtt_bridge-0.0.0-py3.10.egg-info' (and everything under it)
[3.846s] Copying ../../build/seano_mqtt_bridge/seano_mqtt_bridge.egg-info to /home/seano/Seano_ws/install/seano_mqtt_bridge/lib/python3.10/site-packages/seano_mqtt_bridge-0.0.0-py3.10.egg-info
[3.849s] running install_scripts
[3.919s] Installing mqtt_bridge_node script to /home/seano/Seano_ws/install/seano_mqtt_bridge/lib/seano_mqtt_bridge
[3.920s] writing list of installed files to '/home/seano/Seano_ws/build/seano_mqtt_bridge/install.log'
[4.066s] Invoked command in '/home/seano/Seano_ws/src/seano_mqtt_bridge' returned '0': PYTHONPATH=/home/seano/Seano_ws/build/seano_mqtt_bridge/prefix_override:/usr/lib/python3/dist-packages/colcon_core/task/python/colcon_distutils_commands:/home/seano/Seano_ws/install/seano_mqtt_bridge/lib/python3.10/site-packages:${PYTHONPATH} /usr/bin/python3 -W ignore:setup.py install is deprecated -W ignore:easy_install command is deprecated setup.py egg_info --egg-base ../../build/seano_mqtt_bridge build --build-base /home/seano/Seano_ws/build/seano_mqtt_bridge/build install --record /home/seano/Seano_ws/build/seano_mqtt_bridge/install.log --single-version-externally-managed install_data
