[1.891s] Invoking command in '/home/seano/Seano_ws/src/seano_startup': PYTHONPATH=/home/seano/Seano_ws/build/seano_startup/prefix_override:/usr/lib/python3/dist-packages/colcon_core/task/python/colcon_distutils_commands:/home/seano/Seano_ws/install/seano_startup/lib/python3.10/site-packages:${PYTHONPATH} /usr/bin/python3 -W ignore:setup.py install is deprecated -W ignore:easy_install command is deprecated setup.py egg_info --egg-base ../../build/seano_startup build --build-base /home/seano/Seano_ws/build/seano_startup/build install --record /home/seano/Seano_ws/build/seano_startup/install.log --single-version-externally-managed install_data
[2.498s] running egg_info
[2.499s] creating ../../build/seano_startup/seano_startup.egg-info
[2.500s] writing ../../build/seano_startup/seano_startup.egg-info/PKG-INFO
[2.500s] writing dependency_links to ../../build/seano_startup/seano_startup.egg-info/dependency_links.txt
[2.501s] writing entry points to ../../build/seano_startup/seano_startup.egg-info/entry_points.txt
[2.501s] writing requirements to ../../build/seano_startup/seano_startup.egg-info/requires.txt
[2.501s] writing top-level names to ../../build/seano_startup/seano_startup.egg-info/top_level.txt
[2.502s] writing manifest file '../../build/seano_startup/seano_startup.egg-info/SOURCES.txt'
[2.506s] reading manifest file '../../build/seano_startup/seano_startup.egg-info/SOURCES.txt'
[2.507s] writing manifest file '../../build/seano_startup/seano_startup.egg-info/SOURCES.txt'
[2.508s] running build
[2.508s] running build_py
[2.508s] creating /home/seano/Seano_ws/build/seano_startup/build
[2.509s] creating /home/seano/Seano_ws/build/seano_startup/build/lib
[2.509s] creating /home/seano/Seano_ws/build/seano_startup/build/lib/seano_startup
[2.509s] copying seano_startup/__init__.py -> /home/seano/Seano_ws/build/seano_startup/build/lib/seano_startup
[2.509s] running install
[2.510s] running install_lib
[2.513s] creating /home/seano/Seano_ws/install/seano_startup/lib/python3.10/site-packages/seano_startup
[2.513s] copying /home/seano/Seano_ws/build/seano_startup/build/lib/seano_startup/__init__.py -> /home/seano/Seano_ws/install/seano_startup/lib/python3.10/site-packages/seano_startup
[2.515s] byte-compiling /home/seano/Seano_ws/install/seano_startup/lib/python3.10/site-packages/seano_startup/__init__.py to __init__.cpython-310.pyc
[2.515s] running install_data
[2.516s] creating /home/seano/Seano_ws/install/seano_startup/share/ament_index
[2.516s] creating /home/seano/Seano_ws/install/seano_startup/share/ament_index/resource_index
[2.516s] creating /home/seano/Seano_ws/install/seano_startup/share/ament_index/resource_index/packages
[2.516s] copying resource/seano_startup -> /home/seano/Seano_ws/install/seano_startup/share/ament_index/resource_index/packages
[2.516s] copying package.xml -> /home/seano/Seano_ws/install/seano_startup/share/seano_startup
[2.517s] running install_egg_info
[2.522s] Copying ../../build/seano_startup/seano_startup.egg-info to /home/seano/Seano_ws/install/seano_startup/lib/python3.10/site-packages/seano_startup-0.0.0-py3.10.egg-info
[2.524s] running install_scripts
[2.584s] writing list of installed files to '/home/seano/Seano_ws/build/seano_startup/install.log'
[2.705s] Invoked command in '/home/seano/Seano_ws/src/seano_startup' returned '0': PYTHONPATH=/home/seano/Seano_ws/build/seano_startup/prefix_override:/usr/lib/python3/dist-packages/colcon_core/task/python/colcon_distutils_commands:/home/seano/Seano_ws/install/seano_startup/lib/python3.10/site-packages:${PYTHONPATH} /usr/bin/python3 -W ignore:setup.py install is deprecated -W ignore:easy_install command is deprecated setup.py egg_info --egg-base ../../build/seano_startup build --build-base /home/seano/Seano_ws/build/seano_startup/build install --record /home/seano/Seano_ws/build/seano_startup/install.log --single-version-externally-managed install_data
