[5.721s] Invoking command in '/home/seano/Seano_ws/build/seano_telemetry': PYTHONPATH=/home/seano/Seano_ws/build/seano_telemetry/prefix_override:/usr/lib/python3/dist-packages/colcon_core/task/python/colcon_distutils_commands:/home/seano/Seano_ws/install/seano_telemetry/lib/python3.10/site-packages:${PYTHONPATH} /usr/bin/python3 -W ignore:setup.py install is deprecated -W ignore:easy_install command is deprecated setup.py develop --uninstall --editable --build-directory /home/seano/Seano_ws/build/seano_telemetry/build
[6.715s] running develop
[7.099s] Removing /home/seano/Seano_ws/install/seano_telemetry/lib/python3.10/site-packages/seano-telemetry.egg-link (link to .)
[7.283s] Invoked command in '/home/seano/Seano_ws/build/seano_telemetry' returned '0': PYTHONPATH=/home/seano/Seano_ws/build/seano_telemetry/prefix_override:/usr/lib/python3/dist-packages/colcon_core/task/python/colcon_distutils_commands:/home/seano/Seano_ws/install/seano_telemetry/lib/python3.10/site-packages:${PYTHONPATH} /usr/bin/python3 -W ignore:setup.py install is deprecated -W ignore:easy_install command is deprecated setup.py develop --uninstall --editable --build-directory /home/seano/Seano_ws/build/seano_telemetry/build
[7.284s] Invoking command in '/home/seano/Seano_ws/src/seano_telemetry': PYTHONPATH=/home/seano/Seano_ws/build/seano_telemetry/prefix_override:/usr/lib/python3/dist-packages/colcon_core/task/python/colcon_distutils_commands:/home/seano/Seano_ws/install/seano_telemetry/lib/python3.10/site-packages:${PYTHONPATH} /usr/bin/python3 -W ignore:setup.py install is deprecated -W ignore:easy_install command is deprecated setup.py egg_info --egg-base ../../build/seano_telemetry build --build-base /home/seano/Seano_ws/build/seano_telemetry/build install --record /home/seano/Seano_ws/build/seano_telemetry/install.log --single-version-externally-managed install_data --force
[8.064s] running egg_info
[8.067s] writing ../../build/seano_telemetry/seano_telemetry.egg-info/PKG-INFO
[8.068s] writing dependency_links to ../../build/seano_telemetry/seano_telemetry.egg-info/dependency_links.txt
[8.069s] writing entry points to ../../build/seano_telemetry/seano_telemetry.egg-info/entry_points.txt
[8.070s] writing requirements to ../../build/seano_telemetry/seano_telemetry.egg-info/requires.txt
[8.072s] writing top-level names to ../../build/seano_telemetry/seano_telemetry.egg-info/top_level.txt
[8.077s] reading manifest file '../../build/seano_telemetry/seano_telemetry.egg-info/SOURCES.txt'
[8.080s] writing manifest file '../../build/seano_telemetry/seano_telemetry.egg-info/SOURCES.txt'
[8.081s] running build
[8.081s] running build_py
[8.082s] creating /home/seano/Seano_ws/build/seano_telemetry/build
[8.082s] creating /home/seano/Seano_ws/build/seano_telemetry/build/lib
[8.082s] creating /home/seano/Seano_ws/build/seano_telemetry/build/lib/seano_telemetry
[8.082s] copying seano_telemetry/telemetry_node.py -> /home/seano/Seano_ws/build/seano_telemetry/build/lib/seano_telemetry
[8.083s] copying seano_telemetry/__init__.py -> /home/seano/Seano_ws/build/seano_telemetry/build/lib/seano_telemetry
[8.083s] running install
[8.087s] running install_lib
[8.089s] creating /home/seano/Seano_ws/install/seano_telemetry/lib/python3.10/site-packages/seano_telemetry
[8.090s] copying /home/seano/Seano_ws/build/seano_telemetry/build/lib/seano_telemetry/telemetry_node.py -> /home/seano/Seano_ws/install/seano_telemetry/lib/python3.10/site-packages/seano_telemetry
[8.090s] copying /home/seano/Seano_ws/build/seano_telemetry/build/lib/seano_telemetry/__init__.py -> /home/seano/Seano_ws/install/seano_telemetry/lib/python3.10/site-packages/seano_telemetry
[8.093s] byte-compiling /home/seano/Seano_ws/install/seano_telemetry/lib/python3.10/site-packages/seano_telemetry/telemetry_node.py to telemetry_node.cpython-310.pyc
[8.098s] byte-compiling /home/seano/Seano_ws/install/seano_telemetry/lib/python3.10/site-packages/seano_telemetry/__init__.py to __init__.cpython-310.pyc
[8.099s] running install_data
[8.099s] copying resource/seano_telemetry -> /home/seano/Seano_ws/install/seano_telemetry/share/ament_index/resource_index/packages
[8.103s] copying package.xml -> /home/seano/Seano_ws/install/seano_telemetry/share/seano_telemetry
[8.103s] running install_egg_info
[8.109s] Copying ../../build/seano_telemetry/seano_telemetry.egg-info to /home/seano/Seano_ws/install/seano_telemetry/lib/python3.10/site-packages/seano_telemetry-0.0.0-py3.10.egg-info
[8.120s] running install_scripts
[8.196s] Installing telemetry_node script to /home/seano/Seano_ws/install/seano_telemetry/lib/seano_telemetry
[8.197s] writing list of installed files to '/home/seano/Seano_ws/build/seano_telemetry/install.log'
[8.337s] Invoked command in '/home/seano/Seano_ws/src/seano_telemetry' returned '0': PYTHONPATH=/home/seano/Seano_ws/build/seano_telemetry/prefix_override:/usr/lib/python3/dist-packages/colcon_core/task/python/colcon_distutils_commands:/home/seano/Seano_ws/install/seano_telemetry/lib/python3.10/site-packages:${PYTHONPATH} /usr/bin/python3 -W ignore:setup.py install is deprecated -W ignore:easy_install command is deprecated setup.py egg_info --egg-base ../../build/seano_telemetry build --build-base /home/seano/Seano_ws/build/seano_telemetry/build install --record /home/seano/Seano_ws/build/seano_telemetry/install.log --single-version-externally-managed install_data --force
