[2.506s] Invoking command in '/home/seano/Seano_ws/src/seano_failsafe': PYTHONPATH=/home/seano/Seano_ws/build/seano_failsafe/prefix_override:/usr/lib/python3/dist-packages/colcon_core/task/python/colcon_distutils_commands:/home/seano/Seano_ws/install/seano_failsafe/lib/python3.10/site-packages:${PYTHONPATH} /usr/bin/python3 -W ignore:setup.py install is deprecated -W ignore:easy_install command is deprecated setup.py egg_info --egg-base ../../build/seano_failsafe build --build-base /home/seano/Seano_ws/build/seano_failsafe/build install --record /home/seano/Seano_ws/build/seano_failsafe/install.log --single-version-externally-managed install_data
[3.172s] running egg_info
[3.174s] writing ../../build/seano_failsafe/seano_failsafe.egg-info/PKG-INFO
[3.175s] writing dependency_links to ../../build/seano_failsafe/seano_failsafe.egg-info/dependency_links.txt
[3.175s] writing entry points to ../../build/seano_failsafe/seano_failsafe.egg-info/entry_points.txt
[3.175s] writing requirements to ../../build/seano_failsafe/seano_failsafe.egg-info/requires.txt
[3.176s] writing top-level names to ../../build/seano_failsafe/seano_failsafe.egg-info/top_level.txt
[3.181s] reading manifest file '../../build/seano_failsafe/seano_failsafe.egg-info/SOURCES.txt'
[3.183s] writing manifest file '../../build/seano_failsafe/seano_failsafe.egg-info/SOURCES.txt'
[3.184s] running build
[3.184s] running build_py
[3.184s] copying seano_failsafe/seano_communication_monitor.py -> /home/seano/Seano_ws/build/seano_failsafe/build/lib/seano_failsafe
[3.185s] copying seano_failsafe/seano_failsafe.py -> /home/seano/Seano_ws/build/seano_failsafe/build/lib/seano_failsafe
[3.186s] running install
[3.186s] running install_lib
[3.188s] copying /home/seano/Seano_ws/build/seano_failsafe/build/lib/seano_failsafe/seano_communication_monitor.py -> /home/seano/Seano_ws/install/seano_failsafe/lib/python3.10/site-packages/seano_failsafe
[3.189s] copying /home/seano/Seano_ws/build/seano_failsafe/build/lib/seano_failsafe/seano_failsafe.py -> /home/seano/Seano_ws/install/seano_failsafe/lib/python3.10/site-packages/seano_failsafe
[3.191s] byte-compiling /home/seano/Seano_ws/install/seano_failsafe/lib/python3.10/site-packages/seano_failsafe/seano_communication_monitor.py to seano_communication_monitor.cpython-310.pyc
[3.196s] byte-compiling /home/seano/Seano_ws/install/seano_failsafe/lib/python3.10/site-packages/seano_failsafe/seano_failsafe.py to seano_failsafe.cpython-310.pyc
[3.200s] running install_data
[3.200s] running install_egg_info
[3.210s] removing '/home/seano/Seano_ws/install/seano_failsafe/lib/python3.10/site-packages/seano_failsafe-0.0.0-py3.10.egg-info' (and everything under it)
[3.211s] Copying ../../build/seano_failsafe/seano_failsafe.egg-info to /home/seano/Seano_ws/install/seano_failsafe/lib/python3.10/site-packages/seano_failsafe-0.0.0-py3.10.egg-info
[3.214s] running install_scripts
[3.282s] Installing seano_battery script to /home/seano/Seano_ws/install/seano_failsafe/lib/seano_failsafe
[3.282s] Installing seano_communication_monitor script to /home/seano/Seano_ws/install/seano_failsafe/lib/seano_failsafe
[3.283s] Installing seano_failsafe script to /home/seano/Seano_ws/install/seano_failsafe/lib/seano_failsafe
[3.284s] writing list of installed files to '/home/seano/Seano_ws/build/seano_failsafe/install.log'
[3.461s] Invoked command in '/home/seano/Seano_ws/src/seano_failsafe' returned '0': PYTHONPATH=/home/seano/Seano_ws/build/seano_failsafe/prefix_override:/usr/lib/python3/dist-packages/colcon_core/task/python/colcon_distutils_commands:/home/seano/Seano_ws/install/seano_failsafe/lib/python3.10/site-packages:${PYTHONPATH} /usr/bin/python3 -W ignore:setup.py install is deprecated -W ignore:easy_install command is deprecated setup.py egg_info --egg-base ../../build/seano_failsafe build --build-base /home/seano/Seano_ws/build/seano_failsafe/build install --record /home/seano/Seano_ws/build/seano_failsafe/install.log --single-version-externally-managed install_data
