[3.042s] Invoking command in '/home/seano/Seano_ws/src/seano_startup': PYTHONPATH=/home/seano/Seano_ws/build/seano_startup/prefix_override:/usr/lib/python3/dist-packages/colcon_core/task/python/colcon_distutils_commands:/home/seano/Seano_ws/install/seano_startup/lib/python3.10/site-packages:${PYTHONPATH} /usr/bin/python3 -W ignore:setup.py install is deprecated -W ignore:easy_install command is deprecated setup.py egg_info --egg-base ../../build/seano_startup build --build-base /home/seano/Seano_ws/build/seano_startup/build install --record /home/seano/Seano_ws/build/seano_startup/install.log --single-version-externally-managed install_data
[3.675s] running egg_info
[3.677s] writing ../../build/seano_startup/seano_startup.egg-info/PKG-INFO
[3.678s] writing dependency_links to ../../build/seano_startup/seano_startup.egg-info/dependency_links.txt
[3.678s] writing entry points to ../../build/seano_startup/seano_startup.egg-info/entry_points.txt
[3.679s] writing requirements to ../../build/seano_startup/seano_startup.egg-info/requires.txt
[3.679s] writing top-level names to ../../build/seano_startup/seano_startup.egg-info/top_level.txt
[3.684s] reading manifest file '../../build/seano_startup/seano_startup.egg-info/SOURCES.txt'
[3.686s] writing manifest file '../../build/seano_startup/seano_startup.egg-info/SOURCES.txt'
[3.687s] running build
[3.687s] running build_py
[3.687s] running install
[3.688s] running install_lib
[3.692s] running install_data
[3.692s] copying config/system.yaml -> /home/seano/Seano_ws/install/seano_startup/share/seano_startup/config
[3.693s] running install_egg_info
[3.698s] removing '/home/seano/Seano_ws/install/seano_startup/lib/python3.10/site-packages/seano_startup-0.0.0-py3.10.egg-info' (and everything under it)
[3.699s] Copying ../../build/seano_startup/seano_startup.egg-info to /home/seano/Seano_ws/install/seano_startup/lib/python3.10/site-packages/seano_startup-0.0.0-py3.10.egg-info
[3.701s] running install_scripts
[3.762s] writing list of installed files to '/home/seano/Seano_ws/build/seano_startup/install.log'
[3.883s] Invoked command in '/home/seano/Seano_ws/src/seano_startup' returned '0': PYTHONPATH=/home/seano/Seano_ws/build/seano_startup/prefix_override:/usr/lib/python3/dist-packages/colcon_core/task/python/colcon_distutils_commands:/home/seano/Seano_ws/install/seano_startup/lib/python3.10/site-packages:${PYTHONPATH} /usr/bin/python3 -W ignore:setup.py install is deprecated -W ignore:easy_install command is deprecated setup.py egg_info --egg-base ../../build/seano_startup build --build-base /home/seano/Seano_ws/build/seano_startup/build install --record /home/seano/Seano_ws/build/seano_startup/install.log --single-version-externally-managed install_data
