[3.086s] Invoking command in '/home/seano/Seano_ws/src/seano_mqtt_bridge': PYTHONPATH=/home/seano/Seano_ws/build/seano_mqtt_bridge/prefix_override:/usr/lib/python3/dist-packages/colcon_core/task/python/colcon_distutils_commands:/home/seano/Seano_ws/install/seano_mqtt_bridge/lib/python3.10/site-packages:${PYTHONPATH} /usr/bin/python3 -W ignore:setup.py install is deprecated -W ignore:easy_install command is deprecated setup.py egg_info --egg-base ../../build/seano_mqtt_bridge build --build-base /home/seano/Seano_ws/build/seano_mqtt_bridge/build install --record /home/seano/Seano_ws/build/seano_mqtt_bridge/install.log --single-version-externally-managed install_data
[3.744s] running egg_info
[3.746s] writing ../../build/seano_mqtt_bridge/seano_mqtt_bridge.egg-info/PKG-INFO
[3.747s] writing dependency_links to ../../build/seano_mqtt_bridge/seano_mqtt_bridge.egg-info/dependency_links.txt
[3.748s] writing entry points to ../../build/seano_mqtt_bridge/seano_mqtt_bridge.egg-info/entry_points.txt
[3.748s] writing requirements to ../../build/seano_mqtt_bridge/seano_mqtt_bridge.egg-info/requires.txt
[3.748s] writing top-level names to ../../build/seano_mqtt_bridge/seano_mqtt_bridge.egg-info/top_level.txt
[3.753s] reading manifest file '../../build/seano_mqtt_bridge/seano_mqtt_bridge.egg-info/SOURCES.txt'
[3.756s] writing manifest file '../../build/seano_mqtt_bridge/seano_mqtt_bridge.egg-info/SOURCES.txt'
[3.756s] running build
[3.756s] running build_py
[3.757s] running install
[3.759s] running install_lib
[3.765s] running install_data
[3.765s] running install_egg_info
[3.771s] removing '/home/seano/Seano_ws/install/seano_mqtt_bridge/lib/python3.10/site-packages/seano_mqtt_bridge-0.0.0-py3.10.egg-info' (and everything under it)
[3.772s] Copying ../../build/seano_mqtt_bridge/seano_mqtt_bridge.egg-info to /home/seano/Seano_ws/install/seano_mqtt_bridge/lib/python3.10/site-packages/seano_mqtt_bridge-0.0.0-py3.10.egg-info
[3.774s] running install_scripts
[3.841s] Installing mqtt_bridge_node script to /home/seano/Seano_ws/install/seano_mqtt_bridge/lib/seano_mqtt_bridge
[3.842s] writing list of installed files to '/home/seano/Seano_ws/build/seano_mqtt_bridge/install.log'
[3.988s] Invoked command in '/home/seano/Seano_ws/src/seano_mqtt_bridge' returned '0': PYTHONPATH=/home/seano/Seano_ws/build/seano_mqtt_bridge/prefix_override:/usr/lib/python3/dist-packages/colcon_core/task/python/colcon_distutils_commands:/home/seano/Seano_ws/install/seano_mqtt_bridge/lib/python3.10/site-packages:${PYTHONPATH} /usr/bin/python3 -W ignore:setup.py install is deprecated -W ignore:easy_install command is deprecated setup.py egg_info --egg-base ../../build/seano_mqtt_bridge build --build-base /home/seano/Seano_ws/build/seano_mqtt_bridge/build install --record /home/seano/Seano_ws/build/seano_mqtt_bridge/install.log --single-version-externally-managed install_data
