[0.467s] DEBUG:colcon:Command line arguments: ['/usr/bin/colcon', 'build', '--packages-select', 'seano_failsafe']
[0.467s] DEBUG:colcon:Parsed command line arguments: Namespace(log_base=None, log_level=None, verb_name='build', build_base='build', install_base='install', merge_install=False, symlink_install=False, test_result_base=None, continue_on_error=False, executor='parallel', parallel_workers=6, event_handlers=None, ignore_user_meta=False, metas=['./colcon.meta'], base_paths=['.'], packages_ignore=None, packages_ignore_regex=None, paths=None, packages_up_to=None, packages_up_to_regex=None, packages_above=None, packages_above_and_dependencies=None, packages_above_depth=None, packages_select_by_dep=None, packages_skip_by_dep=None, packages_skip_up_to=None, packages_select_build_failed=False, packages_skip_build_finished=False, packages_select_test_failures=False, packages_skip_test_passed=False, packages_select=['seano_failsafe'], packages_skip=None, packages_select_regex=None, packages_skip_regex=None, packages_start=None, packages_end=None, allow_overriding=[], cmake_args=None, cmake_target=None, cmake_target_skip_unavailable=False, cmake_clean_cache=False, cmake_clean_first=False, cmake_force_configure=False, ament_cmake_args=None, catkin_cmake_args=None, catkin_skip_building_tests=False, verb_parser=<colcon_defaults.argument_parser.defaults.DefaultArgumentsDecorator object at 0xffff9d51bf40>, verb_extension=<colcon_core.verb.build.BuildVerb object at 0xffff9d735450>, main=<bound method BuildVerb.main of <colcon_core.verb.build.BuildVerb object at 0xffff9d735450>>)
[1.327s] Level 1:colcon.colcon_core.package_discovery:discover_packages(colcon_meta) check parameters
[1.328s] Level 1:colcon.colcon_core.package_discovery:discover_packages(recursive) check parameters
[1.328s] Level 1:colcon.colcon_core.package_discovery:discover_packages(ignore) check parameters
[1.328s] Level 1:colcon.colcon_core.package_discovery:discover_packages(path) check parameters
[1.328s] Level 1:colcon.colcon_core.package_discovery:discover_packages(colcon_meta) discover
[1.329s] Level 1:colcon.colcon_core.package_discovery:discover_packages(recursive) discover
[1.329s] INFO:colcon.colcon_core.package_discovery:Crawling recursively for packages in '/home/seano/Seano_ws'
[1.329s] Level 1:colcon.colcon_core.package_identification:_identify(.) by extensions ['ignore', 'ignore_ament_install']
[1.329s] Level 1:colcon.colcon_core.package_identification:_identify(.) by extension 'ignore'
[1.330s] Level 1:colcon.colcon_core.package_identification:_identify(.) by extension 'ignore_ament_install'
[1.330s] Level 1:colcon.colcon_core.package_identification:_identify(.) by extensions ['colcon_pkg']
[1.330s] Level 1:colcon.colcon_core.package_identification:_identify(.) by extension 'colcon_pkg'
[1.330s] Level 1:colcon.colcon_core.package_identification:_identify(.) by extensions ['colcon_meta']
[1.330s] Level 1:colcon.colcon_core.package_identification:_identify(.) by extension 'colcon_meta'
[1.331s] Level 1:colcon.colcon_core.package_identification:_identify(.) by extensions ['ros']
[1.331s] Level 1:colcon.colcon_core.package_identification:_identify(.) by extension 'ros'
[1.366s] Level 1:colcon.colcon_core.package_identification:_identify(.) by extensions ['cmake', 'python']
[1.366s] Level 1:colcon.colcon_core.package_identification:_identify(.) by extension 'cmake'
[1.366s] Level 1:colcon.colcon_core.package_identification:_identify(.) by extension 'python'
[1.366s] Level 1:colcon.colcon_core.package_identification:_identify(.) by extensions ['python_setup_py']
[1.366s] Level 1:colcon.colcon_core.package_identification:_identify(.) by extension 'python_setup_py'
[1.367s] Level 1:colcon.colcon_core.package_identification:_identify(build) by extensions ['ignore', 'ignore_ament_install']
[1.367s] Level 1:colcon.colcon_core.package_identification:_identify(build) by extension 'ignore'
[1.367s] Level 1:colcon.colcon_core.package_identification:_identify(build) ignored
[1.368s] Level 1:colcon.colcon_core.package_identification:_identify(doc) by extensions ['ignore', 'ignore_ament_install']
[1.368s] Level 1:colcon.colcon_core.package_identification:_identify(doc) by extension 'ignore'
[1.368s] Level 1:colcon.colcon_core.package_identification:_identify(doc) by extension 'ignore_ament_install'
[1.368s] Level 1:colcon.colcon_core.package_identification:_identify(doc) by extensions ['colcon_pkg']
[1.368s] Level 1:colcon.colcon_core.package_identification:_identify(doc) by extension 'colcon_pkg'
[1.368s] Level 1:colcon.colcon_core.package_identification:_identify(doc) by extensions ['colcon_meta']
[1.368s] Level 1:colcon.colcon_core.package_identification:_identify(doc) by extension 'colcon_meta'
[1.369s] Level 1:colcon.colcon_core.package_identification:_identify(doc) by extensions ['ros']
[1.369s] Level 1:colcon.colcon_core.package_identification:_identify(doc) by extension 'ros'
[1.369s] Level 1:colcon.colcon_core.package_identification:_identify(doc) by extensions ['cmake', 'python']
[1.369s] Level 1:colcon.colcon_core.package_identification:_identify(doc) by extension 'cmake'
[1.369s] Level 1:colcon.colcon_core.package_identification:_identify(doc) by extension 'python'
[1.369s] Level 1:colcon.colcon_core.package_identification:_identify(doc) by extensions ['python_setup_py']
[1.369s] Level 1:colcon.colcon_core.package_identification:_identify(doc) by extension 'python_setup_py'
[1.370s] Level 1:colcon.colcon_core.package_identification:_identify(install) by extensions ['ignore', 'ignore_ament_install']
[1.370s] Level 1:colcon.colcon_core.package_identification:_identify(install) by extension 'ignore'
[1.370s] Level 1:colcon.colcon_core.package_identification:_identify(install) ignored
[1.370s] Level 1:colcon.colcon_core.package_identification:_identify(log) by extensions ['ignore', 'ignore_ament_install']
[1.371s] Level 1:colcon.colcon_core.package_identification:_identify(log) by extension 'ignore'
[1.371s] Level 1:colcon.colcon_core.package_identification:_identify(log) ignored
[1.371s] Level 1:colcon.colcon_core.package_identification:_identify(resource_git) by extensions ['ignore', 'ignore_ament_install']
[1.371s] Level 1:colcon.colcon_core.package_identification:_identify(resource_git) by extension 'ignore'
[1.371s] Level 1:colcon.colcon_core.package_identification:_identify(resource_git) by extension 'ignore_ament_install'
[1.371s] Level 1:colcon.colcon_core.package_identification:_identify(resource_git) by extensions ['colcon_pkg']
[1.371s] Level 1:colcon.colcon_core.package_identification:_identify(resource_git) by extension 'colcon_pkg'
[1.372s] Level 1:colcon.colcon_core.package_identification:_identify(resource_git) by extensions ['colcon_meta']
[1.372s] Level 1:colcon.colcon_core.package_identification:_identify(resource_git) by extension 'colcon_meta'
[1.372s] Level 1:colcon.colcon_core.package_identification:_identify(resource_git) by extensions ['ros']
[1.372s] Level 1:colcon.colcon_core.package_identification:_identify(resource_git) by extension 'ros'
[1.372s] Level 1:colcon.colcon_core.package_identification:_identify(resource_git) by extensions ['cmake', 'python']
[1.372s] Level 1:colcon.colcon_core.package_identification:_identify(resource_git) by extension 'cmake'
[1.372s] Level 1:colcon.colcon_core.package_identification:_identify(resource_git) by extension 'python'
[1.372s] Level 1:colcon.colcon_core.package_identification:_identify(resource_git) by extensions ['python_setup_py']
[1.372s] Level 1:colcon.colcon_core.package_identification:_identify(resource_git) by extension 'python_setup_py'
[1.373s] Level 1:colcon.colcon_core.package_identification:_identify(resource_git/seano-anti-theft) by extensions ['ignore', 'ignore_ament_install']
[1.373s] Level 1:colcon.colcon_core.package_identification:_identify(resource_git/seano-anti-theft) by extension 'ignore'
[1.373s] Level 1:colcon.colcon_core.package_identification:_identify(resource_git/seano-anti-theft) by extension 'ignore_ament_install'
[1.373s] Level 1:colcon.colcon_core.package_identification:_identify(resource_git/seano-anti-theft) by extensions ['colcon_pkg']
[1.373s] Level 1:colcon.colcon_core.package_identification:_identify(resource_git/seano-anti-theft) by extension 'colcon_pkg'
[1.373s] Level 1:colcon.colcon_core.package_identification:_identify(resource_git/seano-anti-theft) by extensions ['colcon_meta']
[1.373s] Level 1:colcon.colcon_core.package_identification:_identify(resource_git/seano-anti-theft) by extension 'colcon_meta'
[1.374s] Level 1:colcon.colcon_core.package_identification:_identify(resource_git/seano-anti-theft) by extensions ['ros']
[1.374s] Level 1:colcon.colcon_core.package_identification:_identify(resource_git/seano-anti-theft) by extension 'ros'
[1.390s] DEBUG:colcon.colcon_core.package_identification:Package 'resource_git/seano-anti-theft' with type 'ros.ament_python' and name 'seano_anti_theft'
[1.390s] Level 1:colcon.colcon_core.package_identification:_identify(resource_git/seano-collision-avoidance) by extensions ['ignore', 'ignore_ament_install']
[1.390s] Level 1:colcon.colcon_core.package_identification:_identify(resource_git/seano-collision-avoidance) by extension 'ignore'
[1.391s] Level 1:colcon.colcon_core.package_identification:_identify(resource_git/seano-collision-avoidance) by extension 'ignore_ament_install'
[1.391s] Level 1:colcon.colcon_core.package_identification:_identify(resource_git/seano-collision-avoidance) by extensions ['colcon_pkg']
[1.391s] Level 1:colcon.colcon_core.package_identification:_identify(resource_git/seano-collision-avoidance) by extension 'colcon_pkg'
[1.391s] Level 1:colcon.colcon_core.package_identification:_identify(resource_git/seano-collision-avoidance) by extensions ['colcon_meta']
[1.391s] Level 1:colcon.colcon_core.package_identification:_identify(resource_git/seano-collision-avoidance) by extension 'colcon_meta'
[1.391s] Level 1:colcon.colcon_core.package_identification:_identify(resource_git/seano-collision-avoidance) by extensions ['ros']
[1.391s] Level 1:colcon.colcon_core.package_identification:_identify(resource_git/seano-collision-avoidance) by extension 'ros'
[1.392s] Level 1:colcon.colcon_core.package_identification:_identify(resource_git/seano-collision-avoidance) by extensions ['cmake', 'python']
[1.392s] Level 1:colcon.colcon_core.package_identification:_identify(resource_git/seano-collision-avoidance) by extension 'cmake'
[1.392s] Level 1:colcon.colcon_core.package_identification:_identify(resource_git/seano-collision-avoidance) by extension 'python'
[1.392s] Level 1:colcon.colcon_core.package_identification:_identify(resource_git/seano-collision-avoidance) by extensions ['python_setup_py']
[1.392s] Level 1:colcon.colcon_core.package_identification:_identify(resource_git/seano-collision-avoidance) by extension 'python_setup_py'
[1.392s] Level 1:colcon.colcon_core.package_identification:_identify(resource_git/seano-collision-avoidance/docs) by extensions ['ignore', 'ignore_ament_install']
[1.392s] Level 1:colcon.colcon_core.package_identification:_identify(resource_git/seano-collision-avoidance/docs) by extension 'ignore'
[1.393s] Level 1:colcon.colcon_core.package_identification:_identify(resource_git/seano-collision-avoidance/docs) by extension 'ignore_ament_install'
[1.393s] Level 1:colcon.colcon_core.package_identification:_identify(resource_git/seano-collision-avoidance/docs) by extensions ['colcon_pkg']
[1.393s] Level 1:colcon.colcon_core.package_identification:_identify(resource_git/seano-collision-avoidance/docs) by extension 'colcon_pkg'
[1.393s] Level 1:colcon.colcon_core.package_identification:_identify(resource_git/seano-collision-avoidance/docs) by extensions ['colcon_meta']
[1.393s] Level 1:colcon.colcon_core.package_identification:_identify(resource_git/seano-collision-avoidance/docs) by extension 'colcon_meta'
[1.393s] Level 1:colcon.colcon_core.package_identification:_identify(resource_git/seano-collision-avoidance/docs) by extensions ['ros']
[1.393s] Level 1:colcon.colcon_core.package_identification:_identify(resource_git/seano-collision-avoidance/docs) by extension 'ros'
[1.393s] Level 1:colcon.colcon_core.package_identification:_identify(resource_git/seano-collision-avoidance/docs) by extensions ['cmake', 'python']
[1.394s] Level 1:colcon.colcon_core.package_identification:_identify(resource_git/seano-collision-avoidance/docs) by extension 'cmake'
[1.394s] Level 1:colcon.colcon_core.package_identification:_identify(resource_git/seano-collision-avoidance/docs) by extension 'python'
[1.394s] Level 1:colcon.colcon_core.package_identification:_identify(resource_git/seano-collision-avoidance/docs) by extensions ['python_setup_py']
[1.394s] Level 1:colcon.colcon_core.package_identification:_identify(resource_git/seano-collision-avoidance/docs) by extension 'python_setup_py'
[1.394s] Level 1:colcon.colcon_core.package_identification:_identify(resource_git/seano-collision-avoidance/seano_ca_ws) by extensions ['ignore', 'ignore_ament_install']
[1.394s] Level 1:colcon.colcon_core.package_identification:_identify(resource_git/seano-collision-avoidance/seano_ca_ws) by extension 'ignore'
[1.395s] Level 1:colcon.colcon_core.package_identification:_identify(resource_git/seano-collision-avoidance/seano_ca_ws) by extension 'ignore_ament_install'
[1.395s] Level 1:colcon.colcon_core.package_identification:_identify(resource_git/seano-collision-avoidance/seano_ca_ws) by extensions ['colcon_pkg']
[1.395s] Level 1:colcon.colcon_core.package_identification:_identify(resource_git/seano-collision-avoidance/seano_ca_ws) by extension 'colcon_pkg'
[1.395s] Level 1:colcon.colcon_core.package_identification:_identify(resource_git/seano-collision-avoidance/seano_ca_ws) by extensions ['colcon_meta']
[1.395s] Level 1:colcon.colcon_core.package_identification:_identify(resource_git/seano-collision-avoidance/seano_ca_ws) by extension 'colcon_meta'
[1.395s] Level 1:colcon.colcon_core.package_identification:_identify(resource_git/seano-collision-avoidance/seano_ca_ws) by extensions ['ros']
[1.395s] Level 1:colcon.colcon_core.package_identification:_identify(resource_git/seano-collision-avoidance/seano_ca_ws) by extension 'ros'
[1.395s] Level 1:colcon.colcon_core.package_identification:_identify(resource_git/seano-collision-avoidance/seano_ca_ws) by extensions ['cmake', 'python']
[1.395s] Level 1:colcon.colcon_core.package_identification:_identify(resource_git/seano-collision-avoidance/seano_ca_ws) by extension 'cmake'
[1.396s] Level 1:colcon.colcon_core.package_identification:_identify(resource_git/seano-collision-avoidance/seano_ca_ws) by extension 'python'
[1.396s] Level 1:colcon.colcon_core.package_identification:_identify(resource_git/seano-collision-avoidance/seano_ca_ws) by extensions ['python_setup_py']
[1.396s] Level 1:colcon.colcon_core.package_identification:_identify(resource_git/seano-collision-avoidance/seano_ca_ws) by extension 'python_setup_py'
[1.396s] Level 1:colcon.colcon_core.package_identification:_identify(resource_git/seano-collision-avoidance/seano_ca_ws/src) by extensions ['ignore', 'ignore_ament_install']
[1.396s] Level 1:colcon.colcon_core.package_identification:_identify(resource_git/seano-collision-avoidance/seano_ca_ws/src) by extension 'ignore'
[1.396s] Level 1:colcon.colcon_core.package_identification:_identify(resource_git/seano-collision-avoidance/seano_ca_ws/src) by extension 'ignore_ament_install'
[1.396s] Level 1:colcon.colcon_core.package_identification:_identify(resource_git/seano-collision-avoidance/seano_ca_ws/src) by extensions ['colcon_pkg']
[1.397s] Level 1:colcon.colcon_core.package_identification:_identify(resource_git/seano-collision-avoidance/seano_ca_ws/src) by extension 'colcon_pkg'
[1.397s] Level 1:colcon.colcon_core.package_identification:_identify(resource_git/seano-collision-avoidance/seano_ca_ws/src) by extensions ['colcon_meta']
[1.397s] Level 1:colcon.colcon_core.package_identification:_identify(resource_git/seano-collision-avoidance/seano_ca_ws/src) by extension 'colcon_meta'
[1.397s] Level 1:colcon.colcon_core.package_identification:_identify(resource_git/seano-collision-avoidance/seano_ca_ws/src) by extensions ['ros']
[1.397s] Level 1:colcon.colcon_core.package_identification:_identify(resource_git/seano-collision-avoidance/seano_ca_ws/src) by extension 'ros'
[1.397s] Level 1:colcon.colcon_core.package_identification:_identify(resource_git/seano-collision-avoidance/seano_ca_ws/src) by extensions ['cmake', 'python']
[1.397s] Level 1:colcon.colcon_core.package_identification:_identify(resource_git/seano-collision-avoidance/seano_ca_ws/src) by extension 'cmake'
[1.397s] Level 1:colcon.colcon_core.package_identification:_identify(resource_git/seano-collision-avoidance/seano_ca_ws/src) by extension 'python'
[1.398s] Level 1:colcon.colcon_core.package_identification:_identify(resource_git/seano-collision-avoidance/seano_ca_ws/src) by extensions ['python_setup_py']
[1.398s] Level 1:colcon.colcon_core.package_identification:_identify(resource_git/seano-collision-avoidance/seano_ca_ws/src) by extension 'python_setup_py'
[1.398s] Level 1:colcon.colcon_core.package_identification:_identify(resource_git/seano-collision-avoidance/seano_ca_ws/src/seano_vision) by extensions ['ignore', 'ignore_ament_install']
[1.398s] Level 1:colcon.colcon_core.package_identification:_identify(resource_git/seano-collision-avoidance/seano_ca_ws/src/seano_vision) by extension 'ignore'
[1.398s] Level 1:colcon.colcon_core.package_identification:_identify(resource_git/seano-collision-avoidance/seano_ca_ws/src/seano_vision) by extension 'ignore_ament_install'
[1.398s] Level 1:colcon.colcon_core.package_identification:_identify(resource_git/seano-collision-avoidance/seano_ca_ws/src/seano_vision) by extensions ['colcon_pkg']
[1.398s] Level 1:colcon.colcon_core.package_identification:_identify(resource_git/seano-collision-avoidance/seano_ca_ws/src/seano_vision) by extension 'colcon_pkg'
[1.399s] Level 1:colcon.colcon_core.package_identification:_identify(resource_git/seano-collision-avoidance/seano_ca_ws/src/seano_vision) by extensions ['colcon_meta']
[1.399s] Level 1:colcon.colcon_core.package_identification:_identify(resource_git/seano-collision-avoidance/seano_ca_ws/src/seano_vision) by extension 'colcon_meta'
[1.399s] Level 1:colcon.colcon_core.package_identification:_identify(resource_git/seano-collision-avoidance/seano_ca_ws/src/seano_vision) by extensions ['ros']
[1.399s] Level 1:colcon.colcon_core.package_identification:_identify(resource_git/seano-collision-avoidance/seano_ca_ws/src/seano_vision) by extension 'ros'
[1.401s] DEBUG:colcon.colcon_core.package_identification:Package 'resource_git/seano-collision-avoidance/seano_ca_ws/src/seano_vision' with type 'ros.ament_python' and name 'seano_vision'
[1.402s] Level 1:colcon.colcon_core.package_identification:_identify(resource_git/seano-collision-avoidance/tools) by extensions ['ignore', 'ignore_ament_install']
[1.402s] Level 1:colcon.colcon_core.package_identification:_identify(resource_git/seano-collision-avoidance/tools) by extension 'ignore'
[1.402s] Level 1:colcon.colcon_core.package_identification:_identify(resource_git/seano-collision-avoidance/tools) by extension 'ignore_ament_install'
[1.402s] Level 1:colcon.colcon_core.package_identification:_identify(resource_git/seano-collision-avoidance/tools) by extensions ['colcon_pkg']
[1.402s] Level 1:colcon.colcon_core.package_identification:_identify(resource_git/seano-collision-avoidance/tools) by extension 'colcon_pkg'
[1.403s] Level 1:colcon.colcon_core.package_identification:_identify(resource_git/seano-collision-avoidance/tools) by extensions ['colcon_meta']
[1.403s] Level 1:colcon.colcon_core.package_identification:_identify(resource_git/seano-collision-avoidance/tools) by extension 'colcon_meta'
[1.403s] Level 1:colcon.colcon_core.package_identification:_identify(resource_git/seano-collision-avoidance/tools) by extensions ['ros']
[1.403s] Level 1:colcon.colcon_core.package_identification:_identify(resource_git/seano-collision-avoidance/tools) by extension 'ros'
[1.403s] Level 1:colcon.colcon_core.package_identification:_identify(resource_git/seano-collision-avoidance/tools) by extensions ['cmake', 'python']
[1.403s] Level 1:colcon.colcon_core.package_identification:_identify(resource_git/seano-collision-avoidance/tools) by extension 'cmake'
[1.403s] Level 1:colcon.colcon_core.package_identification:_identify(resource_git/seano-collision-avoidance/tools) by extension 'python'
[1.403s] Level 1:colcon.colcon_core.package_identification:_identify(resource_git/seano-collision-avoidance/tools) by extensions ['python_setup_py']
[1.403s] Level 1:colcon.colcon_core.package_identification:_identify(resource_git/seano-collision-avoidance/tools) by extension 'python_setup_py'
[1.404s] Level 1:colcon.colcon_core.package_identification:_identify(resource_git/seano-logger) by extensions ['ignore', 'ignore_ament_install']
[1.404s] Level 1:colcon.colcon_core.package_identification:_identify(resource_git/seano-logger) by extension 'ignore'
[1.404s] Level 1:colcon.colcon_core.package_identification:_identify(resource_git/seano-logger) by extension 'ignore_ament_install'
[1.404s] Level 1:colcon.colcon_core.package_identification:_identify(resource_git/seano-logger) by extensions ['colcon_pkg']
[1.404s] Level 1:colcon.colcon_core.package_identification:_identify(resource_git/seano-logger) by extension 'colcon_pkg'
[1.404s] Level 1:colcon.colcon_core.package_identification:_identify(resource_git/seano-logger) by extensions ['colcon_meta']
[1.404s] Level 1:colcon.colcon_core.package_identification:_identify(resource_git/seano-logger) by extension 'colcon_meta'
[1.405s] Level 1:colcon.colcon_core.package_identification:_identify(resource_git/seano-logger) by extensions ['ros']
[1.405s] Level 1:colcon.colcon_core.package_identification:_identify(resource_git/seano-logger) by extension 'ros'
[1.405s] Level 1:colcon.colcon_core.package_identification:_identify(resource_git/seano-logger) by extensions ['cmake', 'python']
[1.405s] Level 1:colcon.colcon_core.package_identification:_identify(resource_git/seano-logger) by extension 'cmake'
[1.405s] Level 1:colcon.colcon_core.package_identification:_identify(resource_git/seano-logger) by extension 'python'
[1.405s] Level 1:colcon.colcon_core.package_identification:_identify(resource_git/seano-logger) by extensions ['python_setup_py']
[1.405s] Level 1:colcon.colcon_core.package_identification:_identify(resource_git/seano-logger) by extension 'python_setup_py'
[1.406s] Level 1:colcon.colcon_core.package_identification:_identify(resource_git/seano-logger/build) by extensions ['ignore', 'ignore_ament_install']
[1.406s] Level 1:colcon.colcon_core.package_identification:_identify(resource_git/seano-logger/build) by extension 'ignore'
[1.406s] Level 1:colcon.colcon_core.package_identification:_identify(resource_git/seano-logger/build) ignored
[1.406s] Level 1:colcon.colcon_core.package_identification:_identify(resource_git/seano-logger/install) by extensions ['ignore', 'ignore_ament_install']
[1.406s] Level 1:colcon.colcon_core.package_identification:_identify(resource_git/seano-logger/install) by extension 'ignore'
[1.406s] Level 1:colcon.colcon_core.package_identification:_identify(resource_git/seano-logger/install) ignored
[1.407s] Level 1:colcon.colcon_core.package_identification:_identify(resource_git/seano-logger/log) by extensions ['ignore', 'ignore_ament_install']
[1.407s] Level 1:colcon.colcon_core.package_identification:_identify(resource_git/seano-logger/log) by extension 'ignore'
[1.407s] Level 1:colcon.colcon_core.package_identification:_identify(resource_git/seano-logger/log) ignored
[1.407s] Level 1:colcon.colcon_core.package_identification:_identify(resource_git/seano-logger/src) by extensions ['ignore', 'ignore_ament_install']
[1.408s] Level 1:colcon.colcon_core.package_identification:_identify(resource_git/seano-logger/src) by extension 'ignore'
[1.408s] Level 1:colcon.colcon_core.package_identification:_identify(resource_git/seano-logger/src) by extension 'ignore_ament_install'
[1.408s] Level 1:colcon.colcon_core.package_identification:_identify(resource_git/seano-logger/src) by extensions ['colcon_pkg']
[1.408s] Level 1:colcon.colcon_core.package_identification:_identify(resource_git/seano-logger/src) by extension 'colcon_pkg'
[1.408s] Level 1:colcon.colcon_core.package_identification:_identify(resource_git/seano-logger/src) by extensions ['colcon_meta']
[1.408s] Level 1:colcon.colcon_core.package_identification:_identify(resource_git/seano-logger/src) by extension 'colcon_meta'
[1.408s] Level 1:colcon.colcon_core.package_identification:_identify(resource_git/seano-logger/src) by extensions ['ros']
[1.408s] Level 1:colcon.colcon_core.package_identification:_identify(resource_git/seano-logger/src) by extension 'ros'
[1.409s] Level 1:colcon.colcon_core.package_identification:_identify(resource_git/seano-logger/src) by extensions ['cmake', 'python']
[1.409s] Level 1:colcon.colcon_core.package_identification:_identify(resource_git/seano-logger/src) by extension 'cmake'
[1.409s] Level 1:colcon.colcon_core.package_identification:_identify(resource_git/seano-logger/src) by extension 'python'
[1.409s] Level 1:colcon.colcon_core.package_identification:_identify(resource_git/seano-logger/src) by extensions ['python_setup_py']
[1.409s] Level 1:colcon.colcon_core.package_identification:_identify(resource_git/seano-logger/src) by extension 'python_setup_py'
[1.409s] Level 1:colcon.colcon_core.package_identification:_identify(resource_git/seano-logger/src/build) by extensions ['ignore', 'ignore_ament_install']
[1.409s] Level 1:colcon.colcon_core.package_identification:_identify(resource_git/seano-logger/src/build) by extension 'ignore'
[1.410s] Level 1:colcon.colcon_core.package_identification:_identify(resource_git/seano-logger/src/build) ignored
[1.410s] Level 1:colcon.colcon_core.package_identification:_identify(resource_git/seano-logger/src/install) by extensions ['ignore', 'ignore_ament_install']
[1.410s] Level 1:colcon.colcon_core.package_identification:_identify(resource_git/seano-logger/src/install) by extension 'ignore'
[1.410s] Level 1:colcon.colcon_core.package_identification:_identify(resource_git/seano-logger/src/install) ignored
[1.410s] Level 1:colcon.colcon_core.package_identification:_identify(resource_git/seano-logger/src/log) by extensions ['ignore', 'ignore_ament_install']
[1.411s] Level 1:colcon.colcon_core.package_identification:_identify(resource_git/seano-logger/src/log) by extension 'ignore'
[1.411s] Level 1:colcon.colcon_core.package_identification:_identify(resource_git/seano-logger/src/log) ignored
[1.411s] Level 1:colcon.colcon_core.package_identification:_identify(resource_git/seano-logger/src/seano_logger) by extensions ['ignore', 'ignore_ament_install']
[1.411s] Level 1:colcon.colcon_core.package_identification:_identify(resource_git/seano-logger/src/seano_logger) by extension 'ignore'
[1.411s] Level 1:colcon.colcon_core.package_identification:_identify(resource_git/seano-logger/src/seano_logger) by extension 'ignore_ament_install'
[1.411s] Level 1:colcon.colcon_core.package_identification:_identify(resource_git/seano-logger/src/seano_logger) by extensions ['colcon_pkg']
[1.411s] Level 1:colcon.colcon_core.package_identification:_identify(resource_git/seano-logger/src/seano_logger) by extension 'colcon_pkg'
[1.412s] Level 1:colcon.colcon_core.package_identification:_identify(resource_git/seano-logger/src/seano_logger) by extensions ['colcon_meta']
[1.412s] Level 1:colcon.colcon_core.package_identification:_identify(resource_git/seano-logger/src/seano_logger) by extension 'colcon_meta'
[1.412s] Level 1:colcon.colcon_core.package_identification:_identify(resource_git/seano-logger/src/seano_logger) by extensions ['ros']
[1.412s] Level 1:colcon.colcon_core.package_identification:_identify(resource_git/seano-logger/src/seano_logger) by extension 'ros'
[1.413s] DEBUG:colcon.colcon_core.package_identification:Package 'resource_git/seano-logger/src/seano_logger' with type 'ros.ament_python' and name 'seano_logger'
[1.413s] Level 1:colcon.colcon_core.package_identification:_identify(resource_git/seano-logger/src/seano_sensors) by extensions ['ignore', 'ignore_ament_install']
[1.414s] Level 1:colcon.colcon_core.package_identification:_identify(resource_git/seano-logger/src/seano_sensors) by extension 'ignore'
[1.414s] Level 1:colcon.colcon_core.package_identification:_identify(resource_git/seano-logger/src/seano_sensors) by extension 'ignore_ament_install'
[1.414s] Level 1:colcon.colcon_core.package_identification:_identify(resource_git/seano-logger/src/seano_sensors) by extensions ['colcon_pkg']
[1.414s] Level 1:colcon.colcon_core.package_identification:_identify(resource_git/seano-logger/src/seano_sensors) by extension 'colcon_pkg'
[1.415s] Level 1:colcon.colcon_core.package_identification:_identify(resource_git/seano-logger/src/seano_sensors) by extensions ['colcon_meta']
[1.415s] Level 1:colcon.colcon_core.package_identification:_identify(resource_git/seano-logger/src/seano_sensors) by extension 'colcon_meta'
[1.415s] Level 1:colcon.colcon_core.package_identification:_identify(resource_git/seano-logger/src/seano_sensors) by extensions ['ros']
[1.415s] Level 1:colcon.colcon_core.package_identification:_identify(resource_git/seano-logger/src/seano_sensors) by extension 'ros'
[1.416s] DEBUG:colcon.colcon_core.package_identification:Package 'resource_git/seano-logger/src/seano_sensors' with type 'ros.ament_python' and name 'seano_sensors'
[1.416s] Level 1:colcon.colcon_core.package_identification:_identify(src) by extensions ['ignore', 'ignore_ament_install']
[1.416s] Level 1:colcon.colcon_core.package_identification:_identify(src) by extension 'ignore'
[1.417s] Level 1:colcon.colcon_core.package_identification:_identify(src) by extension 'ignore_ament_install'
[1.417s] Level 1:colcon.colcon_core.package_identification:_identify(src) by extensions ['colcon_pkg']
[1.417s] Level 1:colcon.colcon_core.package_identification:_identify(src) by extension 'colcon_pkg'
[1.417s] Level 1:colcon.colcon_core.package_identification:_identify(src) by extensions ['colcon_meta']
[1.417s] Level 1:colcon.colcon_core.package_identification:_identify(src) by extension 'colcon_meta'
[1.417s] Level 1:colcon.colcon_core.package_identification:_identify(src) by extensions ['ros']
[1.417s] Level 1:colcon.colcon_core.package_identification:_identify(src) by extension 'ros'
[1.417s] Level 1:colcon.colcon_core.package_identification:_identify(src) by extensions ['cmake', 'python']
[1.417s] Level 1:colcon.colcon_core.package_identification:_identify(src) by extension 'cmake'
[1.418s] Level 1:colcon.colcon_core.package_identification:_identify(src) by extension 'python'
[1.418s] Level 1:colcon.colcon_core.package_identification:_identify(src) by extensions ['python_setup_py']
[1.418s] Level 1:colcon.colcon_core.package_identification:_identify(src) by extension 'python_setup_py'
[1.418s] Level 1:colcon.colcon_core.package_identification:_identify(src/seano_cam) by extensions ['ignore', 'ignore_ament_install']
[1.418s] Level 1:colcon.colcon_core.package_identification:_identify(src/seano_cam) by extension 'ignore'
[1.418s] Level 1:colcon.colcon_core.package_identification:_identify(src/seano_cam) by extension 'ignore_ament_install'
[1.419s] Level 1:colcon.colcon_core.package_identification:_identify(src/seano_cam) by extensions ['colcon_pkg']
[1.419s] Level 1:colcon.colcon_core.package_identification:_identify(src/seano_cam) by extension 'colcon_pkg'
[1.419s] Level 1:colcon.colcon_core.package_identification:_identify(src/seano_cam) by extensions ['colcon_meta']
[1.419s] Level 1:colcon.colcon_core.package_identification:_identify(src/seano_cam) by extension 'colcon_meta'
[1.419s] Level 1:colcon.colcon_core.package_identification:_identify(src/seano_cam) by extensions ['ros']
[1.419s] Level 1:colcon.colcon_core.package_identification:_identify(src/seano_cam) by extension 'ros'
[1.421s] DEBUG:colcon.colcon_core.package_identification:Package 'src/seano_cam' with type 'ros.ament_python' and name 'seano_cam'
[1.421s] Level 1:colcon.colcon_core.package_identification:_identify(src/seano_command) by extensions ['ignore', 'ignore_ament_install']
[1.421s] Level 1:colcon.colcon_core.package_identification:_identify(src/seano_command) by extension 'ignore'
[1.421s] Level 1:colcon.colcon_core.package_identification:_identify(src/seano_command) by extension 'ignore_ament_install'
[1.421s] Level 1:colcon.colcon_core.package_identification:_identify(src/seano_command) by extensions ['colcon_pkg']
[1.421s] Level 1:colcon.colcon_core.package_identification:_identify(src/seano_command) by extension 'colcon_pkg'
[1.422s] Level 1:colcon.colcon_core.package_identification:_identify(src/seano_command) by extensions ['colcon_meta']
[1.422s] Level 1:colcon.colcon_core.package_identification:_identify(src/seano_command) by extension 'colcon_meta'
[1.422s] Level 1:colcon.colcon_core.package_identification:_identify(src/seano_command) by extensions ['ros']
[1.422s] Level 1:colcon.colcon_core.package_identification:_identify(src/seano_command) by extension 'ros'
[1.423s] DEBUG:colcon.colcon_core.package_identification:Package 'src/seano_command' with type 'ros.ament_python' and name 'seano_command'
[1.424s] Level 1:colcon.colcon_core.package_identification:_identify(src/seano_communication) by extensions ['ignore', 'ignore_ament_install']
[1.424s] Level 1:colcon.colcon_core.package_identification:_identify(src/seano_communication) by extension 'ignore'
[1.424s] Level 1:colcon.colcon_core.package_identification:_identify(src/seano_communication) by extension 'ignore_ament_install'
[1.424s] Level 1:colcon.colcon_core.package_identification:_identify(src/seano_communication) by extensions ['colcon_pkg']
[1.424s] Level 1:colcon.colcon_core.package_identification:_identify(src/seano_communication) by extension 'colcon_pkg'
[1.424s] Level 1:colcon.colcon_core.package_identification:_identify(src/seano_communication) by extensions ['colcon_meta']
[1.425s] Level 1:colcon.colcon_core.package_identification:_identify(src/seano_communication) by extension 'colcon_meta'
[1.425s] Level 1:colcon.colcon_core.package_identification:_identify(src/seano_communication) by extensions ['ros']
[1.425s] Level 1:colcon.colcon_core.package_identification:_identify(src/seano_communication) by extension 'ros'
[1.432s] DEBUG:colcon.colcon_core.package_identification:Package 'src/seano_communication' with type 'ros.ament_python' and name 'seano_communication'
[1.432s] Level 1:colcon.colcon_core.package_identification:_identify(src/seano_failsafe) by extensions ['ignore', 'ignore_ament_install']
[1.433s] Level 1:colcon.colcon_core.package_identification:_identify(src/seano_failsafe) by extension 'ignore'
[1.433s] Level 1:colcon.colcon_core.package_identification:_identify(src/seano_failsafe) by extension 'ignore_ament_install'
[1.433s] Level 1:colcon.colcon_core.package_identification:_identify(src/seano_failsafe) by extensions ['colcon_pkg']
[1.433s] Level 1:colcon.colcon_core.package_identification:_identify(src/seano_failsafe) by extension 'colcon_pkg'
[1.433s] Level 1:colcon.colcon_core.package_identification:_identify(src/seano_failsafe) by extensions ['colcon_meta']
[1.433s] Level 1:colcon.colcon_core.package_identification:_identify(src/seano_failsafe) by extension 'colcon_meta'
[1.433s] Level 1:colcon.colcon_core.package_identification:_identify(src/seano_failsafe) by extensions ['ros']
[1.433s] Level 1:colcon.colcon_core.package_identification:_identify(src/seano_failsafe) by extension 'ros'
[1.435s] DEBUG:colcon.colcon_core.package_identification:Package 'src/seano_failsafe' with type 'ros.ament_python' and name 'seano_failsafe'
[1.435s] Level 1:colcon.colcon_core.package_identification:_identify(src/seano_logging) by extensions ['ignore', 'ignore_ament_install']
[1.435s] Level 1:colcon.colcon_core.package_identification:_identify(src/seano_logging) by extension 'ignore'
[1.435s] Level 1:colcon.colcon_core.package_identification:_identify(src/seano_logging) by extension 'ignore_ament_install'
[1.436s] Level 1:colcon.colcon_core.package_identification:_identify(src/seano_logging) by extensions ['colcon_pkg']
[1.436s] Level 1:colcon.colcon_core.package_identification:_identify(src/seano_logging) by extension 'colcon_pkg'
[1.436s] Level 1:colcon.colcon_core.package_identification:_identify(src/seano_logging) by extensions ['colcon_meta']
[1.436s] Level 1:colcon.colcon_core.package_identification:_identify(src/seano_logging) by extension 'colcon_meta'
[1.436s] Level 1:colcon.colcon_core.package_identification:_identify(src/seano_logging) by extensions ['ros']
[1.436s] Level 1:colcon.colcon_core.package_identification:_identify(src/seano_logging) by extension 'ros'
[1.438s] DEBUG:colcon.colcon_core.package_identification:Package 'src/seano_logging' with type 'ros.ament_python' and name 'seano_logging'
[1.439s] Level 1:colcon.colcon_core.package_identification:_identify(src/seano_mqtt_bridge) by extensions ['ignore', 'ignore_ament_install']
[1.439s] Level 1:colcon.colcon_core.package_identification:_identify(src/seano_mqtt_bridge) by extension 'ignore'
[1.439s] Level 1:colcon.colcon_core.package_identification:_identify(src/seano_mqtt_bridge) by extension 'ignore_ament_install'
[1.439s] Level 1:colcon.colcon_core.package_identification:_identify(src/seano_mqtt_bridge) by extensions ['colcon_pkg']
[1.439s] Level 1:colcon.colcon_core.package_identification:_identify(src/seano_mqtt_bridge) by extension 'colcon_pkg'
[1.440s] Level 1:colcon.colcon_core.package_identification:_identify(src/seano_mqtt_bridge) by extensions ['colcon_meta']
[1.440s] Level 1:colcon.colcon_core.package_identification:_identify(src/seano_mqtt_bridge) by extension 'colcon_meta'
[1.440s] Level 1:colcon.colcon_core.package_identification:_identify(src/seano_mqtt_bridge) by extensions ['ros']
[1.440s] Level 1:colcon.colcon_core.package_identification:_identify(src/seano_mqtt_bridge) by extension 'ros'
[1.442s] DEBUG:colcon.colcon_core.package_identification:Package 'src/seano_mqtt_bridge' with type 'ros.ament_python' and name 'seano_mqtt_bridge'
[1.442s] Level 1:colcon.colcon_core.package_identification:_identify(src/seano_startup) by extensions ['ignore', 'ignore_ament_install']
[1.443s] Level 1:colcon.colcon_core.package_identification:_identify(src/seano_startup) by extension 'ignore'
[1.443s] Level 1:colcon.colcon_core.package_identification:_identify(src/seano_startup) by extension 'ignore_ament_install'
[1.443s] Level 1:colcon.colcon_core.package_identification:_identify(src/seano_startup) by extensions ['colcon_pkg']
[1.443s] Level 1:colcon.colcon_core.package_identification:_identify(src/seano_startup) by extension 'colcon_pkg'
[1.443s] Level 1:colcon.colcon_core.package_identification:_identify(src/seano_startup) by extensions ['colcon_meta']
[1.443s] Level 1:colcon.colcon_core.package_identification:_identify(src/seano_startup) by extension 'colcon_meta'
[1.443s] Level 1:colcon.colcon_core.package_identification:_identify(src/seano_startup) by extensions ['ros']
[1.443s] Level 1:colcon.colcon_core.package_identification:_identify(src/seano_startup) by extension 'ros'
[1.445s] DEBUG:colcon.colcon_core.package_identification:Package 'src/seano_startup' with type 'ros.ament_python' and name 'seano_startup'
[1.445s] Level 1:colcon.colcon_core.package_identification:_identify(src/seano_telemetry) by extensions ['ignore', 'ignore_ament_install']
[1.446s] Level 1:colcon.colcon_core.package_identification:_identify(src/seano_telemetry) by extension 'ignore'
[1.446s] Level 1:colcon.colcon_core.package_identification:_identify(src/seano_telemetry) by extension 'ignore_ament_install'
[1.446s] Level 1:colcon.colcon_core.package_identification:_identify(src/seano_telemetry) by extensions ['colcon_pkg']
[1.446s] Level 1:colcon.colcon_core.package_identification:_identify(src/seano_telemetry) by extension 'colcon_pkg'
[1.446s] Level 1:colcon.colcon_core.package_identification:_identify(src/seano_telemetry) by extensions ['colcon_meta']
[1.446s] Level 1:colcon.colcon_core.package_identification:_identify(src/seano_telemetry) by extension 'colcon_meta'
[1.446s] Level 1:colcon.colcon_core.package_identification:_identify(src/seano_telemetry) by extensions ['ros']
[1.447s] Level 1:colcon.colcon_core.package_identification:_identify(src/seano_telemetry) by extension 'ros'
[1.448s] DEBUG:colcon.colcon_core.package_identification:Package 'src/seano_telemetry' with type 'ros.ament_python' and name 'seano_telemetry'
[1.449s] Level 1:colcon.colcon_core.package_discovery:discover_packages(recursive) using defaults
[1.449s] Level 1:colcon.colcon_core.package_discovery:discover_packages(ignore) discover
[1.449s] Level 1:colcon.colcon_core.package_discovery:discover_packages(ignore) using defaults
[1.449s] Level 1:colcon.colcon_core.package_discovery:discover_packages(path) discover
[1.449s] Level 1:colcon.colcon_core.package_discovery:discover_packages(path) using defaults
[1.593s] INFO:colcon.colcon_core.package_selection:Skipping not selected package 'seano_anti_theft' in 'resource_git/seano-anti-theft'
[1.593s] INFO:colcon.colcon_core.package_selection:Skipping not selected package 'seano_cam' in 'src/seano_cam'
[1.593s] INFO:colcon.colcon_core.package_selection:Skipping not selected package 'seano_command' in 'src/seano_command'
[1.593s] INFO:colcon.colcon_core.package_selection:Skipping not selected package 'seano_communication' in 'src/seano_communication'
[1.593s] INFO:colcon.colcon_core.package_selection:Skipping not selected package 'seano_logger' in 'resource_git/seano-logger/src/seano_logger'
[1.593s] INFO:colcon.colcon_core.package_selection:Skipping not selected package 'seano_logging' in 'src/seano_logging'
[1.593s] INFO:colcon.colcon_core.package_selection:Skipping not selected package 'seano_mqtt_bridge' in 'src/seano_mqtt_bridge'
[1.593s] INFO:colcon.colcon_core.package_selection:Skipping not selected package 'seano_sensors' in 'resource_git/seano-logger/src/seano_sensors'
[1.593s] INFO:colcon.colcon_core.package_selection:Skipping not selected package 'seano_startup' in 'src/seano_startup'
[1.593s] INFO:colcon.colcon_core.package_selection:Skipping not selected package 'seano_telemetry' in 'src/seano_telemetry'
[1.594s] INFO:colcon.colcon_core.package_selection:Skipping not selected package 'seano_vision' in 'resource_git/seano-collision-avoidance/seano_ca_ws/src/seano_vision'
[1.595s] Level 1:colcon.colcon_core.package_discovery:discover_packages(prefix_path) check parameters
[1.595s] Level 1:colcon.colcon_core.package_discovery:discover_packages(prefix_path) discover
[1.608s] DEBUG:colcon.colcon_installed_package_information.package_discovery:Found 7 installed packages in /home/seano/Seano_ws/install
[1.610s] DEBUG:colcon.colcon_installed_package_information.package_discovery:Found 10 installed packages in /home/seano/seano_ws/install
[1.613s] DEBUG:colcon.colcon_installed_package_information.package_discovery:Found 280 installed packages in /opt/ros/humble
[1.616s] Level 1:colcon.colcon_core.package_discovery:discover_packages(prefix_path) using defaults
[1.724s] Level 5:colcon.colcon_core.verb:set package 'seano_failsafe' build argument 'cmake_args' from command line to 'None'
[1.725s] Level 5:colcon.colcon_core.verb:set package 'seano_failsafe' build argument 'cmake_target' from command line to 'None'
[1.725s] Level 5:colcon.colcon_core.verb:set package 'seano_failsafe' build argument 'cmake_target_skip_unavailable' from command line to 'False'
[1.725s] Level 5:colcon.colcon_core.verb:set package 'seano_failsafe' build argument 'cmake_clean_cache' from command line to 'False'
[1.725s] Level 5:colcon.colcon_core.verb:set package 'seano_failsafe' build argument 'cmake_clean_first' from command line to 'False'
[1.725s] Level 5:colcon.colcon_core.verb:set package 'seano_failsafe' build argument 'cmake_force_configure' from command line to 'False'
[1.725s] Level 5:colcon.colcon_core.verb:set package 'seano_failsafe' build argument 'ament_cmake_args' from command line to 'None'
[1.725s] Level 5:colcon.colcon_core.verb:set package 'seano_failsafe' build argument 'catkin_cmake_args' from command line to 'None'
[1.725s] Level 5:colcon.colcon_core.verb:set package 'seano_failsafe' build argument 'catkin_skip_building_tests' from command line to 'False'
[1.725s] DEBUG:colcon.colcon_core.verb:Building package 'seano_failsafe' with the following arguments: {'ament_cmake_args': None, 'build_base': '/home/seano/Seano_ws/build/seano_failsafe', 'catkin_cmake_args': None, 'catkin_skip_building_tests': False, 'cmake_args': None, 'cmake_clean_cache': False, 'cmake_clean_first': False, 'cmake_force_configure': False, 'cmake_target': None, 'cmake_target_skip_unavailable': False, 'install_base': '/home/seano/Seano_ws/install/seano_failsafe', 'merge_install': False, 'path': '/home/seano/Seano_ws/src/seano_failsafe', 'symlink_install': False, 'test_result_base': None}
[1.726s] INFO:colcon.colcon_core.executor:Executing jobs using 'parallel' executor
[1.729s] DEBUG:colcon.colcon_parallel_executor.executor.parallel:run_until_complete
[1.730s] INFO:colcon.colcon_ros.task.ament_python.build:Building ROS package in '/home/seano/Seano_ws/src/seano_failsafe' with build type 'ament_python'
[1.730s] Level 1:colcon.colcon_core.shell:create_environment_hook('seano_failsafe', 'ament_prefix_path')
[1.748s] INFO:colcon.colcon_core.plugin_system:Skipping extension 'colcon_core.shell.bat': Not used on non-Windows systems
[1.749s] INFO:colcon.colcon_core.shell:Creating environment hook '/home/seano/Seano_ws/install/seano_failsafe/share/seano_failsafe/hook/ament_prefix_path.ps1'
[1.752s] INFO:colcon.colcon_core.shell:Creating environment descriptor '/home/seano/Seano_ws/install/seano_failsafe/share/seano_failsafe/hook/ament_prefix_path.dsv'
[1.754s] INFO:colcon.colcon_core.shell:Creating environment hook '/home/seano/Seano_ws/install/seano_failsafe/share/seano_failsafe/hook/ament_prefix_path.sh'
[1.756s] INFO:colcon.colcon_core.shell:Skip shell extension 'powershell' for command environment: Not usable outside of PowerShell
[1.756s] DEBUG:colcon.colcon_core.shell:Skip shell extension 'dsv' for command environment
[2.496s] INFO:colcon.colcon_core.task.python.build:Building Python package in '/home/seano/Seano_ws/src/seano_failsafe'
[2.498s] INFO:colcon.colcon_core.shell:Skip shell extension 'powershell' for command environment: Not usable outside of PowerShell
[2.498s] DEBUG:colcon.colcon_core.shell:Skip shell extension 'dsv' for command environment
[3.578s] DEBUG:colcon.colcon_core.event_handler.log_command:Invoking command in '/home/seano/Seano_ws/src/seano_failsafe': PYTHONPATH=/home/seano/Seano_ws/build/seano_failsafe/prefix_override:/usr/lib/python3/dist-packages/colcon_core/task/python/colcon_distutils_commands:/home/seano/Seano_ws/install/seano_failsafe/lib/python3.10/site-packages:${PYTHONPATH} /usr/bin/python3 -W ignore:setup.py install is deprecated -W ignore:easy_install command is deprecated setup.py egg_info --egg-base ../../build/seano_failsafe build --build-base /home/seano/Seano_ws/build/seano_failsafe/build install --record /home/seano/Seano_ws/build/seano_failsafe/install.log --single-version-externally-managed install_data
[4.415s] DEBUG:colcon.colcon_core.event_handler.log_command:Invoked command in '/home/seano/Seano_ws/src/seano_failsafe' returned '0': PYTHONPATH=/home/seano/Seano_ws/build/seano_failsafe/prefix_override:/usr/lib/python3/dist-packages/colcon_core/task/python/colcon_distutils_commands:/home/seano/Seano_ws/install/seano_failsafe/lib/python3.10/site-packages:${PYTHONPATH} /usr/bin/python3 -W ignore:setup.py install is deprecated -W ignore:easy_install command is deprecated setup.py egg_info --egg-base ../../build/seano_failsafe build --build-base /home/seano/Seano_ws/build/seano_failsafe/build install --record /home/seano/Seano_ws/build/seano_failsafe/install.log --single-version-externally-managed install_data
[4.443s] Level 1:colcon.colcon_core.environment:checking '/home/seano/Seano_ws/install/seano_failsafe' for CMake module files
[4.445s] Level 1:colcon.colcon_core.environment:checking '/home/seano/Seano_ws/install/seano_failsafe' for CMake config files
[4.449s] Level 1:colcon.colcon_core.environment:checking '/home/seano/Seano_ws/install/seano_failsafe/lib'
[4.449s] Level 1:colcon.colcon_core.environment:checking '/home/seano/Seano_ws/install/seano_failsafe/bin'
[4.450s] Level 1:colcon.colcon_core.environment:checking '/home/seano/Seano_ws/install/seano_failsafe/lib/pkgconfig/seano_failsafe.pc'
[4.451s] Level 1:colcon.colcon_core.environment:checking '/home/seano/Seano_ws/install/seano_failsafe/lib/python3.10/site-packages'
[4.452s] Level 1:colcon.colcon_core.shell:create_environment_hook('seano_failsafe', 'pythonpath')
[4.454s] INFO:colcon.colcon_core.shell:Creating environment hook '/home/seano/Seano_ws/install/seano_failsafe/share/seano_failsafe/hook/pythonpath.ps1'
[4.465s] INFO:colcon.colcon_core.shell:Creating environment descriptor '/home/seano/Seano_ws/install/seano_failsafe/share/seano_failsafe/hook/pythonpath.dsv'
[4.467s] INFO:colcon.colcon_core.shell:Creating environment hook '/home/seano/Seano_ws/install/seano_failsafe/share/seano_failsafe/hook/pythonpath.sh'
[4.470s] Level 1:colcon.colcon_core.environment:checking '/home/seano/Seano_ws/install/seano_failsafe/bin'
[4.470s] Level 1:colcon.colcon_core.environment:create_environment_scripts_only(seano_failsafe)
[4.472s] INFO:colcon.colcon_core.shell:Creating package script '/home/seano/Seano_ws/install/seano_failsafe/share/seano_failsafe/package.ps1'
[4.476s] INFO:colcon.colcon_core.shell:Creating package descriptor '/home/seano/Seano_ws/install/seano_failsafe/share/seano_failsafe/package.dsv'
[4.479s] INFO:colcon.colcon_core.shell:Creating package script '/home/seano/Seano_ws/install/seano_failsafe/share/seano_failsafe/package.sh'
[4.483s] INFO:colcon.colcon_core.shell:Creating package script '/home/seano/Seano_ws/install/seano_failsafe/share/seano_failsafe/package.bash'
[4.487s] INFO:colcon.colcon_core.shell:Creating package script '/home/seano/Seano_ws/install/seano_failsafe/share/seano_failsafe/package.zsh'
[4.493s] Level 1:colcon.colcon_core.environment:create_file_with_runtime_dependencies(/home/seano/Seano_ws/install/seano_failsafe/share/colcon-core/packages/seano_failsafe)
[4.496s] DEBUG:colcon.colcon_parallel_executor.executor.parallel:closing loop
[4.498s] DEBUG:colcon.colcon_parallel_executor.executor.parallel:loop closed
[4.499s] DEBUG:colcon.colcon_parallel_executor.executor.parallel:run_until_complete finished with '0'
[4.499s] DEBUG:colcon.colcon_core.event_reactor:joining thread
[4.542s] INFO:colcon.colcon_core.plugin_system:Skipping extension 'colcon_notification.desktop_notification.terminal_notifier': Not used on non-Darwin systems
[4.543s] INFO:colcon.colcon_core.plugin_system:Skipping extension 'colcon_notification.desktop_notification.win32': Not used on non-Windows systems
[4.543s] INFO:colcon.colcon_notification.desktop_notification:Sending desktop notification using 'notify2'
[4.623s] DEBUG:colcon.colcon_core.event_reactor:joined thread
[4.627s] INFO:colcon.colcon_core.shell:Creating prefix script '/home/seano/Seano_ws/install/local_setup.ps1'
[4.641s] INFO:colcon.colcon_core.shell:Creating prefix util module '/home/seano/Seano_ws/install/_local_setup_util_ps1.py'
[4.648s] INFO:colcon.colcon_core.shell:Creating prefix chain script '/home/seano/Seano_ws/install/setup.ps1'
[4.657s] INFO:colcon.colcon_core.shell:Creating prefix script '/home/seano/Seano_ws/install/local_setup.sh'
[4.660s] INFO:colcon.colcon_core.shell:Creating prefix util module '/home/seano/Seano_ws/install/_local_setup_util_sh.py'
[4.662s] INFO:colcon.colcon_core.shell:Creating prefix chain script '/home/seano/Seano_ws/install/setup.sh'
[4.670s] INFO:colcon.colcon_core.shell:Creating prefix script '/home/seano/Seano_ws/install/local_setup.bash'
[4.680s] INFO:colcon.colcon_core.shell:Creating prefix chain script '/home/seano/Seano_ws/install/setup.bash'
[4.688s] INFO:colcon.colcon_core.shell:Creating prefix script '/home/seano/Seano_ws/install/local_setup.zsh'
[4.693s] INFO:colcon.colcon_core.shell:Creating prefix chain script '/home/seano/Seano_ws/install/setup.zsh'
