[3.905s] Invoking command in '/home/seano/Seano_ws/src/seano_mqtt_bridge': PYTHONPATH=/home/seano/Seano_ws/build/seano_mqtt_bridge/prefix_override:/usr/lib/python3/dist-packages/colcon_core/task/python/colcon_distutils_commands:/home/seano/Seano_ws/install/seano_mqtt_bridge/lib/python3.10/site-packages:${PYTHONPATH} /usr/bin/python3 -W ignore:setup.py install is deprecated -W ignore:easy_install command is deprecated setup.py egg_info --egg-base ../../build/seano_mqtt_bridge build --build-base /home/seano/Seano_ws/build/seano_mqtt_bridge/build install --record /home/seano/Seano_ws/build/seano_mqtt_bridge/install.log --single-version-externally-managed install_data
[4.545s] running egg_info
[4.547s] writing ../../build/seano_mqtt_bridge/seano_mqtt_bridge.egg-info/PKG-INFO
[4.549s] writing dependency_links to ../../build/seano_mqtt_bridge/seano_mqtt_bridge.egg-info/dependency_links.txt
[4.549s] writing entry points to ../../build/seano_mqtt_bridge/seano_mqtt_bridge.egg-info/entry_points.txt
[4.549s] writing requirements to ../../build/seano_mqtt_bridge/seano_mqtt_bridge.egg-info/requires.txt
[4.549s] writing top-level names to ../../build/seano_mqtt_bridge/seano_mqtt_bridge.egg-info/top_level.txt
[4.554s] reading manifest file '../../build/seano_mqtt_bridge/seano_mqtt_bridge.egg-info/SOURCES.txt'
[4.556s] writing manifest file '../../build/seano_mqtt_bridge/seano_mqtt_bridge.egg-info/SOURCES.txt'
[4.557s] running build
[4.557s] running build_py
[4.558s] running install
[4.559s] running install_lib
[4.564s] running install_data
[4.565s] running install_egg_info
[4.569s] removing '/home/seano/Seano_ws/install/seano_mqtt_bridge/lib/python3.10/site-packages/seano_mqtt_bridge-0.0.0-py3.10.egg-info' (and everything under it)
[4.571s] Copying ../../build/seano_mqtt_bridge/seano_mqtt_bridge.egg-info to /home/seano/Seano_ws/install/seano_mqtt_bridge/lib/python3.10/site-packages/seano_mqtt_bridge-0.0.0-py3.10.egg-info
[4.573s] running install_scripts
[4.640s] Installing mqtt_bridge_node script to /home/seano/Seano_ws/install/seano_mqtt_bridge/lib/seano_mqtt_bridge
[4.641s] writing list of installed files to '/home/seano/Seano_ws/build/seano_mqtt_bridge/install.log'
[4.799s] Invoked command in '/home/seano/Seano_ws/src/seano_mqtt_bridge' returned '0': PYTHONPATH=/home/seano/Seano_ws/build/seano_mqtt_bridge/prefix_override:/usr/lib/python3/dist-packages/colcon_core/task/python/colcon_distutils_commands:/home/seano/Seano_ws/install/seano_mqtt_bridge/lib/python3.10/site-packages:${PYTHONPATH} /usr/bin/python3 -W ignore:setup.py install is deprecated -W ignore:easy_install command is deprecated setup.py egg_info --egg-base ../../build/seano_mqtt_bridge build --build-base /home/seano/Seano_ws/build/seano_mqtt_bridge/build install --record /home/seano/Seano_ws/build/seano_mqtt_bridge/install.log --single-version-externally-managed install_data
