[0.286s] DEBUG:colcon:Command line arguments: ['/usr/bin/colcon', 'build']
[0.286s] DEBUG:colcon:Parsed command line arguments: Namespace(log_base=None, log_level=None, verb_name='build', build_base='build', install_base='install', merge_install=False, symlink_install=False, test_result_base=None, continue_on_error=False, executor='parallel', parallel_workers=6, event_handlers=None, ignore_user_meta=False, metas=['./colcon.meta'], base_paths=['.'], packages_ignore=None, packages_ignore_regex=None, paths=None, packages_up_to=None, packages_up_to_regex=None, packages_above=None, packages_above_and_dependencies=None, packages_above_depth=None, packages_select_by_dep=None, packages_skip_by_dep=None, packages_skip_up_to=None, packages_select_build_failed=False, packages_skip_build_finished=False, packages_select_test_failures=False, packages_skip_test_passed=False, packages_select=None, packages_skip=None, packages_select_regex=None, packages_skip_regex=None, packages_start=None, packages_end=None, allow_overriding=[], cmake_args=None, cmake_target=None, cmake_target_skip_unavailable=False, cmake_clean_cache=False, cmake_clean_first=False, cmake_force_configure=False, ament_cmake_args=None, catkin_cmake_args=None, catkin_skip_building_tests=False, verb_parser=<colcon_defaults.argument_parser.defaults.DefaultArgumentsDecorator object at 0xffff81f06b60>, verb_extension=<colcon_core.verb.build.BuildVerb object at 0xffff8209ffd0>, main=<bound method BuildVerb.main of <colcon_core.verb.build.BuildVerb object at 0xffff8209ffd0>>)
[0.701s] Level 1:colcon.colcon_core.package_discovery:discover_packages(colcon_meta) check parameters
[0.702s] Level 1:colcon.colcon_core.package_discovery:discover_packages(recursive) check parameters
[0.702s] Level 1:colcon.colcon_core.package_discovery:discover_packages(ignore) check parameters
[0.702s] Level 1:colcon.colcon_core.package_discovery:discover_packages(path) check parameters
[0.702s] Level 1:colcon.colcon_core.package_discovery:discover_packages(colcon_meta) discover
[0.702s] Level 1:colcon.colcon_core.package_discovery:discover_packages(recursive) discover
[0.703s] INFO:colcon.colcon_core.package_discovery:Crawling recursively for packages in '/home/seano/Seano_ws'
[0.703s] Level 1:colcon.colcon_core.package_identification:_identify(.) by extensions ['ignore', 'ignore_ament_install']
[0.703s] Level 1:colcon.colcon_core.package_identification:_identify(.) by extension 'ignore'
[0.703s] Level 1:colcon.colcon_core.package_identification:_identify(.) by extension 'ignore_ament_install'
[0.704s] Level 1:colcon.colcon_core.package_identification:_identify(.) by extensions ['colcon_pkg']
[0.704s] Level 1:colcon.colcon_core.package_identification:_identify(.) by extension 'colcon_pkg'
[0.704s] Level 1:colcon.colcon_core.package_identification:_identify(.) by extensions ['colcon_meta']
[0.704s] Level 1:colcon.colcon_core.package_identification:_identify(.) by extension 'colcon_meta'
[0.704s] Level 1:colcon.colcon_core.package_identification:_identify(.) by extensions ['ros']
[0.704s] Level 1:colcon.colcon_core.package_identification:_identify(.) by extension 'ros'
[0.733s] Level 1:colcon.colcon_core.package_identification:_identify(.) by extensions ['cmake', 'python']
[0.733s] Level 1:colcon.colcon_core.package_identification:_identify(.) by extension 'cmake'
[0.734s] Level 1:colcon.colcon_core.package_identification:_identify(.) by extension 'python'
[0.734s] Level 1:colcon.colcon_core.package_identification:_identify(.) by extensions ['python_setup_py']
[0.734s] Level 1:colcon.colcon_core.package_identification:_identify(.) by extension 'python_setup_py'
[0.734s] Level 1:colcon.colcon_core.package_identification:_identify(build) by extensions ['ignore', 'ignore_ament_install']
[0.735s] Level 1:colcon.colcon_core.package_identification:_identify(build) by extension 'ignore'
[0.735s] Level 1:colcon.colcon_core.package_identification:_identify(build) ignored
[0.735s] Level 1:colcon.colcon_core.package_identification:_identify(doc) by extensions ['ignore', 'ignore_ament_install']
[0.735s] Level 1:colcon.colcon_core.package_identification:_identify(doc) by extension 'ignore'
[0.735s] Level 1:colcon.colcon_core.package_identification:_identify(doc) by extension 'ignore_ament_install'
[0.736s] Level 1:colcon.colcon_core.package_identification:_identify(doc) by extensions ['colcon_pkg']
[0.736s] Level 1:colcon.colcon_core.package_identification:_identify(doc) by extension 'colcon_pkg'
[0.736s] Level 1:colcon.colcon_core.package_identification:_identify(doc) by extensions ['colcon_meta']
[0.736s] Level 1:colcon.colcon_core.package_identification:_identify(doc) by extension 'colcon_meta'
[0.736s] Level 1:colcon.colcon_core.package_identification:_identify(doc) by extensions ['ros']
[0.736s] Level 1:colcon.colcon_core.package_identification:_identify(doc) by extension 'ros'
[0.736s] Level 1:colcon.colcon_core.package_identification:_identify(doc) by extensions ['cmake', 'python']
[0.736s] Level 1:colcon.colcon_core.package_identification:_identify(doc) by extension 'cmake'
[0.737s] Level 1:colcon.colcon_core.package_identification:_identify(doc) by extension 'python'
[0.737s] Level 1:colcon.colcon_core.package_identification:_identify(doc) by extensions ['python_setup_py']
[0.737s] Level 1:colcon.colcon_core.package_identification:_identify(doc) by extension 'python_setup_py'
[0.737s] Level 1:colcon.colcon_core.package_identification:_identify(install) by extensions ['ignore', 'ignore_ament_install']
[0.737s] Level 1:colcon.colcon_core.package_identification:_identify(install) by extension 'ignore'
[0.737s] Level 1:colcon.colcon_core.package_identification:_identify(install) ignored
[0.738s] Level 1:colcon.colcon_core.package_identification:_identify(log) by extensions ['ignore', 'ignore_ament_install']
[0.738s] Level 1:colcon.colcon_core.package_identification:_identify(log) by extension 'ignore'
[0.738s] Level 1:colcon.colcon_core.package_identification:_identify(log) ignored
[0.738s] Level 1:colcon.colcon_core.package_identification:_identify(src) by extensions ['ignore', 'ignore_ament_install']
[0.738s] Level 1:colcon.colcon_core.package_identification:_identify(src) by extension 'ignore'
[0.738s] Level 1:colcon.colcon_core.package_identification:_identify(src) by extension 'ignore_ament_install'
[0.739s] Level 1:colcon.colcon_core.package_identification:_identify(src) by extensions ['colcon_pkg']
[0.739s] Level 1:colcon.colcon_core.package_identification:_identify(src) by extension 'colcon_pkg'
[0.739s] Level 1:colcon.colcon_core.package_identification:_identify(src) by extensions ['colcon_meta']
[0.739s] Level 1:colcon.colcon_core.package_identification:_identify(src) by extension 'colcon_meta'
[0.739s] Level 1:colcon.colcon_core.package_identification:_identify(src) by extensions ['ros']
[0.739s] Level 1:colcon.colcon_core.package_identification:_identify(src) by extension 'ros'
[0.739s] Level 1:colcon.colcon_core.package_identification:_identify(src) by extensions ['cmake', 'python']
[0.739s] Level 1:colcon.colcon_core.package_identification:_identify(src) by extension 'cmake'
[0.739s] Level 1:colcon.colcon_core.package_identification:_identify(src) by extension 'python'
[0.740s] Level 1:colcon.colcon_core.package_identification:_identify(src) by extensions ['python_setup_py']
[0.740s] Level 1:colcon.colcon_core.package_identification:_identify(src) by extension 'python_setup_py'
[0.740s] Level 1:colcon.colcon_core.package_identification:_identify(src/seano_logging) by extensions ['ignore', 'ignore_ament_install']
[0.740s] Level 1:colcon.colcon_core.package_identification:_identify(src/seano_logging) by extension 'ignore'
[0.740s] Level 1:colcon.colcon_core.package_identification:_identify(src/seano_logging) by extension 'ignore_ament_install'
[0.740s] Level 1:colcon.colcon_core.package_identification:_identify(src/seano_logging) by extensions ['colcon_pkg']
[0.740s] Level 1:colcon.colcon_core.package_identification:_identify(src/seano_logging) by extension 'colcon_pkg'
[0.741s] Level 1:colcon.colcon_core.package_identification:_identify(src/seano_logging) by extensions ['colcon_meta']
[0.741s] Level 1:colcon.colcon_core.package_identification:_identify(src/seano_logging) by extension 'colcon_meta'
[0.741s] Level 1:colcon.colcon_core.package_identification:_identify(src/seano_logging) by extensions ['ros']
[0.741s] Level 1:colcon.colcon_core.package_identification:_identify(src/seano_logging) by extension 'ros'
[0.747s] DEBUG:colcon.colcon_core.package_identification:Package 'src/seano_logging' with type 'ros.ament_python' and name 'seano_logging'
[0.748s] Level 1:colcon.colcon_core.package_identification:_identify(src/seano_mqtt_bridge) by extensions ['ignore', 'ignore_ament_install']
[0.748s] Level 1:colcon.colcon_core.package_identification:_identify(src/seano_mqtt_bridge) by extension 'ignore'
[0.748s] Level 1:colcon.colcon_core.package_identification:_identify(src/seano_mqtt_bridge) by extension 'ignore_ament_install'
[0.748s] Level 1:colcon.colcon_core.package_identification:_identify(src/seano_mqtt_bridge) by extensions ['colcon_pkg']
[0.749s] Level 1:colcon.colcon_core.package_identification:_identify(src/seano_mqtt_bridge) by extension 'colcon_pkg'
[0.749s] Level 1:colcon.colcon_core.package_identification:_identify(src/seano_mqtt_bridge) by extensions ['colcon_meta']
[0.749s] Level 1:colcon.colcon_core.package_identification:_identify(src/seano_mqtt_bridge) by extension 'colcon_meta'
[0.749s] Level 1:colcon.colcon_core.package_identification:_identify(src/seano_mqtt_bridge) by extensions ['ros']
[0.749s] Level 1:colcon.colcon_core.package_identification:_identify(src/seano_mqtt_bridge) by extension 'ros'
[0.750s] DEBUG:colcon.colcon_core.package_identification:Package 'src/seano_mqtt_bridge' with type 'ros.ament_python' and name 'seano_mqtt_bridge'
[0.751s] Level 1:colcon.colcon_core.package_identification:_identify(src/seano_startup) by extensions ['ignore', 'ignore_ament_install']
[0.751s] Level 1:colcon.colcon_core.package_identification:_identify(src/seano_startup) by extension 'ignore'
[0.751s] Level 1:colcon.colcon_core.package_identification:_identify(src/seano_startup) by extension 'ignore_ament_install'
[0.751s] Level 1:colcon.colcon_core.package_identification:_identify(src/seano_startup) by extensions ['colcon_pkg']
[0.751s] Level 1:colcon.colcon_core.package_identification:_identify(src/seano_startup) by extension 'colcon_pkg'
[0.751s] Level 1:colcon.colcon_core.package_identification:_identify(src/seano_startup) by extensions ['colcon_meta']
[0.752s] Level 1:colcon.colcon_core.package_identification:_identify(src/seano_startup) by extension 'colcon_meta'
[0.752s] Level 1:colcon.colcon_core.package_identification:_identify(src/seano_startup) by extensions ['ros']
[0.752s] Level 1:colcon.colcon_core.package_identification:_identify(src/seano_startup) by extension 'ros'
[0.753s] DEBUG:colcon.colcon_core.package_identification:Package 'src/seano_startup' with type 'ros.ament_python' and name 'seano_startup'
[0.753s] Level 1:colcon.colcon_core.package_identification:_identify(src/seano_telemetry) by extensions ['ignore', 'ignore_ament_install']
[0.753s] Level 1:colcon.colcon_core.package_identification:_identify(src/seano_telemetry) by extension 'ignore'
[0.753s] Level 1:colcon.colcon_core.package_identification:_identify(src/seano_telemetry) by extension 'ignore_ament_install'
[0.754s] Level 1:colcon.colcon_core.package_identification:_identify(src/seano_telemetry) by extensions ['colcon_pkg']
[0.754s] Level 1:colcon.colcon_core.package_identification:_identify(src/seano_telemetry) by extension 'colcon_pkg'
[0.754s] Level 1:colcon.colcon_core.package_identification:_identify(src/seano_telemetry) by extensions ['colcon_meta']
[0.754s] Level 1:colcon.colcon_core.package_identification:_identify(src/seano_telemetry) by extension 'colcon_meta'
[0.754s] Level 1:colcon.colcon_core.package_identification:_identify(src/seano_telemetry) by extensions ['ros']
[0.754s] Level 1:colcon.colcon_core.package_identification:_identify(src/seano_telemetry) by extension 'ros'
[0.756s] DEBUG:colcon.colcon_core.package_identification:Package 'src/seano_telemetry' with type 'ros.ament_python' and name 'seano_telemetry'
[0.756s] Level 1:colcon.colcon_core.package_discovery:discover_packages(recursive) using defaults
[0.756s] Level 1:colcon.colcon_core.package_discovery:discover_packages(ignore) discover
[0.756s] Level 1:colcon.colcon_core.package_discovery:discover_packages(ignore) using defaults
[0.756s] Level 1:colcon.colcon_core.package_discovery:discover_packages(path) discover
[0.756s] Level 1:colcon.colcon_core.package_discovery:discover_packages(path) using defaults
[0.813s] Level 1:colcon.colcon_core.package_discovery:discover_packages(prefix_path) check parameters
[0.813s] Level 1:colcon.colcon_core.package_discovery:discover_packages(prefix_path) discover
[0.819s] DEBUG:colcon.colcon_installed_package_information.package_discovery:Found 4 installed packages in /home/seano/Seano_ws/install
[0.821s] DEBUG:colcon.colcon_installed_package_information.package_discovery:Found 7 installed packages in /home/seano/seano_ws/install
[0.824s] DEBUG:colcon.colcon_installed_package_information.package_discovery:Found 279 installed packages in /opt/ros/humble
[0.878s] Level 1:colcon.colcon_core.package_discovery:discover_packages(prefix_path) using defaults
[0.976s] Level 5:colcon.colcon_core.verb:set package 'seano_logging' build argument 'cmake_args' from command line to 'None'
[0.976s] Level 5:colcon.colcon_core.verb:set package 'seano_logging' build argument 'cmake_target' from command line to 'None'
[0.976s] Level 5:colcon.colcon_core.verb:set package 'seano_logging' build argument 'cmake_target_skip_unavailable' from command line to 'False'
[0.976s] Level 5:colcon.colcon_core.verb:set package 'seano_logging' build argument 'cmake_clean_cache' from command line to 'False'
[0.977s] Level 5:colcon.colcon_core.verb:set package 'seano_logging' build argument 'cmake_clean_first' from command line to 'False'
[0.977s] Level 5:colcon.colcon_core.verb:set package 'seano_logging' build argument 'cmake_force_configure' from command line to 'False'
[0.977s] Level 5:colcon.colcon_core.verb:set package 'seano_logging' build argument 'ament_cmake_args' from command line to 'None'
[0.977s] Level 5:colcon.colcon_core.verb:set package 'seano_logging' build argument 'catkin_cmake_args' from command line to 'None'
[0.977s] Level 5:colcon.colcon_core.verb:set package 'seano_logging' build argument 'catkin_skip_building_tests' from command line to 'False'
[0.977s] DEBUG:colcon.colcon_core.verb:Building package 'seano_logging' with the following arguments: {'ament_cmake_args': None, 'build_base': '/home/seano/Seano_ws/build/seano_logging', 'catkin_cmake_args': None, 'catkin_skip_building_tests': False, 'cmake_args': None, 'cmake_clean_cache': False, 'cmake_clean_first': False, 'cmake_force_configure': False, 'cmake_target': None, 'cmake_target_skip_unavailable': False, 'install_base': '/home/seano/Seano_ws/install/seano_logging', 'merge_install': False, 'path': '/home/seano/Seano_ws/src/seano_logging', 'symlink_install': False, 'test_result_base': None}
[0.978s] Level 5:colcon.colcon_core.verb:set package 'seano_mqtt_bridge' build argument 'cmake_args' from command line to 'None'
[0.978s] Level 5:colcon.colcon_core.verb:set package 'seano_mqtt_bridge' build argument 'cmake_target' from command line to 'None'
[0.978s] Level 5:colcon.colcon_core.verb:set package 'seano_mqtt_bridge' build argument 'cmake_target_skip_unavailable' from command line to 'False'
[0.978s] Level 5:colcon.colcon_core.verb:set package 'seano_mqtt_bridge' build argument 'cmake_clean_cache' from command line to 'False'
[0.978s] Level 5:colcon.colcon_core.verb:set package 'seano_mqtt_bridge' build argument 'cmake_clean_first' from command line to 'False'
[0.978s] Level 5:colcon.colcon_core.verb:set package 'seano_mqtt_bridge' build argument 'cmake_force_configure' from command line to 'False'
[0.978s] Level 5:colcon.colcon_core.verb:set package 'seano_mqtt_bridge' build argument 'ament_cmake_args' from command line to 'None'
[0.978s] Level 5:colcon.colcon_core.verb:set package 'seano_mqtt_bridge' build argument 'catkin_cmake_args' from command line to 'None'
[0.978s] Level 5:colcon.colcon_core.verb:set package 'seano_mqtt_bridge' build argument 'catkin_skip_building_tests' from command line to 'False'
[0.978s] DEBUG:colcon.colcon_core.verb:Building package 'seano_mqtt_bridge' with the following arguments: {'ament_cmake_args': None, 'build_base': '/home/seano/Seano_ws/build/seano_mqtt_bridge', 'catkin_cmake_args': None, 'catkin_skip_building_tests': False, 'cmake_args': None, 'cmake_clean_cache': False, 'cmake_clean_first': False, 'cmake_force_configure': False, 'cmake_target': None, 'cmake_target_skip_unavailable': False, 'install_base': '/home/seano/Seano_ws/install/seano_mqtt_bridge', 'merge_install': False, 'path': '/home/seano/Seano_ws/src/seano_mqtt_bridge', 'symlink_install': False, 'test_result_base': None}
[0.979s] Level 5:colcon.colcon_core.verb:set package 'seano_startup' build argument 'cmake_args' from command line to 'None'
[0.979s] Level 5:colcon.colcon_core.verb:set package 'seano_startup' build argument 'cmake_target' from command line to 'None'
[0.979s] Level 5:colcon.colcon_core.verb:set package 'seano_startup' build argument 'cmake_target_skip_unavailable' from command line to 'False'
[0.979s] Level 5:colcon.colcon_core.verb:set package 'seano_startup' build argument 'cmake_clean_cache' from command line to 'False'
[0.979s] Level 5:colcon.colcon_core.verb:set package 'seano_startup' build argument 'cmake_clean_first' from command line to 'False'
[0.979s] Level 5:colcon.colcon_core.verb:set package 'seano_startup' build argument 'cmake_force_configure' from command line to 'False'
[0.980s] Level 5:colcon.colcon_core.verb:set package 'seano_startup' build argument 'ament_cmake_args' from command line to 'None'
[0.980s] Level 5:colcon.colcon_core.verb:set package 'seano_startup' build argument 'catkin_cmake_args' from command line to 'None'
[0.980s] Level 5:colcon.colcon_core.verb:set package 'seano_startup' build argument 'catkin_skip_building_tests' from command line to 'False'
[0.980s] DEBUG:colcon.colcon_core.verb:Building package 'seano_startup' with the following arguments: {'ament_cmake_args': None, 'build_base': '/home/seano/Seano_ws/build/seano_startup', 'catkin_cmake_args': None, 'catkin_skip_building_tests': False, 'cmake_args': None, 'cmake_clean_cache': False, 'cmake_clean_first': False, 'cmake_force_configure': False, 'cmake_target': None, 'cmake_target_skip_unavailable': False, 'install_base': '/home/seano/Seano_ws/install/seano_startup', 'merge_install': False, 'path': '/home/seano/Seano_ws/src/seano_startup', 'symlink_install': False, 'test_result_base': None}
[0.980s] Level 5:colcon.colcon_core.verb:set package 'seano_telemetry' build argument 'cmake_args' from command line to 'None'
[0.981s] Level 5:colcon.colcon_core.verb:set package 'seano_telemetry' build argument 'cmake_target' from command line to 'None'
[0.981s] Level 5:colcon.colcon_core.verb:set package 'seano_telemetry' build argument 'cmake_target_skip_unavailable' from command line to 'False'
[0.981s] Level 5:colcon.colcon_core.verb:set package 'seano_telemetry' build argument 'cmake_clean_cache' from command line to 'False'
[0.981s] Level 5:colcon.colcon_core.verb:set package 'seano_telemetry' build argument 'cmake_clean_first' from command line to 'False'
[0.981s] Level 5:colcon.colcon_core.verb:set package 'seano_telemetry' build argument 'cmake_force_configure' from command line to 'False'
[0.981s] Level 5:colcon.colcon_core.verb:set package 'seano_telemetry' build argument 'ament_cmake_args' from command line to 'None'
[0.981s] Level 5:colcon.colcon_core.verb:set package 'seano_telemetry' build argument 'catkin_cmake_args' from command line to 'None'
[0.981s] Level 5:colcon.colcon_core.verb:set package 'seano_telemetry' build argument 'catkin_skip_building_tests' from command line to 'False'
[0.981s] DEBUG:colcon.colcon_core.verb:Building package 'seano_telemetry' with the following arguments: {'ament_cmake_args': None, 'build_base': '/home/seano/Seano_ws/build/seano_telemetry', 'catkin_cmake_args': None, 'catkin_skip_building_tests': False, 'cmake_args': None, 'cmake_clean_cache': False, 'cmake_clean_first': False, 'cmake_force_configure': False, 'cmake_target': None, 'cmake_target_skip_unavailable': False, 'install_base': '/home/seano/Seano_ws/install/seano_telemetry', 'merge_install': False, 'path': '/home/seano/Seano_ws/src/seano_telemetry', 'symlink_install': False, 'test_result_base': None}
[0.981s] INFO:colcon.colcon_core.executor:Executing jobs using 'parallel' executor
[0.985s] DEBUG:colcon.colcon_parallel_executor.executor.parallel:run_until_complete
[0.986s] INFO:colcon.colcon_ros.task.ament_python.build:Building ROS package in '/home/seano/Seano_ws/src/seano_logging' with build type 'ament_python'
[0.986s] Level 1:colcon.colcon_core.shell:create_environment_hook('seano_logging', 'ament_prefix_path')
[0.993s] INFO:colcon.colcon_core.plugin_system:Skipping extension 'colcon_core.shell.bat': Not used on non-Windows systems
[0.994s] INFO:colcon.colcon_core.shell:Creating environment hook '/home/seano/Seano_ws/install/seano_logging/share/seano_logging/hook/ament_prefix_path.ps1'
[0.996s] INFO:colcon.colcon_core.shell:Creating environment descriptor '/home/seano/Seano_ws/install/seano_logging/share/seano_logging/hook/ament_prefix_path.dsv'
[0.998s] INFO:colcon.colcon_core.shell:Creating environment hook '/home/seano/Seano_ws/install/seano_logging/share/seano_logging/hook/ament_prefix_path.sh'
[0.999s] INFO:colcon.colcon_core.shell:Skip shell extension 'powershell' for command environment: Not usable outside of PowerShell
[1.000s] DEBUG:colcon.colcon_core.shell:Skip shell extension 'dsv' for command environment
[1.010s] INFO:colcon.colcon_ros.task.ament_python.build:Building ROS package in '/home/seano/Seano_ws/src/seano_mqtt_bridge' with build type 'ament_python'
[1.011s] Level 1:colcon.colcon_core.shell:create_environment_hook('seano_mqtt_bridge', 'ament_prefix_path')
[1.012s] INFO:colcon.colcon_core.shell:Creating environment hook '/home/seano/Seano_ws/install/seano_mqtt_bridge/share/seano_mqtt_bridge/hook/ament_prefix_path.ps1'
[1.014s] INFO:colcon.colcon_core.shell:Creating environment descriptor '/home/seano/Seano_ws/install/seano_mqtt_bridge/share/seano_mqtt_bridge/hook/ament_prefix_path.dsv'
[1.015s] INFO:colcon.colcon_core.shell:Creating environment hook '/home/seano/Seano_ws/install/seano_mqtt_bridge/share/seano_mqtt_bridge/hook/ament_prefix_path.sh'
[1.016s] INFO:colcon.colcon_core.shell:Skip shell extension 'powershell' for command environment: Not usable outside of PowerShell
[1.016s] DEBUG:colcon.colcon_core.shell:Skip shell extension 'dsv' for command environment
[1.025s] INFO:colcon.colcon_ros.task.ament_python.build:Building ROS package in '/home/seano/Seano_ws/src/seano_startup' with build type 'ament_python'
[1.026s] Level 1:colcon.colcon_core.shell:create_environment_hook('seano_startup', 'ament_prefix_path')
[1.026s] INFO:colcon.colcon_core.shell:Creating environment hook '/home/seano/Seano_ws/install/seano_startup/share/seano_startup/hook/ament_prefix_path.ps1'
[1.028s] INFO:colcon.colcon_core.shell:Creating environment descriptor '/home/seano/Seano_ws/install/seano_startup/share/seano_startup/hook/ament_prefix_path.dsv'
[1.029s] INFO:colcon.colcon_core.shell:Creating environment hook '/home/seano/Seano_ws/install/seano_startup/share/seano_startup/hook/ament_prefix_path.sh'
[1.030s] INFO:colcon.colcon_core.shell:Skip shell extension 'powershell' for command environment: Not usable outside of PowerShell
[1.030s] DEBUG:colcon.colcon_core.shell:Skip shell extension 'dsv' for command environment
[1.039s] INFO:colcon.colcon_ros.task.ament_python.build:Building ROS package in '/home/seano/Seano_ws/src/seano_telemetry' with build type 'ament_python'
[1.039s] Level 1:colcon.colcon_core.shell:create_environment_hook('seano_telemetry', 'ament_prefix_path')
[1.040s] INFO:colcon.colcon_core.shell:Creating environment hook '/home/seano/Seano_ws/install/seano_telemetry/share/seano_telemetry/hook/ament_prefix_path.ps1'
[1.041s] INFO:colcon.colcon_core.shell:Creating environment descriptor '/home/seano/Seano_ws/install/seano_telemetry/share/seano_telemetry/hook/ament_prefix_path.dsv'
[1.042s] INFO:colcon.colcon_core.shell:Creating environment hook '/home/seano/Seano_ws/install/seano_telemetry/share/seano_telemetry/hook/ament_prefix_path.sh'
[1.043s] INFO:colcon.colcon_core.shell:Skip shell extension 'powershell' for command environment: Not usable outside of PowerShell
[1.044s] DEBUG:colcon.colcon_core.shell:Skip shell extension 'dsv' for command environment
[1.745s] INFO:colcon.colcon_core.task.python.build:Building Python package in '/home/seano/Seano_ws/src/seano_logging'
[1.746s] INFO:colcon.colcon_core.shell:Skip shell extension 'powershell' for command environment: Not usable outside of PowerShell
[1.746s] DEBUG:colcon.colcon_core.shell:Skip shell extension 'dsv' for command environment
[2.452s] INFO:colcon.colcon_core.task.python.build:Building Python package in '/home/seano/Seano_ws/src/seano_mqtt_bridge'
[2.454s] INFO:colcon.colcon_core.shell:Skip shell extension 'powershell' for command environment: Not usable outside of PowerShell
[2.454s] DEBUG:colcon.colcon_core.shell:Skip shell extension 'dsv' for command environment
[3.152s] INFO:colcon.colcon_core.task.python.build:Building Python package in '/home/seano/Seano_ws/src/seano_startup'
[3.154s] INFO:colcon.colcon_core.shell:Skip shell extension 'powershell' for command environment: Not usable outside of PowerShell
[3.154s] DEBUG:colcon.colcon_core.shell:Skip shell extension 'dsv' for command environment
[3.859s] INFO:colcon.colcon_core.task.python.build:Building Python package in '/home/seano/Seano_ws/src/seano_telemetry'
[3.861s] INFO:colcon.colcon_core.shell:Skip shell extension 'powershell' for command environment: Not usable outside of PowerShell
[3.862s] DEBUG:colcon.colcon_core.shell:Skip shell extension 'dsv' for command environment
[4.918s] DEBUG:colcon.colcon_core.event_handler.log_command:Invoking command in '/home/seano/Seano_ws/src/seano_mqtt_bridge': PYTHONPATH=/home/seano/Seano_ws/build/seano_mqtt_bridge/prefix_override:/usr/lib/python3/dist-packages/colcon_core/task/python/colcon_distutils_commands:/home/seano/Seano_ws/install/seano_mqtt_bridge/lib/python3.10/site-packages:${PYTHONPATH} /usr/bin/python3 -W ignore:setup.py install is deprecated -W ignore:easy_install command is deprecated setup.py egg_info --egg-base ../../build/seano_mqtt_bridge build --build-base /home/seano/Seano_ws/build/seano_mqtt_bridge/build install --record /home/seano/Seano_ws/build/seano_mqtt_bridge/install.log --single-version-externally-managed install_data
[4.935s] DEBUG:colcon.colcon_core.event_handler.log_command:Invoking command in '/home/seano/Seano_ws/src/seano_startup': PYTHONPATH=/home/seano/Seano_ws/build/seano_startup/prefix_override:/usr/lib/python3/dist-packages/colcon_core/task/python/colcon_distutils_commands:/home/seano/Seano_ws/install/seano_startup/lib/python3.10/site-packages:${PYTHONPATH} /usr/bin/python3 -W ignore:setup.py install is deprecated -W ignore:easy_install command is deprecated setup.py egg_info --egg-base ../../build/seano_startup build --build-base /home/seano/Seano_ws/build/seano_startup/build install --record /home/seano/Seano_ws/build/seano_startup/install.log --single-version-externally-managed install_data
[4.944s] DEBUG:colcon.colcon_core.event_handler.log_command:Invoking command in '/home/seano/Seano_ws/src/seano_logging': PYTHONPATH=/home/seano/Seano_ws/build/seano_logging/prefix_override:/usr/lib/python3/dist-packages/colcon_core/task/python/colcon_distutils_commands:/home/seano/Seano_ws/install/seano_logging/lib/python3.10/site-packages:${PYTHONPATH} /usr/bin/python3 -W ignore:setup.py install is deprecated -W ignore:easy_install command is deprecated setup.py egg_info --egg-base ../../build/seano_logging build --build-base /home/seano/Seano_ws/build/seano_logging/build install --record /home/seano/Seano_ws/build/seano_logging/install.log --single-version-externally-managed install_data
[4.956s] DEBUG:colcon.colcon_core.event_handler.log_command:Invoking command in '/home/seano/Seano_ws/src/seano_telemetry': PYTHONPATH=/home/seano/Seano_ws/build/seano_telemetry/prefix_override:/usr/lib/python3/dist-packages/colcon_core/task/python/colcon_distutils_commands:/home/seano/Seano_ws/install/seano_telemetry/lib/python3.10/site-packages:${PYTHONPATH} /usr/bin/python3 -W ignore:setup.py install is deprecated -W ignore:easy_install command is deprecated setup.py egg_info --egg-base ../../build/seano_telemetry build --build-base /home/seano/Seano_ws/build/seano_telemetry/build install --record /home/seano/Seano_ws/build/seano_telemetry/install.log --single-version-externally-managed install_data
[5.816s] DEBUG:colcon.colcon_core.event_handler.log_command:Invoked command in '/home/seano/Seano_ws/src/seano_mqtt_bridge' returned '0': PYTHONPATH=/home/seano/Seano_ws/build/seano_mqtt_bridge/prefix_override:/usr/lib/python3/dist-packages/colcon_core/task/python/colcon_distutils_commands:/home/seano/Seano_ws/install/seano_mqtt_bridge/lib/python3.10/site-packages:${PYTHONPATH} /usr/bin/python3 -W ignore:setup.py install is deprecated -W ignore:easy_install command is deprecated setup.py egg_info --egg-base ../../build/seano_mqtt_bridge build --build-base /home/seano/Seano_ws/build/seano_mqtt_bridge/build install --record /home/seano/Seano_ws/build/seano_mqtt_bridge/install.log --single-version-externally-managed install_data
[5.827s] Level 1:colcon.colcon_core.environment:checking '/home/seano/Seano_ws/install/seano_mqtt_bridge' for CMake module files
[5.829s] Level 1:colcon.colcon_core.environment:checking '/home/seano/Seano_ws/install/seano_mqtt_bridge' for CMake config files
[5.832s] Level 1:colcon.colcon_core.environment:checking '/home/seano/Seano_ws/install/seano_mqtt_bridge/lib'
[5.834s] Level 1:colcon.colcon_core.environment:checking '/home/seano/Seano_ws/install/seano_mqtt_bridge/bin'
[5.834s] Level 1:colcon.colcon_core.environment:checking '/home/seano/Seano_ws/install/seano_mqtt_bridge/lib/pkgconfig/seano_mqtt_bridge.pc'
[5.835s] Level 1:colcon.colcon_core.environment:checking '/home/seano/Seano_ws/install/seano_mqtt_bridge/lib/python3.10/site-packages'
[5.835s] Level 1:colcon.colcon_core.shell:create_environment_hook('seano_mqtt_bridge', 'pythonpath')
[5.836s] INFO:colcon.colcon_core.shell:Creating environment hook '/home/seano/Seano_ws/install/seano_mqtt_bridge/share/seano_mqtt_bridge/hook/pythonpath.ps1'
[5.839s] INFO:colcon.colcon_core.shell:Creating environment descriptor '/home/seano/Seano_ws/install/seano_mqtt_bridge/share/seano_mqtt_bridge/hook/pythonpath.dsv'
[5.841s] INFO:colcon.colcon_core.shell:Creating environment hook '/home/seano/Seano_ws/install/seano_mqtt_bridge/share/seano_mqtt_bridge/hook/pythonpath.sh'
[5.844s] Level 1:colcon.colcon_core.environment:checking '/home/seano/Seano_ws/install/seano_mqtt_bridge/bin'
[5.845s] Level 1:colcon.colcon_core.environment:create_environment_scripts_only(seano_mqtt_bridge)
[5.846s] INFO:colcon.colcon_core.shell:Creating package script '/home/seano/Seano_ws/install/seano_mqtt_bridge/share/seano_mqtt_bridge/package.ps1'
[5.850s] INFO:colcon.colcon_core.shell:Creating package descriptor '/home/seano/Seano_ws/install/seano_mqtt_bridge/share/seano_mqtt_bridge/package.dsv'
[5.852s] INFO:colcon.colcon_core.shell:Creating package script '/home/seano/Seano_ws/install/seano_mqtt_bridge/share/seano_mqtt_bridge/package.sh'
[5.854s] INFO:colcon.colcon_core.shell:Creating package script '/home/seano/Seano_ws/install/seano_mqtt_bridge/share/seano_mqtt_bridge/package.bash'
[5.856s] INFO:colcon.colcon_core.shell:Creating package script '/home/seano/Seano_ws/install/seano_mqtt_bridge/share/seano_mqtt_bridge/package.zsh'
[5.858s] Level 1:colcon.colcon_core.environment:create_file_with_runtime_dependencies(/home/seano/Seano_ws/install/seano_mqtt_bridge/share/colcon-core/packages/seano_mqtt_bridge)
[5.864s] Level 1:colcon.colcon_core.environment:checking '/home/seano/Seano_ws/install/seano_startup' for CMake module files
[5.868s] DEBUG:colcon.colcon_core.event_handler.log_command:Invoked command in '/home/seano/Seano_ws/src/seano_startup' returned '0': PYTHONPATH=/home/seano/Seano_ws/build/seano_startup/prefix_override:/usr/lib/python3/dist-packages/colcon_core/task/python/colcon_distutils_commands:/home/seano/Seano_ws/install/seano_startup/lib/python3.10/site-packages:${PYTHONPATH} /usr/bin/python3 -W ignore:setup.py install is deprecated -W ignore:easy_install command is deprecated setup.py egg_info --egg-base ../../build/seano_startup build --build-base /home/seano/Seano_ws/build/seano_startup/build install --record /home/seano/Seano_ws/build/seano_startup/install.log --single-version-externally-managed install_data
[5.869s] Level 1:colcon.colcon_core.environment:checking '/home/seano/Seano_ws/install/seano_startup' for CMake config files
[5.871s] Level 1:colcon.colcon_core.environment:checking '/home/seano/Seano_ws/install/seano_startup/lib'
[5.871s] Level 1:colcon.colcon_core.environment:checking '/home/seano/Seano_ws/install/seano_startup/bin'
[5.871s] Level 1:colcon.colcon_core.environment:checking '/home/seano/Seano_ws/install/seano_startup/lib/pkgconfig/seano_startup.pc'
[5.872s] Level 1:colcon.colcon_core.environment:checking '/home/seano/Seano_ws/install/seano_startup/lib/python3.10/site-packages'
[5.872s] Level 1:colcon.colcon_core.shell:create_environment_hook('seano_startup', 'pythonpath')
[5.873s] INFO:colcon.colcon_core.shell:Creating environment hook '/home/seano/Seano_ws/install/seano_startup/share/seano_startup/hook/pythonpath.ps1'
[5.878s] INFO:colcon.colcon_core.shell:Creating environment descriptor '/home/seano/Seano_ws/install/seano_startup/share/seano_startup/hook/pythonpath.dsv'
[5.882s] INFO:colcon.colcon_core.shell:Creating environment hook '/home/seano/Seano_ws/install/seano_startup/share/seano_startup/hook/pythonpath.sh'
[5.885s] Level 1:colcon.colcon_core.environment:checking '/home/seano/Seano_ws/install/seano_startup/bin'
[5.885s] Level 1:colcon.colcon_core.environment:create_environment_scripts_only(seano_startup)
[5.887s] INFO:colcon.colcon_core.shell:Creating package script '/home/seano/Seano_ws/install/seano_startup/share/seano_startup/package.ps1'
[5.895s] INFO:colcon.colcon_core.shell:Creating package descriptor '/home/seano/Seano_ws/install/seano_startup/share/seano_startup/package.dsv'
[5.898s] INFO:colcon.colcon_core.shell:Creating package script '/home/seano/Seano_ws/install/seano_startup/share/seano_startup/package.sh'
[5.900s] INFO:colcon.colcon_core.shell:Creating package script '/home/seano/Seano_ws/install/seano_startup/share/seano_startup/package.bash'
[5.901s] INFO:colcon.colcon_core.shell:Creating package script '/home/seano/Seano_ws/install/seano_startup/share/seano_startup/package.zsh'
[5.903s] Level 1:colcon.colcon_core.environment:create_file_with_runtime_dependencies(/home/seano/Seano_ws/install/seano_startup/share/colcon-core/packages/seano_startup)
[5.905s] Level 1:colcon.colcon_core.environment:checking '/home/seano/Seano_ws/install/seano_logging' for CMake module files
[5.908s] Level 1:colcon.colcon_core.environment:checking '/home/seano/Seano_ws/install/seano_logging' for CMake config files
[5.909s] DEBUG:colcon.colcon_core.event_handler.log_command:Invoked command in '/home/seano/Seano_ws/src/seano_logging' returned '0': PYTHONPATH=/home/seano/Seano_ws/build/seano_logging/prefix_override:/usr/lib/python3/dist-packages/colcon_core/task/python/colcon_distutils_commands:/home/seano/Seano_ws/install/seano_logging/lib/python3.10/site-packages:${PYTHONPATH} /usr/bin/python3 -W ignore:setup.py install is deprecated -W ignore:easy_install command is deprecated setup.py egg_info --egg-base ../../build/seano_logging build --build-base /home/seano/Seano_ws/build/seano_logging/build install --record /home/seano/Seano_ws/build/seano_logging/install.log --single-version-externally-managed install_data
[5.911s] Level 1:colcon.colcon_core.environment:checking '/home/seano/Seano_ws/install/seano_logging/lib'
[5.911s] Level 1:colcon.colcon_core.environment:checking '/home/seano/Seano_ws/install/seano_logging/bin'
[5.911s] Level 1:colcon.colcon_core.environment:checking '/home/seano/Seano_ws/install/seano_logging/lib/pkgconfig/seano_logging.pc'
[5.912s] Level 1:colcon.colcon_core.environment:checking '/home/seano/Seano_ws/install/seano_logging/lib/python3.10/site-packages'
[5.912s] Level 1:colcon.colcon_core.shell:create_environment_hook('seano_logging', 'pythonpath')
[5.913s] INFO:colcon.colcon_core.shell:Creating environment hook '/home/seano/Seano_ws/install/seano_logging/share/seano_logging/hook/pythonpath.ps1'
[5.914s] INFO:colcon.colcon_core.shell:Creating environment descriptor '/home/seano/Seano_ws/install/seano_logging/share/seano_logging/hook/pythonpath.dsv'
[5.916s] INFO:colcon.colcon_core.shell:Creating environment hook '/home/seano/Seano_ws/install/seano_logging/share/seano_logging/hook/pythonpath.sh'
[5.917s] Level 1:colcon.colcon_core.environment:checking '/home/seano/Seano_ws/install/seano_logging/bin'
[5.917s] Level 1:colcon.colcon_core.environment:create_environment_scripts_only(seano_logging)
[5.918s] INFO:colcon.colcon_core.shell:Creating package script '/home/seano/Seano_ws/install/seano_logging/share/seano_logging/package.ps1'
[5.920s] INFO:colcon.colcon_core.shell:Creating package descriptor '/home/seano/Seano_ws/install/seano_logging/share/seano_logging/package.dsv'
[5.922s] INFO:colcon.colcon_core.shell:Creating package script '/home/seano/Seano_ws/install/seano_logging/share/seano_logging/package.sh'
[5.923s] INFO:colcon.colcon_core.shell:Creating package script '/home/seano/Seano_ws/install/seano_logging/share/seano_logging/package.bash'
[5.924s] INFO:colcon.colcon_core.shell:Creating package script '/home/seano/Seano_ws/install/seano_logging/share/seano_logging/package.zsh'
[5.925s] Level 1:colcon.colcon_core.environment:create_file_with_runtime_dependencies(/home/seano/Seano_ws/install/seano_logging/share/colcon-core/packages/seano_logging)
[5.928s] Level 1:colcon.colcon_core.environment:checking '/home/seano/Seano_ws/install/seano_telemetry' for CMake module files
[5.930s] DEBUG:colcon.colcon_core.event_handler.log_command:Invoked command in '/home/seano/Seano_ws/src/seano_telemetry' returned '0': PYTHONPATH=/home/seano/Seano_ws/build/seano_telemetry/prefix_override:/usr/lib/python3/dist-packages/colcon_core/task/python/colcon_distutils_commands:/home/seano/Seano_ws/install/seano_telemetry/lib/python3.10/site-packages:${PYTHONPATH} /usr/bin/python3 -W ignore:setup.py install is deprecated -W ignore:easy_install command is deprecated setup.py egg_info --egg-base ../../build/seano_telemetry build --build-base /home/seano/Seano_ws/build/seano_telemetry/build install --record /home/seano/Seano_ws/build/seano_telemetry/install.log --single-version-externally-managed install_data
[5.931s] Level 1:colcon.colcon_core.environment:checking '/home/seano/Seano_ws/install/seano_telemetry' for CMake config files
[5.932s] Level 1:colcon.colcon_core.environment:checking '/home/seano/Seano_ws/install/seano_telemetry/lib'
[5.932s] Level 1:colcon.colcon_core.environment:checking '/home/seano/Seano_ws/install/seano_telemetry/bin'
[5.933s] Level 1:colcon.colcon_core.environment:checking '/home/seano/Seano_ws/install/seano_telemetry/lib/pkgconfig/seano_telemetry.pc'
[5.933s] Level 1:colcon.colcon_core.environment:checking '/home/seano/Seano_ws/install/seano_telemetry/lib/python3.10/site-packages'
[5.933s] Level 1:colcon.colcon_core.shell:create_environment_hook('seano_telemetry', 'pythonpath')
[5.934s] INFO:colcon.colcon_core.shell:Creating environment hook '/home/seano/Seano_ws/install/seano_telemetry/share/seano_telemetry/hook/pythonpath.ps1'
[5.938s] INFO:colcon.colcon_core.shell:Creating environment descriptor '/home/seano/Seano_ws/install/seano_telemetry/share/seano_telemetry/hook/pythonpath.dsv'
[5.939s] INFO:colcon.colcon_core.shell:Creating environment hook '/home/seano/Seano_ws/install/seano_telemetry/share/seano_telemetry/hook/pythonpath.sh'
[5.940s] Level 1:colcon.colcon_core.environment:checking '/home/seano/Seano_ws/install/seano_telemetry/bin'
[5.940s] Level 1:colcon.colcon_core.environment:create_environment_scripts_only(seano_telemetry)
[5.942s] INFO:colcon.colcon_core.shell:Creating package script '/home/seano/Seano_ws/install/seano_telemetry/share/seano_telemetry/package.ps1'
[5.944s] INFO:colcon.colcon_core.shell:Creating package descriptor '/home/seano/Seano_ws/install/seano_telemetry/share/seano_telemetry/package.dsv'
[5.945s] INFO:colcon.colcon_core.shell:Creating package script '/home/seano/Seano_ws/install/seano_telemetry/share/seano_telemetry/package.sh'
[5.946s] INFO:colcon.colcon_core.shell:Creating package script '/home/seano/Seano_ws/install/seano_telemetry/share/seano_telemetry/package.bash'
[5.947s] INFO:colcon.colcon_core.shell:Creating package script '/home/seano/Seano_ws/install/seano_telemetry/share/seano_telemetry/package.zsh'
[5.948s] Level 1:colcon.colcon_core.environment:create_file_with_runtime_dependencies(/home/seano/Seano_ws/install/seano_telemetry/share/colcon-core/packages/seano_telemetry)
[5.949s] DEBUG:colcon.colcon_parallel_executor.executor.parallel:closing loop
[5.950s] DEBUG:colcon.colcon_parallel_executor.executor.parallel:loop closed
[5.950s] DEBUG:colcon.colcon_parallel_executor.executor.parallel:run_until_complete finished with '0'
[5.951s] DEBUG:colcon.colcon_core.event_reactor:joining thread
[5.967s] INFO:colcon.colcon_core.plugin_system:Skipping extension 'colcon_notification.desktop_notification.terminal_notifier': Not used on non-Darwin systems
[5.967s] INFO:colcon.colcon_core.plugin_system:Skipping extension 'colcon_notification.desktop_notification.win32': Not used on non-Windows systems
[5.967s] INFO:colcon.colcon_notification.desktop_notification:Sending desktop notification using 'notify2'
[6.003s] DEBUG:colcon.colcon_core.event_reactor:joined thread
[6.004s] INFO:colcon.colcon_core.shell:Creating prefix script '/home/seano/Seano_ws/install/local_setup.ps1'
[6.008s] INFO:colcon.colcon_core.shell:Creating prefix util module '/home/seano/Seano_ws/install/_local_setup_util_ps1.py'
[6.011s] INFO:colcon.colcon_core.shell:Creating prefix chain script '/home/seano/Seano_ws/install/setup.ps1'
[6.015s] INFO:colcon.colcon_core.shell:Creating prefix script '/home/seano/Seano_ws/install/local_setup.sh'
[6.017s] INFO:colcon.colcon_core.shell:Creating prefix util module '/home/seano/Seano_ws/install/_local_setup_util_sh.py'
[6.019s] INFO:colcon.colcon_core.shell:Creating prefix chain script '/home/seano/Seano_ws/install/setup.sh'
[6.022s] INFO:colcon.colcon_core.shell:Creating prefix script '/home/seano/Seano_ws/install/local_setup.bash'
[6.023s] INFO:colcon.colcon_core.shell:Creating prefix chain script '/home/seano/Seano_ws/install/setup.bash'
[6.026s] INFO:colcon.colcon_core.shell:Creating prefix script '/home/seano/Seano_ws/install/local_setup.zsh'
[6.028s] INFO:colcon.colcon_core.shell:Creating prefix chain script '/home/seano/Seano_ws/install/setup.zsh'
