[4.184s] Invoking command in '/home/seano/Seano_ws/src/seano_logging': PYTHONPATH=/home/seano/Seano_ws/build/seano_logging/prefix_override:/usr/lib/python3/dist-packages/colcon_core/task/python/colcon_distutils_commands:/home/seano/Seano_ws/install/seano_logging/lib/python3.10/site-packages:${PYTHONPATH} /usr/bin/python3 -W ignore:setup.py install is deprecated -W ignore:easy_install command is deprecated setup.py egg_info --egg-base ../../build/seano_logging build --build-base /home/seano/Seano_ws/build/seano_logging/build install --record /home/seano/Seano_ws/build/seano_logging/install.log --single-version-externally-managed install_data
[4.834s] running egg_info
[4.836s] writing ../../build/seano_logging/seano_logging.egg-info/PKG-INFO
[4.837s] writing dependency_links to ../../build/seano_logging/seano_logging.egg-info/dependency_links.txt
[4.837s] writing entry points to ../../build/seano_logging/seano_logging.egg-info/entry_points.txt
[4.837s] writing requirements to ../../build/seano_logging/seano_logging.egg-info/requires.txt
[4.838s] writing top-level names to ../../build/seano_logging/seano_logging.egg-info/top_level.txt
[4.840s] reading manifest file '../../build/seano_logging/seano_logging.egg-info/SOURCES.txt'
[4.849s] writing manifest file '../../build/seano_logging/seano_logging.egg-info/SOURCES.txt'
[4.850s] running build
[4.850s] running build_py
[4.853s] running install
[4.853s] running install_lib
[4.856s] running install_data
[4.857s] running install_egg_info
[4.863s] removing '/home/seano/Seano_ws/install/seano_logging/lib/python3.10/site-packages/seano_logging-0.0.0-py3.10.egg-info' (and everything under it)
[4.864s] Copying ../../build/seano_logging/seano_logging.egg-info to /home/seano/Seano_ws/install/seano_logging/lib/python3.10/site-packages/seano_logging-0.0.0-py3.10.egg-info
[4.867s] running install_scripts
[4.932s] Installing telemetry_logger_node script to /home/seano/Seano_ws/install/seano_logging/lib/seano_logging
[4.933s] writing list of installed files to '/home/seano/Seano_ws/build/seano_logging/install.log'
[5.171s] Invoked command in '/home/seano/Seano_ws/src/seano_logging' returned '0': PYTHONPATH=/home/seano/Seano_ws/build/seano_logging/prefix_override:/usr/lib/python3/dist-packages/colcon_core/task/python/colcon_distutils_commands:/home/seano/Seano_ws/install/seano_logging/lib/python3.10/site-packages:${PYTHONPATH} /usr/bin/python3 -W ignore:setup.py install is deprecated -W ignore:easy_install command is deprecated setup.py egg_info --egg-base ../../build/seano_logging build --build-base /home/seano/Seano_ws/build/seano_logging/build install --record /home/seano/Seano_ws/build/seano_logging/install.log --single-version-externally-managed install_data
