[4.021s] Invoking command in '/home/seano/Seano_ws/build/seano_logging': PYTHONPATH=/home/seano/Seano_ws/build/seano_logging/prefix_override:/usr/lib/python3/dist-packages/colcon_core/task/python/colcon_distutils_commands:/home/seano/Seano_ws/install/seano_logging/lib/python3.10/site-packages:${PYTHONPATH} /usr/bin/python3 -W ignore:setup.py install is deprecated -W ignore:easy_install command is deprecated setup.py develop --uninstall --editable --build-directory /home/seano/Seano_ws/build/seano_logging/build
[4.790s] running develop
[5.211s] Removing /home/seano/Seano_ws/install/seano_logging/lib/python3.10/site-packages/seano-logging.egg-link (link to .)
[5.393s] Invoked command in '/home/seano/Seano_ws/build/seano_logging' returned '0': PYTHONPATH=/home/seano/Seano_ws/build/seano_logging/prefix_override:/usr/lib/python3/dist-packages/colcon_core/task/python/colcon_distutils_commands:/home/seano/Seano_ws/install/seano_logging/lib/python3.10/site-packages:${PYTHONPATH} /usr/bin/python3 -W ignore:setup.py install is deprecated -W ignore:easy_install command is deprecated setup.py develop --uninstall --editable --build-directory /home/seano/Seano_ws/build/seano_logging/build
[5.400s] Invoking command in '/home/seano/Seano_ws/src/seano_logging': PYTHONPATH=/home/seano/Seano_ws/build/seano_logging/prefix_override:/usr/lib/python3/dist-packages/colcon_core/task/python/colcon_distutils_commands:/home/seano/Seano_ws/install/seano_logging/lib/python3.10/site-packages:${PYTHONPATH} /usr/bin/python3 -W ignore:setup.py install is deprecated -W ignore:easy_install command is deprecated setup.py egg_info --egg-base ../../build/seano_logging build --build-base /home/seano/Seano_ws/build/seano_logging/build install --record /home/seano/Seano_ws/build/seano_logging/install.log --single-version-externally-managed install_data --force
[6.079s] running egg_info
[6.081s] writing ../../build/seano_logging/seano_logging.egg-info/PKG-INFO
[6.082s] writing dependency_links to ../../build/seano_logging/seano_logging.egg-info/dependency_links.txt
[6.083s] writing entry points to ../../build/seano_logging/seano_logging.egg-info/entry_points.txt
[6.084s] writing requirements to ../../build/seano_logging/seano_logging.egg-info/requires.txt
[6.084s] writing top-level names to ../../build/seano_logging/seano_logging.egg-info/top_level.txt
[6.090s] reading manifest file '../../build/seano_logging/seano_logging.egg-info/SOURCES.txt'
[6.092s] writing manifest file '../../build/seano_logging/seano_logging.egg-info/SOURCES.txt'
[6.093s] running build
[6.093s] running build_py
[6.093s] running install
[6.095s] running install_lib
[6.097s] creating /home/seano/Seano_ws/install/seano_logging/lib/python3.10/site-packages/seano_logging
[6.097s] copying /home/seano/Seano_ws/build/seano_logging/build/lib/seano_logging/telemetry_logger_node.py -> /home/seano/Seano_ws/install/seano_logging/lib/python3.10/site-packages/seano_logging
[6.098s] copying /home/seano/Seano_ws/build/seano_logging/build/lib/seano_logging/__init__.py -> /home/seano/Seano_ws/install/seano_logging/lib/python3.10/site-packages/seano_logging
[6.100s] byte-compiling /home/seano/Seano_ws/install/seano_logging/lib/python3.10/site-packages/seano_logging/telemetry_logger_node.py to telemetry_logger_node.cpython-310.pyc
[6.103s] byte-compiling /home/seano/Seano_ws/install/seano_logging/lib/python3.10/site-packages/seano_logging/__init__.py to __init__.cpython-310.pyc
[6.103s] running install_data
[6.103s] copying resource/seano_logging -> /home/seano/Seano_ws/install/seano_logging/share/ament_index/resource_index/packages
[6.104s] copying package.xml -> /home/seano/Seano_ws/install/seano_logging/share/seano_logging
[6.104s] running install_egg_info
[6.111s] Copying ../../build/seano_logging/seano_logging.egg-info to /home/seano/Seano_ws/install/seano_logging/lib/python3.10/site-packages/seano_logging-0.0.0-py3.10.egg-info
[6.114s] running install_scripts
[6.189s] Installing telemetry_logger_node script to /home/seano/Seano_ws/install/seano_logging/lib/seano_logging
[6.190s] writing list of installed files to '/home/seano/Seano_ws/build/seano_logging/install.log'
[6.350s] Invoked command in '/home/seano/Seano_ws/src/seano_logging' returned '0': PYTHONPATH=/home/seano/Seano_ws/build/seano_logging/prefix_override:/usr/lib/python3/dist-packages/colcon_core/task/python/colcon_distutils_commands:/home/seano/Seano_ws/install/seano_logging/lib/python3.10/site-packages:${PYTHONPATH} /usr/bin/python3 -W ignore:setup.py install is deprecated -W ignore:easy_install command is deprecated setup.py egg_info --egg-base ../../build/seano_logging build --build-base /home/seano/Seano_ws/build/seano_logging/build install --record /home/seano/Seano_ws/build/seano_logging/install.log --single-version-externally-managed install_data --force
