running egg_info
writing ../../build/seano_cam/seano_cam.egg-info/PKG-INFO
writing dependency_links to ../../build/seano_cam/seano_cam.egg-info/dependency_links.txt
writing entry points to ../../build/seano_cam/seano_cam.egg-info/entry_points.txt
writing requirements to ../../build/seano_cam/seano_cam.egg-info/requires.txt
writing top-level names to ../../build/seano_cam/seano_cam.egg-info/top_level.txt
reading manifest file '../../build/seano_cam/seano_cam.egg-info/SOURCES.txt'
writing manifest file '../../build/seano_cam/seano_cam.egg-info/SOURCES.txt'
running build
running build_py
copying seano_cam/camera_node.py -> /home/seano/Seano_ws/build/seano_cam/build/lib/seano_cam
running install
running install_lib
copying /home/seano/Seano_ws/build/seano_cam/build/lib/seano_cam/camera_node.py -> /home/seano/Seano_ws/install/seano_cam/lib/python3.10/site-packages/seano_cam
byte-compiling /home/seano/Seano_ws/install/seano_cam/lib/python3.10/site-packages/seano_cam/camera_node.py to camera_node.cpython-310.pyc
running install_data
copying package.xml -> /home/seano/Seano_ws/install/seano_cam/share/seano_cam
running install_egg_info
removing '/home/seano/Seano_ws/install/seano_cam/lib/python3.10/site-packages/seano_cam-0.0.0-py3.10.egg-info' (and everything under it)
Copying ../../build/seano_cam/seano_cam.egg-info to /home/seano/Seano_ws/install/seano_cam/lib/python3.10/site-packages/seano_cam-0.0.0-py3.10.egg-info
running install_scripts
Installing camera_node script to /home/seano/Seano_ws/install/seano_cam/lib/seano_cam
writing list of installed files to '/home/seano/Seano_ws/build/seano_cam/install.log'
