[3.957s] Invoking command in '/home/seano/Seano_ws/src/seano_logging': PYTHONPATH=/home/seano/Seano_ws/build/seano_logging/prefix_override:/usr/lib/python3/dist-packages/colcon_core/task/python/colcon_distutils_commands:/home/seano/Seano_ws/install/seano_logging/lib/python3.10/site-packages:${PYTHONPATH} /usr/bin/python3 -W ignore:setup.py install is deprecated -W ignore:easy_install command is deprecated setup.py egg_info --egg-base ../../build/seano_logging build --build-base /home/seano/Seano_ws/build/seano_logging/build install --record /home/seano/Seano_ws/build/seano_logging/install.log --single-version-externally-managed install_data
[4.615s] running egg_info
[4.617s] writing ../../build/seano_logging/seano_logging.egg-info/PKG-INFO
[4.618s] writing dependency_links to ../../build/seano_logging/seano_logging.egg-info/dependency_links.txt
[4.619s] writing entry points to ../../build/seano_logging/seano_logging.egg-info/entry_points.txt
[4.620s] writing requirements to ../../build/seano_logging/seano_logging.egg-info/requires.txt
[4.620s] writing top-level names to ../../build/seano_logging/seano_logging.egg-info/top_level.txt
[4.626s] reading manifest file '../../build/seano_logging/seano_logging.egg-info/SOURCES.txt'
[4.628s] writing manifest file '../../build/seano_logging/seano_logging.egg-info/SOURCES.txt'
[4.629s] running build
[4.629s] running build_py
[4.630s] running install
[4.630s] running install_lib
[4.635s] running install_data
[4.636s] running install_egg_info
[4.642s] removing '/home/seano/Seano_ws/install/seano_logging/lib/python3.10/site-packages/seano_logging-0.0.0-py3.10.egg-info' (and everything under it)
[4.642s] Copying ../../build/seano_logging/seano_logging.egg-info to /home/seano/Seano_ws/install/seano_logging/lib/python3.10/site-packages/seano_logging-0.0.0-py3.10.egg-info
[4.645s] running install_scripts
[4.713s] Installing telemetry_logger_node script to /home/seano/Seano_ws/install/seano_logging/lib/seano_logging
[4.715s] writing list of installed files to '/home/seano/Seano_ws/build/seano_logging/install.log'
[4.921s] Invoked command in '/home/seano/Seano_ws/src/seano_logging' returned '0': PYTHONPATH=/home/seano/Seano_ws/build/seano_logging/prefix_override:/usr/lib/python3/dist-packages/colcon_core/task/python/colcon_distutils_commands:/home/seano/Seano_ws/install/seano_logging/lib/python3.10/site-packages:${PYTHONPATH} /usr/bin/python3 -W ignore:setup.py install is deprecated -W ignore:easy_install command is deprecated setup.py egg_info --egg-base ../../build/seano_logging build --build-base /home/seano/Seano_ws/build/seano_logging/build install --record /home/seano/Seano_ws/build/seano_logging/install.log --single-version-externally-managed install_data
